# JRE version: OpenJDK Runtime Environment Temurin-21.0.10+7 (21.0.10+7) (build 21.0.10+7-LTS)
# Java VM: OpenJDK 64-Bit Server VM Temurin-21.0.10+7 (21.0.10+7-LTS, mixed mode, sharing, tiered, compressed oops, compressed class ptrs, parallel gc, windows-amd64)
GC Precious Log:
 CardTable entry size: 512
 CPUs: 12 total, 12 available
 Memory: 7835M
 Large Page Support: Disabled
 NUMA Support: Disabled
 Compressed Oops: Enabled (32-bit)
 Alignments: Space 512K, Generation 512K, Heap 2M
 Heap Min Capacity: 100M
 Heap Initial Capacity: 100M
 Heap Max Capacity: 2G
 Pre-touch: Disabled
 Parallel Workers: 10
Heap:
 PSYoungGen      total 13312K, used 7725K [0x00000000d5580000, 0x00000000d6480000, 0x0000000100000000)
  eden space 12288K, 58% used [0x00000000d5580000,0x00000000d5c934b0,0x00000000d6180000)
  from space 1024K, 46% used [0x00000000d6280000,0x00000000d62f8000,0x00000000d6380000)
  to   space 512K, 0% used [0x00000000d6400000,0x00000000d6400000,0x00000000d6480000)
 ParOldGen       total 68608K, used 47819K [0x0000000080000000, 0x0000000084300000, 0x00000000d5580000)
  object space 68608K, 69% used [0x0000000080000000,0x0000000082eb2d18,0x0000000084300000)
 Metaspace       used 54681K, committed 56064K, reserved 1114112K
  class space    used 6534K, committed 7168K, reserved 1048576K
GC Heap History (20 events):
Event: 4.773 GC heap before
{Heap before GC invocations=24 (full 2):
 PSYoungGen      total 16896K, used 16727K [0x00000000d5580000, 0x00000000d6980000, 0x0000000100000000)
  eden space 15872K, 100% used [0x00000000d5580000,0x00000000d6500000,0x00000000d6500000)
  from space 1024K, 83% used [0x00000000d6500000,0x00000000d65d5ef8,0x00000000d6600000)
  to   space 1024K, 0% used [0x00000000d6880000,0x00000000d6880000,0x00000000d6980000)
 ParOldGen       total 68608K, used 38079K [0x0000000080000000, 0x0000000084300000, 0x00000000d5580000)
  object space 68608K, 55% used [0x0000000080000000,0x000000008252fea8,0x0000000084300000)
 Metaspace       used 46273K, committed 47552K, reserved 1114112K
  class space    used 5273K, committed 5888K, reserved 1048576K
}
Event: 4.774 GC heap after
{Heap after GC invocations=24 (full 2):
 PSYoungGen      total 16896K, used 640K [0x00000000d5580000, 0x00000000d6980000, 0x0000000100000000)
  eden space 15872K, 0% used [0x00000000d5580000,0x00000000d5580000,0x00000000d6500000)
  from space 1024K, 62% used [0x00000000d6880000,0x00000000d6920000,0x00000000d6980000)
  to   space 1024K, 0% used [0x00000000d6500000,0x00000000d6500000,0x00000000d6600000)
 ParOldGen       total 68608K, used 38695K [0x0000000080000000, 0x0000000084300000, 0x00000000d5580000)
  object space 68608K, 56% used [0x0000000080000000,0x00000000825c9eb8,0x0000000084300000)
 Metaspace       used 46273K, committed 47552K, reserved 1114112K
  class space    used 5273K, committed 5888K, reserved 1048576K
}
Event: 4.876 GC heap before
{Heap before GC invocations=25 (full 2):
 PSYoungGen      total 16896K, used 16512K [0x00000000d5580000, 0x00000000d6980000, 0x0000000100000000)
  eden space 15872K, 100% used [0x00000000d5580000,0x00000000d6500000,0x00000000d6500000)
  from space 1024K, 62% used [0x00000000d6880000,0x00000000d6920000,0x00000000d6980000)
  to   space 1024K, 0% used [0x00000000d6500000,0x00000000d6500000,0x00000000d6600000)
 ParOldGen       total 68608K, used 38695K [0x0000000080000000, 0x0000000084300000, 0x00000000d5580000)
  object space 68608K, 56% used [0x0000000080000000,0x00000000825c9eb8,0x0000000084300000)
 Metaspace       used 46888K, committed 48192K, reserved 1114112K
  class space    used 5350K, committed 5952K, reserved 1048576K
}
Event: 4.877 GC heap after
{Heap after GC invocations=25 (full 2):
 PSYoungGen      total 16896K, used 1019K [0x00000000d5580000, 0x00000000d6900000, 0x0000000100000000)
  eden space 15872K, 0% used [0x00000000d5580000,0x00000000d5580000,0x00000000d6500000)
  from space 1024K, 99% used [0x00000000d6500000,0x00000000d65fec78,0x00000000d6600000)
  to   space 2048K, 0% used [0x00000000d6700000,0x00000000d6700000,0x00000000d6900000)
 ParOldGen       total 68608K, used 39223K [0x0000000080000000, 0x0000000084300000, 0x00000000d5580000)
  object space 68608K, 57% used [0x0000000080000000,0x000000008264df58,0x0000000084300000)
 Metaspace       used 46888K, committed 48192K, reserved 1114112K
  class space    used 5350K, committed 5952K, reserved 1048576K
}
Event: 5.006 GC heap before
{Heap before GC invocations=26 (full 2):
 PSYoungGen      total 16896K, used 16891K [0x00000000d5580000, 0x00000000d6900000, 0x0000000100000000)
  eden space 15872K, 100% used [0x00000000d5580000,0x00000000d6500000,0x00000000d6500000)
  from space 1024K, 99% used [0x00000000d6500000,0x00000000d65fec78,0x00000000d6600000)
  to   space 2048K, 0% used [0x00000000d6700000,0x00000000d6700000,0x00000000d6900000)
 ParOldGen       total 68608K, used 39223K [0x0000000080000000, 0x0000000084300000, 0x00000000d5580000)
  object space 68608K, 57% used [0x0000000080000000,0x000000008264df58,0x0000000084300000)
 Metaspace       used 47552K, committed 48960K, reserved 1114112K
  class space    used 5434K, committed 6080K, reserved 1048576K
}
Event: 5.007 GC heap after
{Heap after GC invocations=26 (full 2):
 PSYoungGen      total 16896K, used 896K [0x00000000d5580000, 0x00000000d6800000, 0x0000000100000000)
  eden space 15872K, 0% used [0x00000000d5580000,0x00000000d5580000,0x00000000d6500000)
  from space 1024K, 87% used [0x00000000d6700000,0x00000000d67e0000,0x00000000d6800000)
  to   space 1536K, 0% used [0x00000000d6500000,0x00000000d6500000,0x00000000d6680000)
 ParOldGen       total 68608K, used 40037K [0x0000000080000000, 0x0000000084300000, 0x00000000d5580000)
  object space 68608K, 58% used [0x0000000080000000,0x0000000082719770,0x0000000084300000)
 Metaspace       used 47552K, committed 48960K, reserved 1114112K
  class space    used 5434K, committed 6080K, reserved 1048576K
}
Event: 5.135 GC heap before
{Heap before GC invocations=27 (full 2):
 PSYoungGen      total 16896K, used 16768K [0x00000000d5580000, 0x00000000d6800000, 0x0000000100000000)
  eden space 15872K, 100% used [0x00000000d5580000,0x00000000d6500000,0x00000000d6500000)
  from space 1024K, 87% used [0x00000000d6700000,0x00000000d67e0000,0x00000000d6800000)
  to   space 1536K, 0% used [0x00000000d6500000,0x00000000d6500000,0x00000000d6680000)
 ParOldGen       total 68608K, used 40037K [0x0000000080000000, 0x0000000084300000, 0x00000000d5580000)
  object space 68608K, 58% used [0x0000000080000000,0x0000000082719770,0x0000000084300000)
 Metaspace       used 47983K, committed 49344K, reserved 1114112K
  class space    used 5504K, committed 6144K, reserved 1048576K
}
Event: 5.137 GC heap after
{Heap after GC invocations=27 (full 2):
 PSYoungGen      total 17408K, used 704K [0x00000000d5580000, 0x00000000d6780000, 0x0000000100000000)
  eden space 15872K, 0% used [0x00000000d5580000,0x00000000d5580000,0x00000000d6500000)
  from space 1536K, 45% used [0x00000000d6500000,0x00000000d65b0000,0x00000000d6680000)
  to   space 1024K, 0% used [0x00000000d6680000,0x00000000d6680000,0x00000000d6780000)
 ParOldGen       total 68608K, used 40769K [0x0000000080000000, 0x0000000084300000, 0x00000000d5580000)
  object space 68608K, 59% used [0x0000000080000000,0x00000000827d0780,0x0000000084300000)
 Metaspace       used 47983K, committed 49344K, reserved 1114112K
  class space    used 5504K, committed 6144K, reserved 1048576K
}
Event: 5.313 GC heap before
{Heap before GC invocations=28 (full 2):
 PSYoungGen      total 17408K, used 16576K [0x00000000d5580000, 0x00000000d6780000, 0x0000000100000000)
  eden space 15872K, 100% used [0x00000000d5580000,0x00000000d6500000,0x00000000d6500000)
  from space 1536K, 45% used [0x00000000d6500000,0x00000000d65b0000,0x00000000d6680000)
  to   space 1024K, 0% used [0x00000000d6680000,0x00000000d6680000,0x00000000d6780000)
 ParOldGen       total 68608K, used 40769K [0x0000000080000000, 0x0000000084300000, 0x00000000d5580000)
  object space 68608K, 59% used [0x0000000080000000,0x00000000827d0780,0x0000000084300000)
 Metaspace       used 48608K, committed 49920K, reserved 1114112K
  class space    used 5604K, committed 6208K, reserved 1048576K
}
Event: 5.316 GC heap after
{Heap after GC invocations=28 (full 2):
 PSYoungGen      total 13312K, used 1008K [0x00000000d5580000, 0x00000000d6f00000, 0x0000000100000000)
  eden space 12288K, 0% used [0x00000000d5580000,0x00000000d5580000,0x00000000d6180000)
  from space 1024K, 98% used [0x00000000d6680000,0x00000000d677c1a0,0x00000000d6780000)
  to   space 5120K, 0% used [0x00000000d6180000,0x00000000d6180000,0x00000000d6680000)
 ParOldGen       total 68608K, used 44211K [0x0000000080000000, 0x0000000084300000, 0x00000000d5580000)
  object space 68608K, 64% used [0x0000000080000000,0x0000000082b2cd98,0x0000000084300000)
 Metaspace       used 48608K, committed 49920K, reserved 1114112K
  class space    used 5604K, committed 6208K, reserved 1048576K
}
Event: 5.454 GC heap before
{Heap before GC invocations=29 (full 2):
 PSYoungGen      total 13312K, used 13296K [0x00000000d5580000, 0x00000000d6f00000, 0x0000000100000000)
  eden space 12288K, 100% used [0x00000000d5580000,0x00000000d6180000,0x00000000d6180000)
  from space 1024K, 98% used [0x00000000d6680000,0x00000000d677c1a0,0x00000000d6780000)
  to   space 5120K, 0% used [0x00000000d6180000,0x00000000d6180000,0x00000000d6680000)
 ParOldGen       total 68608K, used 44211K [0x0000000080000000, 0x0000000084300000, 0x00000000d5580000)
  object space 68608K, 64% used [0x0000000080000000,0x0000000082b2cd98,0x0000000084300000)
 Metaspace       used 49425K, committed 50752K, reserved 1114112K
  class space    used 5704K, committed 6336K, reserved 1048576K
}
Event: 5.457 GC heap after
{Heap after GC invocations=29 (full 2):
 PSYoungGen      total 13824K, used 1125K [0x00000000d5580000, 0x00000000d6700000, 0x0000000100000000)
  eden space 12288K, 0% used [0x00000000d5580000,0x00000000d5580000,0x00000000d6180000)
  from space 1536K, 73% used [0x00000000d6180000,0x00000000d6299678,0x00000000d6300000)
  to   space 2560K, 0% used [0x00000000d6480000,0x00000000d6480000,0x00000000d6700000)
 ParOldGen       total 68608K, used 45206K [0x0000000080000000, 0x0000000084300000, 0x00000000d5580000)
  object space 68608K, 65% used [0x0000000080000000,0x0000000082c25870,0x0000000084300000)
 Metaspace       used 49425K, committed 50752K, reserved 1114112K
  class space    used 5704K, committed 6336K, reserved 1048576K
}
Event: 5.674 GC heap before
{Heap before GC invocations=30 (full 2):
 PSYoungGen      total 13824K, used 13413K [0x00000000d5580000, 0x00000000d6700000, 0x0000000100000000)
  eden space 12288K, 100% used [0x00000000d5580000,0x00000000d6180000,0x00000000d6180000)
  from space 1536K, 73% used [0x00000000d6180000,0x00000000d6299678,0x00000000d6300000)
  to   space 2560K, 0% used [0x00000000d6480000,0x00000000d6480000,0x00000000d6700000)
 ParOldGen       total 68608K, used 45206K [0x0000000080000000, 0x0000000084300000, 0x00000000d5580000)
  object space 68608K, 65% used [0x0000000080000000,0x0000000082c25870,0x0000000084300000)
 Metaspace       used 50369K, committed 51712K, reserved 1114112K
  class space    used 5854K, committed 6464K, reserved 1048576K
}
Event: 5.675 GC heap after
{Heap after GC invocations=30 (full 2):
 PSYoungGen      total 13824K, used 1041K [0x00000000d5580000, 0x00000000d6600000, 0x0000000100000000)
  eden space 12288K, 0% used [0x00000000d5580000,0x00000000d5580000,0x00000000d6180000)
  from space 1536K, 67% used [0x00000000d6480000,0x00000000d6584688,0x00000000d6600000)
  to   space 1536K, 0% used [0x00000000d6180000,0x00000000d6180000,0x00000000d6300000)
 ParOldGen       total 68608K, used 46109K [0x0000000080000000, 0x0000000084300000, 0x00000000d5580000)
  object space 68608K, 67% used [0x0000000080000000,0x0000000082d07660,0x0000000084300000)
 Metaspace       used 50369K, committed 51712K, reserved 1114112K
  class space    used 5854K, committed 6464K, reserved 1048576K
}
Event: 5.922 GC heap before
{Heap before GC invocations=31 (full 2):
 PSYoungGen      total 13824K, used 13329K [0x00000000d5580000, 0x00000000d6600000, 0x0000000100000000)
  eden space 12288K, 100% used [0x00000000d5580000,0x00000000d6180000,0x00000000d6180000)
  from space 1536K, 67% used [0x00000000d6480000,0x00000000d6584688,0x00000000d6600000)
  to   space 1536K, 0% used [0x00000000d6180000,0x00000000d6180000,0x00000000d6300000)
 ParOldGen       total 68608K, used 46109K [0x0000000080000000, 0x0000000084300000, 0x00000000d5580000)
  object space 68608K, 67% used [0x0000000080000000,0x0000000082d07660,0x0000000084300000)
 Metaspace       used 51509K, committed 52928K, reserved 1114112K
  class space    used 6039K, committed 6656K, reserved 1048576K
}
Event: 5.924 GC heap after
{Heap after GC invocations=31 (full 2):
 PSYoungGen      total 13824K, used 664K [0x00000000d5580000, 0x00000000d6500000, 0x0000000100000000)
  eden space 12288K, 0% used [0x00000000d5580000,0x00000000d5580000,0x00000000d6180000)
  from space 1536K, 43% used [0x00000000d6180000,0x00000000d62263a8,0x00000000d6300000)
  to   space 1024K, 0% used [0x00000000d6400000,0x00000000d6400000,0x00000000d6500000)
 ParOldGen       total 68608K, used 46954K [0x0000000080000000, 0x0000000084300000, 0x00000000d5580000)
  object space 68608K, 68% used [0x0000000080000000,0x0000000082dda8a0,0x0000000084300000)
 Metaspace       used 51509K, committed 52928K, reserved 1114112K
  class space    used 6039K, committed 6656K, reserved 1048576K
}
Event: 6.297 GC heap before
{Heap before GC invocations=32 (full 2):
 PSYoungGen      total 13824K, used 12952K [0x00000000d5580000, 0x00000000d6500000, 0x0000000100000000)
  eden space 12288K, 100% used [0x00000000d5580000,0x00000000d6180000,0x00000000d6180000)
  from space 1536K, 43% used [0x00000000d6180000,0x00000000d62263a8,0x00000000d6300000)
  to   space 1024K, 0% used [0x00000000d6400000,0x00000000d6400000,0x00000000d6500000)
 ParOldGen       total 68608K, used 46954K [0x0000000080000000, 0x0000000084300000, 0x00000000d5580000)
  object space 68608K, 68% used [0x0000000080000000,0x0000000082dda8a0,0x0000000084300000)
 Metaspace       used 52799K, committed 54272K, reserved 1114112K
  class space    used 6216K, committed 6848K, reserved 1048576K
}
Event: 6.298 GC heap after
{Heap after GC invocations=32 (full 2):
 PSYoungGen      total 12800K, used 502K [0x00000000d5580000, 0x00000000d6480000, 0x0000000100000000)
  eden space 12288K, 0% used [0x00000000d5580000,0x00000000d5580000,0x00000000d6180000)
  from space 512K, 98% used [0x00000000d6400000,0x00000000d647d858,0x00000000d6480000)
  to   space 1024K, 0% used [0x00000000d6280000,0x00000000d6280000,0x00000000d6380000)
 ParOldGen       total 68608K, used 47543K [0x0000000080000000, 0x0000000084300000, 0x00000000d5580000)
  object space 68608K, 69% used [0x0000000080000000,0x0000000082e6deb0,0x0000000084300000)
 Metaspace       used 52799K, committed 54272K, reserved 1114112K
  class space    used 6216K, committed 6848K, reserved 1048576K
}
Event: 6.524 GC heap before
{Heap before GC invocations=33 (full 2):
 PSYoungGen      total 12800K, used 12790K [0x00000000d5580000, 0x00000000d6480000, 0x0000000100000000)
  eden space 12288K, 100% used [0x00000000d5580000,0x00000000d6180000,0x00000000d6180000)
  from space 512K, 98% used [0x00000000d6400000,0x00000000d647d858,0x00000000d6480000)
  to   space 1024K, 0% used [0x00000000d6280000,0x00000000d6280000,0x00000000d6380000)
 ParOldGen       total 68608K, used 47543K [0x0000000080000000, 0x0000000084300000, 0x00000000d5580000)
  object space 68608K, 69% used [0x0000000080000000,0x0000000082e6deb0,0x0000000084300000)
 Metaspace       used 54149K, committed 55616K, reserved 1114112K
  class space    used 6461K, committed 7104K, reserved 1048576K
}
Event: 6.525 GC heap after
{Heap after GC invocations=33 (full 2):
 PSYoungGen      total 13312K, used 480K [0x00000000d5580000, 0x00000000d6480000, 0x0000000100000000)
  eden space 12288K, 0% used [0x00000000d5580000,0x00000000d5580000,0x00000000d6180000)
  from space 1024K, 46% used [0x00000000d6280000,0x00000000d62f8000,0x00000000d6380000)
  to   space 512K, 0% used [0x00000000d6400000,0x00000000d6400000,0x00000000d6480000)
 ParOldGen       total 68608K, used 47819K [0x0000000080000000, 0x0000000084300000, 0x00000000d5580000)
  object space 68608K, 69% used [0x0000000080000000,0x0000000082eb2d18,0x0000000084300000)
 Metaspace       used 54149K, committed 55616K, reserved 1114112K
  class space    used 6461K, committed 7104K, reserved 1048576K
}

