# JRE version: OpenJDK Runtime Environment Temurin-21.0.10+7 (21.0.10+7) (build 21.0.10+7-LTS)
# Java VM: OpenJDK 64-Bit Server VM Temurin-21.0.10+7 (21.0.10+7-LTS, mixed mode, sharing, tiered, compressed oops, compressed class ptrs, parallel gc, windows-amd64)
GC Precious Log:
 CardTable entry size: 512
 CPUs: 12 total, 12 available
 Memory: 7835M
 Large Page Support: Disabled
 NUMA Support: Disabled
 Compressed Oops: Enabled (32-bit)
 Alignments: Space 512K, Generation 512K, Heap 2M
 Heap Min Capacity: 100M
 Heap Initial Capacity: 100M
 Heap Max Capacity: 2G
 Pre-touch: Disabled
 Parallel Workers: 10
Heap:
 PSYoungGen      total 17920K, used 14573K [0x00000000d5580000, 0x00000000d6980000, 0x0000000100000000)
  eden space 17408K, 80% used [0x00000000d5580000,0x00000000d63435a0,0x00000000d6680000)
  from space 512K, 93% used [0x00000000d6780000,0x00000000d67f8000,0x00000000d6800000)
  to   space 1024K, 0% used [0x00000000d6880000,0x00000000d6880000,0x00000000d6980000)
 ParOldGen       total 68608K, used 56477K [0x0000000080000000, 0x0000000084300000, 0x00000000d5580000)
  object space 68608K, 82% used [0x0000000080000000,0x0000000083727480,0x0000000084300000)
 Metaspace       used 39375K, committed 40320K, reserved 1114112K
  class space    used 3963K, committed 4416K, reserved 1048576K
GC Heap History (20 events):
Event: 13.284 GC heap before
{Heap before GC invocations=30 (full 1):
 PSYoungGen      total 18944K, used 18944K [0x00000000d5580000, 0x00000000d6e00000, 0x0000000100000000)
  eden space 17408K, 100% used [0x00000000d5580000,0x00000000d6680000,0x00000000d6680000)
  from space 1536K, 100% used [0x00000000d6a00000,0x00000000d6b80000,0x00000000d6b80000)
  to   space 3584K, 0% used [0x00000000d6680000,0x00000000d6680000,0x00000000d6a00000)
 ParOldGen       total 68608K, used 50629K [0x0000000080000000, 0x0000000084300000, 0x00000000d5580000)
  object space 68608K, 73% used [0x0000000080000000,0x0000000083171710,0x0000000084300000)
 Metaspace       used 32209K, committed 33152K, reserved 1114112K
  class space    used 3252K, committed 3712K, reserved 1048576K
}
Event: 13.287 GC heap after
{Heap after GC invocations=30 (full 1):
 PSYoungGen      total 19456K, used 1792K [0x00000000d5580000, 0x00000000d6b80000, 0x0000000100000000)
  eden space 17408K, 0% used [0x00000000d5580000,0x00000000d5580000,0x00000000d6680000)
  from space 2048K, 87% used [0x00000000d6680000,0x00000000d6840010,0x00000000d6880000)
  to   space 2560K, 0% used [0x00000000d6900000,0x00000000d6900000,0x00000000d6b80000)
 ParOldGen       total 68608K, used 52125K [0x0000000080000000, 0x0000000084300000, 0x00000000d5580000)
  object space 68608K, 75% used [0x0000000080000000,0x00000000832e7710,0x0000000084300000)
 Metaspace       used 32209K, committed 33152K, reserved 1114112K
  class space    used 3252K, committed 3712K, reserved 1048576K
}
Event: 13.344 GC heap before
{Heap before GC invocations=31 (full 1):
 PSYoungGen      total 19456K, used 19200K [0x00000000d5580000, 0x00000000d6b80000, 0x0000000100000000)
  eden space 17408K, 100% used [0x00000000d5580000,0x00000000d6680000,0x00000000d6680000)
  from space 2048K, 87% used [0x00000000d6680000,0x00000000d6840010,0x00000000d6880000)
  to   space 2560K, 0% used [0x00000000d6900000,0x00000000d6900000,0x00000000d6b80000)
 ParOldGen       total 68608K, used 52125K [0x0000000080000000, 0x0000000084300000, 0x00000000d5580000)
  object space 68608K, 75% used [0x0000000080000000,0x00000000832e7710,0x0000000084300000)
 Metaspace       used 32280K, committed 33216K, reserved 1114112K
  class space    used 3253K, committed 3712K, reserved 1048576K
}
Event: 13.348 GC heap after
{Heap after GC invocations=31 (full 1):
 PSYoungGen      total 19456K, used 1624K [0x00000000d5580000, 0x00000000d6b00000, 0x0000000100000000)
  eden space 17408K, 0% used [0x00000000d5580000,0x00000000d5580000,0x00000000d6680000)
  from space 2048K, 79% used [0x00000000d6900000,0x00000000d6a96200,0x00000000d6b00000)
  to   space 2048K, 0% used [0x00000000d6680000,0x00000000d6680000,0x00000000d6880000)
 ParOldGen       total 68608K, used 53773K [0x0000000080000000, 0x0000000084300000, 0x00000000d5580000)
  object space 68608K, 78% used [0x0000000080000000,0x0000000083483720,0x0000000084300000)
 Metaspace       used 32280K, committed 33216K, reserved 1114112K
  class space    used 3253K, committed 3712K, reserved 1048576K
}
Event: 13.926 GC heap before
{Heap before GC invocations=32 (full 1):
 PSYoungGen      total 19456K, used 19032K [0x00000000d5580000, 0x00000000d6b00000, 0x0000000100000000)
  eden space 17408K, 100% used [0x00000000d5580000,0x00000000d6680000,0x00000000d6680000)
  from space 2048K, 79% used [0x00000000d6900000,0x00000000d6a96200,0x00000000d6b00000)
  to   space 2048K, 0% used [0x00000000d6680000,0x00000000d6680000,0x00000000d6880000)
 ParOldGen       total 68608K, used 53773K [0x0000000080000000, 0x0000000084300000, 0x00000000d5580000)
  object space 68608K, 78% used [0x0000000080000000,0x0000000083483720,0x0000000084300000)
 Metaspace       used 34189K, committed 35072K, reserved 1114112K
  class space    used 3503K, committed 3904K, reserved 1048576K
}
Event: 13.929 GC heap after
{Heap after GC invocations=32 (full 1):
 PSYoungGen      total 18432K, used 824K [0x00000000d5580000, 0x00000000d6980000, 0x0000000100000000)
  eden space 17408K, 0% used [0x00000000d5580000,0x00000000d5580000,0x00000000d6680000)
  from space 1024K, 80% used [0x00000000d6680000,0x00000000d674e2e8,0x00000000d6780000)
  to   space 1536K, 0% used [0x00000000d6800000,0x00000000d6800000,0x00000000d6980000)
 ParOldGen       total 68608K, used 55246K [0x0000000080000000, 0x0000000084300000, 0x00000000d5580000)
  object space 68608K, 80% used [0x0000000080000000,0x00000000835f3920,0x0000000084300000)
 Metaspace       used 34189K, committed 35072K, reserved 1114112K
  class space    used 3503K, committed 3904K, reserved 1048576K
}
Event: 14.280 GC heap before
{Heap before GC invocations=33 (full 1):
 PSYoungGen      total 18432K, used 16905K [0x00000000d5580000, 0x00000000d6980000, 0x0000000100000000)
  eden space 17408K, 92% used [0x00000000d5580000,0x00000000d65341d8,0x00000000d6680000)
  from space 1024K, 80% used [0x00000000d6680000,0x00000000d674e2e8,0x00000000d6780000)
  to   space 1536K, 0% used [0x00000000d6800000,0x00000000d6800000,0x00000000d6980000)
 ParOldGen       total 68608K, used 55246K [0x0000000080000000, 0x0000000084300000, 0x00000000d5580000)
  object space 68608K, 80% used [0x0000000080000000,0x00000000835f3920,0x0000000084300000)
 Metaspace       used 34914K, committed 35840K, reserved 1114112K
  class space    used 3593K, committed 4032K, reserved 1048576K
}
Event: 14.281 GC heap after
{Heap after GC invocations=33 (full 1):
 PSYoungGen      total 17920K, used 480K [0x00000000d5580000, 0x00000000d6880000, 0x0000000100000000)
  eden space 17408K, 0% used [0x00000000d5580000,0x00000000d5580000,0x00000000d6680000)
  from space 512K, 93% used [0x00000000d6800000,0x00000000d6878010,0x00000000d6880000)
  to   space 1024K, 0% used [0x00000000d6680000,0x00000000d6680000,0x00000000d6780000)
 ParOldGen       total 68608K, used 55976K [0x0000000080000000, 0x0000000084300000, 0x00000000d5580000)
  object space 68608K, 81% used [0x0000000080000000,0x00000000836aa148,0x0000000084300000)
 Metaspace       used 34914K, committed 35840K, reserved 1114112K
  class space    used 3593K, committed 4032K, reserved 1048576K
}
Event: 14.281 GC heap before
{Heap before GC invocations=34 (full 2):
 PSYoungGen      total 17920K, used 480K [0x00000000d5580000, 0x00000000d6880000, 0x0000000100000000)
  eden space 17408K, 0% used [0x00000000d5580000,0x00000000d5580000,0x00000000d6680000)
  from space 512K, 93% used [0x00000000d6800000,0x00000000d6878010,0x00000000d6880000)
  to   space 1024K, 0% used [0x00000000d6680000,0x00000000d6680000,0x00000000d6780000)
 ParOldGen       total 68608K, used 55976K [0x0000000080000000, 0x0000000084300000, 0x00000000d5580000)
  object space 68608K, 81% used [0x0000000080000000,0x00000000836aa148,0x0000000084300000)
 Metaspace       used 34914K, committed 35840K, reserved 1114112K
  class space    used 3593K, committed 4032K, reserved 1048576K
}
Event: 14.347 GC heap after
{Heap after GC invocations=34 (full 2):
 PSYoungGen      total 17920K, used 0K [0x00000000d5580000, 0x00000000d6880000, 0x0000000100000000)
  eden space 17408K, 0% used [0x00000000d5580000,0x00000000d5580000,0x00000000d6680000)
  from space 512K, 0% used [0x00000000d6800000,0x00000000d6800000,0x00000000d6880000)
  to   space 1024K, 0% used [0x00000000d6680000,0x00000000d6680000,0x00000000d6780000)
 ParOldGen       total 68608K, used 54221K [0x0000000080000000, 0x0000000084300000, 0x00000000d5580000)
  object space 68608K, 79% used [0x0000000080000000,0x00000000834f3480,0x0000000084300000)
 Metaspace       used 34914K, committed 35840K, reserved 1114112K
  class space    used 3593K, committed 4032K, reserved 1048576K
}
Event: 14.746 GC heap before
{Heap before GC invocations=35 (full 2):
 PSYoungGen      total 17920K, used 17408K [0x00000000d5580000, 0x00000000d6880000, 0x0000000100000000)
  eden space 17408K, 100% used [0x00000000d5580000,0x00000000d6680000,0x00000000d6680000)
  from space 512K, 0% used [0x00000000d6800000,0x00000000d6800000,0x00000000d6880000)
  to   space 1024K, 0% used [0x00000000d6680000,0x00000000d6680000,0x00000000d6780000)
 ParOldGen       total 68608K, used 54221K [0x0000000080000000, 0x0000000084300000, 0x00000000d5580000)
  object space 68608K, 79% used [0x0000000080000000,0x00000000834f3480,0x0000000084300000)
 Metaspace       used 36246K, committed 37184K, reserved 1114112K
  class space    used 3729K, committed 4160K, reserved 1048576K
}
Event: 14.748 GC heap after
{Heap after GC invocations=35 (full 2):
 PSYoungGen      total 18432K, used 576K [0x00000000d5580000, 0x00000000d6880000, 0x0000000100000000)
  eden space 17408K, 0% used [0x00000000d5580000,0x00000000d5580000,0x00000000d6680000)
  from space 1024K, 56% used [0x00000000d6680000,0x00000000d6710000,0x00000000d6780000)
  to   space 1024K, 0% used [0x00000000d6780000,0x00000000d6780000,0x00000000d6880000)
 ParOldGen       total 68608K, used 54229K [0x0000000080000000, 0x0000000084300000, 0x00000000d5580000)
  object space 68608K, 79% used [0x0000000080000000,0x00000000834f5480,0x0000000084300000)
 Metaspace       used 36246K, committed 37184K, reserved 1114112K
  class space    used 3729K, committed 4160K, reserved 1048576K
}
Event: 15.111 GC heap before
{Heap before GC invocations=36 (full 2):
 PSYoungGen      total 18432K, used 17984K [0x00000000d5580000, 0x00000000d6880000, 0x0000000100000000)
  eden space 17408K, 100% used [0x00000000d5580000,0x00000000d6680000,0x00000000d6680000)
  from space 1024K, 56% used [0x00000000d6680000,0x00000000d6710000,0x00000000d6780000)
  to   space 1024K, 0% used [0x00000000d6780000,0x00000000d6780000,0x00000000d6880000)
 ParOldGen       total 68608K, used 54229K [0x0000000080000000, 0x0000000084300000, 0x00000000d5580000)
  object space 68608K, 79% used [0x0000000080000000,0x00000000834f5480,0x0000000084300000)
 Metaspace       used 37291K, committed 38272K, reserved 1114112K
  class space    used 3805K, committed 4224K, reserved 1048576K
}
Event: 15.113 GC heap after
{Heap after GC invocations=36 (full 2):
 PSYoungGen      total 18432K, used 544K [0x00000000d5580000, 0x00000000d6880000, 0x0000000100000000)
  eden space 17408K, 0% used [0x00000000d5580000,0x00000000d5580000,0x00000000d6680000)
  from space 1024K, 53% used [0x00000000d6780000,0x00000000d6808000,0x00000000d6880000)
  to   space 1024K, 0% used [0x00000000d6680000,0x00000000d6680000,0x00000000d6780000)
 ParOldGen       total 68608K, used 54661K [0x0000000080000000, 0x0000000084300000, 0x00000000d5580000)
  object space 68608K, 79% used [0x0000000080000000,0x00000000835614a0,0x0000000084300000)
 Metaspace       used 37291K, committed 38272K, reserved 1114112K
  class space    used 3805K, committed 4224K, reserved 1048576K
}
Event: 15.427 GC heap before
{Heap before GC invocations=37 (full 2):
 PSYoungGen      total 18432K, used 17878K [0x00000000d5580000, 0x00000000d6880000, 0x0000000100000000)
  eden space 17408K, 99% used [0x00000000d5580000,0x00000000d666db78,0x00000000d6680000)
  from space 1024K, 53% used [0x00000000d6780000,0x00000000d6808000,0x00000000d6880000)
  to   space 1024K, 0% used [0x00000000d6680000,0x00000000d6680000,0x00000000d6780000)
 ParOldGen       total 68608K, used 54661K [0x0000000080000000, 0x0000000084300000, 0x00000000d5580000)
  object space 68608K, 79% used [0x0000000080000000,0x00000000835614a0,0x0000000084300000)
 Metaspace       used 37818K, committed 38784K, reserved 1114112K
  class space    used 3838K, committed 4224K, reserved 1048576K
}
Event: 15.429 GC heap after
{Heap after GC invocations=37 (full 2):
 PSYoungGen      total 18432K, used 1013K [0x00000000d5580000, 0x00000000d6b80000, 0x0000000100000000)
  eden space 17408K, 0% used [0x00000000d5580000,0x00000000d5580000,0x00000000d6680000)
  from space 1024K, 98% used [0x00000000d6680000,0x00000000d677d638,0x00000000d6780000)
  to   space 2560K, 0% used [0x00000000d6900000,0x00000000d6900000,0x00000000d6b80000)
 ParOldGen       total 68608K, used 55604K [0x0000000080000000, 0x0000000084300000, 0x00000000d5580000)
  object space 68608K, 81% used [0x0000000080000000,0x000000008364d268,0x0000000084300000)
 Metaspace       used 37818K, committed 38784K, reserved 1114112K
  class space    used 3838K, committed 4224K, reserved 1048576K
}
Event: 15.509 GC heap before
{Heap before GC invocations=38 (full 2):
 PSYoungGen      total 18432K, used 18261K [0x00000000d5580000, 0x00000000d6b80000, 0x0000000100000000)
  eden space 17408K, 99% used [0x00000000d5580000,0x00000000d6657f60,0x00000000d6680000)
  from space 1024K, 98% used [0x00000000d6680000,0x00000000d677d638,0x00000000d6780000)
  to   space 2560K, 0% used [0x00000000d6900000,0x00000000d6900000,0x00000000d6b80000)
 ParOldGen       total 68608K, used 55604K [0x0000000080000000, 0x0000000084300000, 0x00000000d5580000)
  object space 68608K, 81% used [0x0000000080000000,0x000000008364d268,0x0000000084300000)
 Metaspace       used 37830K, committed 38784K, reserved 1114112K
  class space    used 3838K, committed 4224K, reserved 1048576K
}
Event: 15.511 GC heap after
{Heap after GC invocations=38 (full 2):
 PSYoungGen      total 18944K, used 1168K [0x00000000d5580000, 0x00000000d6a80000, 0x0000000100000000)
  eden space 17408K, 0% used [0x00000000d5580000,0x00000000d5580000,0x00000000d6680000)
  from space 1536K, 76% used [0x00000000d6900000,0x00000000d6a24370,0x00000000d6a80000)
  to   space 1536K, 0% used [0x00000000d6780000,0x00000000d6780000,0x00000000d6900000)
 ParOldGen       total 68608K, used 56469K [0x0000000080000000, 0x0000000084300000, 0x00000000d5580000)
  object space 68608K, 82% used [0x0000000080000000,0x0000000083725480,0x0000000084300000)
 Metaspace       used 37830K, committed 38784K, reserved 1114112K
  class space    used 3838K, committed 4224K, reserved 1048576K
}
Event: 15.946 GC heap before
{Heap before GC invocations=39 (full 2):
 PSYoungGen      total 18944K, used 18576K [0x00000000d5580000, 0x00000000d6a80000, 0x0000000100000000)
  eden space 17408K, 100% used [0x00000000d5580000,0x00000000d6680000,0x00000000d6680000)
  from space 1536K, 76% used [0x00000000d6900000,0x00000000d6a24370,0x00000000d6a80000)
  to   space 1536K, 0% used [0x00000000d6780000,0x00000000d6780000,0x00000000d6900000)
 ParOldGen       total 68608K, used 56469K [0x0000000080000000, 0x0000000084300000, 0x00000000d5580000)
  object space 68608K, 82% used [0x0000000080000000,0x0000000083725480,0x0000000084300000)
 Metaspace       used 39059K, committed 40064K, reserved 1114112K
  class space    used 3939K, committed 4352K, reserved 1048576K
}
Event: 15.947 GC heap after
{Heap after GC invocations=39 (full 2):
 PSYoungGen      total 17920K, used 480K [0x00000000d5580000, 0x00000000d6980000, 0x0000000100000000)
  eden space 17408K, 0% used [0x00000000d5580000,0x00000000d5580000,0x00000000d6680000)
  from space 512K, 93% used [0x00000000d6780000,0x00000000d67f8000,0x00000000d6800000)
  to   space 1024K, 0% used [0x00000000d6880000,0x00000000d6880000,0x00000000d6980000)
 ParOldGen       total 68608K, used 56477K [0x0000000080000000, 0x0000000084300000, 0x00000000d5580000)
  object space 68608K, 82% used [0x0000000080000000,0x0000000083727480,0x0000000084300000)
 Metaspace       used 39059K, committed 40064K, reserved 1114112K
  class space    used 3939K, committed 4352K, reserved 1048576K
}

