# JRE version: OpenJDK Runtime Environment Temurin-21.0.10+7 (21.0.10+7) (build 21.0.10+7-LTS)
# Java VM: OpenJDK 64-Bit Server VM Temurin-21.0.10+7 (21.0.10+7-LTS, mixed mode, sharing, tiered, compressed oops, compressed class ptrs, parallel gc, windows-amd64)
GC Precious Log:
 CardTable entry size: 512
 CPUs: 12 total, 12 available
 Memory: 7835M
 Large Page Support: Disabled
 NUMA Support: Disabled
 Compressed Oops: Enabled (32-bit)
 Alignments: Space 512K, Generation 512K, Heap 2M
 Heap Min Capacity: 100M
 Heap Initial Capacity: 100M
 Heap Max Capacity: 2G
 Pre-touch: Disabled
 Parallel Workers: 10
Heap:
 PSYoungGen      total 11264K, used 1656K [0x00000000d5580000, 0x00000000d6380000, 0x0000000100000000)
  eden space 8704K, 8% used [0x00000000d5580000,0x00000000d563e248,0x00000000d5e00000)
  from space 2560K, 35% used [0x00000000d5f00000,0x00000000d5fe0000,0x00000000d6180000)
  to   space 1536K, 0% used [0x00000000d6200000,0x00000000d6200000,0x00000000d6380000)
 ParOldGen       total 331264K, used 330888K [0x0000000080000000, 0x0000000094380000, 0x00000000d5580000)
  object space 331264K, 99% used [0x0000000080000000,0x0000000094322060,0x0000000094380000)
 Metaspace       used 101220K, committed 103232K, reserved 1179648K
  class space    used 12008K, committed 12928K, reserved 1048576K
GC Heap History (20 events):
Event: 642.418 GC heap after
{Heap after GC invocations=221 (full 4):
 PSYoungGen      total 9728K, used 4065K [0x00000000d5580000, 0x00000000d7080000, 0x0000000100000000)
  eden space 5632K, 0% used [0x00000000d5580000,0x00000000d5580000,0x00000000d5b00000)
  from space 4096K, 99% used [0x00000000d5b00000,0x00000000d5ef8450,0x00000000d5f00000)
  to   space 10240K, 0% used [0x00000000d6680000,0x00000000d6680000,0x00000000d7080000)
 ParOldGen       total 283136K, used 283125K [0x0000000080000000, 0x0000000091480000, 0x00000000d5580000)
  object space 283136K, 99% used [0x0000000080000000,0x000000009147d648,0x0000000091480000)
 Metaspace       used 100803K, committed 102784K, reserved 1179648K
  class space    used 12002K, committed 12928K, reserved 1048576K
}
Event: 642.428 GC heap before
{Heap before GC invocations=222 (full 4):
 PSYoungGen      total 9728K, used 9697K [0x00000000d5580000, 0x00000000d7080000, 0x0000000100000000)
  eden space 5632K, 100% used [0x00000000d5580000,0x00000000d5b00000,0x00000000d5b00000)
  from space 4096K, 99% used [0x00000000d5b00000,0x00000000d5ef8450,0x00000000d5f00000)
  to   space 10240K, 0% used [0x00000000d6680000,0x00000000d6680000,0x00000000d7080000)
 ParOldGen       total 283136K, used 283125K [0x0000000080000000, 0x0000000091480000, 0x00000000d5580000)
  object space 283136K, 99% used [0x0000000080000000,0x000000009147d648,0x0000000091480000)
 Metaspace       used 100803K, committed 102784K, reserved 1179648K
  class space    used 12002K, committed 12928K, reserved 1048576K
}
Event: 642.432 GC heap after
{Heap after GC invocations=222 (full 4):
 PSYoungGen      total 12800K, used 5232K [0x00000000d5580000, 0x00000000d6c00000, 0x0000000100000000)
  eden space 7168K, 0% used [0x00000000d5580000,0x00000000d5580000,0x00000000d5c80000)
  from space 5632K, 92% used [0x00000000d6680000,0x00000000d6b9c000,0x00000000d6c00000)
  to   space 6656K, 0% used [0x00000000d5f00000,0x00000000d5f00000,0x00000000d6580000)
 ParOldGen       total 287744K, used 287583K [0x0000000080000000, 0x0000000091900000, 0x00000000d5580000)
  object space 287744K, 99% used [0x0000000080000000,0x00000000918d7c08,0x0000000091900000)
 Metaspace       used 100803K, committed 102784K, reserved 1179648K
  class space    used 12002K, committed 12928K, reserved 1048576K
}
Event: 642.466 GC heap before
{Heap before GC invocations=223 (full 4):
 PSYoungGen      total 12800K, used 12386K [0x00000000d5580000, 0x00000000d6c00000, 0x0000000100000000)
  eden space 7168K, 99% used [0x00000000d5580000,0x00000000d5c7ca50,0x00000000d5c80000)
  from space 5632K, 92% used [0x00000000d6680000,0x00000000d6b9c000,0x00000000d6c00000)
  to   space 6656K, 0% used [0x00000000d5f00000,0x00000000d5f00000,0x00000000d6580000)
 ParOldGen       total 287744K, used 287583K [0x0000000080000000, 0x0000000091900000, 0x00000000d5580000)
  object space 287744K, 99% used [0x0000000080000000,0x00000000918d7c08,0x0000000091900000)
 Metaspace       used 100825K, committed 102848K, reserved 1179648K
  class space    used 12002K, committed 12928K, reserved 1048576K
}
Event: 642.471 GC heap after
{Heap after GC invocations=223 (full 4):
 PSYoungGen      total 14848K, used 5897K [0x00000000d5580000, 0x00000000d6a00000, 0x0000000100000000)
  eden space 8704K, 0% used [0x00000000d5580000,0x00000000d5580000,0x00000000d5e00000)
  from space 6144K, 95% used [0x00000000d5f00000,0x00000000d64c2688,0x00000000d6500000)
  to   space 5120K, 0% used [0x00000000d6500000,0x00000000d6500000,0x00000000d6a00000)
 ParOldGen       total 292352K, used 292143K [0x0000000080000000, 0x0000000091d80000, 0x00000000d5580000)
  object space 292352K, 99% used [0x0000000080000000,0x0000000091d4bc08,0x0000000091d80000)
 Metaspace       used 100825K, committed 102848K, reserved 1179648K
  class space    used 12002K, committed 12928K, reserved 1048576K
}
Event: 642.740 GC heap before
{Heap before GC invocations=224 (full 4):
 PSYoungGen      total 14848K, used 14601K [0x00000000d5580000, 0x00000000d6a00000, 0x0000000100000000)
  eden space 8704K, 100% used [0x00000000d5580000,0x00000000d5e00000,0x00000000d5e00000)
  from space 6144K, 95% used [0x00000000d5f00000,0x00000000d64c2688,0x00000000d6500000)
  to   space 5120K, 0% used [0x00000000d6500000,0x00000000d6500000,0x00000000d6a00000)
 ParOldGen       total 324096K, used 322863K [0x0000000080000000, 0x0000000093c80000, 0x00000000d5580000)
  object space 324096K, 99% used [0x0000000080000000,0x0000000093b4bc38,0x0000000093c80000)
 Metaspace       used 100884K, committed 102912K, reserved 1179648K
  class space    used 12003K, committed 12928K, reserved 1048576K
}
Event: 642.744 GC heap after
{Heap after GC invocations=224 (full 4):
 PSYoungGen      total 10240K, used 1425K [0x00000000d5580000, 0x00000000d6680000, 0x0000000100000000)
  eden space 8704K, 0% used [0x00000000d5580000,0x00000000d5580000,0x00000000d5e00000)
  from space 1536K, 92% used [0x00000000d6500000,0x00000000d66645e8,0x00000000d6680000)
  to   space 3584K, 0% used [0x00000000d5f80000,0x00000000d5f80000,0x00000000d6300000)
 ParOldGen       total 325120K, used 325063K [0x0000000080000000, 0x0000000093d80000, 0x00000000d5580000)
  object space 325120K, 99% used [0x0000000080000000,0x0000000093d71c78,0x0000000093d80000)
 Metaspace       used 100884K, committed 102912K, reserved 1179648K
  class space    used 12003K, committed 12928K, reserved 1048576K
}
Event: 642.956 GC heap before
{Heap before GC invocations=225 (full 4):
 PSYoungGen      total 10240K, used 10129K [0x00000000d5580000, 0x00000000d6680000, 0x0000000100000000)
  eden space 8704K, 100% used [0x00000000d5580000,0x00000000d5e00000,0x00000000d5e00000)
  from space 1536K, 92% used [0x00000000d6500000,0x00000000d66645e8,0x00000000d6680000)
  to   space 3584K, 0% used [0x00000000d5f80000,0x00000000d5f80000,0x00000000d6300000)
 ParOldGen       total 325120K, used 325063K [0x0000000080000000, 0x0000000093d80000, 0x00000000d5580000)
  object space 325120K, 99% used [0x0000000080000000,0x0000000093d71c78,0x0000000093d80000)
 Metaspace       used 100925K, committed 102912K, reserved 1179648K
  class space    used 12003K, committed 12928K, reserved 1048576K
}
Event: 642.958 GC heap after
{Heap after GC invocations=225 (full 4):
 PSYoungGen      total 12288K, used 704K [0x00000000d5580000, 0x00000000d6580000, 0x0000000100000000)
  eden space 8704K, 0% used [0x00000000d5580000,0x00000000d5580000,0x00000000d5e00000)
  from space 3584K, 19% used [0x00000000d5f80000,0x00000000d6030000,0x00000000d6300000)
  to   space 1536K, 0% used [0x00000000d6400000,0x00000000d6400000,0x00000000d6580000)
 ParOldGen       total 326144K, used 325947K [0x0000000080000000, 0x0000000093e80000, 0x00000000d5580000)
  object space 326144K, 99% used [0x0000000080000000,0x0000000093e4eea8,0x0000000093e80000)
 Metaspace       used 100925K, committed 102912K, reserved 1179648K
  class space    used 12003K, committed 12928K, reserved 1048576K
}
Event: 675.804 GC heap before
{Heap before GC invocations=226 (full 4):
 PSYoungGen      total 12288K, used 9408K [0x00000000d5580000, 0x00000000d6580000, 0x0000000100000000)
  eden space 8704K, 100% used [0x00000000d5580000,0x00000000d5e00000,0x00000000d5e00000)
  from space 3584K, 19% used [0x00000000d5f80000,0x00000000d6030000,0x00000000d6300000)
  to   space 1536K, 0% used [0x00000000d6400000,0x00000000d6400000,0x00000000d6580000)
 ParOldGen       total 326144K, used 325947K [0x0000000080000000, 0x0000000093e80000, 0x00000000d5580000)
  object space 326144K, 99% used [0x0000000080000000,0x0000000093e4eea8,0x0000000093e80000)
 Metaspace       used 100968K, committed 103040K, reserved 1179648K
  class space    used 12006K, committed 12928K, reserved 1048576K
}
Event: 675.805 GC heap after
{Heap after GC invocations=226 (full 4):
 PSYoungGen      total 9216K, used 468K [0x00000000d5580000, 0x00000000d6480000, 0x0000000100000000)
  eden space 8704K, 0% used [0x00000000d5580000,0x00000000d5580000,0x00000000d5e00000)
  from space 512K, 91% used [0x00000000d6400000,0x00000000d6475200,0x00000000d6480000)
  to   space 1024K, 0% used [0x00000000d6280000,0x00000000d6280000,0x00000000d6380000)
 ParOldGen       total 326656K, used 326491K [0x0000000080000000, 0x0000000093f00000, 0x00000000d5580000)
  object space 326656K, 99% used [0x0000000080000000,0x0000000093ed6ec8,0x0000000093f00000)
 Metaspace       used 100968K, committed 103040K, reserved 1179648K
  class space    used 12006K, committed 12928K, reserved 1048576K
}
Event: 675.821 GC heap before
{Heap before GC invocations=227 (full 4):
 PSYoungGen      total 9216K, used 9172K [0x00000000d5580000, 0x00000000d6480000, 0x0000000100000000)
  eden space 8704K, 100% used [0x00000000d5580000,0x00000000d5e00000,0x00000000d5e00000)
  from space 512K, 91% used [0x00000000d6400000,0x00000000d6475200,0x00000000d6480000)
  to   space 1024K, 0% used [0x00000000d6280000,0x00000000d6280000,0x00000000d6380000)
 ParOldGen       total 326656K, used 326491K [0x0000000080000000, 0x0000000093f00000, 0x00000000d5580000)
  object space 326656K, 99% used [0x0000000080000000,0x0000000093ed6ec8,0x0000000093f00000)
 Metaspace       used 101021K, committed 103040K, reserved 1179648K
  class space    used 12007K, committed 12928K, reserved 1048576K
}
Event: 675.822 GC heap after
{Heap after GC invocations=227 (full 4):
 PSYoungGen      total 9728K, used 1018K [0x00000000d5580000, 0x00000000d6480000, 0x0000000100000000)
  eden space 8704K, 0% used [0x00000000d5580000,0x00000000d5580000,0x00000000d5e00000)
  from space 1024K, 99% used [0x00000000d6280000,0x00000000d637e900,0x00000000d6380000)
  to   space 1024K, 0% used [0x00000000d6380000,0x00000000d6380000,0x00000000d6480000)
 ParOldGen       total 327168K, used 326976K [0x0000000080000000, 0x0000000093f80000, 0x00000000d5580000)
  object space 327168K, 99% used [0x0000000080000000,0x0000000093f50108,0x0000000093f80000)
 Metaspace       used 101021K, committed 103040K, reserved 1179648K
  class space    used 12007K, committed 12928K, reserved 1048576K
}
Event: 675.850 GC heap before
{Heap before GC invocations=228 (full 4):
 PSYoungGen      total 9728K, used 9722K [0x00000000d5580000, 0x00000000d6480000, 0x0000000100000000)
  eden space 8704K, 100% used [0x00000000d5580000,0x00000000d5e00000,0x00000000d5e00000)
  from space 1024K, 99% used [0x00000000d6280000,0x00000000d637e900,0x00000000d6380000)
  to   space 1024K, 0% used [0x00000000d6380000,0x00000000d6380000,0x00000000d6480000)
 ParOldGen       total 327168K, used 326976K [0x0000000080000000, 0x0000000093f80000, 0x00000000d5580000)
  object space 327168K, 99% used [0x0000000080000000,0x0000000093f50108,0x0000000093f80000)
 Metaspace       used 101113K, committed 103168K, reserved 1179648K
  class space    used 12007K, committed 12928K, reserved 1048576K
}
Event: 675.852 GC heap after
{Heap after GC invocations=228 (full 4):
 PSYoungGen      total 9728K, used 788K [0x00000000d5580000, 0x00000000d6480000, 0x0000000100000000)
  eden space 8704K, 0% used [0x00000000d5580000,0x00000000d5580000,0x00000000d5e00000)
  from space 1024K, 77% used [0x00000000d6380000,0x00000000d6445200,0x00000000d6480000)
  to   space 1536K, 0% used [0x00000000d6180000,0x00000000d6180000,0x00000000d6300000)
 ParOldGen       total 328192K, used 328020K [0x0000000080000000, 0x0000000094080000, 0x00000000d5580000)
  object space 328192K, 99% used [0x0000000080000000,0x0000000094055308,0x0000000094080000)
 Metaspace       used 101113K, committed 103168K, reserved 1179648K
  class space    used 12007K, committed 12928K, reserved 1048576K
}
Event: 675.869 GC heap before
{Heap before GC invocations=229 (full 4):
 PSYoungGen      total 9728K, used 9492K [0x00000000d5580000, 0x00000000d6480000, 0x0000000100000000)
  eden space 8704K, 100% used [0x00000000d5580000,0x00000000d5e00000,0x00000000d5e00000)
  from space 1024K, 77% used [0x00000000d6380000,0x00000000d6445200,0x00000000d6480000)
  to   space 1536K, 0% used [0x00000000d6180000,0x00000000d6180000,0x00000000d6300000)
 ParOldGen       total 328192K, used 328020K [0x0000000080000000, 0x0000000094080000, 0x00000000d5580000)
  object space 328192K, 99% used [0x0000000080000000,0x0000000094055308,0x0000000094080000)
 Metaspace       used 101150K, committed 103168K, reserved 1179648K
  class space    used 12007K, committed 12928K, reserved 1048576K
}
Event: 675.871 GC heap after
{Heap after GC invocations=229 (full 4):
 PSYoungGen      total 10240K, used 1412K [0x00000000d5580000, 0x00000000d6400000, 0x0000000100000000)
  eden space 8704K, 0% used [0x00000000d5580000,0x00000000d5580000,0x00000000d5e00000)
  from space 1536K, 91% used [0x00000000d6180000,0x00000000d62e1210,0x00000000d6300000)
  to   space 1024K, 0% used [0x00000000d6300000,0x00000000d6300000,0x00000000d6400000)
 ParOldGen       total 328704K, used 328585K [0x0000000080000000, 0x0000000094100000, 0x00000000d5580000)
  object space 328704K, 99% used [0x0000000080000000,0x00000000940e2518,0x0000000094100000)
 Metaspace       used 101150K, committed 103168K, reserved 1179648K
  class space    used 12007K, committed 12928K, reserved 1048576K
}
Event: 675.890 GC heap before
{Heap before GC invocations=230 (full 4):
 PSYoungGen      total 10240K, used 10116K [0x00000000d5580000, 0x00000000d6400000, 0x0000000100000000)
  eden space 8704K, 100% used [0x00000000d5580000,0x00000000d5e00000,0x00000000d5e00000)
  from space 1536K, 91% used [0x00000000d6180000,0x00000000d62e1210,0x00000000d6300000)
  to   space 1024K, 0% used [0x00000000d6300000,0x00000000d6300000,0x00000000d6400000)
 ParOldGen       total 328704K, used 328585K [0x0000000080000000, 0x0000000094100000, 0x00000000d5580000)
  object space 328704K, 99% used [0x0000000080000000,0x00000000940e2518,0x0000000094100000)
 Metaspace       used 101162K, committed 103168K, reserved 1179648K
  class space    used 12008K, committed 12928K, reserved 1048576K
}
Event: 675.892 GC heap after
{Heap after GC invocations=230 (full 4):
 PSYoungGen      total 9728K, used 1012K [0x00000000d5580000, 0x00000000d6400000, 0x0000000100000000)
  eden space 8704K, 0% used [0x00000000d5580000,0x00000000d5580000,0x00000000d5e00000)
  from space 1024K, 98% used [0x00000000d6300000,0x00000000d63fd200,0x00000000d6400000)
  to   space 2560K, 0% used [0x00000000d5f00000,0x00000000d5f00000,0x00000000d6180000)
 ParOldGen       total 330240K, used 329875K [0x0000000080000000, 0x0000000094280000, 0x00000000d5580000)
  object space 330240K, 99% used [0x0000000080000000,0x0000000094224e30,0x0000000094280000)
 Metaspace       used 101162K, committed 103168K, reserved 1179648K
  class space    used 12008K, committed 12928K, reserved 1048576K
}
Event: 726.898 GC heap before
{Heap before GC invocations=231 (full 4):
 PSYoungGen      total 9728K, used 9716K [0x00000000d5580000, 0x00000000d6400000, 0x0000000100000000)
  eden space 8704K, 100% used [0x00000000d5580000,0x00000000d5e00000,0x00000000d5e00000)
  from space 1024K, 98% used [0x00000000d6300000,0x00000000d63fd200,0x00000000d6400000)
  to   space 2560K, 0% used [0x00000000d5f00000,0x00000000d5f00000,0x00000000d6180000)
 ParOldGen       total 330240K, used 329875K [0x0000000080000000, 0x0000000094280000, 0x00000000d5580000)
  object space 330240K, 99% used [0x0000000080000000,0x0000000094224e30,0x0000000094280000)
 Metaspace       used 101207K, committed 103232K, reserved 1179648K
  class space    used 12008K, committed 12928K, reserved 1048576K
}

