# JRE version: OpenJDK Runtime Environment Temurin-21.0.10+7 (21.0.10+7) (build 21.0.10+7-LTS)
# Java VM: OpenJDK 64-Bit Server VM Temurin-21.0.10+7 (21.0.10+7-LTS, mixed mode, sharing, tiered, compressed oops, compressed class ptrs, parallel gc, windows-amd64)
GC Precious Log:
 CardTable entry size: 512
 CPUs: 12 total, 12 available
 Memory: 7835M
 Large Page Support: Disabled
 NUMA Support: Disabled
 Compressed Oops: Enabled (32-bit)
 Alignments: Space 512K, Generation 512K, Heap 2M
 Heap Min Capacity: 100M
 Heap Initial Capacity: 100M
 Heap Max Capacity: 2G
 Pre-touch: Disabled
 Parallel Workers: 10
Heap:
 PSYoungGen      total 13312K, used 8863K [0x00000000d5580000, 0x00000000d6480000, 0x0000000100000000)
  eden space 11264K, 62% used [0x00000000d5580000,0x00000000d5c6d160,0x00000000d6080000)
  from space 2048K, 86% used [0x00000000d6080000,0x00000000d623ac20,0x00000000d6280000)
  to   space 2048K, 0% used [0x00000000d6280000,0x00000000d6280000,0x00000000d6480000)
 ParOldGen       total 119296K, used 119154K [0x0000000080000000, 0x0000000087480000, 0x00000000d5580000)
  object space 119296K, 99% used [0x0000000080000000,0x000000008745c858,0x0000000087480000)
 Metaspace       used 81986K, committed 83712K, reserved 1179648K
  class space    used 9799K, committed 10560K, reserved 1048576K
GC Heap History (20 events):
Event: 28.080 GC heap before
{Heap before GC invocations=113 (full 3):
 PSYoungGen      total 14848K, used 14602K [0x00000000d5580000, 0x00000000d6580000, 0x0000000100000000)
  eden space 13312K, 100% used [0x00000000d5580000,0x00000000d6280000,0x00000000d6280000)
  from space 1536K, 84% used [0x00000000d6300000,0x00000000d6442910,0x00000000d6480000)
  to   space 1024K, 0% used [0x00000000d6480000,0x00000000d6480000,0x00000000d6580000)
 ParOldGen       total 112128K, used 111763K [0x0000000080000000, 0x0000000086d80000, 0x00000000d5580000)
  object space 112128K, 99% used [0x0000000080000000,0x0000000086d24d68,0x0000000086d80000)
 Metaspace       used 81344K, committed 83136K, reserved 1179648K
  class space    used 9769K, committed 10560K, reserved 1048576K
}
Event: 28.083 GC heap after
{Heap after GC invocations=113 (full 3):
 PSYoungGen      total 14336K, used 996K [0x00000000d5580000, 0x00000000d6580000, 0x0000000100000000)
  eden space 13312K, 0% used [0x00000000d5580000,0x00000000d5580000,0x00000000d6280000)
  from space 1024K, 97% used [0x00000000d6480000,0x00000000d6579210,0x00000000d6580000)
  to   space 1536K, 0% used [0x00000000d6280000,0x00000000d6280000,0x00000000d6400000)
 ParOldGen       total 113152K, used 112848K [0x0000000080000000, 0x0000000086e80000, 0x00000000d5580000)
  object space 113152K, 99% used [0x0000000080000000,0x0000000086e34370,0x0000000086e80000)
 Metaspace       used 81344K, committed 83136K, reserved 1179648K
  class space    used 9769K, committed 10560K, reserved 1048576K
}
Event: 28.168 GC heap before
{Heap before GC invocations=114 (full 3):
 PSYoungGen      total 14336K, used 14308K [0x00000000d5580000, 0x00000000d6580000, 0x0000000100000000)
  eden space 13312K, 100% used [0x00000000d5580000,0x00000000d6280000,0x00000000d6280000)
  from space 1024K, 97% used [0x00000000d6480000,0x00000000d6579210,0x00000000d6580000)
  to   space 1536K, 0% used [0x00000000d6280000,0x00000000d6280000,0x00000000d6400000)
 ParOldGen       total 113152K, used 112848K [0x0000000080000000, 0x0000000086e80000, 0x00000000d5580000)
  object space 113152K, 99% used [0x0000000080000000,0x0000000086e34370,0x0000000086e80000)
 Metaspace       used 81369K, committed 83136K, reserved 1179648K
  class space    used 9769K, committed 10560K, reserved 1048576K
}
Event: 28.170 GC heap after
{Heap after GC invocations=114 (full 3):
 PSYoungGen      total 14848K, used 672K [0x00000000d5580000, 0x00000000d6500000, 0x0000000100000000)
  eden space 13312K, 0% used [0x00000000d5580000,0x00000000d5580000,0x00000000d6280000)
  from space 1536K, 43% used [0x00000000d6280000,0x00000000d6328000,0x00000000d6400000)
  to   space 1024K, 0% used [0x00000000d6400000,0x00000000d6400000,0x00000000d6500000)
 ParOldGen       total 114176K, used 113702K [0x0000000080000000, 0x0000000086f80000, 0x00000000d5580000)
  object space 114176K, 99% used [0x0000000080000000,0x0000000086f09990,0x0000000086f80000)
 Metaspace       used 81369K, committed 83136K, reserved 1179648K
  class space    used 9769K, committed 10560K, reserved 1048576K
}
Event: 28.253 GC heap before
{Heap before GC invocations=115 (full 3):
 PSYoungGen      total 14848K, used 13984K [0x00000000d5580000, 0x00000000d6500000, 0x0000000100000000)
  eden space 13312K, 100% used [0x00000000d5580000,0x00000000d6280000,0x00000000d6280000)
  from space 1536K, 43% used [0x00000000d6280000,0x00000000d6328000,0x00000000d6400000)
  to   space 1024K, 0% used [0x00000000d6400000,0x00000000d6400000,0x00000000d6500000)
 ParOldGen       total 114176K, used 113702K [0x0000000080000000, 0x0000000086f80000, 0x00000000d5580000)
  object space 114176K, 99% used [0x0000000080000000,0x0000000086f09990,0x0000000086f80000)
 Metaspace       used 81381K, committed 83136K, reserved 1179648K
  class space    used 9769K, committed 10560K, reserved 1048576K
}
Event: 28.255 GC heap after
{Heap after GC invocations=115 (full 3):
 PSYoungGen      total 13824K, used 154K [0x00000000d5580000, 0x00000000d6480000, 0x0000000100000000)
  eden space 13312K, 0% used [0x00000000d5580000,0x00000000d5580000,0x00000000d6280000)
  from space 512K, 30% used [0x00000000d6400000,0x00000000d6426900,0x00000000d6480000)
  to   space 512K, 0% used [0x00000000d6380000,0x00000000d6380000,0x00000000d6400000)
 ParOldGen       total 114688K, used 114230K [0x0000000080000000, 0x0000000087000000, 0x00000000d5580000)
  object space 114688K, 99% used [0x0000000080000000,0x0000000086f8d9b0,0x0000000087000000)
 Metaspace       used 81381K, committed 83136K, reserved 1179648K
  class space    used 9769K, committed 10560K, reserved 1048576K
}
Event: 28.349 GC heap before
{Heap before GC invocations=116 (full 3):
 PSYoungGen      total 13824K, used 13283K [0x00000000d5580000, 0x00000000d6480000, 0x0000000100000000)
  eden space 13312K, 98% used [0x00000000d5580000,0x00000000d6252348,0x00000000d6280000)
  from space 512K, 30% used [0x00000000d6400000,0x00000000d6426900,0x00000000d6480000)
  to   space 512K, 0% used [0x00000000d6380000,0x00000000d6380000,0x00000000d6400000)
 ParOldGen       total 114688K, used 114230K [0x0000000080000000, 0x0000000087000000, 0x00000000d5580000)
  object space 114688K, 99% used [0x0000000080000000,0x0000000086f8d9b0,0x0000000087000000)
 Metaspace       used 81430K, committed 83200K, reserved 1179648K
  class space    used 9770K, committed 10560K, reserved 1048576K
}
Event: 28.350 GC heap after
{Heap after GC invocations=116 (full 3):
 PSYoungGen      total 13824K, used 496K [0x00000000d5580000, 0x00000000d6480000, 0x0000000100000000)
  eden space 13312K, 0% used [0x00000000d5580000,0x00000000d5580000,0x00000000d6280000)
  from space 512K, 96% used [0x00000000d6380000,0x00000000d63fc010,0x00000000d6400000)
  to   space 512K, 0% used [0x00000000d6400000,0x00000000d6400000,0x00000000d6480000)
 ParOldGen       total 114688K, used 114238K [0x0000000080000000, 0x0000000087000000, 0x00000000d5580000)
  object space 114688K, 99% used [0x0000000080000000,0x0000000086f8f9b0,0x0000000087000000)
 Metaspace       used 81430K, committed 83200K, reserved 1179648K
  class space    used 9770K, committed 10560K, reserved 1048576K
}
Event: 28.453 GC heap before
{Heap before GC invocations=117 (full 3):
 PSYoungGen      total 13824K, used 13808K [0x00000000d5580000, 0x00000000d6480000, 0x0000000100000000)
  eden space 13312K, 100% used [0x00000000d5580000,0x00000000d6280000,0x00000000d6280000)
  from space 512K, 96% used [0x00000000d6380000,0x00000000d63fc010,0x00000000d6400000)
  to   space 512K, 0% used [0x00000000d6400000,0x00000000d6400000,0x00000000d6480000)
 ParOldGen       total 114688K, used 114238K [0x0000000080000000, 0x0000000087000000, 0x00000000d5580000)
  object space 114688K, 99% used [0x0000000080000000,0x0000000086f8f9b0,0x0000000087000000)
 Metaspace       used 81472K, committed 83200K, reserved 1179648K
  class space    used 9773K, committed 10560K, reserved 1048576K
}
Event: 28.455 GC heap after
{Heap after GC invocations=117 (full 3):
 PSYoungGen      total 13824K, used 488K [0x00000000d5580000, 0x00000000d6480000, 0x0000000100000000)
  eden space 13312K, 0% used [0x00000000d5580000,0x00000000d5580000,0x00000000d6280000)
  from space 512K, 95% used [0x00000000d6400000,0x00000000d647a088,0x00000000d6480000)
  to   space 1024K, 0% used [0x00000000d6280000,0x00000000d6280000,0x00000000d6380000)
 ParOldGen       total 114688K, used 114566K [0x0000000080000000, 0x0000000087000000, 0x00000000d5580000)
  object space 114688K, 99% used [0x0000000080000000,0x0000000086fe19b0,0x0000000087000000)
 Metaspace       used 81472K, committed 83200K, reserved 1179648K
  class space    used 9773K, committed 10560K, reserved 1048576K
}
Event: 28.585 GC heap before
{Heap before GC invocations=118 (full 3):
 PSYoungGen      total 13824K, used 13800K [0x00000000d5580000, 0x00000000d6480000, 0x0000000100000000)
  eden space 13312K, 100% used [0x00000000d5580000,0x00000000d6280000,0x00000000d6280000)
  from space 512K, 95% used [0x00000000d6400000,0x00000000d647a088,0x00000000d6480000)
  to   space 1024K, 0% used [0x00000000d6280000,0x00000000d6280000,0x00000000d6380000)
 ParOldGen       total 114688K, used 114566K [0x0000000080000000, 0x0000000087000000, 0x00000000d5580000)
  object space 114688K, 99% used [0x0000000080000000,0x0000000086fe19b0,0x0000000087000000)
 Metaspace       used 81533K, committed 83264K, reserved 1179648K
  class space    used 9774K, committed 10560K, reserved 1048576K
}
Event: 28.586 GC heap after
{Heap after GC invocations=118 (full 3):
 PSYoungGen      total 14336K, used 1012K [0x00000000d5580000, 0x00000000d6580000, 0x0000000100000000)
  eden space 13312K, 0% used [0x00000000d5580000,0x00000000d5580000,0x00000000d6280000)
  from space 1024K, 98% used [0x00000000d6280000,0x00000000d637d200,0x00000000d6380000)
  to   space 1536K, 0% used [0x00000000d6400000,0x00000000d6400000,0x00000000d6580000)
 ParOldGen       total 115200K, used 114882K [0x0000000080000000, 0x0000000087080000, 0x00000000d5580000)
  object space 115200K, 99% used [0x0000000080000000,0x0000000087030bc0,0x0000000087080000)
 Metaspace       used 81533K, committed 83264K, reserved 1179648K
  class space    used 9774K, committed 10560K, reserved 1048576K
}
Event: 28.688 GC heap before
{Heap before GC invocations=119 (full 3):
 PSYoungGen      total 14336K, used 14324K [0x00000000d5580000, 0x00000000d6580000, 0x0000000100000000)
  eden space 13312K, 100% used [0x00000000d5580000,0x00000000d6280000,0x00000000d6280000)
  from space 1024K, 98% used [0x00000000d6280000,0x00000000d637d200,0x00000000d6380000)
  to   space 1536K, 0% used [0x00000000d6400000,0x00000000d6400000,0x00000000d6580000)
 ParOldGen       total 115200K, used 114882K [0x0000000080000000, 0x0000000087080000, 0x00000000d5580000)
  object space 115200K, 99% used [0x0000000080000000,0x0000000087030bc0,0x0000000087080000)
 Metaspace       used 81576K, committed 83328K, reserved 1179648K
  class space    used 9778K, committed 10560K, reserved 1048576K
}
Event: 28.692 GC heap after
{Heap after GC invocations=119 (full 3):
 PSYoungGen      total 13312K, used 1512K [0x00000000d5580000, 0x00000000d6880000, 0x0000000100000000)
  eden space 11776K, 0% used [0x00000000d5580000,0x00000000d5580000,0x00000000d6100000)
  from space 1536K, 98% used [0x00000000d6400000,0x00000000d657a088,0x00000000d6580000)
  to   space 3072K, 0% used [0x00000000d6100000,0x00000000d6100000,0x00000000d6400000)
 ParOldGen       total 116224K, used 115763K [0x0000000080000000, 0x0000000087180000, 0x00000000d5580000)
  object space 116224K, 99% used [0x0000000080000000,0x000000008710cde0,0x0000000087180000)
 Metaspace       used 81576K, committed 83328K, reserved 1179648K
  class space    used 9778K, committed 10560K, reserved 1048576K
}
Event: 28.795 GC heap before
{Heap before GC invocations=120 (full 3):
 PSYoungGen      total 13312K, used 13288K [0x00000000d5580000, 0x00000000d6880000, 0x0000000100000000)
  eden space 11776K, 100% used [0x00000000d5580000,0x00000000d6100000,0x00000000d6100000)
  from space 1536K, 98% used [0x00000000d6400000,0x00000000d657a088,0x00000000d6580000)
  to   space 3072K, 0% used [0x00000000d6100000,0x00000000d6100000,0x00000000d6400000)
 ParOldGen       total 116224K, used 115763K [0x0000000080000000, 0x0000000087180000, 0x00000000d5580000)
  object space 116224K, 99% used [0x0000000080000000,0x000000008710cde0,0x0000000087180000)
 Metaspace       used 81647K, committed 83392K, reserved 1179648K
  class space    used 9780K, committed 10560K, reserved 1048576K
}
Event: 28.797 GC heap after
{Heap after GC invocations=120 (full 3):
 PSYoungGen      total 12288K, used 500K [0x00000000d5580000, 0x00000000d6480000, 0x0000000100000000)
  eden space 11776K, 0% used [0x00000000d5580000,0x00000000d5580000,0x00000000d6100000)
  from space 512K, 97% used [0x00000000d6100000,0x00000000d617d200,0x00000000d6180000)
  to   space 1536K, 0% used [0x00000000d6300000,0x00000000d6300000,0x00000000d6480000)
 ParOldGen       total 117248K, used 116991K [0x0000000080000000, 0x0000000087280000, 0x00000000d5580000)
  object space 117248K, 99% used [0x0000000080000000,0x000000008723fff0,0x0000000087280000)
 Metaspace       used 81647K, committed 83392K, reserved 1179648K
  class space    used 9780K, committed 10560K, reserved 1048576K
}
Event: 28.897 GC heap before
{Heap before GC invocations=121 (full 3):
 PSYoungGen      total 12288K, used 12276K [0x00000000d5580000, 0x00000000d6480000, 0x0000000100000000)
  eden space 11776K, 100% used [0x00000000d5580000,0x00000000d6100000,0x00000000d6100000)
  from space 512K, 97% used [0x00000000d6100000,0x00000000d617d200,0x00000000d6180000)
  to   space 1536K, 0% used [0x00000000d6300000,0x00000000d6300000,0x00000000d6480000)
 ParOldGen       total 117248K, used 116991K [0x0000000080000000, 0x0000000087280000, 0x00000000d5580000)
  object space 117248K, 99% used [0x0000000080000000,0x000000008723fff0,0x0000000087280000)
 Metaspace       used 81670K, committed 83456K, reserved 1179648K
  class space    used 9780K, committed 10560K, reserved 1048576K
}
Event: 28.899 GC heap after
{Heap after GC invocations=121 (full 3):
 PSYoungGen      total 12800K, used 1517K [0x00000000d5580000, 0x00000000d6600000, 0x0000000100000000)
  eden space 11264K, 0% used [0x00000000d5580000,0x00000000d5580000,0x00000000d6080000)
  from space 1536K, 98% used [0x00000000d6300000,0x00000000d647b630,0x00000000d6480000)
  to   space 2560K, 0% used [0x00000000d6080000,0x00000000d6080000,0x00000000d6300000)
 ParOldGen       total 117760K, used 117662K [0x0000000080000000, 0x0000000087300000, 0x00000000d5580000)
  object space 117760K, 99% used [0x0000000080000000,0x00000000872e7990,0x0000000087300000)
 Metaspace       used 81670K, committed 83456K, reserved 1179648K
  class space    used 9780K, committed 10560K, reserved 1048576K
}
Event: 29.003 GC heap before
{Heap before GC invocations=122 (full 3):
 PSYoungGen      total 12800K, used 12781K [0x00000000d5580000, 0x00000000d6600000, 0x0000000100000000)
  eden space 11264K, 100% used [0x00000000d5580000,0x00000000d6080000,0x00000000d6080000)
  from space 1536K, 98% used [0x00000000d6300000,0x00000000d647b630,0x00000000d6480000)
  to   space 2560K, 0% used [0x00000000d6080000,0x00000000d6080000,0x00000000d6300000)
 ParOldGen       total 117760K, used 117662K [0x0000000080000000, 0x0000000087300000, 0x00000000d5580000)
  object space 117760K, 99% used [0x0000000080000000,0x00000000872e7990,0x0000000087300000)
 Metaspace       used 81709K, committed 83456K, reserved 1179648K
  class space    used 9780K, committed 10560K, reserved 1048576K
}
Event: 29.007 GC heap after
{Heap after GC invocations=122 (full 3):
 PSYoungGen      total 13312K, used 1771K [0x00000000d5580000, 0x00000000d6480000, 0x0000000100000000)
  eden space 11264K, 0% used [0x00000000d5580000,0x00000000d5580000,0x00000000d6080000)
  from space 2048K, 86% used [0x00000000d6080000,0x00000000d623ac20,0x00000000d6280000)
  to   space 2048K, 0% used [0x00000000d6280000,0x00000000d6280000,0x00000000d6480000)
 ParOldGen       total 119296K, used 119154K [0x0000000080000000, 0x0000000087480000, 0x00000000d5580000)
  object space 119296K, 99% used [0x0000000080000000,0x000000008745c858,0x0000000087480000)
 Metaspace       used 81709K, committed 83456K, reserved 1179648K
  class space    used 9780K, committed 10560K, reserved 1048576K
}

