# JRE version: OpenJDK Runtime Environment Temurin-21.0.10+7 (21.0.10+7) (build 21.0.10+7-LTS)
# Java VM: OpenJDK 64-Bit Server VM Temurin-21.0.10+7 (21.0.10+7-LTS, mixed mode, sharing, tiered, compressed oops, compressed class ptrs, parallel gc, windows-amd64)
GC Precious Log:
 CardTable entry size: 512
 CPUs: 12 total, 12 available
 Memory: 7835M
 Large Page Support: Disabled
 NUMA Support: Disabled
 Compressed Oops: Enabled (32-bit)
 Alignments: Space 512K, Generation 512K, Heap 2M
 Heap Min Capacity: 100M
 Heap Initial Capacity: 100M
 Heap Max Capacity: 2G
 Pre-touch: Disabled
 Parallel Workers: 10
Heap:
 PSYoungGen      total 18432K, used 6260K [0x00000000d5580000, 0x00000000d6a80000, 0x0000000100000000)
  eden space 14336K, 36% used [0x00000000d5580000,0x00000000d5aa51e8,0x00000000d6380000)
  from space 4096K, 24% used [0x00000000d6380000,0x00000000d6478210,0x00000000d6780000)
  to   space 2048K, 0% used [0x00000000d6880000,0x00000000d6880000,0x00000000d6a80000)
 ParOldGen       total 102912K, used 102889K [0x0000000080000000, 0x0000000086480000, 0x00000000d5580000)
  object space 102912K, 99% used [0x0000000080000000,0x000000008647a4b8,0x0000000086480000)
 Metaspace       used 81412K, committed 83136K, reserved 1179648K
  class space    used 9840K, committed 10624K, reserved 1048576K
GC Heap History (20 events):
Event: 62.334 GC heap after
{Heap after GC invocations=90 (full 3):
 PSYoungGen      total 17920K, used 752K [0x00000000d5580000, 0x00000000d6800000, 0x0000000100000000)
  eden space 16896K, 0% used [0x00000000d5580000,0x00000000d5580000,0x00000000d6600000)
  from space 1024K, 73% used [0x00000000d6600000,0x00000000d66bc088,0x00000000d6700000)
  to   space 1024K, 0% used [0x00000000d6700000,0x00000000d6700000,0x00000000d6800000)
 ParOldGen       total 93184K, used 92889K [0x0000000080000000, 0x0000000085b00000, 0x00000000d5580000)
  object space 93184K, 99% used [0x0000000080000000,0x0000000085ab6480,0x0000000085b00000)
 Metaspace       used 77988K, committed 79680K, reserved 1179648K
  class space    used 9563K, committed 10304K, reserved 1048576K
}
Event: 62.388 GC heap before
{Heap before GC invocations=91 (full 3):
 PSYoungGen      total 17920K, used 17648K [0x00000000d5580000, 0x00000000d6800000, 0x0000000100000000)
  eden space 16896K, 100% used [0x00000000d5580000,0x00000000d6600000,0x00000000d6600000)
  from space 1024K, 73% used [0x00000000d6600000,0x00000000d66bc088,0x00000000d6700000)
  to   space 1024K, 0% used [0x00000000d6700000,0x00000000d6700000,0x00000000d6800000)
 ParOldGen       total 93184K, used 92889K [0x0000000080000000, 0x0000000085b00000, 0x00000000d5580000)
  object space 93184K, 99% used [0x0000000080000000,0x0000000085ab6480,0x0000000085b00000)
 Metaspace       used 78113K, committed 79872K, reserved 1179648K
  class space    used 9573K, committed 10368K, reserved 1048576K
}
Event: 62.390 GC heap after
{Heap after GC invocations=91 (full 3):
 PSYoungGen      total 17920K, used 884K [0x00000000d5580000, 0x00000000d6800000, 0x0000000100000000)
  eden space 16896K, 0% used [0x00000000d5580000,0x00000000d5580000,0x00000000d6600000)
  from space 1024K, 86% used [0x00000000d6700000,0x00000000d67dd308,0x00000000d6800000)
  to   space 1024K, 0% used [0x00000000d6600000,0x00000000d6600000,0x00000000d6700000)
 ParOldGen       total 93696K, used 93431K [0x0000000080000000, 0x0000000085b80000, 0x00000000d5580000)
  object space 93696K, 99% used [0x0000000080000000,0x0000000085b3dc98,0x0000000085b80000)
 Metaspace       used 78113K, committed 79872K, reserved 1179648K
  class space    used 9573K, committed 10368K, reserved 1048576K
}
Event: 62.462 GC heap before
{Heap before GC invocations=92 (full 3):
 PSYoungGen      total 17920K, used 17773K [0x00000000d5580000, 0x00000000d6800000, 0x0000000100000000)
  eden space 16896K, 99% used [0x00000000d5580000,0x00000000d65fe238,0x00000000d6600000)
  from space 1024K, 86% used [0x00000000d6700000,0x00000000d67dd308,0x00000000d6800000)
  to   space 1024K, 0% used [0x00000000d6600000,0x00000000d6600000,0x00000000d6700000)
 ParOldGen       total 93696K, used 93431K [0x0000000080000000, 0x0000000085b80000, 0x00000000d5580000)
  object space 93696K, 99% used [0x0000000080000000,0x0000000085b3dc98,0x0000000085b80000)
 Metaspace       used 78128K, committed 79872K, reserved 1179648K
  class space    used 9573K, committed 10368K, reserved 1048576K
}
Event: 62.465 GC heap after
{Heap after GC invocations=92 (full 3):
 PSYoungGen      total 17920K, used 812K [0x00000000d5580000, 0x00000000d6800000, 0x0000000100000000)
  eden space 16896K, 0% used [0x00000000d5580000,0x00000000d5580000,0x00000000d6600000)
  from space 1024K, 79% used [0x00000000d6600000,0x00000000d66cb390,0x00000000d6700000)
  to   space 1024K, 0% used [0x00000000d6700000,0x00000000d6700000,0x00000000d6800000)
 ParOldGen       total 95232K, used 94971K [0x0000000080000000, 0x0000000085d00000, 0x00000000d5580000)
  object space 95232K, 99% used [0x0000000080000000,0x0000000085cbee28,0x0000000085d00000)
 Metaspace       used 78128K, committed 79872K, reserved 1179648K
  class space    used 9573K, committed 10368K, reserved 1048576K
}
Event: 62.524 GC heap before
{Heap before GC invocations=93 (full 3):
 PSYoungGen      total 17920K, used 17708K [0x00000000d5580000, 0x00000000d6800000, 0x0000000100000000)
  eden space 16896K, 100% used [0x00000000d5580000,0x00000000d6600000,0x00000000d6600000)
  from space 1024K, 79% used [0x00000000d6600000,0x00000000d66cb390,0x00000000d6700000)
  to   space 1024K, 0% used [0x00000000d6700000,0x00000000d6700000,0x00000000d6800000)
 ParOldGen       total 95232K, used 94971K [0x0000000080000000, 0x0000000085d00000, 0x00000000d5580000)
  object space 95232K, 99% used [0x0000000080000000,0x0000000085cbee28,0x0000000085d00000)
 Metaspace       used 78157K, committed 79872K, reserved 1179648K
  class space    used 9576K, committed 10368K, reserved 1048576K
}
Event: 62.526 GC heap after
{Heap after GC invocations=93 (full 3):
 PSYoungGen      total 17920K, used 651K [0x00000000d5580000, 0x00000000d6800000, 0x0000000100000000)
  eden space 16896K, 0% used [0x00000000d5580000,0x00000000d5580000,0x00000000d6600000)
  from space 1024K, 63% used [0x00000000d6700000,0x00000000d67a2fb0,0x00000000d6800000)
  to   space 1024K, 0% used [0x00000000d6600000,0x00000000d6600000,0x00000000d6700000)
 ParOldGen       total 95744K, used 95664K [0x0000000080000000, 0x0000000085d80000, 0x00000000d5580000)
  object space 95744K, 99% used [0x0000000080000000,0x0000000085d6c1d0,0x0000000085d80000)
 Metaspace       used 78157K, committed 79872K, reserved 1179648K
  class space    used 9576K, committed 10368K, reserved 1048576K
}
Event: 62.924 GC heap before
{Heap before GC invocations=94 (full 3):
 PSYoungGen      total 17920K, used 17547K [0x00000000d5580000, 0x00000000d6800000, 0x0000000100000000)
  eden space 16896K, 100% used [0x00000000d5580000,0x00000000d6600000,0x00000000d6600000)
  from space 1024K, 63% used [0x00000000d6700000,0x00000000d67a2fb0,0x00000000d6800000)
  to   space 1024K, 0% used [0x00000000d6600000,0x00000000d6600000,0x00000000d6700000)
 ParOldGen       total 95744K, used 95664K [0x0000000080000000, 0x0000000085d80000, 0x00000000d5580000)
  object space 95744K, 99% used [0x0000000080000000,0x0000000085d6c1d0,0x0000000085d80000)
 Metaspace       used 79075K, committed 80832K, reserved 1179648K
  class space    used 9678K, committed 10432K, reserved 1048576K
}
Event: 62.927 GC heap after
{Heap after GC invocations=94 (full 3):
 PSYoungGen      total 17920K, used 1006K [0x00000000d5580000, 0x00000000d6a00000, 0x0000000100000000)
  eden space 16896K, 0% used [0x00000000d5580000,0x00000000d5580000,0x00000000d6600000)
  from space 1024K, 98% used [0x00000000d6600000,0x00000000d66fb8c0,0x00000000d6700000)
  to   space 2048K, 0% used [0x00000000d6800000,0x00000000d6800000,0x00000000d6a00000)
 ParOldGen       total 96256K, used 96249K [0x0000000080000000, 0x0000000085e00000, 0x00000000d5580000)
  object space 96256K, 99% used [0x0000000080000000,0x0000000085dfe730,0x0000000085e00000)
 Metaspace       used 79075K, committed 80832K, reserved 1179648K
  class space    used 9678K, committed 10432K, reserved 1048576K
}
Event: 63.344 GC heap before
{Heap before GC invocations=95 (full 3):
 PSYoungGen      total 17920K, used 17902K [0x00000000d5580000, 0x00000000d6a00000, 0x0000000100000000)
  eden space 16896K, 100% used [0x00000000d5580000,0x00000000d6600000,0x00000000d6600000)
  from space 1024K, 98% used [0x00000000d6600000,0x00000000d66fb8c0,0x00000000d6700000)
  to   space 2048K, 0% used [0x00000000d6800000,0x00000000d6800000,0x00000000d6a00000)
 ParOldGen       total 96256K, used 96249K [0x0000000080000000, 0x0000000085e00000, 0x00000000d5580000)
  object space 96256K, 99% used [0x0000000080000000,0x0000000085dfe730,0x0000000085e00000)
 Metaspace       used 79998K, committed 81792K, reserved 1179648K
  class space    used 9766K, committed 10560K, reserved 1048576K
}
Event: 63.346 GC heap after
{Heap after GC invocations=95 (full 3):
 PSYoungGen      total 18944K, used 1655K [0x00000000d5580000, 0x00000000d6a00000, 0x0000000100000000)
  eden space 16896K, 0% used [0x00000000d5580000,0x00000000d5580000,0x00000000d6600000)
  from space 2048K, 80% used [0x00000000d6800000,0x00000000d699de98,0x00000000d6a00000)
  to   space 2048K, 0% used [0x00000000d6600000,0x00000000d6600000,0x00000000d6800000)
 ParOldGen       total 97280K, used 97101K [0x0000000080000000, 0x0000000085f00000, 0x00000000d5580000)
  object space 97280K, 99% used [0x0000000080000000,0x0000000085ed3460,0x0000000085f00000)
 Metaspace       used 79998K, committed 81792K, reserved 1179648K
  class space    used 9766K, committed 10560K, reserved 1048576K
}
Event: 63.681 GC heap before
{Heap before GC invocations=96 (full 3):
 PSYoungGen      total 18944K, used 18551K [0x00000000d5580000, 0x00000000d6a00000, 0x0000000100000000)
  eden space 16896K, 100% used [0x00000000d5580000,0x00000000d6600000,0x00000000d6600000)
  from space 2048K, 80% used [0x00000000d6800000,0x00000000d699de98,0x00000000d6a00000)
  to   space 2048K, 0% used [0x00000000d6600000,0x00000000d6600000,0x00000000d6800000)
 ParOldGen       total 97280K, used 97101K [0x0000000080000000, 0x0000000085f00000, 0x00000000d5580000)
  object space 97280K, 99% used [0x0000000080000000,0x0000000085ed3460,0x0000000085f00000)
 Metaspace       used 80698K, committed 82496K, reserved 1179648K
  class space    used 9815K, committed 10624K, reserved 1048576K
}
Event: 63.685 GC heap after
{Heap after GC invocations=96 (full 3):
 PSYoungGen      total 17920K, used 760K [0x00000000d5580000, 0x00000000d6900000, 0x0000000100000000)
  eden space 16896K, 0% used [0x00000000d5580000,0x00000000d5580000,0x00000000d6600000)
  from space 1024K, 74% used [0x00000000d6600000,0x00000000d66be390,0x00000000d6700000)
  to   space 1536K, 0% used [0x00000000d6780000,0x00000000d6780000,0x00000000d6900000)
 ParOldGen       total 98816K, used 98688K [0x0000000080000000, 0x0000000086080000, 0x00000000d5580000)
  object space 98816K, 99% used [0x0000000080000000,0x00000000860602c8,0x0000000086080000)
 Metaspace       used 80698K, committed 82496K, reserved 1179648K
  class space    used 9815K, committed 10624K, reserved 1048576K
}
Event: 63.868 GC heap before
{Heap before GC invocations=97 (full 3):
 PSYoungGen      total 17920K, used 17656K [0x00000000d5580000, 0x00000000d6900000, 0x0000000100000000)
  eden space 16896K, 100% used [0x00000000d5580000,0x00000000d6600000,0x00000000d6600000)
  from space 1024K, 74% used [0x00000000d6600000,0x00000000d66be390,0x00000000d6700000)
  to   space 1536K, 0% used [0x00000000d6780000,0x00000000d6780000,0x00000000d6900000)
 ParOldGen       total 98816K, used 98688K [0x0000000080000000, 0x0000000086080000, 0x00000000d5580000)
  object space 98816K, 99% used [0x0000000080000000,0x00000000860602c8,0x0000000086080000)
 Metaspace       used 80858K, committed 82624K, reserved 1179648K
  class space    used 9818K, committed 10624K, reserved 1048576K
}
Event: 63.871 GC heap after
{Heap after GC invocations=97 (full 3):
 PSYoungGen      total 18432K, used 1347K [0x00000000d5580000, 0x00000000d6900000, 0x0000000100000000)
  eden space 16896K, 0% used [0x00000000d5580000,0x00000000d5580000,0x00000000d6600000)
  from space 1536K, 87% used [0x00000000d6780000,0x00000000d68d0d00,0x00000000d6900000)
  to   space 1536K, 0% used [0x00000000d6600000,0x00000000d6600000,0x00000000d6780000)
 ParOldGen       total 99328K, used 99291K [0x0000000080000000, 0x0000000086100000, 0x00000000d5580000)
  object space 99328K, 99% used [0x0000000080000000,0x00000000860f6ca8,0x0000000086100000)
 Metaspace       used 80858K, committed 82624K, reserved 1179648K
  class space    used 9818K, committed 10624K, reserved 1048576K
}
Event: 64.039 GC heap before
{Heap before GC invocations=98 (full 3):
 PSYoungGen      total 18432K, used 18243K [0x00000000d5580000, 0x00000000d6900000, 0x0000000100000000)
  eden space 16896K, 100% used [0x00000000d5580000,0x00000000d6600000,0x00000000d6600000)
  from space 1536K, 87% used [0x00000000d6780000,0x00000000d68d0d00,0x00000000d6900000)
  to   space 1536K, 0% used [0x00000000d6600000,0x00000000d6600000,0x00000000d6780000)
 ParOldGen       total 99328K, used 99291K [0x0000000080000000, 0x0000000086100000, 0x00000000d5580000)
  object space 99328K, 99% used [0x0000000080000000,0x00000000860f6ca8,0x0000000086100000)
 Metaspace       used 80983K, committed 82752K, reserved 1179648K
  class space    used 9818K, committed 10624K, reserved 1048576K
}
Event: 64.042 GC heap after
{Heap after GC invocations=98 (full 3):
 PSYoungGen      total 18432K, used 1034K [0x00000000d5580000, 0x00000000d6900000, 0x0000000100000000)
  eden space 16896K, 0% used [0x00000000d5580000,0x00000000d5580000,0x00000000d6600000)
  from space 1536K, 67% used [0x00000000d6600000,0x00000000d6702910,0x00000000d6780000)
  to   space 1536K, 0% used [0x00000000d6780000,0x00000000d6780000,0x00000000d6900000)
 ParOldGen       total 100864K, used 100364K [0x0000000080000000, 0x0000000086280000, 0x00000000d5580000)
  object space 100864K, 99% used [0x0000000080000000,0x00000000862030b8,0x0000000086280000)
 Metaspace       used 80983K, committed 82752K, reserved 1179648K
  class space    used 9818K, committed 10624K, reserved 1048576K
}
Event: 64.264 GC heap before
{Heap before GC invocations=99 (full 3):
 PSYoungGen      total 18432K, used 17930K [0x00000000d5580000, 0x00000000d6900000, 0x0000000100000000)
  eden space 16896K, 100% used [0x00000000d5580000,0x00000000d6600000,0x00000000d6600000)
  from space 1536K, 67% used [0x00000000d6600000,0x00000000d6702910,0x00000000d6780000)
  to   space 1536K, 0% used [0x00000000d6780000,0x00000000d6780000,0x00000000d6900000)
 ParOldGen       total 100864K, used 100364K [0x0000000080000000, 0x0000000086280000, 0x00000000d5580000)
  object space 100864K, 99% used [0x0000000080000000,0x00000000862030b8,0x0000000086280000)
 Metaspace       used 81161K, committed 82944K, reserved 1179648K
  class space    used 9826K, committed 10624K, reserved 1048576K
}
Event: 64.269 GC heap after
{Heap after GC invocations=99 (full 3):
 PSYoungGen      total 15872K, used 1530K [0x00000000d5580000, 0x00000000d6e00000, 0x0000000100000000)
  eden space 14336K, 0% used [0x00000000d5580000,0x00000000d5580000,0x00000000d6380000)
  from space 1536K, 99% used [0x00000000d6780000,0x00000000d68fe820,0x00000000d6900000)
  to   space 4096K, 0% used [0x00000000d6380000,0x00000000d6380000,0x00000000d6780000)
 ParOldGen       total 102400K, used 102069K [0x0000000080000000, 0x0000000086400000, 0x00000000d5580000)
  object space 102400K, 99% used [0x0000000080000000,0x00000000863ad7c0,0x0000000086400000)
 Metaspace       used 81161K, committed 82944K, reserved 1179648K
  class space    used 9826K, committed 10624K, reserved 1048576K
}
Event: 64.538 GC heap before
{Heap before GC invocations=100 (full 3):
 PSYoungGen      total 15872K, used 15866K [0x00000000d5580000, 0x00000000d6e00000, 0x0000000100000000)
  eden space 14336K, 100% used [0x00000000d5580000,0x00000000d6380000,0x00000000d6380000)
  from space 1536K, 99% used [0x00000000d6780000,0x00000000d68fe820,0x00000000d6900000)
  to   space 4096K, 0% used [0x00000000d6380000,0x00000000d6380000,0x00000000d6780000)
 ParOldGen       total 102400K, used 102069K [0x0000000080000000, 0x0000000086400000, 0x00000000d5580000)
  object space 102400K, 99% used [0x0000000080000000,0x00000000863ad7c0,0x0000000086400000)
 Metaspace       used 81374K, committed 83136K, reserved 1179648K
  class space    used 9840K, committed 10624K, reserved 1048576K
}

