# JRE version: OpenJDK Runtime Environment Temurin-21.0.10+7 (21.0.10+7) (build 21.0.10+7-LTS)
# Java VM: OpenJDK 64-Bit Server VM Temurin-21.0.10+7 (21.0.10+7-LTS, mixed mode, sharing, tiered, compressed oops, compressed class ptrs, parallel gc, windows-amd64)
GC Precious Log:
 CardTable entry size: 512
 CPUs: 12 total, 12 available
 Memory: 7835M
 Large Page Support: Disabled
 NUMA Support: Disabled
 Compressed Oops: Enabled (32-bit)
 Alignments: Space 512K, Generation 512K, Heap 2M
 Heap Min Capacity: 100M
 Heap Initial Capacity: 100M
 Heap Max Capacity: 2G
 Pre-touch: Disabled
 Parallel Workers: 10
Heap:
 PSYoungGen      total 23552K, used 15020K [0x00000000d5580000, 0x00000000d6e80000, 0x0000000100000000)
  eden space 21504K, 61% used [0x00000000d5580000,0x00000000d6263070,0x00000000d6a80000)
  from space 2048K, 89% used [0x00000000d6a80000,0x00000000d6c48020,0x00000000d6c80000)
  to   space 2048K, 0% used [0x00000000d6c80000,0x00000000d6c80000,0x00000000d6e80000)
 ParOldGen       total 68608K, used 65396K [0x0000000080000000, 0x0000000084300000, 0x00000000d5580000)
  object space 68608K, 95% used [0x0000000080000000,0x0000000083fdd2c8,0x0000000084300000)
 Metaspace       used 65763K, committed 67200K, reserved 1114112K
  class space    used 7618K, committed 8256K, reserved 1048576K
GC Heap History (20 events):
Event: 13.835 GC heap before
{Heap before GC invocations=35 (full 2):
 PSYoungGen      total 22016K, used 21994K [0x00000000d5580000, 0x00000000d7580000, 0x0000000100000000)
  eden space 21504K, 100% used [0x00000000d5580000,0x00000000d6a80000,0x00000000d6a80000)
  from space 512K, 95% used [0x00000000d7180000,0x00000000d71fab78,0x00000000d7200000)
  to   space 5632K, 0% used [0x00000000d6a80000,0x00000000d6a80000,0x00000000d7000000)
 ParOldGen       total 68608K, used 63628K [0x0000000080000000, 0x0000000084300000, 0x00000000d5580000)
  object space 68608K, 92% used [0x0000000080000000,0x0000000083e23398,0x0000000084300000)
 Metaspace       used 56313K, committed 57728K, reserved 1114112K
  class space    used 6511K, committed 7168K, reserved 1048576K
}
Event: 13.838 GC heap after
{Heap after GC invocations=35 (full 2):
 PSYoungGen      total 22528K, used 832K [0x00000000d5580000, 0x00000000d7200000, 0x0000000100000000)
  eden space 21504K, 0% used [0x00000000d5580000,0x00000000d5580000,0x00000000d6a80000)
  from space 1024K, 81% used [0x00000000d6a80000,0x00000000d6b50000,0x00000000d6b80000)
  to   space 2560K, 0% used [0x00000000d6f80000,0x00000000d6f80000,0x00000000d7200000)
 ParOldGen       total 68608K, used 64066K [0x0000000080000000, 0x0000000084300000, 0x00000000d5580000)
  object space 68608K, 93% used [0x0000000080000000,0x0000000083e90910,0x0000000084300000)
 Metaspace       used 56313K, committed 57728K, reserved 1114112K
  class space    used 6511K, committed 7168K, reserved 1048576K
}
Event: 14.316 GC heap before
{Heap before GC invocations=36 (full 2):
 PSYoungGen      total 22528K, used 22336K [0x00000000d5580000, 0x00000000d7200000, 0x0000000100000000)
  eden space 21504K, 100% used [0x00000000d5580000,0x00000000d6a80000,0x00000000d6a80000)
  from space 1024K, 81% used [0x00000000d6a80000,0x00000000d6b50000,0x00000000d6b80000)
  to   space 2560K, 0% used [0x00000000d6f80000,0x00000000d6f80000,0x00000000d7200000)
 ParOldGen       total 68608K, used 64066K [0x0000000080000000, 0x0000000084300000, 0x00000000d5580000)
  object space 68608K, 93% used [0x0000000080000000,0x0000000083e90910,0x0000000084300000)
 Metaspace       used 58274K, committed 59776K, reserved 1114112K
  class space    used 6796K, committed 7488K, reserved 1048576K
}
Event: 14.318 GC heap after
{Heap after GC invocations=36 (full 2):
 PSYoungGen      total 22528K, used 656K [0x00000000d5580000, 0x00000000d7080000, 0x0000000100000000)
  eden space 21504K, 0% used [0x00000000d5580000,0x00000000d5580000,0x00000000d6a80000)
  from space 1024K, 64% used [0x00000000d6f80000,0x00000000d7024010,0x00000000d7080000)
  to   space 1024K, 0% used [0x00000000d6a80000,0x00000000d6a80000,0x00000000d6b80000)
 ParOldGen       total 68608K, used 64698K [0x0000000080000000, 0x0000000084300000, 0x00000000d5580000)
  object space 68608K, 94% used [0x0000000080000000,0x0000000083f2e920,0x0000000084300000)
 Metaspace       used 58274K, committed 59776K, reserved 1114112K
  class space    used 6796K, committed 7488K, reserved 1048576K
}
Event: 14.321 GC heap before
{Heap before GC invocations=37 (full 2):
 PSYoungGen      total 22528K, used 1066K [0x00000000d5580000, 0x00000000d7080000, 0x0000000100000000)
  eden space 21504K, 1% used [0x00000000d5580000,0x00000000d55e6830,0x00000000d6a80000)
  from space 1024K, 64% used [0x00000000d6f80000,0x00000000d7024010,0x00000000d7080000)
  to   space 1024K, 0% used [0x00000000d6a80000,0x00000000d6a80000,0x00000000d6b80000)
 ParOldGen       total 68608K, used 64698K [0x0000000080000000, 0x0000000084300000, 0x00000000d5580000)
  object space 68608K, 94% used [0x0000000080000000,0x0000000083f2e920,0x0000000084300000)
 Metaspace       used 58279K, committed 59776K, reserved 1114112K
  class space    used 6797K, committed 7488K, reserved 1048576K
}
Event: 14.323 GC heap after
{Heap after GC invocations=37 (full 2):
 PSYoungGen      total 22528K, used 224K [0x00000000d5580000, 0x00000000d7000000, 0x0000000100000000)
  eden space 21504K, 0% used [0x00000000d5580000,0x00000000d5580000,0x00000000d6a80000)
  from space 1024K, 21% used [0x00000000d6a80000,0x00000000d6ab8000,0x00000000d6b80000)
  to   space 512K, 0% used [0x00000000d6f80000,0x00000000d6f80000,0x00000000d7000000)
 ParOldGen       total 68608K, used 65247K [0x0000000080000000, 0x0000000084300000, 0x00000000d5580000)
  object space 68608K, 95% used [0x0000000080000000,0x0000000083fb7c98,0x0000000084300000)
 Metaspace       used 58279K, committed 59776K, reserved 1114112K
  class space    used 6797K, committed 7488K, reserved 1048576K
}
Event: 14.323 GC heap before
{Heap before GC invocations=38 (full 3):
 PSYoungGen      total 22528K, used 224K [0x00000000d5580000, 0x00000000d7000000, 0x0000000100000000)
  eden space 21504K, 0% used [0x00000000d5580000,0x00000000d5580000,0x00000000d6a80000)
  from space 1024K, 21% used [0x00000000d6a80000,0x00000000d6ab8000,0x00000000d6b80000)
  to   space 512K, 0% used [0x00000000d6f80000,0x00000000d6f80000,0x00000000d7000000)
 ParOldGen       total 68608K, used 65247K [0x0000000080000000, 0x0000000084300000, 0x00000000d5580000)
  object space 68608K, 95% used [0x0000000080000000,0x0000000083fb7c98,0x0000000084300000)
 Metaspace       used 58279K, committed 59776K, reserved 1114112K
  class space    used 6797K, committed 7488K, reserved 1048576K
}
Event: 14.441 GC heap after
{Heap after GC invocations=38 (full 3):
 PSYoungGen      total 22528K, used 0K [0x00000000d5580000, 0x00000000d7000000, 0x0000000100000000)
  eden space 21504K, 0% used [0x00000000d5580000,0x00000000d5580000,0x00000000d6a80000)
  from space 1024K, 0% used [0x00000000d6a80000,0x00000000d6a80000,0x00000000d6b80000)
  to   space 512K, 0% used [0x00000000d6f80000,0x00000000d6f80000,0x00000000d7000000)
 ParOldGen       total 68608K, used 58477K [0x0000000080000000, 0x0000000084300000, 0x00000000d5580000)
  object space 68608K, 85% used [0x0000000080000000,0x000000008391b7a8,0x0000000084300000)
 Metaspace       used 58279K, committed 59776K, reserved 1114112K
  class space    used 6797K, committed 7488K, reserved 1048576K
}
Event: 14.756 GC heap before
{Heap before GC invocations=39 (full 3):
 PSYoungGen      total 22528K, used 21504K [0x00000000d5580000, 0x00000000d7000000, 0x0000000100000000)
  eden space 21504K, 100% used [0x00000000d5580000,0x00000000d6a80000,0x00000000d6a80000)
  from space 1024K, 0% used [0x00000000d6a80000,0x00000000d6a80000,0x00000000d6b80000)
  to   space 512K, 0% used [0x00000000d6f80000,0x00000000d6f80000,0x00000000d7000000)
 ParOldGen       total 68608K, used 58477K [0x0000000080000000, 0x0000000084300000, 0x00000000d5580000)
  object space 68608K, 85% used [0x0000000080000000,0x000000008391b7a8,0x0000000084300000)
 Metaspace       used 59973K, committed 61440K, reserved 1114112K
  class space    used 7068K, committed 7680K, reserved 1048576K
}
Event: 14.758 GC heap after
{Heap after GC invocations=39 (full 3):
 PSYoungGen      total 22016K, used 510K [0x00000000d5580000, 0x00000000d7080000, 0x0000000100000000)
  eden space 21504K, 0% used [0x00000000d5580000,0x00000000d5580000,0x00000000d6a80000)
  from space 512K, 99% used [0x00000000d6f80000,0x00000000d6fffb10,0x00000000d7000000)
  to   space 3072K, 0% used [0x00000000d6a80000,0x00000000d6a80000,0x00000000d6d80000)
 ParOldGen       total 68608K, used 60373K [0x0000000080000000, 0x0000000084300000, 0x00000000d5580000)
  object space 68608K, 87% used [0x0000000080000000,0x0000000083af5538,0x0000000084300000)
 Metaspace       used 59973K, committed 61440K, reserved 1114112K
  class space    used 7068K, committed 7680K, reserved 1048576K
}
Event: 15.486 GC heap before
{Heap before GC invocations=40 (full 3):
 PSYoungGen      total 22016K, used 22014K [0x00000000d5580000, 0x00000000d7080000, 0x0000000100000000)
  eden space 21504K, 100% used [0x00000000d5580000,0x00000000d6a80000,0x00000000d6a80000)
  from space 512K, 99% used [0x00000000d6f80000,0x00000000d6fffb10,0x00000000d7000000)
  to   space 3072K, 0% used [0x00000000d6a80000,0x00000000d6a80000,0x00000000d6d80000)
 ParOldGen       total 68608K, used 60373K [0x0000000080000000, 0x0000000084300000, 0x00000000d5580000)
  object space 68608K, 87% used [0x0000000080000000,0x0000000083af5538,0x0000000084300000)
 Metaspace       used 61639K, committed 63104K, reserved 1114112K
  class space    used 7255K, committed 7936K, reserved 1048576K
}
Event: 15.489 GC heap after
{Heap after GC invocations=40 (full 3):
 PSYoungGen      total 24576K, used 2648K [0x00000000d5580000, 0x00000000d7080000, 0x0000000100000000)
  eden space 21504K, 0% used [0x00000000d5580000,0x00000000d5580000,0x00000000d6a80000)
  from space 3072K, 86% used [0x00000000d6a80000,0x00000000d6d16108,0x00000000d6d80000)
  to   space 3072K, 0% used [0x00000000d6d80000,0x00000000d6d80000,0x00000000d7080000)
 ParOldGen       total 68608K, used 60923K [0x0000000080000000, 0x0000000084300000, 0x00000000d5580000)
  object space 68608K, 88% used [0x0000000080000000,0x0000000083b7eed8,0x0000000084300000)
 Metaspace       used 61639K, committed 63104K, reserved 1114112K
  class space    used 7255K, committed 7936K, reserved 1048576K
}
Event: 15.742 GC heap before
{Heap before GC invocations=41 (full 3):
 PSYoungGen      total 24576K, used 24152K [0x00000000d5580000, 0x00000000d7080000, 0x0000000100000000)
  eden space 21504K, 100% used [0x00000000d5580000,0x00000000d6a80000,0x00000000d6a80000)
  from space 3072K, 86% used [0x00000000d6a80000,0x00000000d6d16108,0x00000000d6d80000)
  to   space 3072K, 0% used [0x00000000d6d80000,0x00000000d6d80000,0x00000000d7080000)
 ParOldGen       total 68608K, used 60923K [0x0000000080000000, 0x0000000084300000, 0x00000000d5580000)
  object space 68608K, 88% used [0x0000000080000000,0x0000000083b7eed8,0x0000000084300000)
 Metaspace       used 62018K, committed 63552K, reserved 1114112K
  class space    used 7282K, committed 7936K, reserved 1048576K
}
Event: 15.745 GC heap after
{Heap after GC invocations=41 (full 3):
 PSYoungGen      total 24064K, used 2084K [0x00000000d5580000, 0x00000000d7000000, 0x0000000100000000)
  eden space 21504K, 0% used [0x00000000d5580000,0x00000000d5580000,0x00000000d6a80000)
  from space 2560K, 81% used [0x00000000d6d80000,0x00000000d6f89058,0x00000000d7000000)
  to   space 2560K, 0% used [0x00000000d6b00000,0x00000000d6b00000,0x00000000d6d80000)
 ParOldGen       total 68608K, used 63452K [0x0000000080000000, 0x0000000084300000, 0x00000000d5580000)
  object space 68608K, 92% used [0x0000000080000000,0x0000000083df7000,0x0000000084300000)
 Metaspace       used 62018K, committed 63552K, reserved 1114112K
  class space    used 7282K, committed 7936K, reserved 1048576K
}
Event: 15.838 GC heap before
{Heap before GC invocations=42 (full 3):
 PSYoungGen      total 24064K, used 23588K [0x00000000d5580000, 0x00000000d7000000, 0x0000000100000000)
  eden space 21504K, 100% used [0x00000000d5580000,0x00000000d6a80000,0x00000000d6a80000)
  from space 2560K, 81% used [0x00000000d6d80000,0x00000000d6f89058,0x00000000d7000000)
  to   space 2560K, 0% used [0x00000000d6b00000,0x00000000d6b00000,0x00000000d6d80000)
 ParOldGen       total 68608K, used 63452K [0x0000000080000000, 0x0000000084300000, 0x00000000d5580000)
  object space 68608K, 92% used [0x0000000080000000,0x0000000083df7000,0x0000000084300000)
 Metaspace       used 62250K, committed 63744K, reserved 1114112K
  class space    used 7291K, committed 7936K, reserved 1048576K
}
Event: 15.840 GC heap after
{Heap after GC invocations=42 (full 3):
 PSYoungGen      total 22016K, used 128K [0x00000000d5580000, 0x00000000d6e00000, 0x0000000100000000)
  eden space 21504K, 0% used [0x00000000d5580000,0x00000000d5580000,0x00000000d6a80000)
  from space 512K, 25% used [0x00000000d6b00000,0x00000000d6b20000,0x00000000d6b80000)
  to   space 1024K, 0% used [0x00000000d6d00000,0x00000000d6d00000,0x00000000d6e00000)
 ParOldGen       total 68608K, used 63836K [0x0000000080000000, 0x0000000084300000, 0x00000000d5580000)
  object space 68608K, 93% used [0x0000000080000000,0x0000000083e57060,0x0000000084300000)
 Metaspace       used 62250K, committed 63744K, reserved 1114112K
  class space    used 7291K, committed 7936K, reserved 1048576K
}
Event: 16.571 GC heap before
{Heap before GC invocations=43 (full 3):
 PSYoungGen      total 22016K, used 21632K [0x00000000d5580000, 0x00000000d6e00000, 0x0000000100000000)
  eden space 21504K, 100% used [0x00000000d5580000,0x00000000d6a80000,0x00000000d6a80000)
  from space 512K, 25% used [0x00000000d6b00000,0x00000000d6b20000,0x00000000d6b80000)
  to   space 1024K, 0% used [0x00000000d6d00000,0x00000000d6d00000,0x00000000d6e00000)
 ParOldGen       total 68608K, used 63836K [0x0000000080000000, 0x0000000084300000, 0x00000000d5580000)
  object space 68608K, 93% used [0x0000000080000000,0x0000000083e57060,0x0000000084300000)
 Metaspace       used 63954K, committed 65472K, reserved 1114112K
  class space    used 7462K, committed 8128K, reserved 1048576K
}
Event: 16.575 GC heap after
{Heap after GC invocations=43 (full 3):
 PSYoungGen      total 22528K, used 1002K [0x00000000d5580000, 0x00000000d6e80000, 0x0000000100000000)
  eden space 21504K, 0% used [0x00000000d5580000,0x00000000d5580000,0x00000000d6a80000)
  from space 1024K, 97% used [0x00000000d6d00000,0x00000000d6dfa930,0x00000000d6e00000)
  to   space 2048K, 0% used [0x00000000d6a80000,0x00000000d6a80000,0x00000000d6c80000)
 ParOldGen       total 68608K, used 64407K [0x0000000080000000, 0x0000000084300000, 0x00000000d5580000)
  object space 68608K, 93% used [0x0000000080000000,0x0000000083ee5f18,0x0000000084300000)
 Metaspace       used 63954K, committed 65472K, reserved 1114112K
  class space    used 7462K, committed 8128K, reserved 1048576K
}
Event: 17.411 GC heap before
{Heap before GC invocations=44 (full 3):
 PSYoungGen      total 22528K, used 22506K [0x00000000d5580000, 0x00000000d6e80000, 0x0000000100000000)
  eden space 21504K, 100% used [0x00000000d5580000,0x00000000d6a80000,0x00000000d6a80000)
  from space 1024K, 97% used [0x00000000d6d00000,0x00000000d6dfa930,0x00000000d6e00000)
  to   space 2048K, 0% used [0x00000000d6a80000,0x00000000d6a80000,0x00000000d6c80000)
 ParOldGen       total 68608K, used 64407K [0x0000000080000000, 0x0000000084300000, 0x00000000d5580000)
  object space 68608K, 93% used [0x0000000080000000,0x0000000083ee5f18,0x0000000084300000)
 Metaspace       used 65200K, committed 66752K, reserved 1114112K
  class space    used 7580K, committed 8256K, reserved 1048576K
}
Event: 17.417 GC heap after
{Heap after GC invocations=44 (full 3):
 PSYoungGen      total 23552K, used 1824K [0x00000000d5580000, 0x00000000d6e80000, 0x0000000100000000)
  eden space 21504K, 0% used [0x00000000d5580000,0x00000000d5580000,0x00000000d6a80000)
  from space 2048K, 89% used [0x00000000d6a80000,0x00000000d6c48020,0x00000000d6c80000)
  to   space 2048K, 0% used [0x00000000d6c80000,0x00000000d6c80000,0x00000000d6e80000)
 ParOldGen       total 68608K, used 65396K [0x0000000080000000, 0x0000000084300000, 0x00000000d5580000)
  object space 68608K, 95% used [0x0000000080000000,0x0000000083fdd2c8,0x0000000084300000)
 Metaspace       used 65200K, committed 66752K, reserved 1114112K
  class space    used 7580K, committed 8256K, reserved 1048576K
}

