# JRE version: OpenJDK Runtime Environment Temurin-21.0.10+7 (21.0.10+7) (build 21.0.10+7-LTS)
# Java VM: OpenJDK 64-Bit Server VM Temurin-21.0.10+7 (21.0.10+7-LTS, mixed mode, sharing, tiered, compressed oops, compressed class ptrs, parallel gc, windows-amd64)
GC Precious Log:
 CardTable entry size: 512
 CPUs: 12 total, 12 available
 Memory: 7835M
 Large Page Support: Disabled
 NUMA Support: Disabled
 Compressed Oops: Enabled (32-bit)
 Alignments: Space 512K, Generation 512K, Heap 2M
 Heap Min Capacity: 100M
 Heap Initial Capacity: 100M
 Heap Max Capacity: 2G
 Pre-touch: Disabled
 Parallel Workers: 10
Heap:
 PSYoungGen      total 5632K, used 768K [0x00000000d5580000, 0x00000000d5c80000, 0x0000000100000000)
  eden space 4096K, 0% used [0x00000000d5580000,0x00000000d5580000,0x00000000d5980000)
  from space 1536K, 50% used [0x00000000d5b00000,0x00000000d5bc0000,0x00000000d5c80000)
  to   space 1024K, 0% used [0x00000000d5980000,0x00000000d5980000,0x00000000d5a80000)
 ParOldGen       total 416256K, used 313679K [0x0000000080000000, 0x0000000099680000, 0x00000000d5580000)
  object space 416256K, 75% used [0x0000000080000000,0x0000000093253c80,0x0000000099680000)
 Metaspace       used 85990K, committed 87808K, reserved 1179648K
  class space    used 10172K, committed 11008K, reserved 1048576K
GC Heap History (20 events):
Event: 1849.013 GC heap before
{Heap before GC invocations=274 (full 4):
 PSYoungGen      total 4096K, used 4096K [0x00000000d5580000, 0x00000000d5f00000, 0x0000000100000000)
  eden space 2560K, 100% used [0x00000000d5580000,0x00000000d5800000,0x00000000d5800000)
  from space 1536K, 100% used [0x00000000d5800000,0x00000000d5980000,0x00000000d5980000)
  to   space 3584K, 0% used [0x00000000d5b80000,0x00000000d5b80000,0x00000000d5f00000)
 ParOldGen       total 416256K, used 256495K [0x0000000080000000, 0x0000000099680000, 0x00000000d5580000)
  object space 416256K, 61% used [0x0000000080000000,0x000000008fa7bf38,0x0000000099680000)
 Metaspace       used 85912K, committed 87744K, reserved 1179648K
  class space    used 10169K, committed 11008K, reserved 1048576K
}
Event: 1849.015 GC heap after
{Heap after GC invocations=274 (full 4):
 PSYoungGen      total 6144K, used 2368K [0x00000000d5580000, 0x00000000d5e80000, 0x0000000100000000)
  eden space 3072K, 0% used [0x00000000d5580000,0x00000000d5580000,0x00000000d5880000)
  from space 3072K, 77% used [0x00000000d5b80000,0x00000000d5dd0208,0x00000000d5e80000)
  to   space 3072K, 0% used [0x00000000d5880000,0x00000000d5880000,0x00000000d5b80000)
 ParOldGen       total 416256K, used 258075K [0x0000000080000000, 0x0000000099680000, 0x00000000d5580000)
  object space 416256K, 61% used [0x0000000080000000,0x000000008fc06f48,0x0000000099680000)
 Metaspace       used 85912K, committed 87744K, reserved 1179648K
  class space    used 10169K, committed 11008K, reserved 1048576K
}
Event: 1849.019 GC heap before
{Heap before GC invocations=275 (full 4):
 PSYoungGen      total 6144K, used 5440K [0x00000000d5580000, 0x00000000d5e80000, 0x0000000100000000)
  eden space 3072K, 100% used [0x00000000d5580000,0x00000000d5880000,0x00000000d5880000)
  from space 3072K, 77% used [0x00000000d5b80000,0x00000000d5dd0208,0x00000000d5e80000)
  to   space 3072K, 0% used [0x00000000d5880000,0x00000000d5880000,0x00000000d5b80000)
 ParOldGen       total 416256K, used 258075K [0x0000000080000000, 0x0000000099680000, 0x00000000d5580000)
  object space 416256K, 61% used [0x0000000080000000,0x000000008fc06f48,0x0000000099680000)
 Metaspace       used 85914K, committed 87744K, reserved 1179648K
  class space    used 10169K, committed 11008K, reserved 1048576K
}
Event: 1849.021 GC heap after
{Heap after GC invocations=275 (full 4):
 PSYoungGen      total 6144K, used 1846K [0x00000000d5580000, 0x00000000d5e80000, 0x0000000100000000)
  eden space 3072K, 0% used [0x00000000d5580000,0x00000000d5580000,0x00000000d5880000)
  from space 3072K, 60% used [0x00000000d5880000,0x00000000d5a4d860,0x00000000d5b80000)
  to   space 2560K, 0% used [0x00000000d5c00000,0x00000000d5c00000,0x00000000d5e80000)
 ParOldGen       total 416256K, used 260348K [0x0000000080000000, 0x0000000099680000, 0x00000000d5580000)
  object space 416256K, 62% used [0x0000000080000000,0x000000008fe3f3b8,0x0000000099680000)
 Metaspace       used 85914K, committed 87744K, reserved 1179648K
  class space    used 10169K, committed 11008K, reserved 1048576K
}
Event: 1849.033 GC heap before
{Heap before GC invocations=276 (full 4):
 PSYoungGen      total 6144K, used 4918K [0x00000000d5580000, 0x00000000d5e80000, 0x0000000100000000)
  eden space 3072K, 100% used [0x00000000d5580000,0x00000000d5880000,0x00000000d5880000)
  from space 3072K, 60% used [0x00000000d5880000,0x00000000d5a4d860,0x00000000d5b80000)
  to   space 2560K, 0% used [0x00000000d5c00000,0x00000000d5c00000,0x00000000d5e80000)
 ParOldGen       total 416256K, used 260348K [0x0000000080000000, 0x0000000099680000, 0x00000000d5580000)
  object space 416256K, 62% used [0x0000000080000000,0x000000008fe3f3b8,0x0000000099680000)
 Metaspace       used 85941K, committed 87744K, reserved 1179648K
  class space    used 10171K, committed 11008K, reserved 1048576K
}
Event: 1849.035 GC heap after
{Heap after GC invocations=276 (full 4):
 PSYoungGen      total 6656K, used 2357K [0x00000000d5580000, 0x00000000d5e80000, 0x0000000100000000)
  eden space 4096K, 0% used [0x00000000d5580000,0x00000000d5580000,0x00000000d5980000)
  from space 2560K, 92% used [0x00000000d5c00000,0x00000000d5e4d468,0x00000000d5e80000)
  to   space 2560K, 0% used [0x00000000d5980000,0x00000000d5980000,0x00000000d5c00000)
 ParOldGen       total 416256K, used 262117K [0x0000000080000000, 0x0000000099680000, 0x00000000d5580000)
  object space 416256K, 62% used [0x0000000080000000,0x000000008fff95a0,0x0000000099680000)
 Metaspace       used 85941K, committed 87744K, reserved 1179648K
  class space    used 10171K, committed 11008K, reserved 1048576K
}
Event: 1849.045 GC heap before
{Heap before GC invocations=277 (full 4):
 PSYoungGen      total 6656K, used 6453K [0x00000000d5580000, 0x00000000d5e80000, 0x0000000100000000)
  eden space 4096K, 100% used [0x00000000d5580000,0x00000000d5980000,0x00000000d5980000)
  from space 2560K, 92% used [0x00000000d5c00000,0x00000000d5e4d468,0x00000000d5e80000)
  to   space 2560K, 0% used [0x00000000d5980000,0x00000000d5980000,0x00000000d5c00000)
 ParOldGen       total 416256K, used 262117K [0x0000000080000000, 0x0000000099680000, 0x00000000d5580000)
  object space 416256K, 62% used [0x0000000080000000,0x000000008fff95a0,0x0000000099680000)
 Metaspace       used 85950K, committed 87744K, reserved 1179648K
  class space    used 10172K, committed 11008K, reserved 1048576K
}
Event: 1851.057 GC heap after
{Heap after GC invocations=277 (full 4):
 PSYoungGen      total 6656K, used 2535K [0x00000000d5580000, 0x00000000d5e80000, 0x0000000100000000)
  eden space 4096K, 0% used [0x00000000d5580000,0x00000000d5580000,0x00000000d5980000)
  from space 2560K, 99% used [0x00000000d5980000,0x00000000d5bf9f48,0x00000000d5c00000)
  to   space 2560K, 0% used [0x00000000d5c00000,0x00000000d5c00000,0x00000000d5e80000)
 ParOldGen       total 416256K, used 264425K [0x0000000080000000, 0x0000000099680000, 0x00000000d5580000)
  object space 416256K, 63% used [0x0000000080000000,0x000000009023a6a8,0x0000000099680000)
 Metaspace       used 85950K, committed 87744K, reserved 1179648K
  class space    used 10172K, committed 11008K, reserved 1048576K
}
Event: 1851.064 GC heap before
{Heap before GC invocations=278 (full 4):
 PSYoungGen      total 6656K, used 6631K [0x00000000d5580000, 0x00000000d5e80000, 0x0000000100000000)
  eden space 4096K, 100% used [0x00000000d5580000,0x00000000d5980000,0x00000000d5980000)
  from space 2560K, 99% used [0x00000000d5980000,0x00000000d5bf9f48,0x00000000d5c00000)
  to   space 2560K, 0% used [0x00000000d5c00000,0x00000000d5c00000,0x00000000d5e80000)
 ParOldGen       total 416256K, used 264425K [0x0000000080000000, 0x0000000099680000, 0x00000000d5580000)
  object space 416256K, 63% used [0x0000000080000000,0x000000009023a6a8,0x0000000099680000)
 Metaspace       used 85963K, committed 87808K, reserved 1179648K
  class space    used 10172K, committed 11008K, reserved 1048576K
}
Event: 1851.067 GC heap after
{Heap after GC invocations=278 (full 4):
 PSYoungGen      total 6656K, used 1155K [0x00000000d5580000, 0x00000000d5e80000, 0x0000000100000000)
  eden space 4096K, 0% used [0x00000000d5580000,0x00000000d5580000,0x00000000d5980000)
  from space 2560K, 45% used [0x00000000d5c00000,0x00000000d5d20ef8,0x00000000d5e80000)
  to   space 2560K, 0% used [0x00000000d5980000,0x00000000d5980000,0x00000000d5c00000)
 ParOldGen       total 416256K, used 268178K [0x0000000080000000, 0x0000000099680000, 0x00000000d5580000)
  object space 416256K, 64% used [0x0000000080000000,0x00000000905e4b40,0x0000000099680000)
 Metaspace       used 85963K, committed 87808K, reserved 1179648K
  class space    used 10172K, committed 11008K, reserved 1048576K
}
Event: 1851.077 GC heap before
{Heap before GC invocations=279 (full 4):
 PSYoungGen      total 6656K, used 5251K [0x00000000d5580000, 0x00000000d5e80000, 0x0000000100000000)
  eden space 4096K, 100% used [0x00000000d5580000,0x00000000d5980000,0x00000000d5980000)
  from space 2560K, 45% used [0x00000000d5c00000,0x00000000d5d20ef8,0x00000000d5e80000)
  to   space 2560K, 0% used [0x00000000d5980000,0x00000000d5980000,0x00000000d5c00000)
 ParOldGen       total 416256K, used 268178K [0x0000000080000000, 0x0000000099680000, 0x00000000d5580000)
  object space 416256K, 64% used [0x0000000080000000,0x00000000905e4b40,0x0000000099680000)
 Metaspace       used 85963K, committed 87808K, reserved 1179648K
  class space    used 10172K, committed 11008K, reserved 1048576K
}
Event: 1851.079 GC heap after
{Heap after GC invocations=279 (full 4):
 PSYoungGen      total 5120K, used 966K [0x00000000d5580000, 0x00000000d5c80000, 0x0000000100000000)
  eden space 4096K, 0% used [0x00000000d5580000,0x00000000d5580000,0x00000000d5980000)
  from space 1024K, 94% used [0x00000000d5980000,0x00000000d5a71b58,0x00000000d5a80000)
  to   space 1536K, 0% used [0x00000000d5b00000,0x00000000d5b00000,0x00000000d5c80000)
 ParOldGen       total 416256K, used 269225K [0x0000000080000000, 0x0000000099680000, 0x00000000d5580000)
  object space 416256K, 64% used [0x0000000080000000,0x00000000906ea680,0x0000000099680000)
 Metaspace       used 85963K, committed 87808K, reserved 1179648K
  class space    used 10172K, committed 11008K, reserved 1048576K
}
Event: 1851.094 GC heap before
{Heap before GC invocations=280 (full 4):
 PSYoungGen      total 5120K, used 5062K [0x00000000d5580000, 0x00000000d5c80000, 0x0000000100000000)
  eden space 4096K, 100% used [0x00000000d5580000,0x00000000d5980000,0x00000000d5980000)
  from space 1024K, 94% used [0x00000000d5980000,0x00000000d5a71b58,0x00000000d5a80000)
  to   space 1536K, 0% used [0x00000000d5b00000,0x00000000d5b00000,0x00000000d5c80000)
 ParOldGen       total 416256K, used 269225K [0x0000000080000000, 0x0000000099680000, 0x00000000d5580000)
  object space 416256K, 64% used [0x0000000080000000,0x00000000906ea680,0x0000000099680000)
 Metaspace       used 85970K, committed 87808K, reserved 1179648K
  class space    used 10172K, committed 11008K, reserved 1048576K
}
Event: 1853.104 GC heap after
{Heap after GC invocations=280 (full 4):
 PSYoungGen      total 5632K, used 1535K [0x00000000d5580000, 0x00000000d5c80000, 0x0000000100000000)
  eden space 4096K, 0% used [0x00000000d5580000,0x00000000d5580000,0x00000000d5980000)
  from space 1536K, 99% used [0x00000000d5b00000,0x00000000d5c7fc78,0x00000000d5c80000)
  to   space 1024K, 0% used [0x00000000d5980000,0x00000000d5980000,0x00000000d5a80000)
 ParOldGen       total 416256K, used 271370K [0x0000000080000000, 0x0000000099680000, 0x00000000d5580000)
  object space 416256K, 65% used [0x0000000080000000,0x00000000909028c0,0x0000000099680000)
 Metaspace       used 85970K, committed 87808K, reserved 1179648K
  class space    used 10172K, committed 11008K, reserved 1048576K
}
Event: 1853.111 GC heap before
{Heap before GC invocations=281 (full 4):
 PSYoungGen      total 5632K, used 5631K [0x00000000d5580000, 0x00000000d5c80000, 0x0000000100000000)
  eden space 4096K, 99% used [0x00000000d5580000,0x00000000d597ffa0,0x00000000d5980000)
  from space 1536K, 99% used [0x00000000d5b00000,0x00000000d5c7fc78,0x00000000d5c80000)
  to   space 1024K, 0% used [0x00000000d5980000,0x00000000d5980000,0x00000000d5a80000)
 ParOldGen       total 416256K, used 271370K [0x0000000080000000, 0x0000000099680000, 0x00000000d5580000)
  object space 416256K, 65% used [0x0000000080000000,0x00000000909028c0,0x0000000099680000)
 Metaspace       used 85972K, committed 87808K, reserved 1179648K
  class space    used 10172K, committed 11008K, reserved 1048576K
}
Event: 1855.117 GC heap after
{Heap after GC invocations=281 (full 4):
 PSYoungGen      total 5120K, used 1024K [0x00000000d5580000, 0x00000000d5c80000, 0x0000000100000000)
  eden space 4096K, 0% used [0x00000000d5580000,0x00000000d5580000,0x00000000d5980000)
  from space 1024K, 100% used [0x00000000d5980000,0x00000000d5a80000,0x00000000d5a80000)
  to   space 1536K, 0% used [0x00000000d5b00000,0x00000000d5b00000,0x00000000d5c80000)
 ParOldGen       total 416256K, used 275249K [0x0000000080000000, 0x0000000099680000, 0x00000000d5580000)
  object space 416256K, 66% used [0x0000000080000000,0x0000000090ccc450,0x0000000099680000)
 Metaspace       used 85972K, committed 87808K, reserved 1179648K
  class space    used 10172K, committed 11008K, reserved 1048576K
}
Event: 1855.126 GC heap before
{Heap before GC invocations=282 (full 4):
 PSYoungGen      total 5120K, used 5057K [0x00000000d5580000, 0x00000000d5c80000, 0x0000000100000000)
  eden space 4096K, 98% used [0x00000000d5580000,0x00000000d5970540,0x00000000d5980000)
  from space 1024K, 100% used [0x00000000d5980000,0x00000000d5a80000,0x00000000d5a80000)
  to   space 1536K, 0% used [0x00000000d5b00000,0x00000000d5b00000,0x00000000d5c80000)
 ParOldGen       total 416256K, used 275249K [0x0000000080000000, 0x0000000099680000, 0x00000000d5580000)
  object space 416256K, 66% used [0x0000000080000000,0x0000000090ccc450,0x0000000099680000)
 Metaspace       used 85972K, committed 87808K, reserved 1179648K
  class space    used 10172K, committed 11008K, reserved 1048576K
}
Event: 1857.130 GC heap after
{Heap after GC invocations=282 (full 4):
 PSYoungGen      total 5632K, used 1536K [0x00000000d5580000, 0x00000000d5c80000, 0x0000000100000000)
  eden space 4096K, 0% used [0x00000000d5580000,0x00000000d5580000,0x00000000d5980000)
  from space 1536K, 100% used [0x00000000d5b00000,0x00000000d5c80000,0x00000000d5c80000)
  to   space 1024K, 0% used [0x00000000d5980000,0x00000000d5980000,0x00000000d5a80000)
 ParOldGen       total 416256K, used 277983K [0x0000000080000000, 0x0000000099680000, 0x00000000d5580000)
  object space 416256K, 66% used [0x0000000080000000,0x0000000090f77c50,0x0000000099680000)
 Metaspace       used 85972K, committed 87808K, reserved 1179648K
  class space    used 10172K, committed 11008K, reserved 1048576K
}
Event: 1857.138 GC heap before
{Heap before GC invocations=283 (full 4):
 PSYoungGen      total 5632K, used 5632K [0x00000000d5580000, 0x00000000d5c80000, 0x0000000100000000)
  eden space 4096K, 100% used [0x00000000d5580000,0x00000000d5980000,0x00000000d5980000)
  from space 1536K, 100% used [0x00000000d5b00000,0x00000000d5c80000,0x00000000d5c80000)
  to   space 1024K, 0% used [0x00000000d5980000,0x00000000d5980000,0x00000000d5a80000)
 ParOldGen       total 416256K, used 277983K [0x0000000080000000, 0x0000000099680000, 0x00000000d5580000)
  object space 416256K, 66% used [0x0000000080000000,0x0000000090f77c50,0x0000000099680000)
 Metaspace       used 85973K, committed 87808K, reserved 1179648K
  class space    used 10172K, committed 11008K, reserved 1048576K
}
Event: 1859.151 GC heap after
{Heap after GC invocations=283 (full 4):
 PSYoungGen      total 5120K, used 1008K [0x00000000d5580000, 0x00000000d5c80000, 0x0000000100000000)
  eden space 4096K, 0% used [0x00000000d5580000,0x00000000d5580000,0x00000000d5980000)
  from space 1024K, 98% used [0x00000000d5980000,0x00000000d5a7c000,0x00000000d5a80000)
  to   space 1536K, 0% used [0x00000000d5b00000,0x00000000d5b00000,0x00000000d5c80000)
 ParOldGen       total 416256K, used 281935K [0x0000000080000000, 0x0000000099680000, 0x00000000d5580000)
  object space 416256K, 67% used [0x0000000080000000,0x0000000091353c50,0x0000000099680000)
 Metaspace       used 85973K, committed 87808K, reserved 1179648K
  class space    used 10172K, committed 11008K, reserved 1048576K
}

