# JRE version: OpenJDK Runtime Environment Temurin-21.0.10+7 (21.0.10+7) (build 21.0.10+7-LTS)
# Java VM: OpenJDK 64-Bit Server VM Temurin-21.0.10+7 (21.0.10+7-LTS, mixed mode, sharing, tiered, compressed oops, compressed class ptrs, parallel gc, windows-amd64)
GC Precious Log:
 CardTable entry size: 512
 CPUs: 12 total, 12 available
 Memory: 7835M
 Large Page Support: Disabled
 NUMA Support: Disabled
 Compressed Oops: Enabled (32-bit)
 Alignments: Space 512K, Generation 512K, Heap 2M
 Heap Min Capacity: 100M
 Heap Initial Capacity: 100M
 Heap Max Capacity: 2G
 Pre-touch: Disabled
 Parallel Workers: 10
Heap:
 PSYoungGen      total 3072K, used 1728K [0x00000000d5580000, 0x00000000d5a80000, 0x0000000100000000)
  eden space 2560K, 49% used [0x00000000d5580000,0x00000000d56bc148,0x00000000d5800000)
  from space 512K, 90% used [0x00000000d5a00000,0x00000000d5a74010,0x00000000d5a80000)
  to   space 1024K, 0% used [0x00000000d5880000,0x00000000d5880000,0x00000000d5980000)
 ParOldGen       total 269824K, used 269376K [0x0000000080000000, 0x0000000090780000, 0x00000000d5580000)
  object space 269824K, 99% used [0x0000000080000000,0x00000000907103e8,0x0000000090780000)
 Metaspace       used 84149K, committed 85952K, reserved 1179648K
  class space    used 10197K, committed 11072K, reserved 1048576K
GC Heap History (20 events):
Event: 177.980 GC heap before
{Heap before GC invocations=201 (full 3):
 PSYoungGen      total 5120K, used 4800K [0x00000000d5580000, 0x00000000d5c00000, 0x0000000100000000)
  eden space 4096K, 100% used [0x00000000d5580000,0x00000000d5980000,0x00000000d5980000)
  from space 1024K, 68% used [0x00000000d5980000,0x00000000d5a30000,0x00000000d5a80000)
  to   space 1024K, 0% used [0x00000000d5b00000,0x00000000d5b00000,0x00000000d5c00000)
 ParOldGen       total 228864K, used 228850K [0x0000000080000000, 0x000000008df80000, 0x00000000d5580000)
  object space 228864K, 99% used [0x0000000080000000,0x000000008df7c958,0x000000008df80000)
 Metaspace       used 83965K, committed 85760K, reserved 1179648K
  class space    used 10194K, committed 11008K, reserved 1048576K
}
Event: 177.981 GC heap after
{Heap after GC invocations=201 (full 3):
 PSYoungGen      total 5120K, used 930K [0x00000000d5580000, 0x00000000d5c00000, 0x0000000100000000)
  eden space 4096K, 0% used [0x00000000d5580000,0x00000000d5580000,0x00000000d5980000)
  from space 1024K, 90% used [0x00000000d5b00000,0x00000000d5be8828,0x00000000d5c00000)
  to   space 1024K, 0% used [0x00000000d5980000,0x00000000d5980000,0x00000000d5a80000)
 ParOldGen       total 229888K, used 229390K [0x0000000080000000, 0x000000008e080000, 0x00000000d5580000)
  object space 229888K, 99% used [0x0000000080000000,0x000000008e003968,0x000000008e080000)
 Metaspace       used 83965K, committed 85760K, reserved 1179648K
  class space    used 10194K, committed 11008K, reserved 1048576K
}
Event: 177.995 GC heap before
{Heap before GC invocations=202 (full 3):
 PSYoungGen      total 5120K, used 5026K [0x00000000d5580000, 0x00000000d5c00000, 0x0000000100000000)
  eden space 4096K, 100% used [0x00000000d5580000,0x00000000d5980000,0x00000000d5980000)
  from space 1024K, 90% used [0x00000000d5b00000,0x00000000d5be8828,0x00000000d5c00000)
  to   space 1024K, 0% used [0x00000000d5980000,0x00000000d5980000,0x00000000d5a80000)
 ParOldGen       total 229888K, used 229390K [0x0000000080000000, 0x000000008e080000, 0x00000000d5580000)
  object space 229888K, 99% used [0x0000000080000000,0x000000008e003968,0x000000008e080000)
 Metaspace       used 83980K, committed 85760K, reserved 1179648K
  class space    used 10194K, committed 11008K, reserved 1048576K
}
Event: 177.996 GC heap after
{Heap after GC invocations=202 (full 3):
 PSYoungGen      total 5120K, used 1009K [0x00000000d5580000, 0x00000000d5c80000, 0x0000000100000000)
  eden space 4096K, 0% used [0x00000000d5580000,0x00000000d5580000,0x00000000d5980000)
  from space 1024K, 98% used [0x00000000d5980000,0x00000000d5a7c560,0x00000000d5a80000)
  to   space 1536K, 0% used [0x00000000d5b00000,0x00000000d5b00000,0x00000000d5c80000)
 ParOldGen       total 231424K, used 230938K [0x0000000080000000, 0x000000008e200000, 0x00000000d5580000)
  object space 231424K, 99% used [0x0000000080000000,0x000000008e186a88,0x000000008e200000)
 Metaspace       used 83980K, committed 85760K, reserved 1179648K
  class space    used 10194K, committed 11008K, reserved 1048576K
}
Event: 178.015 GC heap before
{Heap before GC invocations=203 (full 3):
 PSYoungGen      total 5120K, used 5105K [0x00000000d5580000, 0x00000000d5c80000, 0x0000000100000000)
  eden space 4096K, 100% used [0x00000000d5580000,0x00000000d5980000,0x00000000d5980000)
  from space 1024K, 98% used [0x00000000d5980000,0x00000000d5a7c560,0x00000000d5a80000)
  to   space 1536K, 0% used [0x00000000d5b00000,0x00000000d5b00000,0x00000000d5c80000)
 ParOldGen       total 263168K, used 261658K [0x0000000080000000, 0x0000000090100000, 0x00000000d5580000)
  object space 263168K, 99% used [0x0000000080000000,0x000000008ff86ab8,0x0000000090100000)
 Metaspace       used 84008K, committed 85824K, reserved 1179648K
  class space    used 10194K, committed 11008K, reserved 1048576K
}
Event: 179.016 GC heap after
{Heap after GC invocations=203 (full 3):
 PSYoungGen      total 4096K, used 1535K [0x00000000d5580000, 0x00000000d5f80000, 0x0000000100000000)
  eden space 2560K, 0% used [0x00000000d5580000,0x00000000d5580000,0x00000000d5800000)
  from space 1536K, 99% used [0x00000000d5b00000,0x00000000d5c7ff68,0x00000000d5c80000)
  to   space 3072K, 0% used [0x00000000d5800000,0x00000000d5800000,0x00000000d5b00000)
 ParOldGen       total 263168K, used 262745K [0x0000000080000000, 0x0000000090100000, 0x00000000d5580000)
  object space 263168K, 99% used [0x0000000080000000,0x0000000090096748,0x0000000090100000)
 Metaspace       used 84008K, committed 85824K, reserved 1179648K
  class space    used 10194K, committed 11008K, reserved 1048576K
}
Event: 179.067 GC heap before
{Heap before GC invocations=204 (full 3):
 PSYoungGen      total 4096K, used 4063K [0x00000000d5580000, 0x00000000d5f80000, 0x0000000100000000)
  eden space 2560K, 98% used [0x00000000d5580000,0x00000000d57f7d40,0x00000000d5800000)
  from space 1536K, 99% used [0x00000000d5b00000,0x00000000d5c7ff68,0x00000000d5c80000)
  to   space 3072K, 0% used [0x00000000d5800000,0x00000000d5800000,0x00000000d5b00000)
 ParOldGen       total 263168K, used 262745K [0x0000000080000000, 0x0000000090100000, 0x00000000d5580000)
  object space 263168K, 99% used [0x0000000080000000,0x0000000090096748,0x0000000090100000)
 Metaspace       used 84023K, committed 85824K, reserved 1179648K
  class space    used 10194K, committed 11008K, reserved 1048576K
}
Event: 179.069 GC heap after
{Heap after GC invocations=204 (full 3):
 PSYoungGen      total 4096K, used 1110K [0x00000000d5580000, 0x00000000d5c00000, 0x0000000100000000)
  eden space 2560K, 0% used [0x00000000d5580000,0x00000000d5580000,0x00000000d5800000)
  from space 1536K, 72% used [0x00000000d5800000,0x00000000d5915b50,0x00000000d5980000)
  to   space 2048K, 0% used [0x00000000d5a00000,0x00000000d5a00000,0x00000000d5c00000)
 ParOldGen       total 264704K, used 264281K [0x0000000080000000, 0x0000000090280000, 0x00000000d5580000)
  object space 264704K, 99% used [0x0000000080000000,0x00000000902164d8,0x0000000090280000)
 Metaspace       used 84023K, committed 85824K, reserved 1179648K
  class space    used 10194K, committed 11008K, reserved 1048576K
}
Event: 179.098 GC heap before
{Heap before GC invocations=205 (full 3):
 PSYoungGen      total 4096K, used 3670K [0x00000000d5580000, 0x00000000d5c00000, 0x0000000100000000)
  eden space 2560K, 100% used [0x00000000d5580000,0x00000000d5800000,0x00000000d5800000)
  from space 1536K, 72% used [0x00000000d5800000,0x00000000d5915b50,0x00000000d5980000)
  to   space 2048K, 0% used [0x00000000d5a00000,0x00000000d5a00000,0x00000000d5c00000)
 ParOldGen       total 264704K, used 264281K [0x0000000080000000, 0x0000000090280000, 0x00000000d5580000)
  object space 264704K, 99% used [0x0000000080000000,0x00000000902164d8,0x0000000090280000)
 Metaspace       used 84052K, committed 85824K, reserved 1179648K
  class space    used 10195K, committed 11008K, reserved 1048576K
}
Event: 179.100 GC heap after
{Heap after GC invocations=205 (full 3):
 PSYoungGen      total 4096K, used 1435K [0x00000000d5580000, 0x00000000d5b80000, 0x0000000100000000)
  eden space 2560K, 0% used [0x00000000d5580000,0x00000000d5580000,0x00000000d5800000)
  from space 1536K, 93% used [0x00000000d5a00000,0x00000000d5b66fa8,0x00000000d5b80000)
  to   space 1536K, 0% used [0x00000000d5800000,0x00000000d5800000,0x00000000d5980000)
 ParOldGen       total 265728K, used 265255K [0x0000000080000000, 0x0000000090380000, 0x00000000d5580000)
  object space 265728K, 99% used [0x0000000080000000,0x0000000090309c48,0x0000000090380000)
 Metaspace       used 84052K, committed 85824K, reserved 1179648K
  class space    used 10195K, committed 11008K, reserved 1048576K
}
Event: 179.112 GC heap before
{Heap before GC invocations=206 (full 3):
 PSYoungGen      total 4096K, used 3995K [0x00000000d5580000, 0x00000000d5b80000, 0x0000000100000000)
  eden space 2560K, 100% used [0x00000000d5580000,0x00000000d5800000,0x00000000d5800000)
  from space 1536K, 93% used [0x00000000d5a00000,0x00000000d5b66fa8,0x00000000d5b80000)
  to   space 1536K, 0% used [0x00000000d5800000,0x00000000d5800000,0x00000000d5980000)
 ParOldGen       total 265728K, used 265255K [0x0000000080000000, 0x0000000090380000, 0x00000000d5580000)
  object space 265728K, 99% used [0x0000000080000000,0x0000000090309c48,0x0000000090380000)
 Metaspace       used 84060K, committed 85824K, reserved 1179648K
  class space    used 10196K, committed 11008K, reserved 1048576K
}
Event: 179.113 GC heap after
{Heap after GC invocations=206 (full 3):
 PSYoungGen      total 4096K, used 480K [0x00000000d5580000, 0x00000000d5a80000, 0x0000000100000000)
  eden space 2560K, 0% used [0x00000000d5580000,0x00000000d5580000,0x00000000d5800000)
  from space 1536K, 31% used [0x00000000d5800000,0x00000000d5878020,0x00000000d5980000)
  to   space 1024K, 0% used [0x00000000d5980000,0x00000000d5980000,0x00000000d5a80000)
 ParOldGen       total 266752K, used 266524K [0x0000000080000000, 0x0000000090480000, 0x00000000d5580000)
  object space 266752K, 99% used [0x0000000080000000,0x0000000090447378,0x0000000090480000)
 Metaspace       used 84060K, committed 85824K, reserved 1179648K
  class space    used 10196K, committed 11008K, reserved 1048576K
}
Event: 179.134 GC heap before
{Heap before GC invocations=207 (full 3):
 PSYoungGen      total 4096K, used 3040K [0x00000000d5580000, 0x00000000d5a80000, 0x0000000100000000)
  eden space 2560K, 100% used [0x00000000d5580000,0x00000000d5800000,0x00000000d5800000)
  from space 1536K, 31% used [0x00000000d5800000,0x00000000d5878020,0x00000000d5980000)
  to   space 1024K, 0% used [0x00000000d5980000,0x00000000d5980000,0x00000000d5a80000)
 ParOldGen       total 266752K, used 266524K [0x0000000080000000, 0x0000000090480000, 0x00000000d5580000)
  object space 266752K, 99% used [0x0000000080000000,0x0000000090447378,0x0000000090480000)
 Metaspace       used 84071K, committed 85888K, reserved 1179648K
  class space    used 10197K, committed 11072K, reserved 1048576K
}
Event: 179.135 GC heap after
{Heap after GC invocations=207 (full 3):
 PSYoungGen      total 3072K, used 448K [0x00000000d5580000, 0x00000000d5a00000, 0x0000000100000000)
  eden space 2560K, 0% used [0x00000000d5580000,0x00000000d5580000,0x00000000d5800000)
  from space 512K, 87% used [0x00000000d5980000,0x00000000d59f0000,0x00000000d5a00000)
  to   space 1024K, 0% used [0x00000000d5800000,0x00000000d5800000,0x00000000d5900000)
 ParOldGen       total 267264K, used 266780K [0x0000000080000000, 0x0000000090500000, 0x00000000d5580000)
  object space 267264K, 99% used [0x0000000080000000,0x0000000090487398,0x0000000090500000)
 Metaspace       used 84071K, committed 85888K, reserved 1179648K
  class space    used 10197K, committed 11072K, reserved 1048576K
}
Event: 179.161 GC heap before
{Heap before GC invocations=208 (full 3):
 PSYoungGen      total 3072K, used 3008K [0x00000000d5580000, 0x00000000d5a00000, 0x0000000100000000)
  eden space 2560K, 100% used [0x00000000d5580000,0x00000000d5800000,0x00000000d5800000)
  from space 512K, 87% used [0x00000000d5980000,0x00000000d59f0000,0x00000000d5a00000)
  to   space 1024K, 0% used [0x00000000d5800000,0x00000000d5800000,0x00000000d5900000)
 ParOldGen       total 267264K, used 266780K [0x0000000080000000, 0x0000000090500000, 0x00000000d5580000)
  object space 267264K, 99% used [0x0000000080000000,0x0000000090487398,0x0000000090500000)
 Metaspace       used 84090K, committed 85888K, reserved 1179648K
  class space    used 10197K, committed 11072K, reserved 1048576K
}
Event: 179.163 GC heap after
{Heap after GC invocations=208 (full 3):
 PSYoungGen      total 3584K, used 640K [0x00000000d5580000, 0x00000000d5a00000, 0x0000000100000000)
  eden space 2560K, 0% used [0x00000000d5580000,0x00000000d5580000,0x00000000d5800000)
  from space 1024K, 62% used [0x00000000d5800000,0x00000000d58a0000,0x00000000d5900000)
  to   space 1024K, 0% used [0x00000000d5900000,0x00000000d5900000,0x00000000d5a00000)
 ParOldGen       total 267264K, used 267044K [0x0000000080000000, 0x0000000090500000, 0x00000000d5580000)
  object space 267264K, 99% used [0x0000000080000000,0x00000000904c93b8,0x0000000090500000)
 Metaspace       used 84090K, committed 85888K, reserved 1179648K
  class space    used 10197K, committed 11072K, reserved 1048576K
}
Event: 179.175 GC heap before
{Heap before GC invocations=209 (full 3):
 PSYoungGen      total 3584K, used 3200K [0x00000000d5580000, 0x00000000d5a00000, 0x0000000100000000)
  eden space 2560K, 100% used [0x00000000d5580000,0x00000000d5800000,0x00000000d5800000)
  from space 1024K, 62% used [0x00000000d5800000,0x00000000d58a0000,0x00000000d5900000)
  to   space 1024K, 0% used [0x00000000d5900000,0x00000000d5900000,0x00000000d5a00000)
 ParOldGen       total 267264K, used 267044K [0x0000000080000000, 0x0000000090500000, 0x00000000d5580000)
  object space 267264K, 99% used [0x0000000080000000,0x00000000904c93b8,0x0000000090500000)
 Metaspace       used 84114K, committed 85952K, reserved 1179648K
  class space    used 10197K, committed 11072K, reserved 1048576K
}
Event: 179.176 GC heap after
{Heap after GC invocations=209 (full 3):
 PSYoungGen      total 3584K, used 864K [0x00000000d5580000, 0x00000000d5a00000, 0x0000000100000000)
  eden space 2560K, 0% used [0x00000000d5580000,0x00000000d5580000,0x00000000d5800000)
  from space 1024K, 84% used [0x00000000d5900000,0x00000000d59d8000,0x00000000d5a00000)
  to   space 1024K, 0% used [0x00000000d5800000,0x00000000d5800000,0x00000000d5900000)
 ParOldGen       total 267776K, used 267544K [0x0000000080000000, 0x0000000090580000, 0x00000000d5580000)
  object space 267776K, 99% used [0x0000000080000000,0x00000000905463d8,0x0000000090580000)
 Metaspace       used 84114K, committed 85952K, reserved 1179648K
  class space    used 10197K, committed 11072K, reserved 1048576K
}
Event: 179.185 GC heap before
{Heap before GC invocations=210 (full 3):
 PSYoungGen      total 3584K, used 3424K [0x00000000d5580000, 0x00000000d5a00000, 0x0000000100000000)
  eden space 2560K, 100% used [0x00000000d5580000,0x00000000d5800000,0x00000000d5800000)
  from space 1024K, 84% used [0x00000000d5900000,0x00000000d59d8000,0x00000000d5a00000)
  to   space 1024K, 0% used [0x00000000d5800000,0x00000000d5800000,0x00000000d5900000)
 ParOldGen       total 267776K, used 267544K [0x0000000080000000, 0x0000000090580000, 0x00000000d5580000)
  object space 267776K, 99% used [0x0000000080000000,0x00000000905463d8,0x0000000090580000)
 Metaspace       used 84120K, committed 85952K, reserved 1179648K
  class space    used 10197K, committed 11072K, reserved 1048576K
}
Event: 179.187 GC heap after
{Heap after GC invocations=210 (full 3):
 PSYoungGen      total 3584K, used 1024K [0x00000000d5580000, 0x00000000d5c00000, 0x0000000100000000)
  eden space 2560K, 0% used [0x00000000d5580000,0x00000000d5580000,0x00000000d5800000)
  from space 1024K, 100% used [0x00000000d5800000,0x00000000d5900000,0x00000000d5900000)
  to   space 2048K, 0% used [0x00000000d5a00000,0x00000000d5a00000,0x00000000d5c00000)
 ParOldGen       total 268800K, used 268360K [0x0000000080000000, 0x0000000090680000, 0x00000000d5580000)
  object space 268800K, 99% used [0x0000000080000000,0x00000000906123e8,0x0000000090680000)
 Metaspace       used 84120K, committed 85952K, reserved 1179648K
  class space    used 10197K, committed 11072K, reserved 1048576K
}

