# JRE version: OpenJDK Runtime Environment Temurin-21.0.10+7 (21.0.10+7) (build 21.0.10+7-LTS)
# Java VM: OpenJDK 64-Bit Server VM Temurin-21.0.10+7 (21.0.10+7-LTS, mixed mode, sharing, tiered, compressed oops, compressed class ptrs, parallel gc, windows-amd64)
GC Precious Log:
 CardTable entry size: 512
 CPUs: 12 total, 12 available
 Memory: 7835M
 Large Page Support: Disabled
 NUMA Support: Disabled
 Compressed Oops: Enabled (32-bit)
 Alignments: Space 512K, Generation 512K, Heap 2M
 Heap Min Capacity: 100M
 Heap Initial Capacity: 100M
 Heap Max Capacity: 2G
 Pre-touch: Disabled
 Parallel Workers: 10
Heap:
 PSYoungGen      total 8192K, used 641K [0x00000000d5580000, 0x00000000d6000000, 0x0000000100000000)
  eden space 7680K, 1% used [0x00000000d5580000,0x00000000d55a0608,0x00000000d5d00000)
  from space 512K, 100% used [0x00000000d5f80000,0x00000000d6000000,0x00000000d6000000)
  to   space 1024K, 0% used [0x00000000d5e00000,0x00000000d5e00000,0x00000000d5f00000)
 ParOldGen       total 121856K, used 121622K [0x0000000080000000, 0x0000000087700000, 0x00000000d5580000)
  object space 121856K, 99% used [0x0000000080000000,0x00000000876c5a20,0x0000000087700000)
 Metaspace       used 83838K, committed 85568K, reserved 1179648K
  class space    used 10107K, committed 10816K, reserved 1048576K
GC Heap History (20 events):
Event: 18.223 GC heap before
{Heap before GC invocations=116 (full 3):
 PSYoungGen      total 13312K, used 12999K [0x00000000d5580000, 0x00000000d6400000, 0x0000000100000000)
  eden space 12288K, 99% used [0x00000000d5580000,0x00000000d6173640,0x00000000d6180000)
  from space 1024K, 74% used [0x00000000d6300000,0x00000000d63be900,0x00000000d6400000)
  to   space 1024K, 0% used [0x00000000d6200000,0x00000000d6200000,0x00000000d6300000)
 ParOldGen       total 114688K, used 114217K [0x0000000080000000, 0x0000000087000000, 0x00000000d5580000)
  object space 114688K, 99% used [0x0000000080000000,0x0000000086f8a508,0x0000000087000000)
 Metaspace       used 81844K, committed 83584K, reserved 1179648K
  class space    used 9905K, committed 10624K, reserved 1048576K
}
Event: 18.225 GC heap after
{Heap after GC invocations=116 (full 3):
 PSYoungGen      total 12800K, used 480K [0x00000000d5580000, 0x00000000d6380000, 0x0000000100000000)
  eden space 12288K, 0% used [0x00000000d5580000,0x00000000d5580000,0x00000000d6180000)
  from space 512K, 93% used [0x00000000d6200000,0x00000000d6278000,0x00000000d6280000)
  to   space 1024K, 0% used [0x00000000d6280000,0x00000000d6280000,0x00000000d6380000)
 ParOldGen       total 115200K, used 114773K [0x0000000080000000, 0x0000000087080000, 0x00000000d5580000)
  object space 115200K, 99% used [0x0000000080000000,0x0000000087015738,0x0000000087080000)
 Metaspace       used 81844K, committed 83584K, reserved 1179648K
  class space    used 9905K, committed 10624K, reserved 1048576K
}
Event: 18.641 GC heap before
{Heap before GC invocations=117 (full 3):
 PSYoungGen      total 12800K, used 12751K [0x00000000d5580000, 0x00000000d6380000, 0x0000000100000000)
  eden space 12288K, 99% used [0x00000000d5580000,0x00000000d617bc80,0x00000000d6180000)
  from space 512K, 93% used [0x00000000d6200000,0x00000000d6278000,0x00000000d6280000)
  to   space 1024K, 0% used [0x00000000d6280000,0x00000000d6280000,0x00000000d6380000)
 ParOldGen       total 115200K, used 114773K [0x0000000080000000, 0x0000000087080000, 0x00000000d5580000)
  object space 115200K, 99% used [0x0000000080000000,0x0000000087015738,0x0000000087080000)
 Metaspace       used 82036K, committed 83712K, reserved 1179648K
  class space    used 9920K, committed 10624K, reserved 1048576K
}
Event: 18.643 GC heap after
{Heap after GC invocations=117 (full 3):
 PSYoungGen      total 8704K, used 1012K [0x00000000d5580000, 0x00000000d6c80000, 0x0000000100000000)
  eden space 7680K, 0% used [0x00000000d5580000,0x00000000d5580000,0x00000000d5d00000)
  from space 1024K, 98% used [0x00000000d6280000,0x00000000d637d3c8,0x00000000d6380000)
  to   space 5632K, 0% used [0x00000000d5d00000,0x00000000d5d00000,0x00000000d6280000)
 ParOldGen       total 118784K, used 118605K [0x0000000080000000, 0x0000000087400000, 0x00000000d5580000)
  object space 118784K, 99% used [0x0000000080000000,0x00000000873d3790,0x0000000087400000)
 Metaspace       used 82036K, committed 83712K, reserved 1179648K
  class space    used 9920K, committed 10624K, reserved 1048576K
}
Event: 18.820 GC heap before
{Heap before GC invocations=118 (full 3):
 PSYoungGen      total 8704K, used 8692K [0x00000000d5580000, 0x00000000d6c80000, 0x0000000100000000)
  eden space 7680K, 100% used [0x00000000d5580000,0x00000000d5d00000,0x00000000d5d00000)
  from space 1024K, 98% used [0x00000000d6280000,0x00000000d637d3c8,0x00000000d6380000)
  to   space 5632K, 0% used [0x00000000d5d00000,0x00000000d5d00000,0x00000000d6280000)
 ParOldGen       total 118784K, used 118605K [0x0000000080000000, 0x0000000087400000, 0x00000000d5580000)
  object space 118784K, 99% used [0x0000000080000000,0x00000000873d3790,0x0000000087400000)
 Metaspace       used 82378K, committed 84096K, reserved 1179648K
  class space    used 9963K, committed 10688K, reserved 1048576K
}
Event: 18.822 GC heap after
{Heap after GC invocations=118 (full 3):
 PSYoungGen      total 8704K, used 992K [0x00000000d5580000, 0x00000000d6300000, 0x0000000100000000)
  eden space 7680K, 0% used [0x00000000d5580000,0x00000000d5580000,0x00000000d5d00000)
  from space 1024K, 96% used [0x00000000d5d00000,0x00000000d5df8010,0x00000000d5e00000)
  to   space 2560K, 0% used [0x00000000d6080000,0x00000000d6080000,0x00000000d6300000)
 ParOldGen       total 118784K, used 118765K [0x0000000080000000, 0x0000000087400000, 0x00000000d5580000)
  object space 118784K, 99% used [0x0000000080000000,0x00000000873fb790,0x0000000087400000)
 Metaspace       used 82378K, committed 84096K, reserved 1179648K
  class space    used 9963K, committed 10688K, reserved 1048576K
}
Event: 18.915 GC heap before
{Heap before GC invocations=119 (full 3):
 PSYoungGen      total 8704K, used 8672K [0x00000000d5580000, 0x00000000d6300000, 0x0000000100000000)
  eden space 7680K, 99% used [0x00000000d5580000,0x00000000d5cffff8,0x00000000d5d00000)
  from space 1024K, 96% used [0x00000000d5d00000,0x00000000d5df8010,0x00000000d5e00000)
  to   space 2560K, 0% used [0x00000000d6080000,0x00000000d6080000,0x00000000d6300000)
 ParOldGen       total 118784K, used 118765K [0x0000000080000000, 0x0000000087400000, 0x00000000d5580000)
  object space 118784K, 99% used [0x0000000080000000,0x00000000873fb790,0x0000000087400000)
 Metaspace       used 82607K, committed 84352K, reserved 1179648K
  class space    used 9998K, committed 10752K, reserved 1048576K
}
Event: 18.917 GC heap after
{Heap after GC invocations=119 (full 3):
 PSYoungGen      total 9216K, used 1248K [0x00000000d5580000, 0x00000000d6200000, 0x0000000100000000)
  eden space 7680K, 0% used [0x00000000d5580000,0x00000000d5580000,0x00000000d5d00000)
  from space 1536K, 81% used [0x00000000d6080000,0x00000000d61b8000,0x00000000d6200000)
  to   space 1536K, 0% used [0x00000000d5f00000,0x00000000d5f00000,0x00000000d6080000)
 ParOldGen       total 119808K, used 119521K [0x0000000080000000, 0x0000000087500000, 0x00000000d5580000)
  object space 119808K, 99% used [0x0000000080000000,0x00000000874b87a0,0x0000000087500000)
 Metaspace       used 82607K, committed 84352K, reserved 1179648K
  class space    used 9998K, committed 10752K, reserved 1048576K
}
Event: 19.074 GC heap before
{Heap before GC invocations=120 (full 3):
 PSYoungGen      total 9216K, used 8928K [0x00000000d5580000, 0x00000000d6200000, 0x0000000100000000)
  eden space 7680K, 100% used [0x00000000d5580000,0x00000000d5d00000,0x00000000d5d00000)
  from space 1536K, 81% used [0x00000000d6080000,0x00000000d61b8000,0x00000000d6200000)
  to   space 1536K, 0% used [0x00000000d5f00000,0x00000000d5f00000,0x00000000d6080000)
 ParOldGen       total 119808K, used 119521K [0x0000000080000000, 0x0000000087500000, 0x00000000d5580000)
  object space 119808K, 99% used [0x0000000080000000,0x00000000874b87a0,0x0000000087500000)
 Metaspace       used 82949K, committed 84736K, reserved 1179648K
  class space    used 10045K, committed 10816K, reserved 1048576K
}
Event: 19.075 GC heap after
{Heap after GC invocations=120 (full 3):
 PSYoungGen      total 8704K, used 602K [0x00000000d5580000, 0x00000000d6100000, 0x0000000100000000)
  eden space 7680K, 0% used [0x00000000d5580000,0x00000000d5580000,0x00000000d5d00000)
  from space 1024K, 58% used [0x00000000d5f00000,0x00000000d5f968c8,0x00000000d6000000)
  to   space 1024K, 0% used [0x00000000d6000000,0x00000000d6000000,0x00000000d6100000)
 ParOldGen       total 120320K, used 120009K [0x0000000080000000, 0x0000000087580000, 0x00000000d5580000)
  object space 120320K, 99% used [0x0000000080000000,0x00000000875327a0,0x0000000087580000)
 Metaspace       used 82949K, committed 84736K, reserved 1179648K
  class space    used 10045K, committed 10816K, reserved 1048576K
}
Event: 19.254 GC heap before
{Heap before GC invocations=121 (full 3):
 PSYoungGen      total 8704K, used 8282K [0x00000000d5580000, 0x00000000d6100000, 0x0000000100000000)
  eden space 7680K, 100% used [0x00000000d5580000,0x00000000d5d00000,0x00000000d5d00000)
  from space 1024K, 58% used [0x00000000d5f00000,0x00000000d5f968c8,0x00000000d6000000)
  to   space 1024K, 0% used [0x00000000d6000000,0x00000000d6000000,0x00000000d6100000)
 ParOldGen       total 120320K, used 120009K [0x0000000080000000, 0x0000000087580000, 0x00000000d5580000)
  object space 120320K, 99% used [0x0000000080000000,0x00000000875327a0,0x0000000087580000)
 Metaspace       used 83459K, committed 85184K, reserved 1179648K
  class space    used 10086K, committed 10816K, reserved 1048576K
}
Event: 19.256 GC heap after
{Heap after GC invocations=121 (full 3):
 PSYoungGen      total 8704K, used 1020K [0x00000000d5580000, 0x00000000d6100000, 0x0000000100000000)
  eden space 7680K, 0% used [0x00000000d5580000,0x00000000d5580000,0x00000000d5d00000)
  from space 1024K, 99% used [0x00000000d6000000,0x00000000d60ff0a0,0x00000000d6100000)
  to   space 2048K, 0% used [0x00000000d5d00000,0x00000000d5d00000,0x00000000d5f00000)
 ParOldGen       total 120832K, used 120809K [0x0000000080000000, 0x0000000087600000, 0x00000000d5580000)
  object space 120832K, 99% used [0x0000000080000000,0x00000000875fa790,0x0000000087600000)
 Metaspace       used 83459K, committed 85184K, reserved 1179648K
  class space    used 10086K, committed 10816K, reserved 1048576K
}
Event: 19.310 GC heap before
{Heap before GC invocations=122 (full 3):
 PSYoungGen      total 8704K, used 8689K [0x00000000d5580000, 0x00000000d6100000, 0x0000000100000000)
  eden space 7680K, 99% used [0x00000000d5580000,0x00000000d5cfd5e0,0x00000000d5d00000)
  from space 1024K, 99% used [0x00000000d6000000,0x00000000d60ff0a0,0x00000000d6100000)
  to   space 2048K, 0% used [0x00000000d5d00000,0x00000000d5d00000,0x00000000d5f00000)
 ParOldGen       total 120832K, used 120809K [0x0000000080000000, 0x0000000087600000, 0x00000000d5580000)
  object space 120832K, 99% used [0x0000000080000000,0x00000000875fa790,0x0000000087600000)
 Metaspace       used 83472K, committed 85184K, reserved 1179648K
  class space    used 10087K, committed 10816K, reserved 1048576K
}
Event: 19.311 GC heap after
{Heap after GC invocations=122 (full 3):
 PSYoungGen      total 9728K, used 384K [0x00000000d5580000, 0x00000000d6080000, 0x0000000100000000)
  eden space 7680K, 0% used [0x00000000d5580000,0x00000000d5580000,0x00000000d5d00000)
  from space 2048K, 18% used [0x00000000d5d00000,0x00000000d5d60020,0x00000000d5f00000)
  to   space 1024K, 0% used [0x00000000d5f80000,0x00000000d5f80000,0x00000000d6080000)
 ParOldGen       total 121344K, used 121033K [0x0000000080000000, 0x0000000087680000, 0x00000000d5580000)
  object space 121344K, 99% used [0x0000000080000000,0x00000000876327b0,0x0000000087680000)
 Metaspace       used 83472K, committed 85184K, reserved 1179648K
  class space    used 10087K, committed 10816K, reserved 1048576K
}
Event: 19.501 GC heap before
{Heap before GC invocations=123 (full 3):
 PSYoungGen      total 9728K, used 7347K [0x00000000d5580000, 0x00000000d6080000, 0x0000000100000000)
  eden space 7680K, 90% used [0x00000000d5580000,0x00000000d5c4ccd0,0x00000000d5d00000)
  from space 2048K, 18% used [0x00000000d5d00000,0x00000000d5d60020,0x00000000d5f00000)
  to   space 1024K, 0% used [0x00000000d5f80000,0x00000000d5f80000,0x00000000d6080000)
 ParOldGen       total 121344K, used 121033K [0x0000000080000000, 0x0000000087680000, 0x00000000d5580000)
  object space 121344K, 99% used [0x0000000080000000,0x00000000876327b0,0x0000000087680000)
 Metaspace       used 83502K, committed 85184K, reserved 1179648K
  class space    used 10087K, committed 10816K, reserved 1048576K
}
Event: 19.502 GC heap after
{Heap after GC invocations=123 (full 3):
 PSYoungGen      total 8192K, used 378K [0x00000000d5580000, 0x00000000d6000000, 0x0000000100000000)
  eden space 7680K, 0% used [0x00000000d5580000,0x00000000d5580000,0x00000000d5d00000)
  from space 512K, 73% used [0x00000000d5f80000,0x00000000d5fde900,0x00000000d6000000)
  to   space 512K, 0% used [0x00000000d5f00000,0x00000000d5f00000,0x00000000d5f80000)
 ParOldGen       total 121344K, used 121169K [0x0000000080000000, 0x0000000087680000, 0x00000000d5580000)
  object space 121344K, 99% used [0x0000000080000000,0x00000000876547d0,0x0000000087680000)
 Metaspace       used 83502K, committed 85184K, reserved 1179648K
  class space    used 10087K, committed 10816K, reserved 1048576K
}
Event: 19.628 GC heap before
{Heap before GC invocations=124 (full 3):
 PSYoungGen      total 8192K, used 8058K [0x00000000d5580000, 0x00000000d6000000, 0x0000000100000000)
  eden space 7680K, 100% used [0x00000000d5580000,0x00000000d5d00000,0x00000000d5d00000)
  from space 512K, 73% used [0x00000000d5f80000,0x00000000d5fde900,0x00000000d6000000)
  to   space 512K, 0% used [0x00000000d5f00000,0x00000000d5f00000,0x00000000d5f80000)
 ParOldGen       total 121344K, used 121169K [0x0000000080000000, 0x0000000087680000, 0x00000000d5580000)
  object space 121344K, 99% used [0x0000000080000000,0x00000000876547d0,0x0000000087680000)
 Metaspace       used 83519K, committed 85248K, reserved 1179648K
  class space    used 10087K, committed 10816K, reserved 1048576K
}
Event: 19.629 GC heap after
{Heap after GC invocations=124 (full 3):
 PSYoungGen      total 8192K, used 320K [0x00000000d5580000, 0x00000000d6000000, 0x0000000100000000)
  eden space 7680K, 0% used [0x00000000d5580000,0x00000000d5580000,0x00000000d5d00000)
  from space 512K, 62% used [0x00000000d5f00000,0x00000000d5f50000,0x00000000d5f80000)
  to   space 512K, 0% used [0x00000000d5f80000,0x00000000d5f80000,0x00000000d6000000)
 ParOldGen       total 121856K, used 121350K [0x0000000080000000, 0x0000000087700000, 0x00000000d5580000)
  object space 121856K, 99% used [0x0000000080000000,0x00000000876819d0,0x0000000087700000)
 Metaspace       used 83519K, committed 85248K, reserved 1179648K
  class space    used 10087K, committed 10816K, reserved 1048576K
}
Event: 32.916 GC heap before
{Heap before GC invocations=125 (full 3):
 PSYoungGen      total 8192K, used 8000K [0x00000000d5580000, 0x00000000d6000000, 0x0000000100000000)
  eden space 7680K, 100% used [0x00000000d5580000,0x00000000d5d00000,0x00000000d5d00000)
  from space 512K, 62% used [0x00000000d5f00000,0x00000000d5f50000,0x00000000d5f80000)
  to   space 512K, 0% used [0x00000000d5f80000,0x00000000d5f80000,0x00000000d6000000)
 ParOldGen       total 121856K, used 121350K [0x0000000080000000, 0x0000000087700000, 0x00000000d5580000)
  object space 121856K, 99% used [0x0000000080000000,0x00000000876819d0,0x0000000087700000)
 Metaspace       used 83834K, committed 85568K, reserved 1179648K
  class space    used 10106K, committed 10816K, reserved 1048576K
}
Event: 32.921 GC heap after
{Heap after GC invocations=125 (full 3):
 PSYoungGen      total 8192K, used 512K [0x00000000d5580000, 0x00000000d6000000, 0x0000000100000000)
  eden space 7680K, 0% used [0x00000000d5580000,0x00000000d5580000,0x00000000d5d00000)
  from space 512K, 100% used [0x00000000d5f80000,0x00000000d6000000,0x00000000d6000000)
  to   space 1024K, 0% used [0x00000000d5e00000,0x00000000d5e00000,0x00000000d5f00000)
 ParOldGen       total 121856K, used 121622K [0x0000000080000000, 0x0000000087700000, 0x00000000d5580000)
  object space 121856K, 99% used [0x0000000080000000,0x00000000876c5a20,0x0000000087700000)
 Metaspace       used 83834K, committed 85568K, reserved 1179648K
  class space    used 10106K, committed 10816K, reserved 1048576K
}

