# JRE version: OpenJDK Runtime Environment Temurin-21.0.10+7 (21.0.10+7) (build 21.0.10+7-LTS)
# Java VM: OpenJDK 64-Bit Server VM Temurin-21.0.10+7 (21.0.10+7-LTS, mixed mode, sharing, tiered, compressed oops, compressed class ptrs, parallel gc, windows-amd64)
GC Precious Log:
 CardTable entry size: 512
 CPUs: 12 total, 12 available
 Memory: 7835M
 Large Page Support: Disabled
 NUMA Support: Disabled
 Compressed Oops: Enabled (32-bit)
 Alignments: Space 512K, Generation 512K, Heap 2M
 Heap Min Capacity: 100M
 Heap Initial Capacity: 100M
 Heap Max Capacity: 2G
 Pre-touch: Disabled
 Parallel Workers: 10
Heap:
 PSYoungGen      total 13824K, used 11175K [0x00000000d5580000, 0x00000000d6800000, 0x0000000100000000)
  eden space 11776K, 77% used [0x00000000d5580000,0x00000000d5e711f8,0x00000000d6100000)
  from space 2048K, 98% used [0x00000000d6100000,0x00000000d62f8ac0,0x00000000d6300000)
  to   space 3584K, 0% used [0x00000000d6480000,0x00000000d6480000,0x00000000d6800000)
 ParOldGen       total 103424K, used 103156K [0x0000000080000000, 0x0000000086500000, 0x00000000d5580000)
  object space 103424K, 99% used [0x0000000080000000,0x00000000864bd360,0x0000000086500000)
 Metaspace       used 80524K, committed 82368K, reserved 1179648K
  class space    used 9772K, committed 10560K, reserved 1048576K
GC Heap History (20 events):
Event: 25.380 GC heap before
{Heap before GC invocations=93 (full 3):
 PSYoungGen      total 16384K, used 16291K [0x00000000d5580000, 0x00000000d6700000, 0x0000000100000000)
  eden space 14848K, 100% used [0x00000000d5580000,0x00000000d6400000,0x00000000d6400000)
  from space 1536K, 93% used [0x00000000d6400000,0x00000000d6568ca0,0x00000000d6580000)
  to   space 1536K, 0% used [0x00000000d6580000,0x00000000d6580000,0x00000000d6700000)
 ParOldGen       total 92672K, used 92491K [0x0000000080000000, 0x0000000085a80000, 0x00000000d5580000)
  object space 92672K, 99% used [0x0000000080000000,0x0000000085a52ea0,0x0000000085a80000)
 Metaspace       used 78876K, committed 80704K, reserved 1179648K
  class space    used 9714K, committed 10496K, reserved 1048576K
}
Event: 25.382 GC heap after
{Heap after GC invocations=93 (full 3):
 PSYoungGen      total 16384K, used 1202K [0x00000000d5580000, 0x00000000d6700000, 0x0000000100000000)
  eden space 14848K, 0% used [0x00000000d5580000,0x00000000d5580000,0x00000000d6400000)
  from space 1536K, 78% used [0x00000000d6580000,0x00000000d66acbb0,0x00000000d6700000)
  to   space 1536K, 0% used [0x00000000d6400000,0x00000000d6400000,0x00000000d6580000)
 ParOldGen       total 94208K, used 93756K [0x0000000080000000, 0x0000000085c00000, 0x00000000d5580000)
  object space 94208K, 99% used [0x0000000080000000,0x0000000085b8f1c8,0x0000000085c00000)
 Metaspace       used 78876K, committed 80704K, reserved 1179648K
  class space    used 9714K, committed 10496K, reserved 1048576K
}
Event: 25.541 GC heap before
{Heap before GC invocations=94 (full 3):
 PSYoungGen      total 16384K, used 16050K [0x00000000d5580000, 0x00000000d6700000, 0x0000000100000000)
  eden space 14848K, 100% used [0x00000000d5580000,0x00000000d6400000,0x00000000d6400000)
  from space 1536K, 78% used [0x00000000d6580000,0x00000000d66acbb0,0x00000000d6700000)
  to   space 1536K, 0% used [0x00000000d6400000,0x00000000d6400000,0x00000000d6580000)
 ParOldGen       total 94208K, used 93756K [0x0000000080000000, 0x0000000085c00000, 0x00000000d5580000)
  object space 94208K, 99% used [0x0000000080000000,0x0000000085b8f1c8,0x0000000085c00000)
 Metaspace       used 79074K, committed 80896K, reserved 1179648K
  class space    used 9719K, committed 10496K, reserved 1048576K
}
Event: 25.542 GC heap after
{Heap after GC invocations=94 (full 3):
 PSYoungGen      total 16384K, used 1195K [0x00000000d5580000, 0x00000000d6700000, 0x0000000100000000)
  eden space 14848K, 0% used [0x00000000d5580000,0x00000000d5580000,0x00000000d6400000)
  from space 1536K, 77% used [0x00000000d6400000,0x00000000d652ad58,0x00000000d6580000)
  to   space 1536K, 0% used [0x00000000d6580000,0x00000000d6580000,0x00000000d6700000)
 ParOldGen       total 94720K, used 94485K [0x0000000080000000, 0x0000000085c80000, 0x00000000d5580000)
  object space 94720K, 99% used [0x0000000080000000,0x0000000085c456d8,0x0000000085c80000)
 Metaspace       used 79074K, committed 80896K, reserved 1179648K
  class space    used 9719K, committed 10496K, reserved 1048576K
}
Event: 25.794 GC heap before
{Heap before GC invocations=95 (full 3):
 PSYoungGen      total 16384K, used 16043K [0x00000000d5580000, 0x00000000d6700000, 0x0000000100000000)
  eden space 14848K, 100% used [0x00000000d5580000,0x00000000d6400000,0x00000000d6400000)
  from space 1536K, 77% used [0x00000000d6400000,0x00000000d652ad58,0x00000000d6580000)
  to   space 1536K, 0% used [0x00000000d6580000,0x00000000d6580000,0x00000000d6700000)
 ParOldGen       total 94720K, used 94485K [0x0000000080000000, 0x0000000085c80000, 0x00000000d5580000)
  object space 94720K, 99% used [0x0000000080000000,0x0000000085c456d8,0x0000000085c80000)
 Metaspace       used 79401K, committed 81152K, reserved 1179648K
  class space    used 9747K, committed 10496K, reserved 1048576K
}
Event: 25.797 GC heap after
{Heap after GC invocations=95 (full 3):
 PSYoungGen      total 14336K, used 1525K [0x00000000d5580000, 0x00000000d6b00000, 0x0000000100000000)
  eden space 12800K, 0% used [0x00000000d5580000,0x00000000d5580000,0x00000000d6200000)
  from space 1536K, 99% used [0x00000000d6580000,0x00000000d66fd7d0,0x00000000d6700000)
  to   space 3584K, 0% used [0x00000000d6200000,0x00000000d6200000,0x00000000d6580000)
 ParOldGen       total 96256K, used 96078K [0x0000000080000000, 0x0000000085e00000, 0x00000000d5580000)
  object space 96256K, 99% used [0x0000000080000000,0x0000000085dd3978,0x0000000085e00000)
 Metaspace       used 79401K, committed 81152K, reserved 1179648K
  class space    used 9747K, committed 10496K, reserved 1048576K
}
Event: 25.950 GC heap before
{Heap before GC invocations=96 (full 3):
 PSYoungGen      total 14336K, used 14325K [0x00000000d5580000, 0x00000000d6b00000, 0x0000000100000000)
  eden space 12800K, 100% used [0x00000000d5580000,0x00000000d6200000,0x00000000d6200000)
  from space 1536K, 99% used [0x00000000d6580000,0x00000000d66fd7d0,0x00000000d6700000)
  to   space 3584K, 0% used [0x00000000d6200000,0x00000000d6200000,0x00000000d6580000)
 ParOldGen       total 96256K, used 96078K [0x0000000080000000, 0x0000000085e00000, 0x00000000d5580000)
  object space 96256K, 99% used [0x0000000080000000,0x0000000085dd3978,0x0000000085e00000)
 Metaspace       used 79492K, committed 81216K, reserved 1179648K
  class space    used 9750K, committed 10496K, reserved 1048576K
}
Event: 25.953 GC heap after
{Heap after GC invocations=96 (full 3):
 PSYoungGen      total 14848K, used 1882K [0x00000000d5580000, 0x00000000d6700000, 0x0000000100000000)
  eden space 12800K, 0% used [0x00000000d5580000,0x00000000d5580000,0x00000000d6200000)
  from space 2048K, 91% used [0x00000000d6200000,0x00000000d63d6920,0x00000000d6400000)
  to   space 2560K, 0% used [0x00000000d6480000,0x00000000d6480000,0x00000000d6700000)
 ParOldGen       total 97792K, used 97375K [0x0000000080000000, 0x0000000085f80000, 0x00000000d5580000)
  object space 97792K, 99% used [0x0000000080000000,0x0000000085f17d30,0x0000000085f80000)
 Metaspace       used 79492K, committed 81216K, reserved 1179648K
  class space    used 9750K, committed 10496K, reserved 1048576K
}
Event: 26.144 GC heap before
{Heap before GC invocations=97 (full 3):
 PSYoungGen      total 14848K, used 14682K [0x00000000d5580000, 0x00000000d6700000, 0x0000000100000000)
  eden space 12800K, 100% used [0x00000000d5580000,0x00000000d6200000,0x00000000d6200000)
  from space 2048K, 91% used [0x00000000d6200000,0x00000000d63d6920,0x00000000d6400000)
  to   space 2560K, 0% used [0x00000000d6480000,0x00000000d6480000,0x00000000d6700000)
 ParOldGen       total 97792K, used 97375K [0x0000000080000000, 0x0000000085f80000, 0x00000000d5580000)
  object space 97792K, 99% used [0x0000000080000000,0x0000000085f17d30,0x0000000085f80000)
 Metaspace       used 79615K, committed 81344K, reserved 1179648K
  class space    used 9756K, committed 10496K, reserved 1048576K
}
Event: 26.146 GC heap after
{Heap after GC invocations=97 (full 3):
 PSYoungGen      total 14848K, used 1608K [0x00000000d5580000, 0x00000000d6680000, 0x0000000100000000)
  eden space 12800K, 0% used [0x00000000d5580000,0x00000000d5580000,0x00000000d6200000)
  from space 2048K, 78% used [0x00000000d6480000,0x00000000d6612290,0x00000000d6680000)
  to   space 2048K, 0% used [0x00000000d6200000,0x00000000d6200000,0x00000000d6400000)
 ParOldGen       total 99328K, used 98989K [0x0000000080000000, 0x0000000086100000, 0x00000000d5580000)
  object space 99328K, 99% used [0x0000000080000000,0x00000000860ab678,0x0000000086100000)
 Metaspace       used 79615K, committed 81344K, reserved 1179648K
  class space    used 9756K, committed 10496K, reserved 1048576K
}
Event: 26.265 GC heap before
{Heap before GC invocations=98 (full 3):
 PSYoungGen      total 14848K, used 14408K [0x00000000d5580000, 0x00000000d6680000, 0x0000000100000000)
  eden space 12800K, 100% used [0x00000000d5580000,0x00000000d6200000,0x00000000d6200000)
  from space 2048K, 78% used [0x00000000d6480000,0x00000000d6612290,0x00000000d6680000)
  to   space 2048K, 0% used [0x00000000d6200000,0x00000000d6200000,0x00000000d6400000)
 ParOldGen       total 99328K, used 98989K [0x0000000080000000, 0x0000000086100000, 0x00000000d5580000)
  object space 99328K, 99% used [0x0000000080000000,0x00000000860ab678,0x0000000086100000)
 Metaspace       used 79725K, committed 81472K, reserved 1179648K
  class space    used 9756K, committed 10496K, reserved 1048576K
}
Event: 26.268 GC heap after
{Heap after GC invocations=98 (full 3):
 PSYoungGen      total 13824K, used 756K [0x00000000d5580000, 0x00000000d6500000, 0x0000000100000000)
  eden space 12800K, 0% used [0x00000000d5580000,0x00000000d5580000,0x00000000d6200000)
  from space 1024K, 73% used [0x00000000d6200000,0x00000000d62bd200,0x00000000d6300000)
  to   space 1536K, 0% used [0x00000000d6380000,0x00000000d6380000,0x00000000d6500000)
 ParOldGen       total 100352K, used 100262K [0x0000000080000000, 0x0000000086200000, 0x00000000d5580000)
  object space 100352K, 99% used [0x0000000080000000,0x00000000861e9990,0x0000000086200000)
 Metaspace       used 79725K, committed 81472K, reserved 1179648K
  class space    used 9756K, committed 10496K, reserved 1048576K
}
Event: 26.382 GC heap before
{Heap before GC invocations=99 (full 3):
 PSYoungGen      total 13824K, used 13556K [0x00000000d5580000, 0x00000000d6500000, 0x0000000100000000)
  eden space 12800K, 100% used [0x00000000d5580000,0x00000000d6200000,0x00000000d6200000)
  from space 1024K, 73% used [0x00000000d6200000,0x00000000d62bd200,0x00000000d6300000)
  to   space 1536K, 0% used [0x00000000d6380000,0x00000000d6380000,0x00000000d6500000)
 ParOldGen       total 100352K, used 100262K [0x0000000080000000, 0x0000000086200000, 0x00000000d5580000)
  object space 100352K, 99% used [0x0000000080000000,0x00000000861e9990,0x0000000086200000)
 Metaspace       used 79856K, committed 81664K, reserved 1179648K
  class space    used 9759K, committed 10560K, reserved 1048576K
}
Event: 26.384 GC heap after
{Heap after GC invocations=99 (full 3):
 PSYoungGen      total 13312K, used 506K [0x00000000d5580000, 0x00000000d6400000, 0x0000000100000000)
  eden space 12800K, 0% used [0x00000000d5580000,0x00000000d5580000,0x00000000d6200000)
  from space 512K, 98% used [0x00000000d6380000,0x00000000d63fe900,0x00000000d6400000)
  to   space 1024K, 0% used [0x00000000d6200000,0x00000000d6200000,0x00000000d6300000)
 ParOldGen       total 101376K, used 100864K [0x0000000080000000, 0x0000000086300000, 0x00000000d5580000)
  object space 101376K, 99% used [0x0000000080000000,0x0000000086280160,0x0000000086300000)
 Metaspace       used 79856K, committed 81664K, reserved 1179648K
  class space    used 9759K, committed 10560K, reserved 1048576K
}
Event: 26.478 GC heap before
{Heap before GC invocations=100 (full 3):
 PSYoungGen      total 13312K, used 13306K [0x00000000d5580000, 0x00000000d6400000, 0x0000000100000000)
  eden space 12800K, 100% used [0x00000000d5580000,0x00000000d6200000,0x00000000d6200000)
  from space 512K, 98% used [0x00000000d6380000,0x00000000d63fe900,0x00000000d6400000)
  to   space 1024K, 0% used [0x00000000d6200000,0x00000000d6200000,0x00000000d6300000)
 ParOldGen       total 101376K, used 100864K [0x0000000080000000, 0x0000000086300000, 0x00000000d5580000)
  object space 101376K, 99% used [0x0000000080000000,0x0000000086280160,0x0000000086300000)
 Metaspace       used 79959K, committed 81728K, reserved 1179648K
  class space    used 9759K, committed 10560K, reserved 1048576K
}
Event: 26.480 GC heap after
{Heap after GC invocations=100 (full 3):
 PSYoungGen      total 13824K, used 906K [0x00000000d5580000, 0x00000000d6400000, 0x0000000100000000)
  eden space 12800K, 0% used [0x00000000d5580000,0x00000000d5580000,0x00000000d6200000)
  from space 1024K, 88% used [0x00000000d6200000,0x00000000d62e2910,0x00000000d6300000)
  to   space 1024K, 0% used [0x00000000d6300000,0x00000000d6300000,0x00000000d6400000)
 ParOldGen       total 101376K, used 101248K [0x0000000080000000, 0x0000000086300000, 0x00000000d5580000)
  object space 101376K, 99% used [0x0000000080000000,0x00000000862e0380,0x0000000086300000)
 Metaspace       used 79959K, committed 81728K, reserved 1179648K
  class space    used 9759K, committed 10560K, reserved 1048576K
}
Event: 26.569 GC heap before
{Heap before GC invocations=101 (full 3):
 PSYoungGen      total 13824K, used 13706K [0x00000000d5580000, 0x00000000d6400000, 0x0000000100000000)
  eden space 12800K, 100% used [0x00000000d5580000,0x00000000d6200000,0x00000000d6200000)
  from space 1024K, 88% used [0x00000000d6200000,0x00000000d62e2910,0x00000000d6300000)
  to   space 1024K, 0% used [0x00000000d6300000,0x00000000d6300000,0x00000000d6400000)
 ParOldGen       total 101376K, used 101248K [0x0000000080000000, 0x0000000086300000, 0x00000000d5580000)
  object space 101376K, 99% used [0x0000000080000000,0x00000000862e0380,0x0000000086300000)
 Metaspace       used 80043K, committed 81856K, reserved 1179648K
  class space    used 9759K, committed 10560K, reserved 1048576K
}
Event: 26.571 GC heap after
{Heap after GC invocations=101 (full 3):
 PSYoungGen      total 12800K, used 1012K [0x00000000d5580000, 0x00000000d6600000, 0x0000000100000000)
  eden space 11776K, 0% used [0x00000000d5580000,0x00000000d5580000,0x00000000d6100000)
  from space 1024K, 98% used [0x00000000d6300000,0x00000000d63fd200,0x00000000d6400000)
  to   space 2048K, 0% used [0x00000000d6100000,0x00000000d6100000,0x00000000d6300000)
 ParOldGen       total 102400K, used 102003K [0x0000000080000000, 0x0000000086400000, 0x00000000d5580000)
  object space 102400K, 99% used [0x0000000080000000,0x000000008639cd48,0x0000000086400000)
 Metaspace       used 80043K, committed 81856K, reserved 1179648K
  class space    used 9759K, committed 10560K, reserved 1048576K
}
Event: 26.703 GC heap before
{Heap before GC invocations=102 (full 3):
 PSYoungGen      total 12800K, used 12788K [0x00000000d5580000, 0x00000000d6600000, 0x0000000100000000)
  eden space 11776K, 100% used [0x00000000d5580000,0x00000000d6100000,0x00000000d6100000)
  from space 1024K, 98% used [0x00000000d6300000,0x00000000d63fd200,0x00000000d6400000)
  to   space 2048K, 0% used [0x00000000d6100000,0x00000000d6100000,0x00000000d6300000)
 ParOldGen       total 102400K, used 102003K [0x0000000080000000, 0x0000000086400000, 0x00000000d5580000)
  object space 102400K, 99% used [0x0000000080000000,0x000000008639cd48,0x0000000086400000)
 Metaspace       used 80163K, committed 81920K, reserved 1179648K
  class space    used 9759K, committed 10560K, reserved 1048576K
}
Event: 26.705 GC heap after
{Heap after GC invocations=102 (full 3):
 PSYoungGen      total 13824K, used 2018K [0x00000000d5580000, 0x00000000d6800000, 0x0000000100000000)
  eden space 11776K, 0% used [0x00000000d5580000,0x00000000d5580000,0x00000000d6100000)
  from space 2048K, 98% used [0x00000000d6100000,0x00000000d62f8ac0,0x00000000d6300000)
  to   space 3584K, 0% used [0x00000000d6480000,0x00000000d6480000,0x00000000d6800000)
 ParOldGen       total 103424K, used 103156K [0x0000000080000000, 0x0000000086500000, 0x00000000d5580000)
  object space 103424K, 99% used [0x0000000080000000,0x00000000864bd360,0x0000000086500000)
 Metaspace       used 80163K, committed 81920K, reserved 1179648K
  class space    used 9759K, committed 10560K, reserved 1048576K
}

