# JRE version: OpenJDK Runtime Environment Temurin-21.0.10+7 (21.0.10+7) (build 21.0.10+7-LTS)
# Java VM: OpenJDK 64-Bit Server VM Temurin-21.0.10+7 (21.0.10+7-LTS, mixed mode, sharing, tiered, compressed oops, compressed class ptrs, parallel gc, windows-amd64)
GC Precious Log:
 CardTable entry size: 512
 CPUs: 12 total, 12 available
 Memory: 7835M
 Large Page Support: Disabled
 NUMA Support: Disabled
 Compressed Oops: Enabled (32-bit)
 Alignments: Space 512K, Generation 512K, Heap 2M
 Heap Min Capacity: 100M
 Heap Initial Capacity: 100M
 Heap Max Capacity: 2G
 Pre-touch: Disabled
 Parallel Workers: 10
Heap:
 PSYoungGen      total 12800K, used 8060K [0x00000000d5580000, 0x00000000d6500000, 0x0000000100000000)
  eden space 11776K, 59% used [0x00000000d5580000,0x00000000d5c64e90,0x00000000d6100000)
  from space 1024K, 97% used [0x00000000d6100000,0x00000000d61fa4f8,0x00000000d6200000)
  to   space 2048K, 0% used [0x00000000d6300000,0x00000000d6300000,0x00000000d6500000)
 ParOldGen       total 78848K, used 78668K [0x0000000080000000, 0x0000000084d00000, 0x00000000d5580000)
  object space 78848K, 99% used [0x0000000080000000,0x0000000084cd3090,0x0000000084d00000)
 Metaspace       used 75545K, committed 77120K, reserved 1179648K
  class space    used 9381K, committed 10112K, reserved 1048576K
GC Heap History (20 events):
Event: 13.957 GC heap before
{Heap before GC invocations=79 (full 3):
 PSYoungGen      total 14336K, used 14177K [0x00000000d5580000, 0x00000000d6480000, 0x0000000100000000)
  eden space 13312K, 100% used [0x00000000d5580000,0x00000000d6280000,0x00000000d6280000)
  from space 1024K, 84% used [0x00000000d6280000,0x00000000d63586e8,0x00000000d6380000)
  to   space 1024K, 0% used [0x00000000d6380000,0x00000000d6380000,0x00000000d6480000)
 ParOldGen       total 76800K, used 76785K [0x0000000080000000, 0x0000000084b00000, 0x00000000d5580000)
  object space 76800K, 99% used [0x0000000080000000,0x0000000084afc5b8,0x0000000084b00000)
 Metaspace       used 72030K, committed 73472K, reserved 1114112K
  class space    used 8871K, committed 9536K, reserved 1048576K
}
Event: 13.958 GC heap after
{Heap after GC invocations=79 (full 3):
 PSYoungGen      total 14336K, used 952K [0x00000000d5580000, 0x00000000d6480000, 0x0000000100000000)
  eden space 13312K, 0% used [0x00000000d5580000,0x00000000d5580000,0x00000000d6280000)
  from space 1024K, 93% used [0x00000000d6380000,0x00000000d646e280,0x00000000d6480000)
  to   space 1024K, 0% used [0x00000000d6280000,0x00000000d6280000,0x00000000d6380000)
 ParOldGen       total 77312K, used 76865K [0x0000000080000000, 0x0000000084b80000, 0x00000000d5580000)
  object space 77312K, 99% used [0x0000000080000000,0x0000000084b105c8,0x0000000084b80000)
 Metaspace       used 72030K, committed 73472K, reserved 1114112K
  class space    used 8871K, committed 9536K, reserved 1048576K
}
Event: 14.019 GC heap before
{Heap before GC invocations=80 (full 3):
 PSYoungGen      total 14336K, used 14264K [0x00000000d5580000, 0x00000000d6480000, 0x0000000100000000)
  eden space 13312K, 100% used [0x00000000d5580000,0x00000000d6280000,0x00000000d6280000)
  from space 1024K, 93% used [0x00000000d6380000,0x00000000d646e280,0x00000000d6480000)
  to   space 1024K, 0% used [0x00000000d6280000,0x00000000d6280000,0x00000000d6380000)
 ParOldGen       total 77312K, used 76865K [0x0000000080000000, 0x0000000084b80000, 0x00000000d5580000)
  object space 77312K, 99% used [0x0000000080000000,0x0000000084b105c8,0x0000000084b80000)
 Metaspace       used 72030K, committed 73472K, reserved 1114112K
  class space    used 8871K, committed 9536K, reserved 1048576K
}
Event: 14.020 GC heap after
{Heap after GC invocations=80 (full 3):
 PSYoungGen      total 14336K, used 320K [0x00000000d5580000, 0x00000000d6480000, 0x0000000100000000)
  eden space 13312K, 0% used [0x00000000d5580000,0x00000000d5580000,0x00000000d6280000)
  from space 1024K, 31% used [0x00000000d6280000,0x00000000d62d0000,0x00000000d6380000)
  to   space 1024K, 0% used [0x00000000d6380000,0x00000000d6380000,0x00000000d6480000)
 ParOldGen       total 77312K, used 77047K [0x0000000080000000, 0x0000000084b80000, 0x00000000d5580000)
  object space 77312K, 99% used [0x0000000080000000,0x0000000084b3dfe8,0x0000000084b80000)
 Metaspace       used 72030K, committed 73472K, reserved 1114112K
  class space    used 8871K, committed 9536K, reserved 1048576K
}
Event: 14.085 GC heap before
{Heap before GC invocations=81 (full 3):
 PSYoungGen      total 14336K, used 13632K [0x00000000d5580000, 0x00000000d6480000, 0x0000000100000000)
  eden space 13312K, 100% used [0x00000000d5580000,0x00000000d6280000,0x00000000d6280000)
  from space 1024K, 31% used [0x00000000d6280000,0x00000000d62d0000,0x00000000d6380000)
  to   space 1024K, 0% used [0x00000000d6380000,0x00000000d6380000,0x00000000d6480000)
 ParOldGen       total 77312K, used 77047K [0x0000000080000000, 0x0000000084b80000, 0x00000000d5580000)
  object space 77312K, 99% used [0x0000000080000000,0x0000000084b3dfe8,0x0000000084b80000)
 Metaspace       used 72030K, committed 73472K, reserved 1114112K
  class space    used 8871K, committed 9536K, reserved 1048576K
}
Event: 14.086 GC heap after
{Heap after GC invocations=81 (full 3):
 PSYoungGen      total 13824K, used 1010K [0x00000000d5580000, 0x00000000d6580000, 0x0000000100000000)
  eden space 12800K, 0% used [0x00000000d5580000,0x00000000d5580000,0x00000000d6200000)
  from space 1024K, 98% used [0x00000000d6380000,0x00000000d647c848,0x00000000d6480000)
  to   space 1536K, 0% used [0x00000000d6200000,0x00000000d6200000,0x00000000d6380000)
 ParOldGen       total 77824K, used 77380K [0x0000000080000000, 0x0000000084c00000, 0x00000000d5580000)
  object space 77824K, 99% used [0x0000000080000000,0x0000000084b91078,0x0000000084c00000)
 Metaspace       used 72030K, committed 73472K, reserved 1114112K
  class space    used 8871K, committed 9536K, reserved 1048576K
}
Event: 14.150 GC heap before
{Heap before GC invocations=82 (full 3):
 PSYoungGen      total 13824K, used 13810K [0x00000000d5580000, 0x00000000d6580000, 0x0000000100000000)
  eden space 12800K, 100% used [0x00000000d5580000,0x00000000d6200000,0x00000000d6200000)
  from space 1024K, 98% used [0x00000000d6380000,0x00000000d647c848,0x00000000d6480000)
  to   space 1536K, 0% used [0x00000000d6200000,0x00000000d6200000,0x00000000d6380000)
 ParOldGen       total 77824K, used 77380K [0x0000000080000000, 0x0000000084c00000, 0x00000000d5580000)
  object space 77824K, 99% used [0x0000000080000000,0x0000000084b91078,0x0000000084c00000)
 Metaspace       used 72031K, committed 73472K, reserved 1114112K
  class space    used 8871K, committed 9536K, reserved 1048576K
}
Event: 14.151 GC heap after
{Heap after GC invocations=82 (full 3):
 PSYoungGen      total 13312K, used 288K [0x00000000d5580000, 0x00000000d6400000, 0x0000000100000000)
  eden space 12800K, 0% used [0x00000000d5580000,0x00000000d5580000,0x00000000d6200000)
  from space 512K, 56% used [0x00000000d6200000,0x00000000d6248000,0x00000000d6280000)
  to   space 1024K, 0% used [0x00000000d6300000,0x00000000d6300000,0x00000000d6400000)
 ParOldGen       total 77824K, used 77460K [0x0000000080000000, 0x0000000084c00000, 0x00000000d5580000)
  object space 77824K, 99% used [0x0000000080000000,0x0000000084ba5078,0x0000000084c00000)
 Metaspace       used 72031K, committed 73472K, reserved 1114112K
  class space    used 8871K, committed 9536K, reserved 1048576K
}
Event: 14.200 GC heap before
{Heap before GC invocations=83 (full 3):
 PSYoungGen      total 13312K, used 13088K [0x00000000d5580000, 0x00000000d6400000, 0x0000000100000000)
  eden space 12800K, 100% used [0x00000000d5580000,0x00000000d6200000,0x00000000d6200000)
  from space 512K, 56% used [0x00000000d6200000,0x00000000d6248000,0x00000000d6280000)
  to   space 1024K, 0% used [0x00000000d6300000,0x00000000d6300000,0x00000000d6400000)
 ParOldGen       total 77824K, used 77460K [0x0000000080000000, 0x0000000084c00000, 0x00000000d5580000)
  object space 77824K, 99% used [0x0000000080000000,0x0000000084ba5078,0x0000000084c00000)
 Metaspace       used 72031K, committed 73472K, reserved 1114112K
  class space    used 8871K, committed 9536K, reserved 1048576K
}
Event: 14.201 GC heap after
{Heap after GC invocations=83 (full 3):
 PSYoungGen      total 13312K, used 1023K [0x00000000d5580000, 0x00000000d6500000, 0x0000000100000000)
  eden space 12288K, 0% used [0x00000000d5580000,0x00000000d5580000,0x00000000d6180000)
  from space 1024K, 99% used [0x00000000d6300000,0x00000000d63ffca0,0x00000000d6400000)
  to   space 1536K, 0% used [0x00000000d6180000,0x00000000d6180000,0x00000000d6300000)
 ParOldGen       total 77824K, used 77717K [0x0000000080000000, 0x0000000084c00000, 0x00000000d5580000)
  object space 77824K, 99% used [0x0000000080000000,0x0000000084be5770,0x0000000084c00000)
 Metaspace       used 72031K, committed 73472K, reserved 1114112K
  class space    used 8871K, committed 9536K, reserved 1048576K
}
Event: 14.256 GC heap before
{Heap before GC invocations=84 (full 3):
 PSYoungGen      total 13312K, used 13311K [0x00000000d5580000, 0x00000000d6500000, 0x0000000100000000)
  eden space 12288K, 100% used [0x00000000d5580000,0x00000000d6180000,0x00000000d6180000)
  from space 1024K, 99% used [0x00000000d6300000,0x00000000d63ffca0,0x00000000d6400000)
  to   space 1536K, 0% used [0x00000000d6180000,0x00000000d6180000,0x00000000d6300000)
 ParOldGen       total 77824K, used 77717K [0x0000000080000000, 0x0000000084c00000, 0x00000000d5580000)
  object space 77824K, 99% used [0x0000000080000000,0x0000000084be5770,0x0000000084c00000)
 Metaspace       used 72031K, committed 73472K, reserved 1114112K
  class space    used 8871K, committed 9536K, reserved 1048576K
}
Event: 14.256 GC heap after
{Heap after GC invocations=84 (full 3):
 PSYoungGen      total 12800K, used 320K [0x00000000d5580000, 0x00000000d6380000, 0x0000000100000000)
  eden space 12288K, 0% used [0x00000000d5580000,0x00000000d5580000,0x00000000d6180000)
  from space 512K, 62% used [0x00000000d6180000,0x00000000d61d0000,0x00000000d6200000)
  to   space 1024K, 0% used [0x00000000d6280000,0x00000000d6280000,0x00000000d6380000)
 ParOldGen       total 77824K, used 77797K [0x0000000080000000, 0x0000000084c00000, 0x00000000d5580000)
  object space 77824K, 99% used [0x0000000080000000,0x0000000084bf9770,0x0000000084c00000)
 Metaspace       used 72031K, committed 73472K, reserved 1114112K
  class space    used 8871K, committed 9536K, reserved 1048576K
}
Event: 14.303 GC heap before
{Heap before GC invocations=85 (full 3):
 PSYoungGen      total 12800K, used 12608K [0x00000000d5580000, 0x00000000d6380000, 0x0000000100000000)
  eden space 12288K, 100% used [0x00000000d5580000,0x00000000d6180000,0x00000000d6180000)
  from space 512K, 62% used [0x00000000d6180000,0x00000000d61d0000,0x00000000d6200000)
  to   space 1024K, 0% used [0x00000000d6280000,0x00000000d6280000,0x00000000d6380000)
 ParOldGen       total 77824K, used 77797K [0x0000000080000000, 0x0000000084c00000, 0x00000000d5580000)
  object space 77824K, 99% used [0x0000000080000000,0x0000000084bf9770,0x0000000084c00000)
 Metaspace       used 72031K, committed 73472K, reserved 1114112K
  class space    used 8871K, committed 9536K, reserved 1048576K
}
Event: 14.304 GC heap after
{Heap after GC invocations=85 (full 3):
 PSYoungGen      total 12800K, used 999K [0x00000000d5580000, 0x00000000d6480000, 0x0000000100000000)
  eden space 11776K, 0% used [0x00000000d5580000,0x00000000d5580000,0x00000000d6100000)
  from space 1024K, 97% used [0x00000000d6280000,0x00000000d6379e58,0x00000000d6380000)
  to   space 1536K, 0% used [0x00000000d6100000,0x00000000d6100000,0x00000000d6280000)
 ParOldGen       total 78336K, used 77925K [0x0000000080000000, 0x0000000084c80000, 0x00000000d5580000)
  object space 78336K, 99% used [0x0000000080000000,0x0000000084c194e0,0x0000000084c80000)
 Metaspace       used 72031K, committed 73472K, reserved 1114112K
  class space    used 8871K, committed 9536K, reserved 1048576K
}
Event: 14.416 GC heap before
{Heap before GC invocations=86 (full 3):
 PSYoungGen      total 12800K, used 12775K [0x00000000d5580000, 0x00000000d6480000, 0x0000000100000000)
  eden space 11776K, 100% used [0x00000000d5580000,0x00000000d6100000,0x00000000d6100000)
  from space 1024K, 97% used [0x00000000d6280000,0x00000000d6379e58,0x00000000d6380000)
  to   space 1536K, 0% used [0x00000000d6100000,0x00000000d6100000,0x00000000d6280000)
 ParOldGen       total 78336K, used 77925K [0x0000000080000000, 0x0000000084c80000, 0x00000000d5580000)
  object space 78336K, 99% used [0x0000000080000000,0x0000000084c194e0,0x0000000084c80000)
 Metaspace       used 72714K, committed 74176K, reserved 1114112K
  class space    used 8957K, committed 9600K, reserved 1048576K
}
Event: 14.417 GC heap after
{Heap after GC invocations=86 (full 3):
 PSYoungGen      total 12288K, used 368K [0x00000000d5580000, 0x00000000d6300000, 0x0000000100000000)
  eden space 11776K, 0% used [0x00000000d5580000,0x00000000d5580000,0x00000000d6100000)
  from space 512K, 71% used [0x00000000d6100000,0x00000000d615c010,0x00000000d6180000)
  to   space 1024K, 0% used [0x00000000d6200000,0x00000000d6200000,0x00000000d6300000)
 ParOldGen       total 78336K, used 77997K [0x0000000080000000, 0x0000000084c80000, 0x00000000d5580000)
  object space 78336K, 99% used [0x0000000080000000,0x0000000084c2b4e0,0x0000000084c80000)
 Metaspace       used 72714K, committed 74176K, reserved 1114112K
  class space    used 8957K, committed 9600K, reserved 1048576K
}
Event: 14.612 GC heap before
{Heap before GC invocations=87 (full 3):
 PSYoungGen      total 12288K, used 12144K [0x00000000d5580000, 0x00000000d6300000, 0x0000000100000000)
  eden space 11776K, 100% used [0x00000000d5580000,0x00000000d6100000,0x00000000d6100000)
  from space 512K, 71% used [0x00000000d6100000,0x00000000d615c010,0x00000000d6180000)
  to   space 1024K, 0% used [0x00000000d6200000,0x00000000d6200000,0x00000000d6300000)
 ParOldGen       total 78336K, used 77997K [0x0000000080000000, 0x0000000084c80000, 0x00000000d5580000)
  object space 78336K, 99% used [0x0000000080000000,0x0000000084c2b4e0,0x0000000084c80000)
 Metaspace       used 73885K, committed 75392K, reserved 1179648K
  class space    used 9156K, committed 9856K, reserved 1048576K
}
Event: 14.613 GC heap after
{Heap after GC invocations=87 (full 3):
 PSYoungGen      total 12800K, used 512K [0x00000000d5580000, 0x00000000d6300000, 0x0000000100000000)
  eden space 11776K, 0% used [0x00000000d5580000,0x00000000d5580000,0x00000000d6100000)
  from space 1024K, 50% used [0x00000000d6200000,0x00000000d6280000,0x00000000d6300000)
  to   space 1024K, 0% used [0x00000000d6100000,0x00000000d6100000,0x00000000d6200000)
 ParOldGen       total 78336K, used 78269K [0x0000000080000000, 0x0000000084c80000, 0x00000000d5580000)
  object space 78336K, 99% used [0x0000000080000000,0x0000000084c6f510,0x0000000084c80000)
 Metaspace       used 73885K, committed 75392K, reserved 1179648K
  class space    used 9156K, committed 9856K, reserved 1048576K
}
Event: 15.128 GC heap before
{Heap before GC invocations=88 (full 3):
 PSYoungGen      total 12800K, used 12288K [0x00000000d5580000, 0x00000000d6300000, 0x0000000100000000)
  eden space 11776K, 100% used [0x00000000d5580000,0x00000000d6100000,0x00000000d6100000)
  from space 1024K, 50% used [0x00000000d6200000,0x00000000d6280000,0x00000000d6300000)
  to   space 1024K, 0% used [0x00000000d6100000,0x00000000d6100000,0x00000000d6200000)
 ParOldGen       total 78336K, used 78269K [0x0000000080000000, 0x0000000084c80000, 0x00000000d5580000)
  object space 78336K, 99% used [0x0000000080000000,0x0000000084c6f510,0x0000000084c80000)
 Metaspace       used 75152K, committed 76736K, reserved 1179648K
  class space    used 9343K, committed 10048K, reserved 1048576K
}
Event: 15.130 GC heap after
{Heap after GC invocations=88 (full 3):
 PSYoungGen      total 12800K, used 1001K [0x00000000d5580000, 0x00000000d6500000, 0x0000000100000000)
  eden space 11776K, 0% used [0x00000000d5580000,0x00000000d5580000,0x00000000d6100000)
  from space 1024K, 97% used [0x00000000d6100000,0x00000000d61fa4f8,0x00000000d6200000)
  to   space 2048K, 0% used [0x00000000d6300000,0x00000000d6300000,0x00000000d6500000)
 ParOldGen       total 78848K, used 78668K [0x0000000080000000, 0x0000000084d00000, 0x00000000d5580000)
  object space 78848K, 99% used [0x0000000080000000,0x0000000084cd3090,0x0000000084d00000)
 Metaspace       used 75152K, committed 76736K, reserved 1179648K
  class space    used 9343K, committed 10048K, reserved 1048576K
}

