# JRE version: OpenJDK Runtime Environment Temurin-21.0.10+7 (21.0.10+7) (build 21.0.10+7-LTS)
# Java VM: OpenJDK 64-Bit Server VM Temurin-21.0.10+7 (21.0.10+7-LTS, mixed mode, sharing, tiered, compressed oops, compressed class ptrs, parallel gc, windows-amd64)
GC Precious Log:
 CardTable entry size: 512
 CPUs: 12 total, 12 available
 Memory: 7835M
 Large Page Support: Disabled
 NUMA Support: Disabled
 Compressed Oops: Enabled (32-bit)
 Alignments: Space 512K, Generation 512K, Heap 2M
 Heap Min Capacity: 100M
 Heap Initial Capacity: 100M
 Heap Max Capacity: 2G
 Pre-touch: Disabled
 Parallel Workers: 10
Heap:
 PSYoungGen      total 17408K, used 10531K [0x00000000d5580000, 0x00000000d6980000, 0x0000000100000000)
  eden space 15360K, 57% used [0x00000000d5580000,0x00000000d5e2bd08,0x00000000d6480000)
  from space 2048K, 80% used [0x00000000d6780000,0x00000000d691d200,0x00000000d6980000)
  to   space 2048K, 0% used [0x00000000d6580000,0x00000000d6580000,0x00000000d6780000)
 ParOldGen       total 105472K, used 105220K [0x0000000080000000, 0x0000000086700000, 0x00000000d5580000)
  object space 105472K, 99% used [0x0000000080000000,0x00000000866c13d0,0x0000000086700000)
 Metaspace       used 82778K, committed 84608K, reserved 1179648K
  class space    used 9918K, committed 10752K, reserved 1048576K
GC Heap History (20 events):
Event: 23.307 GC heap before
{Heap before GC invocations=92 (full 3):
 PSYoungGen      total 18432K, used 18318K [0x00000000d5580000, 0x00000000d6b00000, 0x0000000100000000)
  eden space 16384K, 100% used [0x00000000d5580000,0x00000000d6580000,0x00000000d6580000)
  from space 2048K, 94% used [0x00000000d6900000,0x00000000d6ae3b20,0x00000000d6b00000)
  to   space 2560K, 0% used [0x00000000d6600000,0x00000000d6600000,0x00000000d6880000)
 ParOldGen       total 94208K, used 94111K [0x0000000080000000, 0x0000000085c00000, 0x00000000d5580000)
  object space 94208K, 99% used [0x0000000080000000,0x0000000085be7e58,0x0000000085c00000)
 Metaspace       used 81347K, committed 83136K, reserved 1179648K
  class space    used 9879K, committed 10688K, reserved 1048576K
}
Event: 23.309 GC heap after
{Heap after GC invocations=92 (full 3):
 PSYoungGen      total 18432K, used 1896K [0x00000000d5580000, 0x00000000d6980000, 0x0000000100000000)
  eden space 16384K, 0% used [0x00000000d5580000,0x00000000d5580000,0x00000000d6580000)
  from space 2048K, 92% used [0x00000000d6600000,0x00000000d67da290,0x00000000d6800000)
  to   space 1536K, 0% used [0x00000000d6800000,0x00000000d6800000,0x00000000d6980000)
 ParOldGen       total 95744K, used 95688K [0x0000000080000000, 0x0000000085d80000, 0x00000000d5580000)
  object space 95744K, 99% used [0x0000000080000000,0x0000000085d720e0,0x0000000085d80000)
 Metaspace       used 81347K, committed 83136K, reserved 1179648K
  class space    used 9879K, committed 10688K, reserved 1048576K
}
Event: 23.486 GC heap before
{Heap before GC invocations=93 (full 3):
 PSYoungGen      total 18432K, used 18280K [0x00000000d5580000, 0x00000000d6980000, 0x0000000100000000)
  eden space 16384K, 100% used [0x00000000d5580000,0x00000000d6580000,0x00000000d6580000)
  from space 2048K, 92% used [0x00000000d6600000,0x00000000d67da290,0x00000000d6800000)
  to   space 1536K, 0% used [0x00000000d6800000,0x00000000d6800000,0x00000000d6980000)
 ParOldGen       total 95744K, used 95688K [0x0000000080000000, 0x0000000085d80000, 0x00000000d5580000)
  object space 95744K, 99% used [0x0000000080000000,0x0000000085d720e0,0x0000000085d80000)
 Metaspace       used 81621K, committed 83328K, reserved 1179648K
  class space    used 9882K, committed 10688K, reserved 1048576K
}
Event: 23.489 GC heap after
{Heap after GC invocations=93 (full 3):
 PSYoungGen      total 17408K, used 676K [0x00000000d5580000, 0x00000000d6900000, 0x0000000100000000)
  eden space 16384K, 0% used [0x00000000d5580000,0x00000000d5580000,0x00000000d6580000)
  from space 1024K, 66% used [0x00000000d6800000,0x00000000d68a9168,0x00000000d6900000)
  to   space 1536K, 0% used [0x00000000d6600000,0x00000000d6600000,0x00000000d6780000)
 ParOldGen       total 97280K, used 97240K [0x0000000080000000, 0x0000000085f00000, 0x00000000d5580000)
  object space 97280K, 99% used [0x0000000080000000,0x0000000085ef6208,0x0000000085f00000)
 Metaspace       used 81621K, committed 83328K, reserved 1179648K
  class space    used 9882K, committed 10688K, reserved 1048576K
}
Event: 23.608 GC heap before
{Heap before GC invocations=94 (full 3):
 PSYoungGen      total 17408K, used 17060K [0x00000000d5580000, 0x00000000d6900000, 0x0000000100000000)
  eden space 16384K, 100% used [0x00000000d5580000,0x00000000d6580000,0x00000000d6580000)
  from space 1024K, 66% used [0x00000000d6800000,0x00000000d68a9168,0x00000000d6900000)
  to   space 1536K, 0% used [0x00000000d6600000,0x00000000d6600000,0x00000000d6780000)
 ParOldGen       total 97280K, used 97240K [0x0000000080000000, 0x0000000085f00000, 0x00000000d5580000)
  object space 97280K, 99% used [0x0000000080000000,0x0000000085ef6208,0x0000000085f00000)
 Metaspace       used 81706K, committed 83456K, reserved 1179648K
  class space    used 9882K, committed 10688K, reserved 1048576K
}
Event: 23.610 GC heap after
{Heap after GC invocations=94 (full 3):
 PSYoungGen      total 17920K, used 1071K [0x00000000d5580000, 0x00000000d6880000, 0x0000000100000000)
  eden space 16384K, 0% used [0x00000000d5580000,0x00000000d5580000,0x00000000d6580000)
  from space 1536K, 69% used [0x00000000d6600000,0x00000000d670bc70,0x00000000d6780000)
  to   space 1024K, 0% used [0x00000000d6780000,0x00000000d6780000,0x00000000d6880000)
 ParOldGen       total 97792K, used 97751K [0x0000000080000000, 0x0000000085f80000, 0x00000000d5580000)
  object space 97792K, 99% used [0x0000000080000000,0x0000000085f75cc8,0x0000000085f80000)
 Metaspace       used 81706K, committed 83456K, reserved 1179648K
  class space    used 9882K, committed 10688K, reserved 1048576K
}
Event: 23.727 GC heap before
{Heap before GC invocations=95 (full 3):
 PSYoungGen      total 17920K, used 17455K [0x00000000d5580000, 0x00000000d6880000, 0x0000000100000000)
  eden space 16384K, 100% used [0x00000000d5580000,0x00000000d6580000,0x00000000d6580000)
  from space 1536K, 69% used [0x00000000d6600000,0x00000000d670bc70,0x00000000d6780000)
  to   space 1024K, 0% used [0x00000000d6780000,0x00000000d6780000,0x00000000d6880000)
 ParOldGen       total 97792K, used 97751K [0x0000000080000000, 0x0000000085f80000, 0x00000000d5580000)
  object space 97792K, 99% used [0x0000000080000000,0x0000000085f75cc8,0x0000000085f80000)
 Metaspace       used 81923K, committed 83712K, reserved 1179648K
  class space    used 9893K, committed 10688K, reserved 1048576K
}
Event: 23.728 GC heap after
{Heap after GC invocations=95 (full 3):
 PSYoungGen      total 16384K, used 1001K [0x00000000d5580000, 0x00000000d6b80000, 0x0000000100000000)
  eden space 15360K, 0% used [0x00000000d5580000,0x00000000d5580000,0x00000000d6480000)
  from space 1024K, 97% used [0x00000000d6780000,0x00000000d687a740,0x00000000d6880000)
  to   space 3072K, 0% used [0x00000000d6480000,0x00000000d6480000,0x00000000d6780000)
 ParOldGen       total 99840K, used 99396K [0x0000000080000000, 0x0000000086180000, 0x00000000d5580000)
  object space 99840K, 99% used [0x0000000080000000,0x0000000086111110,0x0000000086180000)
 Metaspace       used 81923K, committed 83712K, reserved 1179648K
  class space    used 9893K, committed 10688K, reserved 1048576K
}
Event: 23.862 GC heap before
{Heap before GC invocations=96 (full 3):
 PSYoungGen      total 16384K, used 16361K [0x00000000d5580000, 0x00000000d6b80000, 0x0000000100000000)
  eden space 15360K, 100% used [0x00000000d5580000,0x00000000d6480000,0x00000000d6480000)
  from space 1024K, 97% used [0x00000000d6780000,0x00000000d687a740,0x00000000d6880000)
  to   space 3072K, 0% used [0x00000000d6480000,0x00000000d6480000,0x00000000d6780000)
 ParOldGen       total 99840K, used 99396K [0x0000000080000000, 0x0000000086180000, 0x00000000d5580000)
  object space 99840K, 99% used [0x0000000080000000,0x0000000086111110,0x0000000086180000)
 Metaspace       used 82044K, committed 83840K, reserved 1179648K
  class space    used 9894K, committed 10688K, reserved 1048576K
}
Event: 23.864 GC heap after
{Heap after GC invocations=96 (full 3):
 PSYoungGen      total 17920K, used 2316K [0x00000000d5580000, 0x00000000d6980000, 0x0000000100000000)
  eden space 15360K, 0% used [0x00000000d5580000,0x00000000d5580000,0x00000000d6480000)
  from space 2560K, 90% used [0x00000000d6480000,0x00000000d66c3188,0x00000000d6700000)
  to   space 2560K, 0% used [0x00000000d6700000,0x00000000d6700000,0x00000000d6980000)
 ParOldGen       total 100352K, used 100272K [0x0000000080000000, 0x0000000086200000, 0x00000000d5580000)
  object space 100352K, 99% used [0x0000000080000000,0x00000000861ec278,0x0000000086200000)
 Metaspace       used 82044K, committed 83840K, reserved 1179648K
  class space    used 9894K, committed 10688K, reserved 1048576K
}
Event: 24.009 GC heap before
{Heap before GC invocations=97 (full 3):
 PSYoungGen      total 17920K, used 17676K [0x00000000d5580000, 0x00000000d6980000, 0x0000000100000000)
  eden space 15360K, 100% used [0x00000000d5580000,0x00000000d6480000,0x00000000d6480000)
  from space 2560K, 90% used [0x00000000d6480000,0x00000000d66c3188,0x00000000d6700000)
  to   space 2560K, 0% used [0x00000000d6700000,0x00000000d6700000,0x00000000d6980000)
 ParOldGen       total 100352K, used 100272K [0x0000000080000000, 0x0000000086200000, 0x00000000d5580000)
  object space 100352K, 99% used [0x0000000080000000,0x00000000861ec278,0x0000000086200000)
 Metaspace       used 82227K, committed 83968K, reserved 1179648K
  class space    used 9894K, committed 10688K, reserved 1048576K
}
Event: 24.012 GC heap after
{Heap after GC invocations=97 (full 3):
 PSYoungGen      total 16384K, used 916K [0x00000000d5580000, 0x00000000d6800000, 0x0000000100000000)
  eden space 15360K, 0% used [0x00000000d5580000,0x00000000d5580000,0x00000000d6480000)
  from space 1024K, 89% used [0x00000000d6700000,0x00000000d67e5200,0x00000000d6800000)
  to   space 1536K, 0% used [0x00000000d6500000,0x00000000d6500000,0x00000000d6680000)
 ParOldGen       total 102400K, used 101972K [0x0000000080000000, 0x0000000086400000, 0x00000000d5580000)
  object space 102400K, 99% used [0x0000000080000000,0x00000000863951b8,0x0000000086400000)
 Metaspace       used 82227K, committed 83968K, reserved 1179648K
  class space    used 9894K, committed 10688K, reserved 1048576K
}
Event: 24.082 GC heap before
{Heap before GC invocations=98 (full 3):
 PSYoungGen      total 16384K, used 16276K [0x00000000d5580000, 0x00000000d6800000, 0x0000000100000000)
  eden space 15360K, 100% used [0x00000000d5580000,0x00000000d6480000,0x00000000d6480000)
  from space 1024K, 89% used [0x00000000d6700000,0x00000000d67e5200,0x00000000d6800000)
  to   space 1536K, 0% used [0x00000000d6500000,0x00000000d6500000,0x00000000d6680000)
 ParOldGen       total 102400K, used 101972K [0x0000000080000000, 0x0000000086400000, 0x00000000d5580000)
  object space 102400K, 99% used [0x0000000080000000,0x00000000863951b8,0x0000000086400000)
 Metaspace       used 82247K, committed 84032K, reserved 1179648K
  class space    used 9894K, committed 10688K, reserved 1048576K
}
Event: 24.084 GC heap after
{Heap after GC invocations=98 (full 3):
 PSYoungGen      total 16896K, used 378K [0x00000000d5580000, 0x00000000d6780000, 0x0000000100000000)
  eden space 15360K, 0% used [0x00000000d5580000,0x00000000d5580000,0x00000000d6480000)
  from space 1536K, 24% used [0x00000000d6500000,0x00000000d655e900,0x00000000d6680000)
  to   space 1024K, 0% used [0x00000000d6680000,0x00000000d6680000,0x00000000d6780000)
 ParOldGen       total 102912K, used 102688K [0x0000000080000000, 0x0000000086480000, 0x00000000d5580000)
  object space 102912K, 99% used [0x0000000080000000,0x00000000864480a8,0x0000000086480000)
 Metaspace       used 82247K, committed 84032K, reserved 1179648K
  class space    used 9894K, committed 10688K, reserved 1048576K
}
Event: 24.173 GC heap before
{Heap before GC invocations=99 (full 3):
 PSYoungGen      total 16896K, used 15738K [0x00000000d5580000, 0x00000000d6780000, 0x0000000100000000)
  eden space 15360K, 100% used [0x00000000d5580000,0x00000000d6480000,0x00000000d6480000)
  from space 1536K, 24% used [0x00000000d6500000,0x00000000d655e900,0x00000000d6680000)
  to   space 1024K, 0% used [0x00000000d6680000,0x00000000d6680000,0x00000000d6780000)
 ParOldGen       total 102912K, used 102688K [0x0000000080000000, 0x0000000086480000, 0x00000000d5580000)
  object space 102912K, 99% used [0x0000000080000000,0x00000000864480a8,0x0000000086480000)
 Metaspace       used 82357K, committed 84096K, reserved 1179648K
  class space    used 9897K, committed 10688K, reserved 1048576K
}
Event: 24.174 GC heap after
{Heap after GC invocations=99 (full 3):
 PSYoungGen      total 16384K, used 1002K [0x00000000d5580000, 0x00000000d6780000, 0x0000000100000000)
  eden space 15360K, 0% used [0x00000000d5580000,0x00000000d5580000,0x00000000d6480000)
  from space 1024K, 97% used [0x00000000d6680000,0x00000000d677a910,0x00000000d6780000)
  to   space 1536K, 0% used [0x00000000d6480000,0x00000000d6480000,0x00000000d6600000)
 ParOldGen       total 102912K, used 102876K [0x0000000080000000, 0x0000000086480000, 0x00000000d5580000)
  object space 102912K, 99% used [0x0000000080000000,0x00000000864772c8,0x0000000086480000)
 Metaspace       used 82357K, committed 84096K, reserved 1179648K
  class space    used 9897K, committed 10688K, reserved 1048576K
}
Event: 24.265 GC heap before
{Heap before GC invocations=100 (full 3):
 PSYoungGen      total 16384K, used 16362K [0x00000000d5580000, 0x00000000d6780000, 0x0000000100000000)
  eden space 15360K, 100% used [0x00000000d5580000,0x00000000d6480000,0x00000000d6480000)
  from space 1024K, 97% used [0x00000000d6680000,0x00000000d677a910,0x00000000d6780000)
  to   space 1536K, 0% used [0x00000000d6480000,0x00000000d6480000,0x00000000d6600000)
 ParOldGen       total 102912K, used 102876K [0x0000000080000000, 0x0000000086480000, 0x00000000d5580000)
  object space 102912K, 99% used [0x0000000080000000,0x00000000864772c8,0x0000000086480000)
 Metaspace       used 82408K, committed 84160K, reserved 1179648K
  class space    used 9898K, committed 10688K, reserved 1048576K
}
Event: 24.267 GC heap after
{Heap after GC invocations=100 (full 3):
 PSYoungGen      total 16896K, used 1512K [0x00000000d5580000, 0x00000000d6a80000, 0x0000000100000000)
  eden space 15360K, 0% used [0x00000000d5580000,0x00000000d5580000,0x00000000d6480000)
  from space 1536K, 98% used [0x00000000d6480000,0x00000000d65fa088,0x00000000d6600000)
  to   space 3072K, 0% used [0x00000000d6780000,0x00000000d6780000,0x00000000d6a80000)
 ParOldGen       total 103936K, used 103821K [0x0000000080000000, 0x0000000086580000, 0x00000000d5580000)
  object space 103936K, 99% used [0x0000000080000000,0x00000000865634f8,0x0000000086580000)
 Metaspace       used 82408K, committed 84160K, reserved 1179648K
  class space    used 9898K, committed 10688K, reserved 1048576K
}
Event: 24.341 GC heap before
{Heap before GC invocations=101 (full 3):
 PSYoungGen      total 16896K, used 16872K [0x00000000d5580000, 0x00000000d6a80000, 0x0000000100000000)
  eden space 15360K, 100% used [0x00000000d5580000,0x00000000d6480000,0x00000000d6480000)
  from space 1536K, 98% used [0x00000000d6480000,0x00000000d65fa088,0x00000000d6600000)
  to   space 3072K, 0% used [0x00000000d6780000,0x00000000d6780000,0x00000000d6a80000)
 ParOldGen       total 103936K, used 103821K [0x0000000080000000, 0x0000000086580000, 0x00000000d5580000)
  object space 103936K, 99% used [0x0000000080000000,0x00000000865634f8,0x0000000086580000)
 Metaspace       used 82462K, committed 84224K, reserved 1179648K
  class space    used 9898K, committed 10688K, reserved 1048576K
}
Event: 24.343 GC heap after
{Heap after GC invocations=101 (full 3):
 PSYoungGen      total 17408K, used 1652K [0x00000000d5580000, 0x00000000d6980000, 0x0000000100000000)
  eden space 15360K, 0% used [0x00000000d5580000,0x00000000d5580000,0x00000000d6480000)
  from space 2048K, 80% used [0x00000000d6780000,0x00000000d691d200,0x00000000d6980000)
  to   space 2048K, 0% used [0x00000000d6580000,0x00000000d6580000,0x00000000d6780000)
 ParOldGen       total 105472K, used 105220K [0x0000000080000000, 0x0000000086700000, 0x00000000d5580000)
  object space 105472K, 99% used [0x0000000080000000,0x00000000866c13d0,0x0000000086700000)
 Metaspace       used 82462K, committed 84224K, reserved 1179648K
  class space    used 9898K, committed 10688K, reserved 1048576K
}

