# JRE version: OpenJDK Runtime Environment Temurin-21.0.10+7 (21.0.10+7) (build 21.0.10+7-LTS)
# Java VM: OpenJDK 64-Bit Server VM Temurin-21.0.10+7 (21.0.10+7-LTS, mixed mode, sharing, tiered, compressed oops, compressed class ptrs, parallel gc, windows-amd64)
GC Precious Log:
 CardTable entry size: 512
 CPUs: 12 total, 12 available
 Memory: 7835M
 Large Page Support: Disabled
 NUMA Support: Disabled
 Compressed Oops: Enabled (32-bit)
 Alignments: Space 512K, Generation 512K, Heap 2M
 Heap Min Capacity: 100M
 Heap Initial Capacity: 100M
 Heap Max Capacity: 2G
 Pre-touch: Disabled
 Parallel Workers: 10
Heap:
 PSYoungGen      total 10752K, used 7480K [0x00000000d5580000, 0x00000000d6380000, 0x0000000100000000)
  eden space 10240K, 68% used [0x00000000d5580000,0x00000000d5c52658,0x00000000d5f80000)
  from space 512K, 96% used [0x00000000d6300000,0x00000000d637b9a8,0x00000000d6380000)
  to   space 2048K, 0% used [0x00000000d5f80000,0x00000000d5f80000,0x00000000d6180000)
 ParOldGen       total 68608K, used 59850K [0x0000000080000000, 0x0000000084300000, 0x00000000d5580000)
  object space 68608K, 87% used [0x0000000080000000,0x0000000083a72a80,0x0000000084300000)
 Metaspace       used 59373K, committed 60928K, reserved 1114112K
  class space    used 6970K, committed 7680K, reserved 1048576K
GC Heap History (20 events):
Event: 13.317 GC heap before
{Heap before GC invocations=43 (full 2):
 PSYoungGen      total 12800K, used 12384K [0x00000000d5580000, 0x00000000d6300000, 0x0000000100000000)
  eden space 11776K, 100% used [0x00000000d5580000,0x00000000d6100000,0x00000000d6100000)
  from space 1024K, 59% used [0x00000000d6200000,0x00000000d6298020,0x00000000d6300000)
  to   space 1024K, 0% used [0x00000000d6100000,0x00000000d6100000,0x00000000d6200000)
 ParOldGen       total 68608K, used 59847K [0x0000000080000000, 0x0000000084300000, 0x00000000d5580000)
  object space 68608K, 87% used [0x0000000080000000,0x0000000083a71f80,0x0000000084300000)
 Metaspace       used 54770K, committed 56128K, reserved 1114112K
  class space    used 6272K, committed 6912K, reserved 1048576K
}
Event: 13.320 GC heap after
{Heap after GC invocations=43 (full 2):
 PSYoungGen      total 12800K, used 658K [0x00000000d5580000, 0x00000000d6300000, 0x0000000100000000)
  eden space 11776K, 0% used [0x00000000d5580000,0x00000000d5580000,0x00000000d6100000)
  from space 1024K, 64% used [0x00000000d6100000,0x00000000d61a4898,0x00000000d6200000)
  to   space 1024K, 0% used [0x00000000d6200000,0x00000000d6200000,0x00000000d6300000)
 ParOldGen       total 68608K, used 60284K [0x0000000080000000, 0x0000000084300000, 0x00000000d5580000)
  object space 68608K, 87% used [0x0000000080000000,0x0000000083adf2f8,0x0000000084300000)
 Metaspace       used 54770K, committed 56128K, reserved 1114112K
  class space    used 6272K, committed 6912K, reserved 1048576K
}
Event: 13.572 GC heap before
{Heap before GC invocations=44 (full 2):
 PSYoungGen      total 12800K, used 12419K [0x00000000d5580000, 0x00000000d6300000, 0x0000000100000000)
  eden space 11776K, 99% used [0x00000000d5580000,0x00000000d60fc418,0x00000000d6100000)
  from space 1024K, 64% used [0x00000000d6100000,0x00000000d61a4898,0x00000000d6200000)
  to   space 1024K, 0% used [0x00000000d6200000,0x00000000d6200000,0x00000000d6300000)
 ParOldGen       total 68608K, used 60284K [0x0000000080000000, 0x0000000084300000, 0x00000000d5580000)
  object space 68608K, 87% used [0x0000000080000000,0x0000000083adf2f8,0x0000000084300000)
 Metaspace       used 54901K, committed 56320K, reserved 1114112K
  class space    used 6288K, committed 6976K, reserved 1048576K
}
Event: 13.574 GC heap after
{Heap after GC invocations=44 (full 2):
 PSYoungGen      total 11264K, used 1017K [0x00000000d5580000, 0x00000000d6600000, 0x0000000100000000)
  eden space 10240K, 0% used [0x00000000d5580000,0x00000000d5580000,0x00000000d5f80000)
  from space 1024K, 99% used [0x00000000d6200000,0x00000000d62fe4a0,0x00000000d6300000)
  to   space 2560K, 0% used [0x00000000d5f80000,0x00000000d5f80000,0x00000000d6200000)
 ParOldGen       total 68608K, used 61282K [0x0000000080000000, 0x0000000084300000, 0x00000000d5580000)
  object space 68608K, 89% used [0x0000000080000000,0x0000000083bd89c0,0x0000000084300000)
 Metaspace       used 54901K, committed 56320K, reserved 1114112K
  class space    used 6288K, committed 6976K, reserved 1048576K
}
Event: 13.825 GC heap before
{Heap before GC invocations=45 (full 2):
 PSYoungGen      total 11264K, used 11211K [0x00000000d5580000, 0x00000000d6600000, 0x0000000100000000)
  eden space 10240K, 99% used [0x00000000d5580000,0x00000000d5f748a8,0x00000000d5f80000)
  from space 1024K, 99% used [0x00000000d6200000,0x00000000d62fe4a0,0x00000000d6300000)
  to   space 2560K, 0% used [0x00000000d5f80000,0x00000000d5f80000,0x00000000d6200000)
 ParOldGen       total 68608K, used 61282K [0x0000000080000000, 0x0000000084300000, 0x00000000d5580000)
  object space 68608K, 89% used [0x0000000080000000,0x0000000083bd89c0,0x0000000084300000)
 Metaspace       used 54975K, committed 56384K, reserved 1114112K
  class space    used 6319K, committed 6976K, reserved 1048576K
}
Event: 13.826 GC heap after
{Heap after GC invocations=45 (full 2):
 PSYoungGen      total 12800K, used 2552K [0x00000000d5580000, 0x00000000d6780000, 0x0000000100000000)
  eden space 10240K, 0% used [0x00000000d5580000,0x00000000d5580000,0x00000000d5f80000)
  from space 2560K, 99% used [0x00000000d5f80000,0x00000000d61fe3a8,0x00000000d6200000)
  to   space 4096K, 0% used [0x00000000d6380000,0x00000000d6380000,0x00000000d6780000)
 ParOldGen       total 68608K, used 62441K [0x0000000080000000, 0x0000000084300000, 0x00000000d5580000)
  object space 68608K, 91% used [0x0000000080000000,0x0000000083cfa558,0x0000000084300000)
 Metaspace       used 54975K, committed 56384K, reserved 1114112K
  class space    used 6319K, committed 6976K, reserved 1048576K
}
Event: 14.963 GC heap before
{Heap before GC invocations=46 (full 2):
 PSYoungGen      total 12800K, used 12792K [0x00000000d5580000, 0x00000000d6780000, 0x0000000100000000)
  eden space 10240K, 100% used [0x00000000d5580000,0x00000000d5f80000,0x00000000d5f80000)
  from space 2560K, 99% used [0x00000000d5f80000,0x00000000d61fe3a8,0x00000000d6200000)
  to   space 4096K, 0% used [0x00000000d6380000,0x00000000d6380000,0x00000000d6780000)
 ParOldGen       total 68608K, used 62441K [0x0000000080000000, 0x0000000084300000, 0x00000000d5580000)
  object space 68608K, 91% used [0x0000000080000000,0x0000000083cfa558,0x0000000084300000)
 Metaspace       used 55233K, committed 56704K, reserved 1114112K
  class space    used 6356K, committed 7040K, reserved 1048576K
}
Event: 14.965 GC heap after
{Heap after GC invocations=46 (full 2):
 PSYoungGen      total 11264K, used 705K [0x00000000d5580000, 0x00000000d6480000, 0x0000000100000000)
  eden space 10240K, 0% used [0x00000000d5580000,0x00000000d5580000,0x00000000d5f80000)
  from space 1024K, 68% used [0x00000000d6380000,0x00000000d64307d8,0x00000000d6480000)
  to   space 2048K, 0% used [0x00000000d6080000,0x00000000d6080000,0x00000000d6280000)
 ParOldGen       total 68608K, used 64883K [0x0000000080000000, 0x0000000084300000, 0x00000000d5580000)
  object space 68608K, 94% used [0x0000000080000000,0x0000000083f5cc98,0x0000000084300000)
 Metaspace       used 55233K, committed 56704K, reserved 1114112K
  class space    used 6356K, committed 7040K, reserved 1048576K
}
Event: 15.071 GC heap before
{Heap before GC invocations=47 (full 2):
 PSYoungGen      total 11264K, used 10945K [0x00000000d5580000, 0x00000000d6480000, 0x0000000100000000)
  eden space 10240K, 100% used [0x00000000d5580000,0x00000000d5f80000,0x00000000d5f80000)
  from space 1024K, 68% used [0x00000000d6380000,0x00000000d64307d8,0x00000000d6480000)
  to   space 2048K, 0% used [0x00000000d6080000,0x00000000d6080000,0x00000000d6280000)
 ParOldGen       total 68608K, used 64883K [0x0000000080000000, 0x0000000084300000, 0x00000000d5580000)
  object space 68608K, 94% used [0x0000000080000000,0x0000000083f5cc98,0x0000000084300000)
 Metaspace       used 55782K, committed 57216K, reserved 1114112K
  class space    used 6440K, committed 7104K, reserved 1048576K
}
Event: 15.072 GC heap after
{Heap after GC invocations=47 (full 2):
 PSYoungGen      total 12288K, used 576K [0x00000000d5580000, 0x00000000d6400000, 0x0000000100000000)
  eden space 10240K, 0% used [0x00000000d5580000,0x00000000d5580000,0x00000000d5f80000)
  from space 2048K, 28% used [0x00000000d6080000,0x00000000d6110000,0x00000000d6280000)
  to   space 1024K, 0% used [0x00000000d6300000,0x00000000d6300000,0x00000000d6400000)
 ParOldGen       total 68608K, used 65404K [0x0000000080000000, 0x0000000084300000, 0x00000000d5580000)
  object space 68608K, 95% used [0x0000000080000000,0x0000000083fdf008,0x0000000084300000)
 Metaspace       used 55782K, committed 57216K, reserved 1114112K
  class space    used 6440K, committed 7104K, reserved 1048576K
}
Event: 15.174 GC heap before
{Heap before GC invocations=48 (full 2):
 PSYoungGen      total 12288K, used 10816K [0x00000000d5580000, 0x00000000d6400000, 0x0000000100000000)
  eden space 10240K, 100% used [0x00000000d5580000,0x00000000d5f80000,0x00000000d5f80000)
  from space 2048K, 28% used [0x00000000d6080000,0x00000000d6110000,0x00000000d6280000)
  to   space 1024K, 0% used [0x00000000d6300000,0x00000000d6300000,0x00000000d6400000)
 ParOldGen       total 68608K, used 65404K [0x0000000080000000, 0x0000000084300000, 0x00000000d5580000)
  object space 68608K, 95% used [0x0000000080000000,0x0000000083fdf008,0x0000000084300000)
 Metaspace       used 56452K, committed 57920K, reserved 1114112K
  class space    used 6548K, committed 7232K, reserved 1048576K
}
Event: 15.175 GC heap after
{Heap after GC invocations=48 (full 2):
 PSYoungGen      total 10752K, used 512K [0x00000000d5580000, 0x00000000d6380000, 0x0000000100000000)
  eden space 10240K, 0% used [0x00000000d5580000,0x00000000d5580000,0x00000000d5f80000)
  from space 512K, 100% used [0x00000000d6300000,0x00000000d6380000,0x00000000d6380000)
  to   space 1024K, 0% used [0x00000000d6180000,0x00000000d6180000,0x00000000d6280000)
 ParOldGen       total 68608K, used 65780K [0x0000000080000000, 0x0000000084300000, 0x00000000d5580000)
  object space 68608K, 95% used [0x0000000080000000,0x000000008403d018,0x0000000084300000)
 Metaspace       used 56452K, committed 57920K, reserved 1114112K
  class space    used 6548K, committed 7232K, reserved 1048576K
}
Event: 15.303 GC heap before
{Heap before GC invocations=49 (full 2):
 PSYoungGen      total 10752K, used 10752K [0x00000000d5580000, 0x00000000d6380000, 0x0000000100000000)
  eden space 10240K, 100% used [0x00000000d5580000,0x00000000d5f80000,0x00000000d5f80000)
  from space 512K, 100% used [0x00000000d6300000,0x00000000d6380000,0x00000000d6380000)
  to   space 1024K, 0% used [0x00000000d6180000,0x00000000d6180000,0x00000000d6280000)
 ParOldGen       total 68608K, used 65780K [0x0000000080000000, 0x0000000084300000, 0x00000000d5580000)
  object space 68608K, 95% used [0x0000000080000000,0x000000008403d018,0x0000000084300000)
 Metaspace       used 57251K, committed 58752K, reserved 1114112K
  class space    used 6666K, committed 7360K, reserved 1048576K
}
Event: 15.304 GC heap after
{Heap after GC invocations=49 (full 2):
 PSYoungGen      total 11264K, used 400K [0x00000000d5580000, 0x00000000d6380000, 0x0000000100000000)
  eden space 10240K, 0% used [0x00000000d5580000,0x00000000d5580000,0x00000000d5f80000)
  from space 1024K, 39% used [0x00000000d6180000,0x00000000d61e4010,0x00000000d6280000)
  to   space 512K, 0% used [0x00000000d6300000,0x00000000d6300000,0x00000000d6380000)
 ParOldGen       total 68608K, used 66140K [0x0000000080000000, 0x0000000084300000, 0x00000000d5580000)
  object space 68608K, 96% used [0x0000000080000000,0x0000000084097018,0x0000000084300000)
 Metaspace       used 57251K, committed 58752K, reserved 1114112K
  class space    used 6666K, committed 7360K, reserved 1048576K
}
Event: 15.461 GC heap before
{Heap before GC invocations=50 (full 2):
 PSYoungGen      total 11264K, used 10640K [0x00000000d5580000, 0x00000000d6380000, 0x0000000100000000)
  eden space 10240K, 100% used [0x00000000d5580000,0x00000000d5f80000,0x00000000d5f80000)
  from space 1024K, 39% used [0x00000000d6180000,0x00000000d61e4010,0x00000000d6280000)
  to   space 512K, 0% used [0x00000000d6300000,0x00000000d6300000,0x00000000d6380000)
 ParOldGen       total 68608K, used 66140K [0x0000000080000000, 0x0000000084300000, 0x00000000d5580000)
  object space 68608K, 96% used [0x0000000080000000,0x0000000084097018,0x0000000084300000)
 Metaspace       used 58230K, committed 59712K, reserved 1114112K
  class space    used 6799K, committed 7488K, reserved 1048576K
}
Event: 15.462 GC heap after
{Heap after GC invocations=50 (full 2):
 PSYoungGen      total 10752K, used 480K [0x00000000d5580000, 0x00000000d6380000, 0x0000000100000000)
  eden space 10240K, 0% used [0x00000000d5580000,0x00000000d5580000,0x00000000d5f80000)
  from space 512K, 93% used [0x00000000d6300000,0x00000000d6378010,0x00000000d6380000)
  to   space 1024K, 0% used [0x00000000d6180000,0x00000000d6180000,0x00000000d6280000)
 ParOldGen       total 68608K, used 66400K [0x0000000080000000, 0x0000000084300000, 0x00000000d5580000)
  object space 68608K, 96% used [0x0000000080000000,0x00000000840d8390,0x0000000084300000)
 Metaspace       used 58230K, committed 59712K, reserved 1114112K
  class space    used 6799K, committed 7488K, reserved 1048576K
}
Event: 15.467 GC heap before
{Heap before GC invocations=51 (full 2):
 PSYoungGen      total 10752K, used 1194K [0x00000000d5580000, 0x00000000d6380000, 0x0000000100000000)
  eden space 10240K, 6% used [0x00000000d5580000,0x00000000d5632a40,0x00000000d5f80000)
  from space 512K, 93% used [0x00000000d6300000,0x00000000d6378010,0x00000000d6380000)
  to   space 1024K, 0% used [0x00000000d6180000,0x00000000d6180000,0x00000000d6280000)
 ParOldGen       total 68608K, used 66400K [0x0000000080000000, 0x0000000084300000, 0x00000000d5580000)
  object space 68608K, 96% used [0x0000000080000000,0x00000000840d8390,0x0000000084300000)
 Metaspace       used 58323K, committed 59776K, reserved 1114112K
  class space    used 6804K, committed 7488K, reserved 1048576K
}
Event: 15.468 GC heap after
{Heap after GC invocations=51 (full 2):
 PSYoungGen      total 11264K, used 352K [0x00000000d5580000, 0x00000000d6380000, 0x0000000100000000)
  eden space 10240K, 0% used [0x00000000d5580000,0x00000000d5580000,0x00000000d5f80000)
  from space 1024K, 34% used [0x00000000d6180000,0x00000000d61d8010,0x00000000d6280000)
  to   space 512K, 0% used [0x00000000d6300000,0x00000000d6300000,0x00000000d6380000)
 ParOldGen       total 68608K, used 66640K [0x0000000080000000, 0x0000000084300000, 0x00000000d5580000)
  object space 68608K, 97% used [0x0000000080000000,0x0000000084114390,0x0000000084300000)
 Metaspace       used 58323K, committed 59776K, reserved 1114112K
  class space    used 6804K, committed 7488K, reserved 1048576K
}
Event: 15.468 GC heap before
{Heap before GC invocations=52 (full 3):
 PSYoungGen      total 11264K, used 352K [0x00000000d5580000, 0x00000000d6380000, 0x0000000100000000)
  eden space 10240K, 0% used [0x00000000d5580000,0x00000000d5580000,0x00000000d5f80000)
  from space 1024K, 34% used [0x00000000d6180000,0x00000000d61d8010,0x00000000d6280000)
  to   space 512K, 0% used [0x00000000d6300000,0x00000000d6300000,0x00000000d6380000)
 ParOldGen       total 68608K, used 66640K [0x0000000080000000, 0x0000000084300000, 0x00000000d5580000)
  object space 68608K, 97% used [0x0000000080000000,0x0000000084114390,0x0000000084300000)
 Metaspace       used 58323K, committed 59776K, reserved 1114112K
  class space    used 6804K, committed 7488K, reserved 1048576K
}
Event: 15.531 GC heap after
{Heap after GC invocations=52 (full 3):
 PSYoungGen      total 11264K, used 0K [0x00000000d5580000, 0x00000000d6380000, 0x0000000100000000)
  eden space 10240K, 0% used [0x00000000d5580000,0x00000000d5580000,0x00000000d5f80000)
  from space 1024K, 0% used [0x00000000d6180000,0x00000000d6180000,0x00000000d6280000)
  to   space 512K, 0% used [0x00000000d6300000,0x00000000d6300000,0x00000000d6380000)
 ParOldGen       total 68608K, used 58572K [0x0000000080000000, 0x0000000084300000, 0x00000000d5580000)
  object space 68608K, 85% used [0x0000000080000000,0x0000000083933378,0x0000000084300000)
 Metaspace       used 58323K, committed 59776K, reserved 1114112K
  class space    used 6804K, committed 7488K, reserved 1048576K
}

