# JRE version: OpenJDK Runtime Environment Temurin-21.0.10+7 (21.0.10+7) (build 21.0.10+7-LTS)
# Java VM: OpenJDK 64-Bit Server VM Temurin-21.0.10+7 (21.0.10+7-LTS, mixed mode, sharing, tiered, compressed oops, compressed class ptrs, g1 gc, windows-amd64)
GC Precious Log:
 CardTable entry size: 512
 Card Set container configuration: InlinePtr #cards 4 size 8 Array Of Cards #cards 32 size 80 Howl #buckets 8 coarsen threshold 7372 Howl Bitmap #cards 1024 size 144 coarsen threshold 921 Card regions per heap region 1 cards per card region 8192
 CPUs: 12 total, 12 available
 Memory: 7835M
 Large Page Support: Disabled
 NUMA Support: Disabled
 Compressed Oops: Enabled (Zero based)
 Heap Region Size: 4M
 Heap Min Capacity: 8M
 Heap Initial Capacity: 124M
 Heap Max Capacity: 8G
 Pre-touch: Disabled
 Parallel Workers: 10
 Concurrent Workers: 3
 Concurrent Refinement Workers: 10
 Periodic GC: Disabled
Heap:
 garbage-first heap   total 233472K, used 99650K [0x0000000600000000, 0x0000000800000000)
  region size 4096K, 16 young (65536K), 2 survivors (8192K)
 Metaspace       used 46345K, committed 47488K, reserved 1114112K
  class space    used 6432K, committed 6976K, reserved 1048576K
GC Heap History (20 events):
Event: 13.660 GC heap before
{Heap before GC invocations=17 (full 0):
 garbage-first heap   total 131072K, used 114525K [0x0000000600000000, 0x0000000800000000)
  region size 4096K, 19 young (77824K), 1 survivors (4096K)
 Metaspace       used 46250K, committed 47424K, reserved 1114112K
  class space    used 6425K, committed 6976K, reserved 1048576K
}
Event: 13.663 GC heap after
{Heap after GC invocations=18 (full 0):
 garbage-first heap   total 131072K, used 41223K [0x0000000600000000, 0x0000000800000000)
  region size 4096K, 1 young (4096K), 1 survivors (4096K)
 Metaspace       used 46250K, committed 47424K, reserved 1114112K
  class space    used 6425K, committed 6976K, reserved 1048576K
}
Event: 13.944 GC heap before
{Heap before GC invocations=18 (full 0):
 garbage-first heap   total 131072K, used 114951K [0x0000000600000000, 0x0000000800000000)
  region size 4096K, 19 young (77824K), 1 survivors (4096K)
 Metaspace       used 46271K, committed 47424K, reserved 1114112K
  class space    used 6425K, committed 6976K, reserved 1048576K
}
Event: 13.948 GC heap after
{Heap after GC invocations=19 (full 0):
 garbage-first heap   total 159744K, used 41622K [0x0000000600000000, 0x0000000800000000)
  region size 4096K, 1 young (4096K), 1 survivors (4096K)
 Metaspace       used 46271K, committed 47424K, reserved 1114112K
  class space    used 6425K, committed 6976K, reserved 1048576K
}
Event: 14.172 GC heap before
{Heap before GC invocations=19 (full 0):
 garbage-first heap   total 159744K, used 131734K [0x0000000600000000, 0x0000000800000000)
  region size 4096K, 23 young (94208K), 1 survivors (4096K)
 Metaspace       used 46271K, committed 47424K, reserved 1114112K
  class space    used 6425K, committed 6976K, reserved 1048576K
}
Event: 14.175 GC heap after
{Heap after GC invocations=20 (full 0):
 garbage-first heap   total 159744K, used 41714K [0x0000000600000000, 0x0000000800000000)
  region size 4096K, 2 young (8192K), 2 survivors (8192K)
 Metaspace       used 46271K, committed 47424K, reserved 1114112K
  class space    used 6425K, committed 6976K, reserved 1048576K
}
Event: 14.443 GC heap before
{Heap before GC invocations=20 (full 0):
 garbage-first heap   total 159744K, used 127730K [0x0000000600000000, 0x0000000800000000)
  region size 4096K, 23 young (94208K), 2 survivors (8192K)
 Metaspace       used 46286K, committed 47424K, reserved 1114112K
  class space    used 6425K, committed 6976K, reserved 1048576K
}
Event: 14.448 GC heap after
{Heap after GC invocations=21 (full 0):
 garbage-first heap   total 159744K, used 42393K [0x0000000600000000, 0x0000000800000000)
  region size 4096K, 2 young (8192K), 2 survivors (8192K)
 Metaspace       used 46286K, committed 47424K, reserved 1114112K
  class space    used 6425K, committed 6976K, reserved 1048576K
}
Event: 14.767 GC heap before
{Heap before GC invocations=21 (full 0):
 garbage-first heap   total 159744K, used 128409K [0x0000000600000000, 0x0000000800000000)
  region size 4096K, 23 young (94208K), 2 survivors (8192K)
 Metaspace       used 46328K, committed 47488K, reserved 1114112K
  class space    used 6432K, committed 6976K, reserved 1048576K
}
Event: 14.772 GC heap after
{Heap after GC invocations=22 (full 0):
 garbage-first heap   total 159744K, used 43157K [0x0000000600000000, 0x0000000800000000)
  region size 4096K, 2 young (8192K), 2 survivors (8192K)
 Metaspace       used 46328K, committed 47488K, reserved 1114112K
  class space    used 6432K, committed 6976K, reserved 1048576K
}
Event: 15.081 GC heap before
{Heap before GC invocations=22 (full 0):
 garbage-first heap   total 159744K, used 129173K [0x0000000600000000, 0x0000000800000000)
  region size 4096K, 23 young (94208K), 2 survivors (8192K)
 Metaspace       used 46340K, committed 47488K, reserved 1114112K
  class space    used 6432K, committed 6976K, reserved 1048576K
}
Event: 15.086 GC heap after
{Heap after GC invocations=23 (full 0):
 garbage-first heap   total 192512K, used 43949K [0x0000000600000000, 0x0000000800000000)
  region size 4096K, 2 young (8192K), 2 survivors (8192K)
 Metaspace       used 46340K, committed 47488K, reserved 1114112K
  class space    used 6432K, committed 6976K, reserved 1048576K
}
Event: 15.413 GC heap before
{Heap before GC invocations=23 (full 0):
 garbage-first heap   total 192512K, used 150445K [0x0000000600000000, 0x0000000800000000)
  region size 4096K, 28 young (114688K), 2 survivors (8192K)
 Metaspace       used 46341K, committed 47488K, reserved 1114112K
  class space    used 6432K, committed 6976K, reserved 1048576K
}
Event: 15.419 GC heap after
{Heap after GC invocations=24 (full 0):
 garbage-first heap   total 192512K, used 44454K [0x0000000600000000, 0x0000000800000000)
  region size 4096K, 2 young (8192K), 2 survivors (8192K)
 Metaspace       used 46341K, committed 47488K, reserved 1114112K
  class space    used 6432K, committed 6976K, reserved 1048576K
}
Event: 15.650 GC heap before
{Heap before GC invocations=24 (full 0):
 garbage-first heap   total 192512K, used 150950K [0x0000000600000000, 0x0000000800000000)
  region size 4096K, 28 young (114688K), 2 survivors (8192K)
 Metaspace       used 46341K, committed 47488K, reserved 1114112K
  class space    used 6432K, committed 6976K, reserved 1048576K
}
Event: 15.655 GC heap after
{Heap after GC invocations=25 (full 0):
 garbage-first heap   total 192512K, used 45063K [0x0000000600000000, 0x0000000800000000)
  region size 4096K, 2 young (8192K), 2 survivors (8192K)
 Metaspace       used 46341K, committed 47488K, reserved 1114112K
  class space    used 6432K, committed 6976K, reserved 1048576K
}
Event: 15.932 GC heap before
{Heap before GC invocations=25 (full 0):
 garbage-first heap   total 192512K, used 151559K [0x0000000600000000, 0x0000000800000000)
  region size 4096K, 28 young (114688K), 2 survivors (8192K)
 Metaspace       used 46341K, committed 47488K, reserved 1114112K
  class space    used 6432K, committed 6976K, reserved 1048576K
}
Event: 15.937 GC heap after
{Heap after GC invocations=26 (full 0):
 garbage-first heap   total 192512K, used 45725K [0x0000000600000000, 0x0000000800000000)
  region size 4096K, 2 young (8192K), 2 survivors (8192K)
 Metaspace       used 46341K, committed 47488K, reserved 1114112K
  class space    used 6432K, committed 6976K, reserved 1048576K
}
Event: 16.192 GC heap before
{Heap before GC invocations=26 (full 0):
 garbage-first heap   total 192512K, used 152221K [0x0000000600000000, 0x0000000800000000)
  region size 4096K, 28 young (114688K), 2 survivors (8192K)
 Metaspace       used 46342K, committed 47488K, reserved 1114112K
  class space    used 6432K, committed 6976K, reserved 1048576K
}
Event: 16.200 GC heap after
{Heap after GC invocations=27 (full 0):
 garbage-first heap   total 233472K, used 46402K [0x0000000600000000, 0x0000000800000000)
  region size 4096K, 2 young (8192K), 2 survivors (8192K)
 Metaspace       used 46342K, committed 47488K, reserved 1114112K
  class space    used 6432K, committed 6976K, reserved 1048576K
}

