# JRE version: OpenJDK Runtime Environment Temurin-21.0.10+7 (21.0.10+7) (build 21.0.10+7-LTS)
# Java VM: OpenJDK 64-Bit Server VM Temurin-21.0.10+7 (21.0.10+7-LTS, mixed mode, sharing, tiered, compressed oops, compressed class ptrs, parallel gc, windows-amd64)
GC Precious Log:
 CardTable entry size: 512
 CPUs: 12 total, 12 available
 Memory: 7835M
 Large Page Support: Disabled
 NUMA Support: Disabled
 Compressed Oops: Enabled (32-bit)
 Alignments: Space 512K, Generation 512K, Heap 2M
 Heap Min Capacity: 100M
 Heap Initial Capacity: 100M
 Heap Max Capacity: 2G
 Pre-touch: Disabled
 Parallel Workers: 10
Heap:
 PSYoungGen      total 11776K, used 10457K [0x00000000d5580000, 0x00000000d6200000, 0x0000000100000000)
  eden space 10752K, 91% used [0x00000000d5580000,0x00000000d5f16568,0x00000000d6000000)
  from space 1024K, 62% used [0x00000000d6100000,0x00000000d61a0020,0x00000000d6200000)
  to   space 1024K, 0% used [0x00000000d6000000,0x00000000d6000000,0x00000000d6100000)
 ParOldGen       total 155136K, used 155048K [0x0000000080000000, 0x0000000089780000, 0x00000000d5580000)
  object space 155136K, 99% used [0x0000000080000000,0x000000008976a1c8,0x0000000089780000)
 Metaspace       used 80148K, committed 81920K, reserved 1179648K
  class space    used 9772K, committed 10560K, reserved 1048576K
GC Heap History (20 events):
Event: 17.338 GC heap after
{Heap after GC invocations=147 (full 3):
 PSYoungGen      total 8704K, used 3040K [0x00000000d5580000, 0x00000000d6280000, 0x0000000100000000)
  eden space 5120K, 0% used [0x00000000d5580000,0x00000000d5580000,0x00000000d5a80000)
  from space 3584K, 84% used [0x00000000d5e00000,0x00000000d60f8000,0x00000000d6180000)
  to   space 3584K, 0% used [0x00000000d5a80000,0x00000000d5a80000,0x00000000d5e00000)
 ParOldGen       total 141824K, used 141770K [0x0000000080000000, 0x0000000088a80000, 0x00000000d5580000)
  object space 141824K, 99% used [0x0000000080000000,0x0000000088a729c8,0x0000000088a80000)
 Metaspace       used 79564K, committed 81344K, reserved 1179648K
  class space    used 9719K, committed 10496K, reserved 1048576K
}
Event: 17.346 GC heap before
{Heap before GC invocations=148 (full 3):
 PSYoungGen      total 8704K, used 8160K [0x00000000d5580000, 0x00000000d6280000, 0x0000000100000000)
  eden space 5120K, 100% used [0x00000000d5580000,0x00000000d5a80000,0x00000000d5a80000)
  from space 3584K, 84% used [0x00000000d5e00000,0x00000000d60f8000,0x00000000d6180000)
  to   space 3584K, 0% used [0x00000000d5a80000,0x00000000d5a80000,0x00000000d5e00000)
 ParOldGen       total 141824K, used 141770K [0x0000000080000000, 0x0000000088a80000, 0x00000000d5580000)
  object space 141824K, 99% used [0x0000000080000000,0x0000000088a729c8,0x0000000088a80000)
 Metaspace       used 79586K, committed 81344K, reserved 1179648K
  class space    used 9721K, committed 10496K, reserved 1048576K
}
Event: 17.350 GC heap after
{Heap after GC invocations=148 (full 3):
 PSYoungGen      total 8704K, used 1856K [0x00000000d5580000, 0x00000000d6080000, 0x0000000100000000)
  eden space 5120K, 0% used [0x00000000d5580000,0x00000000d5580000,0x00000000d5a80000)
  from space 3584K, 51% used [0x00000000d5a80000,0x00000000d5c50020,0x00000000d5e00000)
  to   space 2560K, 0% used [0x00000000d5e00000,0x00000000d5e00000,0x00000000d6080000)
 ParOldGen       total 144896K, used 144690K [0x0000000080000000, 0x0000000088d80000, 0x00000000d5580000)
  object space 144896K, 99% used [0x0000000080000000,0x0000000088d4c9c8,0x0000000088d80000)
 Metaspace       used 79586K, committed 81344K, reserved 1179648K
  class space    used 9721K, committed 10496K, reserved 1048576K
}
Event: 17.361 GC heap before
{Heap before GC invocations=149 (full 3):
 PSYoungGen      total 8704K, used 6841K [0x00000000d5580000, 0x00000000d6080000, 0x0000000100000000)
  eden space 5120K, 97% used [0x00000000d5580000,0x00000000d5a5e7a0,0x00000000d5a80000)
  from space 3584K, 51% used [0x00000000d5a80000,0x00000000d5c50020,0x00000000d5e00000)
  to   space 2560K, 0% used [0x00000000d5e00000,0x00000000d5e00000,0x00000000d6080000)
 ParOldGen       total 144896K, used 144690K [0x0000000080000000, 0x0000000088d80000, 0x00000000d5580000)
  object space 144896K, 99% used [0x0000000080000000,0x0000000088d4c9c8,0x0000000088d80000)
 Metaspace       used 79597K, committed 81408K, reserved 1179648K
  class space    used 9721K, committed 10496K, reserved 1048576K
}
Event: 17.366 GC heap after
{Heap after GC invocations=149 (full 3):
 PSYoungGen      total 7680K, used 1336K [0x00000000d5580000, 0x00000000d5f80000, 0x0000000100000000)
  eden space 6144K, 0% used [0x00000000d5580000,0x00000000d5580000,0x00000000d5b80000)
  from space 1536K, 86% used [0x00000000d5e00000,0x00000000d5f4e000,0x00000000d5f80000)
  to   space 2048K, 0% used [0x00000000d5b80000,0x00000000d5b80000,0x00000000d5d80000)
 ParOldGen       total 146432K, used 146338K [0x0000000080000000, 0x0000000088f00000, 0x00000000d5580000)
  object space 146432K, 99% used [0x0000000080000000,0x0000000088ee89c8,0x0000000088f00000)
 Metaspace       used 79597K, committed 81408K, reserved 1179648K
  class space    used 9721K, committed 10496K, reserved 1048576K
}
Event: 17.379 GC heap before
{Heap before GC invocations=150 (full 3):
 PSYoungGen      total 7680K, used 7480K [0x00000000d5580000, 0x00000000d5f80000, 0x0000000100000000)
  eden space 6144K, 100% used [0x00000000d5580000,0x00000000d5b80000,0x00000000d5b80000)
  from space 1536K, 86% used [0x00000000d5e00000,0x00000000d5f4e000,0x00000000d5f80000)
  to   space 2048K, 0% used [0x00000000d5b80000,0x00000000d5b80000,0x00000000d5d80000)
 ParOldGen       total 146432K, used 146338K [0x0000000080000000, 0x0000000088f00000, 0x00000000d5580000)
  object space 146432K, 99% used [0x0000000080000000,0x0000000088ee89c8,0x0000000088f00000)
 Metaspace       used 79621K, committed 81408K, reserved 1179648K
  class space    used 9725K, committed 10496K, reserved 1048576K
}
Event: 17.383 GC heap after
{Heap after GC invocations=150 (full 3):
 PSYoungGen      total 8192K, used 2018K [0x00000000d5580000, 0x00000000d6500000, 0x0000000100000000)
  eden space 6144K, 0% used [0x00000000d5580000,0x00000000d5580000,0x00000000d5b80000)
  from space 2048K, 98% used [0x00000000d5b80000,0x00000000d5d78910,0x00000000d5d80000)
  to   space 4096K, 0% used [0x00000000d6100000,0x00000000d6100000,0x00000000d6500000)
 ParOldGen       total 147968K, used 147646K [0x0000000080000000, 0x0000000089080000, 0x00000000d5580000)
  object space 147968K, 99% used [0x0000000080000000,0x000000008902f9d8,0x0000000089080000)
 Metaspace       used 79621K, committed 81408K, reserved 1179648K
  class space    used 9725K, committed 10496K, reserved 1048576K
}
Event: 17.397 GC heap before
{Heap before GC invocations=151 (full 3):
 PSYoungGen      total 8192K, used 8162K [0x00000000d5580000, 0x00000000d6500000, 0x0000000100000000)
  eden space 6144K, 100% used [0x00000000d5580000,0x00000000d5b80000,0x00000000d5b80000)
  from space 2048K, 98% used [0x00000000d5b80000,0x00000000d5d78910,0x00000000d5d80000)
  to   space 4096K, 0% used [0x00000000d6100000,0x00000000d6100000,0x00000000d6500000)
 ParOldGen       total 147968K, used 147646K [0x0000000080000000, 0x0000000089080000, 0x00000000d5580000)
  object space 147968K, 99% used [0x0000000080000000,0x000000008902f9d8,0x0000000089080000)
 Metaspace       used 79641K, committed 81408K, reserved 1179648K
  class space    used 9729K, committed 10496K, reserved 1048576K
}
Event: 17.402 GC heap after
{Heap after GC invocations=151 (full 3):
 PSYoungGen      total 8704K, used 608K [0x00000000d5580000, 0x00000000d6200000, 0x0000000100000000)
  eden space 7680K, 0% used [0x00000000d5580000,0x00000000d5580000,0x00000000d5d00000)
  from space 1024K, 59% used [0x00000000d6100000,0x00000000d6198000,0x00000000d6200000)
  to   space 2048K, 0% used [0x00000000d5e00000,0x00000000d5e00000,0x00000000d6000000)
 ParOldGen       total 150528K, used 149958K [0x0000000080000000, 0x0000000089300000, 0x00000000d5580000)
  object space 150528K, 99% used [0x0000000080000000,0x0000000089271838,0x0000000089300000)
 Metaspace       used 79641K, committed 81408K, reserved 1179648K
  class space    used 9729K, committed 10496K, reserved 1048576K
}
Event: 17.430 GC heap before
{Heap before GC invocations=152 (full 3):
 PSYoungGen      total 8704K, used 8288K [0x00000000d5580000, 0x00000000d6200000, 0x0000000100000000)
  eden space 7680K, 100% used [0x00000000d5580000,0x00000000d5d00000,0x00000000d5d00000)
  from space 1024K, 59% used [0x00000000d6100000,0x00000000d6198000,0x00000000d6200000)
  to   space 2048K, 0% used [0x00000000d5e00000,0x00000000d5e00000,0x00000000d6000000)
 ParOldGen       total 150528K, used 149958K [0x0000000080000000, 0x0000000089300000, 0x00000000d5580000)
  object space 150528K, 99% used [0x0000000080000000,0x0000000089271838,0x0000000089300000)
 Metaspace       used 79680K, committed 81472K, reserved 1179648K
  class space    used 9735K, committed 10496K, reserved 1048576K
}
Event: 17.431 GC heap after
{Heap after GC invocations=152 (full 3):
 PSYoungGen      total 9728K, used 512K [0x00000000d5580000, 0x00000000d6180000, 0x0000000100000000)
  eden space 7680K, 0% used [0x00000000d5580000,0x00000000d5580000,0x00000000d5d00000)
  from space 2048K, 25% used [0x00000000d5e00000,0x00000000d5e80000,0x00000000d6000000)
  to   space 1024K, 0% used [0x00000000d6080000,0x00000000d6080000,0x00000000d6180000)
 ParOldGen       total 150528K, used 150450K [0x0000000080000000, 0x0000000089300000, 0x00000000d5580000)
  object space 150528K, 99% used [0x0000000080000000,0x00000000892ec848,0x0000000089300000)
 Metaspace       used 79680K, committed 81472K, reserved 1179648K
  class space    used 9735K, committed 10496K, reserved 1048576K
}
Event: 17.499 GC heap before
{Heap before GC invocations=153 (full 3):
 PSYoungGen      total 9728K, used 8192K [0x00000000d5580000, 0x00000000d6180000, 0x0000000100000000)
  eden space 7680K, 100% used [0x00000000d5580000,0x00000000d5d00000,0x00000000d5d00000)
  from space 2048K, 25% used [0x00000000d5e00000,0x00000000d5e80000,0x00000000d6000000)
  to   space 1024K, 0% used [0x00000000d6080000,0x00000000d6080000,0x00000000d6180000)
 ParOldGen       total 150528K, used 150450K [0x0000000080000000, 0x0000000089300000, 0x00000000d5580000)
  object space 150528K, 99% used [0x0000000080000000,0x00000000892ec848,0x0000000089300000)
 Metaspace       used 79784K, committed 81536K, reserved 1179648K
  class space    used 9743K, committed 10496K, reserved 1048576K
}
Event: 17.502 GC heap after
{Heap after GC invocations=153 (full 3):
 PSYoungGen      total 8704K, used 596K [0x00000000d5580000, 0x00000000d6180000, 0x0000000100000000)
  eden space 7680K, 0% used [0x00000000d5580000,0x00000000d5580000,0x00000000d5d00000)
  from space 1024K, 58% used [0x00000000d6080000,0x00000000d61150b0,0x00000000d6180000)
  to   space 1024K, 0% used [0x00000000d5f80000,0x00000000d5f80000,0x00000000d6080000)
 ParOldGen       total 151040K, used 150782K [0x0000000080000000, 0x0000000089380000, 0x00000000d5580000)
  object space 151040K, 99% used [0x0000000080000000,0x000000008933f960,0x0000000089380000)
 Metaspace       used 79784K, committed 81536K, reserved 1179648K
  class space    used 9743K, committed 10496K, reserved 1048576K
}
Event: 17.574 GC heap before
{Heap before GC invocations=154 (full 3):
 PSYoungGen      total 8704K, used 8276K [0x00000000d5580000, 0x00000000d6180000, 0x0000000100000000)
  eden space 7680K, 100% used [0x00000000d5580000,0x00000000d5d00000,0x00000000d5d00000)
  from space 1024K, 58% used [0x00000000d6080000,0x00000000d61150b0,0x00000000d6180000)
  to   space 1024K, 0% used [0x00000000d5f80000,0x00000000d5f80000,0x00000000d6080000)
 ParOldGen       total 151040K, used 150782K [0x0000000080000000, 0x0000000089380000, 0x00000000d5580000)
  object space 151040K, 99% used [0x0000000080000000,0x000000008933f960,0x0000000089380000)
 Metaspace       used 79908K, committed 81664K, reserved 1179648K
  class space    used 9753K, committed 10496K, reserved 1048576K
}
Event: 17.576 GC heap after
{Heap after GC invocations=154 (full 3):
 PSYoungGen      total 8704K, used 546K [0x00000000d5580000, 0x00000000d6100000, 0x0000000100000000)
  eden space 7680K, 0% used [0x00000000d5580000,0x00000000d5580000,0x00000000d5d00000)
  from space 1024K, 53% used [0x00000000d5f80000,0x00000000d6008ae8,0x00000000d6080000)
  to   space 512K, 0% used [0x00000000d6080000,0x00000000d6080000,0x00000000d6100000)
 ParOldGen       total 151552K, used 151176K [0x0000000080000000, 0x0000000089400000, 0x00000000d5580000)
  object space 151552K, 99% used [0x0000000080000000,0x00000000893a2148,0x0000000089400000)
 Metaspace       used 79908K, committed 81664K, reserved 1179648K
  class space    used 9753K, committed 10496K, reserved 1048576K
}
Event: 17.633 GC heap before
{Heap before GC invocations=155 (full 3):
 PSYoungGen      total 8704K, used 8226K [0x00000000d5580000, 0x00000000d6100000, 0x0000000100000000)
  eden space 7680K, 100% used [0x00000000d5580000,0x00000000d5d00000,0x00000000d5d00000)
  from space 1024K, 53% used [0x00000000d5f80000,0x00000000d6008ae8,0x00000000d6080000)
  to   space 512K, 0% used [0x00000000d6080000,0x00000000d6080000,0x00000000d6100000)
 ParOldGen       total 151552K, used 151176K [0x0000000080000000, 0x0000000089400000, 0x00000000d5580000)
  object space 151552K, 99% used [0x0000000080000000,0x00000000893a2148,0x0000000089400000)
 Metaspace       used 79958K, committed 81728K, reserved 1179648K
  class space    used 9759K, committed 10496K, reserved 1048576K
}
Event: 17.637 GC heap after
{Heap after GC invocations=155 (full 3):
 PSYoungGen      total 8192K, used 480K [0x00000000d5580000, 0x00000000d6100000, 0x0000000100000000)
  eden space 7680K, 0% used [0x00000000d5580000,0x00000000d5580000,0x00000000d5d00000)
  from space 512K, 93% used [0x00000000d6080000,0x00000000d60f8150,0x00000000d6100000)
  to   space 1536K, 0% used [0x00000000d5e00000,0x00000000d5e00000,0x00000000d5f80000)
 ParOldGen       total 152064K, used 151726K [0x0000000080000000, 0x0000000089480000, 0x00000000d5580000)
  object space 152064K, 99% used [0x0000000080000000,0x000000008942bb38,0x0000000089480000)
 Metaspace       used 79958K, committed 81728K, reserved 1179648K
  class space    used 9759K, committed 10496K, reserved 1048576K
}
Event: 17.693 GC heap before
{Heap before GC invocations=156 (full 3):
 PSYoungGen      total 8192K, used 8160K [0x00000000d5580000, 0x00000000d6100000, 0x0000000100000000)
  eden space 7680K, 100% used [0x00000000d5580000,0x00000000d5d00000,0x00000000d5d00000)
  from space 512K, 93% used [0x00000000d6080000,0x00000000d60f8150,0x00000000d6100000)
  to   space 1536K, 0% used [0x00000000d5e00000,0x00000000d5e00000,0x00000000d5f80000)
 ParOldGen       total 152064K, used 151726K [0x0000000080000000, 0x0000000089480000, 0x00000000d5580000)
  object space 152064K, 99% used [0x0000000080000000,0x000000008942bb38,0x0000000089480000)
 Metaspace       used 80045K, committed 81856K, reserved 1179648K
  class space    used 9762K, committed 10560K, reserved 1048576K
}
Event: 17.697 GC heap after
{Heap after GC invocations=156 (full 3):
 PSYoungGen      total 9216K, used 1520K [0x00000000d5580000, 0x00000000d6200000, 0x0000000100000000)
  eden space 7680K, 0% used [0x00000000d5580000,0x00000000d5580000,0x00000000d5d00000)
  from space 1536K, 98% used [0x00000000d5e00000,0x00000000d5f7c000,0x00000000d5f80000)
  to   space 2560K, 0% used [0x00000000d5f80000,0x00000000d5f80000,0x00000000d6200000)
 ParOldGen       total 152576K, used 152143K [0x0000000080000000, 0x0000000089500000, 0x00000000d5580000)
  object space 152576K, 99% used [0x0000000080000000,0x0000000089493d00,0x0000000089500000)
 Metaspace       used 80045K, committed 81856K, reserved 1179648K
  class space    used 9762K, committed 10560K, reserved 1048576K
}
Event: 17.718 GC heap before
{Heap before GC invocations=157 (full 3):
 PSYoungGen      total 9216K, used 9200K [0x00000000d5580000, 0x00000000d6200000, 0x0000000100000000)
  eden space 7680K, 100% used [0x00000000d5580000,0x00000000d5d00000,0x00000000d5d00000)
  from space 1536K, 98% used [0x00000000d5e00000,0x00000000d5f7c000,0x00000000d5f80000)
  to   space 2560K, 0% used [0x00000000d5f80000,0x00000000d5f80000,0x00000000d6200000)
 ParOldGen       total 152576K, used 152143K [0x0000000080000000, 0x0000000089500000, 0x00000000d5580000)
  object space 152576K, 99% used [0x0000000080000000,0x0000000089493d00,0x0000000089500000)
 Metaspace       used 80071K, committed 81856K, reserved 1179648K
  class space    used 9765K, committed 10560K, reserved 1048576K
}

