# JRE version: OpenJDK Runtime Environment Temurin-21.0.10+7 (21.0.10+7) (build 21.0.10+7-LTS)
# Java VM: OpenJDK 64-Bit Server VM Temurin-21.0.10+7 (21.0.10+7-LTS, mixed mode, sharing, tiered, compressed oops, compressed class ptrs, g1 gc, windows-amd64)
GC Precious Log:
 CardTable entry size: 512
 Card Set container configuration: InlinePtr #cards 4 size 8 Array Of Cards #cards 32 size 80 Howl #buckets 8 coarsen threshold 7372 Howl Bitmap #cards 1024 size 144 coarsen threshold 921 Card regions per heap region 1 cards per card region 8192
 CPUs: 12 total, 12 available
 Memory: 7835M
 Large Page Support: Disabled
 NUMA Support: Disabled
 Compressed Oops: Enabled (Zero based)
 Heap Region Size: 4M
 Heap Min Capacity: 8M
 Heap Initial Capacity: 124M
 Heap Max Capacity: 8G
 Pre-touch: Disabled
 Parallel Workers: 10
 Concurrent Workers: 3
 Concurrent Refinement Workers: 10
 Periodic GC: Disabled
Heap:
 garbage-first heap   total 159744K, used 95454K [0x0000000600000000, 0x0000000800000000)
  region size 4096K, 16 young (65536K), 2 survivors (8192K)
 Metaspace       used 41844K, committed 43136K, reserved 1114112K
  class space    used 5781K, committed 6400K, reserved 1048576K
GC Heap History (20 events):
Event: 13.091 GC heap before
{Heap before GC invocations=15 (full 0):
 garbage-first heap   total 106496K, used 95260K [0x0000000600000000, 0x0000000800000000)
  region size 4096K, 15 young (61440K), 1 survivors (4096K)
 Metaspace       used 41711K, committed 43008K, reserved 1114112K
  class space    used 5766K, committed 6400K, reserved 1048576K
}
Event: 13.094 GC heap after
{Heap after GC invocations=16 (full 0):
 garbage-first heap   total 106496K, used 38032K [0x0000000600000000, 0x0000000800000000)
  region size 4096K, 1 young (4096K), 1 survivors (4096K)
 Metaspace       used 41711K, committed 43008K, reserved 1114112K
  class space    used 5766K, committed 6400K, reserved 1048576K
}
Event: 13.372 GC heap before
{Heap before GC invocations=16 (full 0):
 garbage-first heap   total 106496K, used 95376K [0x0000000600000000, 0x0000000800000000)
  region size 4096K, 15 young (61440K), 1 survivors (4096K)
 Metaspace       used 41714K, committed 43008K, reserved 1114112K
  class space    used 5766K, committed 6400K, reserved 1048576K
}
Event: 13.375 GC heap after
{Heap after GC invocations=17 (full 0):
 garbage-first heap   total 131072K, used 38329K [0x0000000600000000, 0x0000000800000000)
  region size 4096K, 1 young (4096K), 1 survivors (4096K)
 Metaspace       used 41714K, committed 43008K, reserved 1114112K
  class space    used 5766K, committed 6400K, reserved 1048576K
}
Event: 13.692 GC heap before
{Heap before GC invocations=17 (full 0):
 garbage-first heap   total 131072K, used 112057K [0x0000000600000000, 0x0000000800000000)
  region size 4096K, 19 young (77824K), 1 survivors (4096K)
 Metaspace       used 41715K, committed 43008K, reserved 1114112K
  class space    used 5766K, committed 6400K, reserved 1048576K
}
Event: 13.695 GC heap after
{Heap after GC invocations=18 (full 0):
 garbage-first heap   total 131072K, used 38785K [0x0000000600000000, 0x0000000800000000)
  region size 4096K, 1 young (4096K), 1 survivors (4096K)
 Metaspace       used 41715K, committed 43008K, reserved 1114112K
  class space    used 5766K, committed 6400K, reserved 1048576K
}
Event: 14.038 GC heap before
{Heap before GC invocations=18 (full 0):
 garbage-first heap   total 131072K, used 112513K [0x0000000600000000, 0x0000000800000000)
  region size 4096K, 19 young (77824K), 1 survivors (4096K)
 Metaspace       used 41724K, committed 43008K, reserved 1114112K
  class space    used 5766K, committed 6400K, reserved 1048576K
}
Event: 14.041 GC heap after
{Heap after GC invocations=19 (full 0):
 garbage-first heap   total 131072K, used 39311K [0x0000000600000000, 0x0000000800000000)
  region size 4096K, 1 young (4096K), 1 survivors (4096K)
 Metaspace       used 41724K, committed 43008K, reserved 1114112K
  class space    used 5766K, committed 6400K, reserved 1048576K
}
Event: 14.274 GC heap before
{Heap before GC invocations=19 (full 0):
 garbage-first heap   total 131072K, used 113039K [0x0000000600000000, 0x0000000800000000)
  region size 4096K, 19 young (77824K), 1 survivors (4096K)
 Metaspace       used 41724K, committed 43008K, reserved 1114112K
  class space    used 5766K, committed 6400K, reserved 1048576K
}
Event: 14.277 GC heap after
{Heap after GC invocations=20 (full 0):
 garbage-first heap   total 131072K, used 39353K [0x0000000600000000, 0x0000000800000000)
  region size 4096K, 1 young (4096K), 1 survivors (4096K)
 Metaspace       used 41724K, committed 43008K, reserved 1114112K
  class space    used 5766K, committed 6400K, reserved 1048576K
}
Event: 14.522 GC heap before
{Heap before GC invocations=20 (full 0):
 garbage-first heap   total 131072K, used 113081K [0x0000000600000000, 0x0000000800000000)
  region size 4096K, 19 young (77824K), 1 survivors (4096K)
 Metaspace       used 41746K, committed 43008K, reserved 1114112K
  class space    used 5766K, committed 6400K, reserved 1048576K
}
Event: 14.526 GC heap after
{Heap after GC invocations=21 (full 0):
 garbage-first heap   total 131072K, used 39699K [0x0000000600000000, 0x0000000800000000)
  region size 4096K, 1 young (4096K), 1 survivors (4096K)
 Metaspace       used 41746K, committed 43008K, reserved 1114112K
  class space    used 5766K, committed 6400K, reserved 1048576K
}
Event: 14.890 GC heap before
{Heap before GC invocations=21 (full 0):
 garbage-first heap   total 131072K, used 113427K [0x0000000600000000, 0x0000000800000000)
  region size 4096K, 19 young (77824K), 1 survivors (4096K)
 Metaspace       used 41754K, committed 43008K, reserved 1114112K
  class space    used 5766K, committed 6400K, reserved 1048576K
}
Event: 14.895 GC heap after
{Heap after GC invocations=22 (full 0):
 garbage-first heap   total 131072K, used 40366K [0x0000000600000000, 0x0000000800000000)
  region size 4096K, 2 young (8192K), 2 survivors (8192K)
 Metaspace       used 41754K, committed 43008K, reserved 1114112K
  class space    used 5766K, committed 6400K, reserved 1048576K
}
Event: 15.324 GC heap before
{Heap before GC invocations=22 (full 0):
 garbage-first heap   total 131072K, used 109998K [0x0000000600000000, 0x0000000800000000)
  region size 4096K, 19 young (77824K), 2 survivors (8192K)
 Metaspace       used 41820K, committed 43136K, reserved 1114112K
  class space    used 5781K, committed 6400K, reserved 1048576K
}
Event: 15.329 GC heap after
{Heap after GC invocations=23 (full 0):
 garbage-first heap   total 159744K, used 40949K [0x0000000600000000, 0x0000000800000000)
  region size 4096K, 2 young (8192K), 2 survivors (8192K)
 Metaspace       used 41820K, committed 43136K, reserved 1114112K
  class space    used 5781K, committed 6400K, reserved 1048576K
}
Event: 15.771 GC heap before
{Heap before GC invocations=23 (full 0):
 garbage-first heap   total 159744K, used 126965K [0x0000000600000000, 0x0000000800000000)
  region size 4096K, 23 young (94208K), 2 survivors (8192K)
 Metaspace       used 41835K, committed 43136K, reserved 1114112K
  class space    used 5781K, committed 6400K, reserved 1048576K
}
Event: 15.777 GC heap after
{Heap after GC invocations=24 (full 0):
 garbage-first heap   total 159744K, used 41634K [0x0000000600000000, 0x0000000800000000)
  region size 4096K, 2 young (8192K), 2 survivors (8192K)
 Metaspace       used 41835K, committed 43136K, reserved 1114112K
  class space    used 5781K, committed 6400K, reserved 1048576K
}
Event: 16.161 GC heap before
{Heap before GC invocations=24 (full 0):
 garbage-first heap   total 159744K, used 127650K [0x0000000600000000, 0x0000000800000000)
  region size 4096K, 23 young (94208K), 2 survivors (8192K)
 Metaspace       used 41835K, committed 43136K, reserved 1114112K
  class space    used 5781K, committed 6400K, reserved 1048576K
}
Event: 16.166 GC heap after
{Heap after GC invocations=25 (full 0):
 garbage-first heap   total 159744K, used 42206K [0x0000000600000000, 0x0000000800000000)
  region size 4096K, 2 young (8192K), 2 survivors (8192K)
 Metaspace       used 41835K, committed 43136K, reserved 1114112K
  class space    used 5781K, committed 6400K, reserved 1048576K
}

