# JRE version: OpenJDK Runtime Environment Temurin-21.0.10+7 (21.0.10+7) (build 21.0.10+7-LTS)
# Java VM: OpenJDK 64-Bit Server VM Temurin-21.0.10+7 (21.0.10+7-LTS, mixed mode, sharing, tiered, compressed oops, compressed class ptrs, g1 gc, windows-amd64)
GC Precious Log:
 CardTable entry size: 512
 Card Set container configuration: InlinePtr #cards 4 size 8 Array Of Cards #cards 32 size 80 Howl #buckets 8 coarsen threshold 7372 Howl Bitmap #cards 1024 size 144 coarsen threshold 921 Card regions per heap region 1 cards per card region 8192
 CPUs: 12 total, 12 available
 Memory: 7835M
 Large Page Support: Disabled
 NUMA Support: Disabled
 Compressed Oops: Enabled (Zero based)
 Heap Region Size: 4M
 Heap Min Capacity: 8M
 Heap Initial Capacity: 124M
 Heap Max Capacity: 8G
 Pre-touch: Disabled
 Parallel Workers: 10
 Concurrent Workers: 3
 Concurrent Refinement Workers: 10
 Periodic GC: Disabled
Heap:
 garbage-first heap   total 507904K, used 84981K [0x0000000600000000, 0x0000000800000000)
  region size 4096K, 6 young (24576K), 6 survivors (24576K)
 Metaspace       used 49152K, committed 50368K, reserved 1114112K
  class space    used 6733K, committed 7296K, reserved 1048576K
GC Heap History (20 events):
Event: 20.801 GC heap after
{Heap after GC invocations=39 (full 0):
 garbage-first heap   total 344064K, used 69585K [0x0000000600000000, 0x0000000800000000)
  region size 4096K, 4 young (16384K), 4 survivors (16384K)
 Metaspace       used 49109K, committed 50368K, reserved 1114112K
  class space    used 6733K, committed 7296K, reserved 1048576K
}
Event: 21.091 GC heap before
{Heap before GC invocations=39 (full 0):
 garbage-first heap   total 344064K, used 258001K [0x0000000600000000, 0x0000000800000000)
  region size 4096K, 50 young (204800K), 4 survivors (16384K)
 Metaspace       used 49109K, committed 50368K, reserved 1114112K
  class space    used 6733K, committed 7296K, reserved 1048576K
}
Event: 21.099 GC heap after
{Heap after GC invocations=40 (full 0):
 garbage-first heap   total 344064K, used 71360K [0x0000000600000000, 0x0000000800000000)
  region size 4096K, 4 young (16384K), 4 survivors (16384K)
 Metaspace       used 49109K, committed 50368K, reserved 1114112K
  class space    used 6733K, committed 7296K, reserved 1048576K
}
Event: 21.392 GC heap before
{Heap before GC invocations=40 (full 0):
 garbage-first heap   total 344064K, used 259776K [0x0000000600000000, 0x0000000800000000)
  region size 4096K, 50 young (204800K), 4 survivors (16384K)
 Metaspace       used 49109K, committed 50368K, reserved 1114112K
  class space    used 6733K, committed 7296K, reserved 1048576K
}
Event: 21.402 GC heap after
{Heap after GC invocations=41 (full 0):
 garbage-first heap   total 413696K, used 71992K [0x0000000600000000, 0x0000000800000000)
  region size 4096K, 4 young (16384K), 4 survivors (16384K)
 Metaspace       used 49109K, committed 50368K, reserved 1114112K
  class space    used 6733K, committed 7296K, reserved 1048576K
}
Event: 21.724 GC heap before
{Heap before GC invocations=41 (full 0):
 garbage-first heap   total 413696K, used 301368K [0x0000000600000000, 0x0000000800000000)
  region size 4096K, 60 young (245760K), 4 survivors (16384K)
 Metaspace       used 49110K, committed 50368K, reserved 1114112K
  class space    used 6733K, committed 7296K, reserved 1048576K
}
Event: 21.734 GC heap after
{Heap after GC invocations=42 (full 0):
 garbage-first heap   total 413696K, used 73283K [0x0000000600000000, 0x0000000800000000)
  region size 4096K, 4 young (16384K), 4 survivors (16384K)
 Metaspace       used 49110K, committed 50368K, reserved 1114112K
  class space    used 6733K, committed 7296K, reserved 1048576K
}
Event: 22.097 GC heap before
{Heap before GC invocations=42 (full 0):
 garbage-first heap   total 413696K, used 302659K [0x0000000600000000, 0x0000000800000000)
  region size 4096K, 60 young (245760K), 4 survivors (16384K)
 Metaspace       used 49110K, committed 50368K, reserved 1114112K
  class space    used 6733K, committed 7296K, reserved 1048576K
}
Event: 22.108 GC heap after
{Heap after GC invocations=43 (full 0):
 garbage-first heap   total 413696K, used 74693K [0x0000000600000000, 0x0000000800000000)
  region size 4096K, 4 young (16384K), 4 survivors (16384K)
 Metaspace       used 49110K, committed 50368K, reserved 1114112K
  class space    used 6733K, committed 7296K, reserved 1048576K
}
Event: 22.466 GC heap before
{Heap before GC invocations=43 (full 0):
 garbage-first heap   total 413696K, used 304069K [0x0000000600000000, 0x0000000800000000)
  region size 4096K, 60 young (245760K), 4 survivors (16384K)
 Metaspace       used 49114K, committed 50368K, reserved 1114112K
  class space    used 6733K, committed 7296K, reserved 1048576K
}
Event: 22.475 GC heap after
{Heap after GC invocations=44 (full 0):
 garbage-first heap   total 413696K, used 76671K [0x0000000600000000, 0x0000000800000000)
  region size 4096K, 4 young (16384K), 4 survivors (16384K)
 Metaspace       used 49114K, committed 50368K, reserved 1114112K
  class space    used 6733K, committed 7296K, reserved 1048576K
}
Event: 22.890 GC heap before
{Heap before GC invocations=44 (full 0):
 garbage-first heap   total 413696K, used 306047K [0x0000000600000000, 0x0000000800000000)
  region size 4096K, 60 young (245760K), 4 survivors (16384K)
 Metaspace       used 49115K, committed 50368K, reserved 1114112K
  class space    used 6733K, committed 7296K, reserved 1048576K
}
Event: 22.901 GC heap after
{Heap after GC invocations=45 (full 0):
 garbage-first heap   total 507904K, used 77576K [0x0000000600000000, 0x0000000800000000)
  region size 4096K, 4 young (16384K), 4 survivors (16384K)
 Metaspace       used 49115K, committed 50368K, reserved 1114112K
  class space    used 6733K, committed 7296K, reserved 1048576K
}
Event: 23.582 GC heap before
{Heap before GC invocations=45 (full 0):
 garbage-first heap   total 507904K, used 364296K [0x0000000600000000, 0x0000000800000000)
  region size 4096K, 74 young (303104K), 4 survivors (16384K)
 Metaspace       used 49118K, committed 50368K, reserved 1114112K
  class space    used 6733K, committed 7296K, reserved 1048576K
}
Event: 23.593 GC heap after
{Heap after GC invocations=46 (full 0):
 garbage-first heap   total 507904K, used 79251K [0x0000000600000000, 0x0000000800000000)
  region size 4096K, 5 young (20480K), 5 survivors (20480K)
 Metaspace       used 49118K, committed 50368K, reserved 1114112K
  class space    used 6733K, committed 7296K, reserved 1048576K
}
Event: 24.234 GC heap before
{Heap before GC invocations=46 (full 0):
 garbage-first heap   total 507904K, used 361875K [0x0000000600000000, 0x0000000800000000)
  region size 4096K, 74 young (303104K), 5 survivors (20480K)
 Metaspace       used 49136K, committed 50368K, reserved 1114112K
  class space    used 6733K, committed 7296K, reserved 1048576K
}
Event: 24.247 GC heap after
{Heap after GC invocations=47 (full 0):
 garbage-first heap   total 507904K, used 80687K [0x0000000600000000, 0x0000000800000000)
  region size 4096K, 5 young (20480K), 5 survivors (20480K)
 Metaspace       used 49136K, committed 50368K, reserved 1114112K
  class space    used 6733K, committed 7296K, reserved 1048576K
}
Event: 24.900 GC heap before
{Heap before GC invocations=47 (full 0):
 garbage-first heap   total 507904K, used 363311K [0x0000000600000000, 0x0000000800000000)
  region size 4096K, 74 young (303104K), 5 survivors (20480K)
 Metaspace       used 49142K, committed 50368K, reserved 1114112K
  class space    used 6733K, committed 7296K, reserved 1048576K
}
Event: 24.913 GC heap after
{Heap after GC invocations=48 (full 0):
 garbage-first heap   total 507904K, used 82538K [0x0000000600000000, 0x0000000800000000)
  region size 4096K, 5 young (20480K), 5 survivors (20480K)
 Metaspace       used 49142K, committed 50368K, reserved 1114112K
  class space    used 6733K, committed 7296K, reserved 1048576K
}
Event: 25.652 GC heap before
{Heap before GC invocations=48 (full 0):
 garbage-first heap   total 507904K, used 365162K [0x0000000600000000, 0x0000000800000000)
  region size 4096K, 74 young (303104K), 5 survivors (20480K)
 Metaspace       used 49152K, committed 50368K, reserved 1114112K
  class space    used 6733K, committed 7296K, reserved 1048576K
}

