# JRE version: OpenJDK Runtime Environment Temurin-21.0.10+7 (21.0.10+7) (build 21.0.10+7-LTS)
# Java VM: OpenJDK 64-Bit Server VM Temurin-21.0.10+7 (21.0.10+7-LTS, mixed mode, sharing, tiered, compressed oops, compressed class ptrs, parallel gc, windows-amd64)
GC Precious Log:
 CardTable entry size: 512
 CPUs: 12 total, 12 available
 Memory: 7835M
 Large Page Support: Disabled
 NUMA Support: Disabled
 Compressed Oops: Enabled (32-bit)
 Alignments: Space 512K, Generation 512K, Heap 2M
 Heap Min Capacity: 100M
 Heap Initial Capacity: 100M
 Heap Max Capacity: 2G
 Pre-touch: Disabled
 Parallel Workers: 10
Heap:
 PSYoungGen      total 3584K, used 1504K [0x00000000d5580000, 0x00000000d5b00000, 0x0000000100000000)
  eden space 2048K, 0% used [0x00000000d5580000,0x00000000d5580000,0x00000000d5780000)
  from space 1536K, 97% used [0x00000000d5800000,0x00000000d5978010,0x00000000d5980000)
  to   space 1536K, 0% used [0x00000000d5980000,0x00000000d5980000,0x00000000d5b00000)
 ParOldGen       total 159232K, used 159016K [0x0000000080000000, 0x0000000089b80000, 0x00000000d5580000)
  object space 159232K, 99% used [0x0000000080000000,0x0000000089b4a220,0x0000000089b80000)
 Metaspace       used 82148K, committed 83968K, reserved 1179648K
  class space    used 9918K, committed 10752K, reserved 1048576K
GC Heap History (20 events):
Event: 19.129 GC heap before
{Heap before GC invocations=189 (full 3):
 PSYoungGen      total 6144K, used 6136K [0x00000000d5580000, 0x00000000d6200000, 0x0000000100000000)
  eden space 5632K, 100% used [0x00000000d5580000,0x00000000d5b00000,0x00000000d5b00000)
  from space 512K, 98% used [0x00000000d5c00000,0x00000000d5c7e238,0x00000000d5c80000)
  to   space 3584K, 0% used [0x00000000d5e80000,0x00000000d5e80000,0x00000000d6200000)
 ParOldGen       total 131584K, used 131421K [0x0000000080000000, 0x0000000088080000, 0x00000000d5580000)
  object space 131584K, 99% used [0x0000000080000000,0x00000000880574c0,0x0000000088080000)
 Metaspace       used 82081K, committed 83968K, reserved 1179648K
  class space    used 9918K, committed 10752K, reserved 1048576K
}
Event: 19.133 GC heap after
{Heap after GC invocations=189 (full 3):
 PSYoungGen      total 5632K, used 3567K [0x00000000d5580000, 0x00000000d6900000, 0x0000000100000000)
  eden space 2048K, 0% used [0x00000000d5580000,0x00000000d5580000,0x00000000d5780000)
  from space 3584K, 99% used [0x00000000d5e80000,0x00000000d61fbe18,0x00000000d6200000)
  to   space 7168K, 0% used [0x00000000d5780000,0x00000000d5780000,0x00000000d5e80000)
 ParOldGen       total 134144K, used 133950K [0x0000000080000000, 0x0000000088300000, 0x00000000d5580000)
  object space 134144K, 99% used [0x0000000080000000,0x00000000882cf8c8,0x0000000088300000)
 Metaspace       used 82081K, committed 83968K, reserved 1179648K
  class space    used 9918K, committed 10752K, reserved 1048576K
}
Event: 19.141 GC heap before
{Heap before GC invocations=190 (full 3):
 PSYoungGen      total 5632K, used 5609K [0x00000000d5580000, 0x00000000d6900000, 0x0000000100000000)
  eden space 2048K, 99% used [0x00000000d5580000,0x00000000d577e740,0x00000000d5780000)
  from space 3584K, 99% used [0x00000000d5e80000,0x00000000d61fbe18,0x00000000d6200000)
  to   space 7168K, 0% used [0x00000000d5780000,0x00000000d5780000,0x00000000d5e80000)
 ParOldGen       total 134144K, used 133950K [0x0000000080000000, 0x0000000088300000, 0x00000000d5580000)
  object space 134144K, 99% used [0x0000000080000000,0x00000000882cf8c8,0x0000000088300000)
 Metaspace       used 82081K, committed 83968K, reserved 1179648K
  class space    used 9918K, committed 10752K, reserved 1048576K
}
Event: 19.144 GC heap after
{Heap after GC invocations=190 (full 3):
 PSYoungGen      total 4608K, used 2198K [0x00000000d5580000, 0x00000000d5f80000, 0x0000000100000000)
  eden space 2048K, 0% used [0x00000000d5580000,0x00000000d5580000,0x00000000d5780000)
  from space 2560K, 85% used [0x00000000d5780000,0x00000000d59a5968,0x00000000d5a00000)
  to   space 4096K, 0% used [0x00000000d5b80000,0x00000000d5b80000,0x00000000d5f80000)
 ParOldGen       total 137728K, used 137593K [0x0000000080000000, 0x0000000088680000, 0x00000000d5580000)
  object space 137728K, 99% used [0x0000000080000000,0x000000008865e760,0x0000000088680000)
 Metaspace       used 82081K, committed 83968K, reserved 1179648K
  class space    used 9918K, committed 10752K, reserved 1048576K
}
Event: 19.154 GC heap before
{Heap before GC invocations=191 (full 3):
 PSYoungGen      total 4608K, used 4246K [0x00000000d5580000, 0x00000000d5f80000, 0x0000000100000000)
  eden space 2048K, 100% used [0x00000000d5580000,0x00000000d5780000,0x00000000d5780000)
  from space 2560K, 85% used [0x00000000d5780000,0x00000000d59a5968,0x00000000d5a00000)
  to   space 4096K, 0% used [0x00000000d5b80000,0x00000000d5b80000,0x00000000d5f80000)
 ParOldGen       total 137728K, used 137593K [0x0000000080000000, 0x0000000088680000, 0x00000000d5580000)
  object space 137728K, 99% used [0x0000000080000000,0x000000008865e760,0x0000000088680000)
 Metaspace       used 82081K, committed 83968K, reserved 1179648K
  class space    used 9918K, committed 10752K, reserved 1048576K
}
Event: 19.157 GC heap after
{Heap after GC invocations=191 (full 3):
 PSYoungGen      total 4608K, used 2173K [0x00000000d5580000, 0x00000000d5e00000, 0x0000000100000000)
  eden space 2048K, 0% used [0x00000000d5580000,0x00000000d5580000,0x00000000d5780000)
  from space 2560K, 84% used [0x00000000d5b80000,0x00000000d5d9f608,0x00000000d5e00000)
  to   space 2560K, 0% used [0x00000000d5780000,0x00000000d5780000,0x00000000d5a00000)
 ParOldGen       total 139776K, used 139620K [0x0000000080000000, 0x0000000088880000, 0x00000000d5580000)
  object space 139776K, 99% used [0x0000000080000000,0x0000000088859088,0x0000000088880000)
 Metaspace       used 82081K, committed 83968K, reserved 1179648K
  class space    used 9918K, committed 10752K, reserved 1048576K
}
Event: 19.164 GC heap before
{Heap before GC invocations=192 (full 3):
 PSYoungGen      total 4608K, used 4221K [0x00000000d5580000, 0x00000000d5e00000, 0x0000000100000000)
  eden space 2048K, 100% used [0x00000000d5580000,0x00000000d5780000,0x00000000d5780000)
  from space 2560K, 84% used [0x00000000d5b80000,0x00000000d5d9f608,0x00000000d5e00000)
  to   space 2560K, 0% used [0x00000000d5780000,0x00000000d5780000,0x00000000d5a00000)
 ParOldGen       total 139776K, used 139620K [0x0000000080000000, 0x0000000088880000, 0x00000000d5580000)
  object space 139776K, 99% used [0x0000000080000000,0x0000000088859088,0x0000000088880000)
 Metaspace       used 82081K, committed 83968K, reserved 1179648K
  class space    used 9918K, committed 10752K, reserved 1048576K
}
Event: 19.167 GC heap after
{Heap after GC invocations=192 (full 3):
 PSYoungGen      total 4608K, used 2150K [0x00000000d5580000, 0x00000000d5c80000, 0x0000000100000000)
  eden space 2048K, 0% used [0x00000000d5580000,0x00000000d5580000,0x00000000d5780000)
  from space 2560K, 83% used [0x00000000d5780000,0x00000000d5999928,0x00000000d5a00000)
  to   space 2560K, 0% used [0x00000000d5a00000,0x00000000d5a00000,0x00000000d5c80000)
 ParOldGen       total 141824K, used 141673K [0x0000000080000000, 0x0000000088a80000, 0x00000000d5580000)
  object space 141824K, 99% used [0x0000000080000000,0x0000000088a5a720,0x0000000088a80000)
 Metaspace       used 82081K, committed 83968K, reserved 1179648K
  class space    used 9918K, committed 10752K, reserved 1048576K
}
Event: 19.173 GC heap before
{Heap before GC invocations=193 (full 3):
 PSYoungGen      total 4608K, used 4198K [0x00000000d5580000, 0x00000000d5c80000, 0x0000000100000000)
  eden space 2048K, 100% used [0x00000000d5580000,0x00000000d5780000,0x00000000d5780000)
  from space 2560K, 83% used [0x00000000d5780000,0x00000000d5999928,0x00000000d5a00000)
  to   space 2560K, 0% used [0x00000000d5a00000,0x00000000d5a00000,0x00000000d5c80000)
 ParOldGen       total 141824K, used 141673K [0x0000000080000000, 0x0000000088a80000, 0x00000000d5580000)
  object space 141824K, 99% used [0x0000000080000000,0x0000000088a5a720,0x0000000088a80000)
 Metaspace       used 82081K, committed 83968K, reserved 1179648K
  class space    used 9918K, committed 10752K, reserved 1048576K
}
Event: 19.176 GC heap after
{Heap after GC invocations=193 (full 3):
 PSYoungGen      total 4608K, used 2193K [0x00000000d5580000, 0x00000000d5c80000, 0x0000000100000000)
  eden space 2048K, 0% used [0x00000000d5580000,0x00000000d5580000,0x00000000d5780000)
  from space 2560K, 85% used [0x00000000d5a00000,0x00000000d5c245c8,0x00000000d5c80000)
  to   space 2560K, 0% used [0x00000000d5780000,0x00000000d5780000,0x00000000d5a00000)
 ParOldGen       total 143872K, used 143713K [0x0000000080000000, 0x0000000088c80000, 0x00000000d5580000)
  object space 143872K, 99% used [0x0000000080000000,0x0000000088c586c8,0x0000000088c80000)
 Metaspace       used 82081K, committed 83968K, reserved 1179648K
  class space    used 9918K, committed 10752K, reserved 1048576K
}
Event: 19.192 GC heap before
{Heap before GC invocations=194 (full 3):
 PSYoungGen      total 4608K, used 4241K [0x00000000d5580000, 0x00000000d5c80000, 0x0000000100000000)
  eden space 2048K, 100% used [0x00000000d5580000,0x00000000d5780000,0x00000000d5780000)
  from space 2560K, 85% used [0x00000000d5a00000,0x00000000d5c245c8,0x00000000d5c80000)
  to   space 2560K, 0% used [0x00000000d5780000,0x00000000d5780000,0x00000000d5a00000)
 ParOldGen       total 143872K, used 143713K [0x0000000080000000, 0x0000000088c80000, 0x00000000d5580000)
  object space 143872K, 99% used [0x0000000080000000,0x0000000088c586c8,0x0000000088c80000)
 Metaspace       used 82085K, committed 83968K, reserved 1179648K
  class space    used 9918K, committed 10752K, reserved 1048576K
}
Event: 19.196 GC heap after
{Heap after GC invocations=194 (full 3):
 PSYoungGen      total 4096K, used 1930K [0x00000000d5580000, 0x00000000d5b80000, 0x0000000100000000)
  eden space 2048K, 0% used [0x00000000d5580000,0x00000000d5580000,0x00000000d5780000)
  from space 2048K, 94% used [0x00000000d5780000,0x00000000d5962950,0x00000000d5980000)
  to   space 2048K, 0% used [0x00000000d5980000,0x00000000d5980000,0x00000000d5b80000)
 ParOldGen       total 145920K, used 145772K [0x0000000080000000, 0x0000000088e80000, 0x00000000d5580000)
  object space 145920K, 99% used [0x0000000080000000,0x0000000088e5b3f8,0x0000000088e80000)
 Metaspace       used 82085K, committed 83968K, reserved 1179648K
  class space    used 9918K, committed 10752K, reserved 1048576K
}
Event: 19.208 GC heap before
{Heap before GC invocations=195 (full 3):
 PSYoungGen      total 4096K, used 3464K [0x00000000d5580000, 0x00000000d5b80000, 0x0000000100000000)
  eden space 2048K, 74% used [0x00000000d5580000,0x00000000d56ff6d8,0x00000000d5780000)
  from space 2048K, 94% used [0x00000000d5780000,0x00000000d5962950,0x00000000d5980000)
  to   space 2048K, 0% used [0x00000000d5980000,0x00000000d5980000,0x00000000d5b80000)
 ParOldGen       total 145920K, used 145772K [0x0000000080000000, 0x0000000088e80000, 0x00000000d5580000)
  object space 145920K, 99% used [0x0000000080000000,0x0000000088e5b3f8,0x0000000088e80000)
 Metaspace       used 82085K, committed 83968K, reserved 1179648K
  class space    used 9918K, committed 10752K, reserved 1048576K
}
Event: 19.212 GC heap after
{Heap after GC invocations=195 (full 3):
 PSYoungGen      total 4096K, used 1655K [0x00000000d5580000, 0x00000000d5b80000, 0x0000000100000000)
  eden space 2048K, 0% used [0x00000000d5580000,0x00000000d5580000,0x00000000d5780000)
  from space 2048K, 80% used [0x00000000d5980000,0x00000000d5b1dea8,0x00000000d5b80000)
  to   space 2048K, 0% used [0x00000000d5780000,0x00000000d5780000,0x00000000d5980000)
 ParOldGen       total 147456K, used 147228K [0x0000000080000000, 0x0000000089000000, 0x00000000d5580000)
  object space 147456K, 99% used [0x0000000080000000,0x0000000088fc72b0,0x0000000089000000)
 Metaspace       used 82085K, committed 83968K, reserved 1179648K
  class space    used 9918K, committed 10752K, reserved 1048576K
}
Event: 19.220 GC heap before
{Heap before GC invocations=196 (full 3):
 PSYoungGen      total 4096K, used 3703K [0x00000000d5580000, 0x00000000d5b80000, 0x0000000100000000)
  eden space 2048K, 100% used [0x00000000d5580000,0x00000000d5780000,0x00000000d5780000)
  from space 2048K, 80% used [0x00000000d5980000,0x00000000d5b1dea8,0x00000000d5b80000)
  to   space 2048K, 0% used [0x00000000d5780000,0x00000000d5780000,0x00000000d5980000)
 ParOldGen       total 147456K, used 147228K [0x0000000080000000, 0x0000000089000000, 0x00000000d5580000)
  object space 147456K, 99% used [0x0000000080000000,0x0000000088fc72b0,0x0000000089000000)
 Metaspace       used 82088K, committed 83968K, reserved 1179648K
  class space    used 9918K, committed 10752K, reserved 1048576K
}
Event: 19.224 GC heap after
{Heap after GC invocations=196 (full 3):
 PSYoungGen      total 4096K, used 1748K [0x00000000d5580000, 0x00000000d5c00000, 0x0000000100000000)
  eden space 2048K, 0% used [0x00000000d5580000,0x00000000d5580000,0x00000000d5780000)
  from space 2048K, 85% used [0x00000000d5780000,0x00000000d5935000,0x00000000d5980000)
  to   space 2048K, 0% used [0x00000000d5a00000,0x00000000d5a00000,0x00000000d5c00000)
 ParOldGen       total 148480K, used 148127K [0x0000000080000000, 0x0000000089100000, 0x00000000d5580000)
  object space 148480K, 99% used [0x0000000080000000,0x00000000890a7c48,0x0000000089100000)
 Metaspace       used 82088K, committed 83968K, reserved 1179648K
  class space    used 9918K, committed 10752K, reserved 1048576K
}
Event: 19.248 GC heap before
{Heap before GC invocations=197 (full 3):
 PSYoungGen      total 4096K, used 3795K [0x00000000d5580000, 0x00000000d5c00000, 0x0000000100000000)
  eden space 2048K, 99% used [0x00000000d5580000,0x00000000d577ffe8,0x00000000d5780000)
  from space 2048K, 85% used [0x00000000d5780000,0x00000000d5935000,0x00000000d5980000)
  to   space 2048K, 0% used [0x00000000d5a00000,0x00000000d5a00000,0x00000000d5c00000)
 ParOldGen       total 148480K, used 148127K [0x0000000080000000, 0x0000000089100000, 0x00000000d5580000)
  object space 148480K, 99% used [0x0000000080000000,0x00000000890a7c48,0x0000000089100000)
 Metaspace       used 82098K, committed 83968K, reserved 1179648K
  class space    used 9918K, committed 10752K, reserved 1048576K
}
Event: 19.253 GC heap after
{Heap after GC invocations=197 (full 3):
 PSYoungGen      total 4096K, used 1216K [0x00000000d5580000, 0x00000000d5b80000, 0x0000000100000000)
  eden space 2560K, 0% used [0x00000000d5580000,0x00000000d5580000,0x00000000d5800000)
  from space 1536K, 79% used [0x00000000d5a00000,0x00000000d5b30000,0x00000000d5b80000)
  to   space 1536K, 0% used [0x00000000d5880000,0x00000000d5880000,0x00000000d5a00000)
 ParOldGen       total 151040K, used 150911K [0x0000000080000000, 0x0000000089380000, 0x00000000d5580000)
  object space 151040K, 99% used [0x0000000080000000,0x000000008935fc48,0x0000000089380000)
 Metaspace       used 82098K, committed 83968K, reserved 1179648K
  class space    used 9918K, committed 10752K, reserved 1048576K
}
Event: 19.293 GC heap before
{Heap before GC invocations=198 (full 3):
 PSYoungGen      total 4096K, used 3776K [0x00000000d5580000, 0x00000000d5b80000, 0x0000000100000000)
  eden space 2560K, 100% used [0x00000000d5580000,0x00000000d5800000,0x00000000d5800000)
  from space 1536K, 79% used [0x00000000d5a00000,0x00000000d5b30000,0x00000000d5b80000)
  to   space 1536K, 0% used [0x00000000d5880000,0x00000000d5880000,0x00000000d5a00000)
 ParOldGen       total 151040K, used 150911K [0x0000000080000000, 0x0000000089380000, 0x00000000d5580000)
  object space 151040K, 99% used [0x0000000080000000,0x000000008935fc48,0x0000000089380000)
 Metaspace       used 82108K, committed 83968K, reserved 1179648K
  class space    used 9918K, committed 10752K, reserved 1048576K
}
Event: 19.297 GC heap after
{Heap after GC invocations=198 (full 3):
 PSYoungGen      total 3072K, used 512K [0x00000000d5580000, 0x00000000d5a80000, 0x0000000100000000)
  eden space 2560K, 0% used [0x00000000d5580000,0x00000000d5580000,0x00000000d5800000)
  from space 512K, 100% used [0x00000000d5880000,0x00000000d5900000,0x00000000d5900000)
  to   space 1024K, 0% used [0x00000000d5980000,0x00000000d5980000,0x00000000d5a80000)
 ParOldGen       total 152064K, used 151967K [0x0000000080000000, 0x0000000089480000, 0x00000000d5580000)
  object space 152064K, 99% used [0x0000000080000000,0x0000000089467c48,0x0000000089480000)
 Metaspace       used 82108K, committed 83968K, reserved 1179648K
  class space    used 9918K, committed 10752K, reserved 1048576K
}

