# JRE version: OpenJDK Runtime Environment Temurin-21.0.10+7 (21.0.10+7) (build 21.0.10+7-LTS)
# Java VM: OpenJDK 64-Bit Server VM Temurin-21.0.10+7 (21.0.10+7-LTS, mixed mode, sharing, tiered, compressed oops, compressed class ptrs, parallel gc, windows-amd64)
GC Precious Log:
 CardTable entry size: 512
 CPUs: 12 total, 12 available
 Memory: 7835M
 Large Page Support: Disabled
 NUMA Support: Disabled
 Compressed Oops: Enabled (32-bit)
 Alignments: Space 512K, Generation 512K, Heap 2M
 Heap Min Capacity: 100M
 Heap Initial Capacity: 100M
 Heap Max Capacity: 2G
 Pre-touch: Disabled
 Parallel Workers: 10
Heap:
 PSYoungGen      total 12800K, used 3260K [0x00000000d5580000, 0x00000000d6300000, 0x0000000100000000)
  eden space 11776K, 23% used [0x00000000d5580000,0x00000000d58390e0,0x00000000d6100000)
  from space 1024K, 46% used [0x00000000d6200000,0x00000000d62761c8,0x00000000d6300000)
  to   space 1024K, 0% used [0x00000000d6100000,0x00000000d6100000,0x00000000d6200000)
 ParOldGen       total 74240K, used 73735K [0x0000000080000000, 0x0000000084880000, 0x00000000d5580000)
  object space 74240K, 99% used [0x0000000080000000,0x0000000084801d80,0x0000000084880000)
 Metaspace       used 77243K, committed 78912K, reserved 1179648K
  class space    used 9521K, committed 10240K, reserved 1048576K
GC Heap History (20 events):
Event: 15.208 GC heap before
{Heap before GC invocations=77 (full 3):
 PSYoungGen      total 12800K, used 12785K [0x00000000d5580000, 0x00000000d6400000, 0x0000000100000000)
  eden space 11776K, 100% used [0x00000000d5580000,0x00000000d6100000,0x00000000d6100000)
  from space 1024K, 98% used [0x00000000d6100000,0x00000000d61fc6d0,0x00000000d6200000)
  to   space 1536K, 0% used [0x00000000d6280000,0x00000000d6280000,0x00000000d6400000)
 ParOldGen       total 70656K, used 70325K [0x0000000080000000, 0x0000000084500000, 0x00000000d5580000)
  object space 70656K, 99% used [0x0000000080000000,0x00000000844ad470,0x0000000084500000)
 Metaspace       used 72357K, committed 73920K, reserved 1114112K
  class space    used 8860K, committed 9536K, reserved 1048576K
}
Event: 15.209 GC heap after
{Heap after GC invocations=77 (full 3):
 PSYoungGen      total 12800K, used 546K [0x00000000d5580000, 0x00000000d6380000, 0x0000000100000000)
  eden space 11776K, 0% used [0x00000000d5580000,0x00000000d5580000,0x00000000d6100000)
  from space 1024K, 53% used [0x00000000d6280000,0x00000000d63088c8,0x00000000d6380000)
  to   space 1024K, 0% used [0x00000000d6100000,0x00000000d6100000,0x00000000d6200000)
 ParOldGen       total 70656K, used 70405K [0x0000000080000000, 0x0000000084500000, 0x00000000d5580000)
  object space 70656K, 99% used [0x0000000080000000,0x00000000844c1470,0x0000000084500000)
 Metaspace       used 72357K, committed 73920K, reserved 1114112K
  class space    used 8860K, committed 9536K, reserved 1048576K
}
Event: 15.315 GC heap before
{Heap before GC invocations=78 (full 3):
 PSYoungGen      total 12800K, used 12322K [0x00000000d5580000, 0x00000000d6380000, 0x0000000100000000)
  eden space 11776K, 100% used [0x00000000d5580000,0x00000000d6100000,0x00000000d6100000)
  from space 1024K, 53% used [0x00000000d6280000,0x00000000d63088c8,0x00000000d6380000)
  to   space 1024K, 0% used [0x00000000d6100000,0x00000000d6100000,0x00000000d6200000)
 ParOldGen       total 70656K, used 70405K [0x0000000080000000, 0x0000000084500000, 0x00000000d5580000)
  object space 70656K, 99% used [0x0000000080000000,0x00000000844c1470,0x0000000084500000)
 Metaspace       used 72357K, committed 73920K, reserved 1114112K
  class space    used 8860K, committed 9536K, reserved 1048576K
}
Event: 15.316 GC heap after
{Heap after GC invocations=78 (full 3):
 PSYoungGen      total 12800K, used 1007K [0x00000000d5580000, 0x00000000d6400000, 0x0000000100000000)
  eden space 11776K, 0% used [0x00000000d5580000,0x00000000d5580000,0x00000000d6100000)
  from space 1024K, 98% used [0x00000000d6100000,0x00000000d61fbe30,0x00000000d6200000)
  to   space 1536K, 0% used [0x00000000d6280000,0x00000000d6280000,0x00000000d6400000)
 ParOldGen       total 71168K, used 70758K [0x0000000080000000, 0x0000000084580000, 0x00000000d5580000)
  object space 71168K, 99% used [0x0000000080000000,0x00000000845199b0,0x0000000084580000)
 Metaspace       used 72357K, committed 73920K, reserved 1114112K
  class space    used 8860K, committed 9536K, reserved 1048576K
}
Event: 15.420 GC heap before
{Heap before GC invocations=79 (full 3):
 PSYoungGen      total 12800K, used 12783K [0x00000000d5580000, 0x00000000d6400000, 0x0000000100000000)
  eden space 11776K, 100% used [0x00000000d5580000,0x00000000d6100000,0x00000000d6100000)
  from space 1024K, 98% used [0x00000000d6100000,0x00000000d61fbe30,0x00000000d6200000)
  to   space 1536K, 0% used [0x00000000d6280000,0x00000000d6280000,0x00000000d6400000)
 ParOldGen       total 71168K, used 70758K [0x0000000080000000, 0x0000000084580000, 0x00000000d5580000)
  object space 71168K, 99% used [0x0000000080000000,0x00000000845199b0,0x0000000084580000)
 Metaspace       used 72357K, committed 73920K, reserved 1114112K
  class space    used 8860K, committed 9536K, reserved 1048576K
}
Event: 15.421 GC heap after
{Heap after GC invocations=79 (full 3):
 PSYoungGen      total 12800K, used 525K [0x00000000d5580000, 0x00000000d6380000, 0x0000000100000000)
  eden space 11776K, 0% used [0x00000000d5580000,0x00000000d5580000,0x00000000d6100000)
  from space 1024K, 51% used [0x00000000d6280000,0x00000000d6303420,0x00000000d6380000)
  to   space 1024K, 0% used [0x00000000d6100000,0x00000000d6100000,0x00000000d6200000)
 ParOldGen       total 71168K, used 70838K [0x0000000080000000, 0x0000000084580000, 0x00000000d5580000)
  object space 71168K, 99% used [0x0000000080000000,0x000000008452d9b0,0x0000000084580000)
 Metaspace       used 72357K, committed 73920K, reserved 1114112K
  class space    used 8860K, committed 9536K, reserved 1048576K
}
Event: 15.497 GC heap before
{Heap before GC invocations=80 (full 3):
 PSYoungGen      total 12800K, used 12301K [0x00000000d5580000, 0x00000000d6380000, 0x0000000100000000)
  eden space 11776K, 100% used [0x00000000d5580000,0x00000000d6100000,0x00000000d6100000)
  from space 1024K, 51% used [0x00000000d6280000,0x00000000d6303420,0x00000000d6380000)
  to   space 1024K, 0% used [0x00000000d6100000,0x00000000d6100000,0x00000000d6200000)
 ParOldGen       total 71168K, used 70838K [0x0000000080000000, 0x0000000084580000, 0x00000000d5580000)
  object space 71168K, 99% used [0x0000000080000000,0x000000008452d9b0,0x0000000084580000)
 Metaspace       used 72357K, committed 73920K, reserved 1114112K
  class space    used 8860K, committed 9536K, reserved 1048576K
}
Event: 15.498 GC heap after
{Heap after GC invocations=80 (full 3):
 PSYoungGen      total 12800K, used 1023K [0x00000000d5580000, 0x00000000d6400000, 0x0000000100000000)
  eden space 11776K, 0% used [0x00000000d5580000,0x00000000d5580000,0x00000000d6100000)
  from space 1024K, 99% used [0x00000000d6100000,0x00000000d61ffdd0,0x00000000d6200000)
  to   space 1536K, 0% used [0x00000000d6280000,0x00000000d6280000,0x00000000d6400000)
 ParOldGen       total 71168K, used 71048K [0x0000000080000000, 0x0000000084580000, 0x00000000d5580000)
  object space 71168K, 99% used [0x0000000080000000,0x00000000845622e8,0x0000000084580000)
 Metaspace       used 72357K, committed 73920K, reserved 1114112K
  class space    used 8860K, committed 9536K, reserved 1048576K
}
Event: 16.630 GC heap before
{Heap before GC invocations=81 (full 3):
 PSYoungGen      total 12800K, used 12799K [0x00000000d5580000, 0x00000000d6400000, 0x0000000100000000)
  eden space 11776K, 100% used [0x00000000d5580000,0x00000000d6100000,0x00000000d6100000)
  from space 1024K, 99% used [0x00000000d6100000,0x00000000d61ffdd0,0x00000000d6200000)
  to   space 1536K, 0% used [0x00000000d6280000,0x00000000d6280000,0x00000000d6400000)
 ParOldGen       total 71168K, used 71048K [0x0000000080000000, 0x0000000084580000, 0x00000000d5580000)
  object space 71168K, 99% used [0x0000000080000000,0x00000000845622e8,0x0000000084580000)
 Metaspace       used 72708K, committed 74304K, reserved 1114112K
  class space    used 8908K, committed 9600K, reserved 1048576K
}
Event: 16.632 GC heap after
{Heap after GC invocations=81 (full 3):
 PSYoungGen      total 12288K, used 416K [0x00000000d5580000, 0x00000000d6300000, 0x0000000100000000)
  eden space 11776K, 0% used [0x00000000d5580000,0x00000000d5580000,0x00000000d6100000)
  from space 512K, 81% used [0x00000000d6280000,0x00000000d62e8000,0x00000000d6300000)
  to   space 1024K, 0% used [0x00000000d6100000,0x00000000d6100000,0x00000000d6200000)
 ParOldGen       total 71168K, used 71128K [0x0000000080000000, 0x0000000084580000, 0x00000000d5580000)
  object space 71168K, 99% used [0x0000000080000000,0x00000000845762e8,0x0000000084580000)
 Metaspace       used 72708K, committed 74304K, reserved 1114112K
  class space    used 8908K, committed 9600K, reserved 1048576K
}
Event: 18.238 GC heap before
{Heap before GC invocations=82 (full 3):
 PSYoungGen      total 12288K, used 12192K [0x00000000d5580000, 0x00000000d6300000, 0x0000000100000000)
  eden space 11776K, 100% used [0x00000000d5580000,0x00000000d6100000,0x00000000d6100000)
  from space 512K, 81% used [0x00000000d6280000,0x00000000d62e8000,0x00000000d6300000)
  to   space 1024K, 0% used [0x00000000d6100000,0x00000000d6100000,0x00000000d6200000)
 ParOldGen       total 71168K, used 71128K [0x0000000080000000, 0x0000000084580000, 0x00000000d5580000)
  object space 71168K, 99% used [0x0000000080000000,0x00000000845762e8,0x0000000084580000)
 Metaspace       used 74077K, committed 75648K, reserved 1179648K
  class space    used 9121K, committed 9792K, reserved 1048576K
}
Event: 18.239 GC heap after
{Heap after GC invocations=82 (full 3):
 PSYoungGen      total 12800K, used 544K [0x00000000d5580000, 0x00000000d6300000, 0x0000000100000000)
  eden space 11776K, 0% used [0x00000000d5580000,0x00000000d5580000,0x00000000d6100000)
  from space 1024K, 53% used [0x00000000d6100000,0x00000000d6188000,0x00000000d6200000)
  to   space 1024K, 0% used [0x00000000d6200000,0x00000000d6200000,0x00000000d6300000)
 ParOldGen       total 71680K, used 71360K [0x0000000080000000, 0x0000000084600000, 0x00000000d5580000)
  object space 71680K, 99% used [0x0000000080000000,0x00000000845b0318,0x0000000084600000)
 Metaspace       used 74077K, committed 75648K, reserved 1179648K
  class space    used 9121K, committed 9792K, reserved 1048576K
}
Event: 21.066 GC heap before
{Heap before GC invocations=83 (full 3):
 PSYoungGen      total 12800K, used 12320K [0x00000000d5580000, 0x00000000d6300000, 0x0000000100000000)
  eden space 11776K, 100% used [0x00000000d5580000,0x00000000d6100000,0x00000000d6100000)
  from space 1024K, 53% used [0x00000000d6100000,0x00000000d6188000,0x00000000d6200000)
  to   space 1024K, 0% used [0x00000000d6200000,0x00000000d6200000,0x00000000d6300000)
 ParOldGen       total 71680K, used 71360K [0x0000000080000000, 0x0000000084600000, 0x00000000d5580000)
  object space 71680K, 99% used [0x0000000080000000,0x00000000845b0318,0x0000000084600000)
 Metaspace       used 75396K, committed 77120K, reserved 1179648K
  class space    used 9320K, committed 10048K, reserved 1048576K
}
Event: 21.068 GC heap after
{Heap after GC invocations=83 (full 3):
 PSYoungGen      total 12800K, used 873K [0x00000000d5580000, 0x00000000d6300000, 0x0000000100000000)
  eden space 11776K, 0% used [0x00000000d5580000,0x00000000d5580000,0x00000000d6100000)
  from space 1024K, 85% used [0x00000000d6200000,0x00000000d62da4f8,0x00000000d6300000)
  to   space 1024K, 0% used [0x00000000d6100000,0x00000000d6100000,0x00000000d6200000)
 ParOldGen       total 72192K, used 71744K [0x0000000080000000, 0x0000000084680000, 0x00000000d5580000)
  object space 72192K, 99% used [0x0000000080000000,0x0000000084610318,0x0000000084680000)
 Metaspace       used 75396K, committed 77120K, reserved 1179648K
  class space    used 9320K, committed 10048K, reserved 1048576K
}
Event: 21.738 GC heap before
{Heap before GC invocations=84 (full 3):
 PSYoungGen      total 12800K, used 12649K [0x00000000d5580000, 0x00000000d6300000, 0x0000000100000000)
  eden space 11776K, 100% used [0x00000000d5580000,0x00000000d6100000,0x00000000d6100000)
  from space 1024K, 85% used [0x00000000d6200000,0x00000000d62da4f8,0x00000000d6300000)
  to   space 1024K, 0% used [0x00000000d6100000,0x00000000d6100000,0x00000000d6200000)
 ParOldGen       total 72192K, used 71744K [0x0000000080000000, 0x0000000084680000, 0x00000000d5580000)
  object space 72192K, 99% used [0x0000000080000000,0x0000000084610318,0x0000000084680000)
 Metaspace       used 75963K, committed 77696K, reserved 1179648K
  class space    used 9374K, committed 10112K, reserved 1048576K
}
Event: 21.740 GC heap after
{Heap after GC invocations=84 (full 3):
 PSYoungGen      total 12800K, used 608K [0x00000000d5580000, 0x00000000d6300000, 0x0000000100000000)
  eden space 11776K, 0% used [0x00000000d5580000,0x00000000d5580000,0x00000000d6100000)
  from space 1024K, 59% used [0x00000000d6100000,0x00000000d6198000,0x00000000d6200000)
  to   space 1024K, 0% used [0x00000000d6200000,0x00000000d6200000,0x00000000d6300000)
 ParOldGen       total 72704K, used 72488K [0x0000000080000000, 0x0000000084700000, 0x00000000d5580000)
  object space 72704K, 99% used [0x0000000080000000,0x00000000846ca328,0x0000000084700000)
 Metaspace       used 75963K, committed 77696K, reserved 1179648K
  class space    used 9374K, committed 10112K, reserved 1048576K
}
Event: 21.976 GC heap before
{Heap before GC invocations=85 (full 3):
 PSYoungGen      total 12800K, used 12374K [0x00000000d5580000, 0x00000000d6300000, 0x0000000100000000)
  eden space 11776K, 99% used [0x00000000d5580000,0x00000000d60fd880,0x00000000d6100000)
  from space 1024K, 59% used [0x00000000d6100000,0x00000000d6198000,0x00000000d6200000)
  to   space 1024K, 0% used [0x00000000d6200000,0x00000000d6200000,0x00000000d6300000)
 ParOldGen       total 72704K, used 72488K [0x0000000080000000, 0x0000000084700000, 0x00000000d5580000)
  object space 72704K, 99% used [0x0000000080000000,0x00000000846ca328,0x0000000084700000)
 Metaspace       used 76036K, committed 77696K, reserved 1179648K
  class space    used 9382K, committed 10112K, reserved 1048576K
}
Event: 21.978 GC heap after
{Heap after GC invocations=85 (full 3):
 PSYoungGen      total 12800K, used 439K [0x00000000d5580000, 0x00000000d6300000, 0x0000000100000000)
  eden space 11776K, 0% used [0x00000000d5580000,0x00000000d5580000,0x00000000d6100000)
  from space 1024K, 42% used [0x00000000d6200000,0x00000000d626dd28,0x00000000d6300000)
  to   space 1024K, 0% used [0x00000000d6100000,0x00000000d6100000,0x00000000d6200000)
 ParOldGen       total 73216K, used 72951K [0x0000000080000000, 0x0000000084780000, 0x00000000d5580000)
  object space 73216K, 99% used [0x0000000080000000,0x000000008473dd70,0x0000000084780000)
 Metaspace       used 76036K, committed 77696K, reserved 1179648K
  class space    used 9382K, committed 10112K, reserved 1048576K
}
Event: 23.176 GC heap before
{Heap before GC invocations=86 (full 3):
 PSYoungGen      total 12800K, used 12215K [0x00000000d5580000, 0x00000000d6300000, 0x0000000100000000)
  eden space 11776K, 99% used [0x00000000d5580000,0x00000000d60fffc0,0x00000000d6100000)
  from space 1024K, 42% used [0x00000000d6200000,0x00000000d626dd28,0x00000000d6300000)
  to   space 1024K, 0% used [0x00000000d6100000,0x00000000d6100000,0x00000000d6200000)
 ParOldGen       total 73216K, used 72951K [0x0000000080000000, 0x0000000084780000, 0x00000000d5580000)
  object space 73216K, 99% used [0x0000000080000000,0x000000008473dd70,0x0000000084780000)
 Metaspace       used 76483K, committed 78144K, reserved 1179648K
  class space    used 9418K, committed 10176K, reserved 1048576K
}
Event: 23.177 GC heap after
{Heap after GC invocations=86 (full 3):
 PSYoungGen      total 12800K, used 768K [0x00000000d5580000, 0x00000000d6300000, 0x0000000100000000)
  eden space 11776K, 0% used [0x00000000d5580000,0x00000000d5580000,0x00000000d6100000)
  from space 1024K, 75% used [0x00000000d6100000,0x00000000d61c0000,0x00000000d6200000)
  to   space 1024K, 0% used [0x00000000d6200000,0x00000000d6200000,0x00000000d6300000)
 ParOldGen       total 73216K, used 73127K [0x0000000080000000, 0x0000000084780000, 0x00000000d5580000)
  object space 73216K, 99% used [0x0000000080000000,0x0000000084769d70,0x0000000084780000)
 Metaspace       used 76483K, committed 78144K, reserved 1179648K
  class space    used 9418K, committed 10176K, reserved 1048576K
}

