# JRE version: OpenJDK Runtime Environment Temurin-21.0.10+7 (21.0.10+7) (build 21.0.10+7-LTS)
# Java VM: OpenJDK 64-Bit Server VM Temurin-21.0.10+7 (21.0.10+7-LTS, mixed mode, sharing, tiered, compressed oops, compressed class ptrs, parallel gc, windows-amd64)
GC Precious Log:
 CardTable entry size: 512
 CPUs: 12 total, 12 available
 Memory: 7835M
 Large Page Support: Disabled
 NUMA Support: Disabled
 Compressed Oops: Enabled (32-bit)
 Alignments: Space 512K, Generation 512K, Heap 2M
 Heap Min Capacity: 100M
 Heap Initial Capacity: 100M
 Heap Max Capacity: 2G
 Pre-touch: Disabled
 Parallel Workers: 10
Heap:
 PSYoungGen      total 7168K, used 4931K [0x00000000d5580000, 0x00000000d5f00000, 0x0000000100000000)
  eden space 6144K, 68% used [0x00000000d5580000,0x00000000d5998f70,0x00000000d5b80000)
  from space 1024K, 71% used [0x00000000d5e00000,0x00000000d5eb8000,0x00000000d5f00000)
  to   space 1536K, 0% used [0x00000000d5c00000,0x00000000d5c00000,0x00000000d5d80000)
 ParOldGen       total 124416K, used 124002K [0x0000000080000000, 0x0000000087980000, 0x00000000d5580000)
  object space 124416K, 99% used [0x0000000080000000,0x00000000879189d0,0x0000000087980000)
 Metaspace       used 83303K, committed 85056K, reserved 1179648K
  class space    used 10005K, committed 10816K, reserved 1048576K
GC Heap History (20 events):
Event: 32.793 GC heap before
{Heap before GC invocations=120 (full 3):
 PSYoungGen      total 11264K, used 11080K [0x00000000d5580000, 0x00000000d6300000, 0x0000000100000000)
  eden space 10240K, 100% used [0x00000000d5580000,0x00000000d5f80000,0x00000000d5f80000)
  from space 1024K, 82% used [0x00000000d6200000,0x00000000d62d2098,0x00000000d6300000)
  to   space 1536K, 0% used [0x00000000d6000000,0x00000000d6000000,0x00000000d6180000)
 ParOldGen       total 111616K, used 111204K [0x0000000080000000, 0x0000000086d00000, 0x00000000d5580000)
  object space 111616K, 99% used [0x0000000080000000,0x0000000086c99318,0x0000000086d00000)
 Metaspace       used 81512K, committed 83264K, reserved 1179648K
  class space    used 9850K, committed 10624K, reserved 1048576K
}
Event: 32.795 GC heap after
{Heap after GC invocations=120 (full 3):
 PSYoungGen      total 11776K, used 810K [0x00000000d5580000, 0x00000000d6280000, 0x0000000100000000)
  eden space 10240K, 0% used [0x00000000d5580000,0x00000000d5580000,0x00000000d5f80000)
  from space 1536K, 52% used [0x00000000d6000000,0x00000000d60ca910,0x00000000d6180000)
  to   space 1024K, 0% used [0x00000000d6180000,0x00000000d6180000,0x00000000d6280000)
 ParOldGen       total 111616K, used 111308K [0x0000000080000000, 0x0000000086d00000, 0x00000000d5580000)
  object space 111616K, 99% used [0x0000000080000000,0x0000000086cb3318,0x0000000086d00000)
 Metaspace       used 81512K, committed 83264K, reserved 1179648K
  class space    used 9850K, committed 10624K, reserved 1048576K
}
Event: 32.845 GC heap before
{Heap before GC invocations=121 (full 3):
 PSYoungGen      total 11776K, used 11050K [0x00000000d5580000, 0x00000000d6280000, 0x0000000100000000)
  eden space 10240K, 100% used [0x00000000d5580000,0x00000000d5f80000,0x00000000d5f80000)
  from space 1536K, 52% used [0x00000000d6000000,0x00000000d60ca910,0x00000000d6180000)
  to   space 1024K, 0% used [0x00000000d6180000,0x00000000d6180000,0x00000000d6280000)
 ParOldGen       total 111616K, used 111308K [0x0000000080000000, 0x0000000086d00000, 0x00000000d5580000)
  object space 111616K, 99% used [0x0000000080000000,0x0000000086cb3318,0x0000000086d00000)
 Metaspace       used 81587K, committed 83328K, reserved 1179648K
  class space    used 9850K, committed 10624K, reserved 1048576K
}
Event: 32.846 GC heap after
{Heap after GC invocations=121 (full 3):
 PSYoungGen      total 11264K, used 820K [0x00000000d5580000, 0x00000000d6280000, 0x0000000100000000)
  eden space 10240K, 0% used [0x00000000d5580000,0x00000000d5580000,0x00000000d5f80000)
  from space 1024K, 80% used [0x00000000d6180000,0x00000000d624d200,0x00000000d6280000)
  to   space 1024K, 0% used [0x00000000d6080000,0x00000000d6080000,0x00000000d6180000)
 ParOldGen       total 112128K, used 111921K [0x0000000080000000, 0x0000000086d80000, 0x00000000d5580000)
  object space 112128K, 99% used [0x0000000080000000,0x0000000086d4c548,0x0000000086d80000)
 Metaspace       used 81587K, committed 83328K, reserved 1179648K
  class space    used 9850K, committed 10624K, reserved 1048576K
}
Event: 32.886 GC heap before
{Heap before GC invocations=122 (full 3):
 PSYoungGen      total 11264K, used 11060K [0x00000000d5580000, 0x00000000d6280000, 0x0000000100000000)
  eden space 10240K, 100% used [0x00000000d5580000,0x00000000d5f80000,0x00000000d5f80000)
  from space 1024K, 80% used [0x00000000d6180000,0x00000000d624d200,0x00000000d6280000)
  to   space 1024K, 0% used [0x00000000d6080000,0x00000000d6080000,0x00000000d6180000)
 ParOldGen       total 112128K, used 111921K [0x0000000080000000, 0x0000000086d80000, 0x00000000d5580000)
  object space 112128K, 99% used [0x0000000080000000,0x0000000086d4c548,0x0000000086d80000)
 Metaspace       used 81613K, committed 83392K, reserved 1179648K
  class space    used 9850K, committed 10624K, reserved 1048576K
}
Event: 32.888 GC heap after
{Heap after GC invocations=122 (full 3):
 PSYoungGen      total 11264K, used 1007K [0x00000000d5580000, 0x00000000d6480000, 0x0000000100000000)
  eden space 10240K, 0% used [0x00000000d5580000,0x00000000d5580000,0x00000000d5f80000)
  from space 1024K, 98% used [0x00000000d6080000,0x00000000d617bc70,0x00000000d6180000)
  to   space 2560K, 0% used [0x00000000d6200000,0x00000000d6200000,0x00000000d6480000)
 ParOldGen       total 113664K, used 113169K [0x0000000080000000, 0x0000000086f00000, 0x00000000d5580000)
  object space 113664K, 99% used [0x0000000080000000,0x0000000086e846f0,0x0000000086f00000)
 Metaspace       used 81613K, committed 83392K, reserved 1179648K
  class space    used 9850K, committed 10624K, reserved 1048576K
}
Event: 32.927 GC heap before
{Heap before GC invocations=123 (full 3):
 PSYoungGen      total 11264K, used 11247K [0x00000000d5580000, 0x00000000d6480000, 0x0000000100000000)
  eden space 10240K, 100% used [0x00000000d5580000,0x00000000d5f80000,0x00000000d5f80000)
  from space 1024K, 98% used [0x00000000d6080000,0x00000000d617bc70,0x00000000d6180000)
  to   space 2560K, 0% used [0x00000000d6200000,0x00000000d6200000,0x00000000d6480000)
 ParOldGen       total 113664K, used 113169K [0x0000000080000000, 0x0000000086f00000, 0x00000000d5580000)
  object space 113664K, 99% used [0x0000000080000000,0x0000000086e846f0,0x0000000086f00000)
 Metaspace       used 81718K, committed 83456K, reserved 1179648K
  class space    used 9852K, committed 10624K, reserved 1048576K
}
Event: 32.929 GC heap after
{Heap after GC invocations=123 (full 3):
 PSYoungGen      total 11776K, used 1242K [0x00000000d5580000, 0x00000000d6380000, 0x0000000100000000)
  eden space 10240K, 0% used [0x00000000d5580000,0x00000000d5580000,0x00000000d5f80000)
  from space 1536K, 80% used [0x00000000d6200000,0x00000000d6336900,0x00000000d6380000)
  to   space 2048K, 0% used [0x00000000d5f80000,0x00000000d5f80000,0x00000000d6180000)
 ParOldGen       total 114176K, used 114168K [0x0000000080000000, 0x0000000086f80000, 0x00000000d5580000)
  object space 114176K, 99% used [0x0000000080000000,0x0000000086f7e010,0x0000000086f80000)
 Metaspace       used 81718K, committed 83456K, reserved 1179648K
  class space    used 9852K, committed 10624K, reserved 1048576K
}
Event: 1866.099 GC heap before
{Heap before GC invocations=124 (full 3):
 PSYoungGen      total 11776K, used 11482K [0x00000000d5580000, 0x00000000d6380000, 0x0000000100000000)
  eden space 10240K, 100% used [0x00000000d5580000,0x00000000d5f80000,0x00000000d5f80000)
  from space 1536K, 80% used [0x00000000d6200000,0x00000000d6336900,0x00000000d6380000)
  to   space 2048K, 0% used [0x00000000d5f80000,0x00000000d5f80000,0x00000000d6180000)
 ParOldGen       total 114176K, used 114168K [0x0000000080000000, 0x0000000086f80000, 0x00000000d5580000)
  object space 114176K, 99% used [0x0000000080000000,0x0000000086f7e010,0x0000000086f80000)
 Metaspace       used 82343K, committed 84096K, reserved 1179648K
  class space    used 9903K, committed 10688K, reserved 1048576K
}
Event: 1866.118 GC heap after
{Heap after GC invocations=124 (full 3):
 PSYoungGen      total 11264K, used 896K [0x00000000d5580000, 0x00000000d6280000, 0x0000000100000000)
  eden space 10240K, 0% used [0x00000000d5580000,0x00000000d5580000,0x00000000d5f80000)
  from space 1024K, 87% used [0x00000000d5f80000,0x00000000d6060040,0x00000000d6080000)
  to   space 1536K, 0% used [0x00000000d6100000,0x00000000d6100000,0x00000000d6280000)
 ParOldGen       total 115712K, used 115253K [0x0000000080000000, 0x0000000087100000, 0x00000000d5580000)
  object space 115712K, 99% used [0x0000000080000000,0x000000008708d510,0x0000000087100000)
 Metaspace       used 82343K, committed 84096K, reserved 1179648K
  class space    used 9903K, committed 10688K, reserved 1048576K
}
Event: 1866.189 GC heap before
{Heap before GC invocations=125 (full 3):
 PSYoungGen      total 11264K, used 11136K [0x00000000d5580000, 0x00000000d6280000, 0x0000000100000000)
  eden space 10240K, 100% used [0x00000000d5580000,0x00000000d5f80000,0x00000000d5f80000)
  from space 1024K, 87% used [0x00000000d5f80000,0x00000000d6060040,0x00000000d6080000)
  to   space 1536K, 0% used [0x00000000d6100000,0x00000000d6100000,0x00000000d6280000)
 ParOldGen       total 115712K, used 115253K [0x0000000080000000, 0x0000000087100000, 0x00000000d5580000)
  object space 115712K, 99% used [0x0000000080000000,0x000000008708d510,0x0000000087100000)
 Metaspace       used 82472K, committed 84224K, reserved 1179648K
  class space    used 9912K, committed 10688K, reserved 1048576K
}
Event: 1866.192 GC heap after
{Heap after GC invocations=125 (full 3):
 PSYoungGen      total 7680K, used 1525K [0x00000000d5580000, 0x00000000d6a80000, 0x0000000100000000)
  eden space 6144K, 0% used [0x00000000d5580000,0x00000000d5580000,0x00000000d5b80000)
  from space 1536K, 99% used [0x00000000d6100000,0x00000000d627d528,0x00000000d6280000)
  to   space 5632K, 0% used [0x00000000d5b80000,0x00000000d5b80000,0x00000000d6100000)
 ParOldGen       total 118784K, used 118421K [0x0000000080000000, 0x0000000087400000, 0x00000000d5580000)
  object space 118784K, 99% used [0x0000000080000000,0x00000000873a5548,0x0000000087400000)
 Metaspace       used 82472K, committed 84224K, reserved 1179648K
  class space    used 9912K, committed 10688K, reserved 1048576K
}
Event: 1866.248 GC heap before
{Heap before GC invocations=126 (full 3):
 PSYoungGen      total 7680K, used 7669K [0x00000000d5580000, 0x00000000d6a80000, 0x0000000100000000)
  eden space 6144K, 100% used [0x00000000d5580000,0x00000000d5b80000,0x00000000d5b80000)
  from space 1536K, 99% used [0x00000000d6100000,0x00000000d627d528,0x00000000d6280000)
  to   space 5632K, 0% used [0x00000000d5b80000,0x00000000d5b80000,0x00000000d6100000)
 ParOldGen       total 118784K, used 118421K [0x0000000080000000, 0x0000000087400000, 0x00000000d5580000)
  object space 118784K, 99% used [0x0000000080000000,0x00000000873a5548,0x0000000087400000)
 Metaspace       used 82643K, committed 84352K, reserved 1179648K
  class space    used 9923K, committed 10688K, reserved 1048576K
}
Event: 1866.251 GC heap after
{Heap after GC invocations=126 (full 3):
 PSYoungGen      total 8192K, used 1691K [0x00000000d5580000, 0x00000000d6180000, 0x0000000100000000)
  eden space 6144K, 0% used [0x00000000d5580000,0x00000000d5580000,0x00000000d5b80000)
  from space 2048K, 82% used [0x00000000d5b80000,0x00000000d5d26d00,0x00000000d5d80000)
  to   space 3072K, 0% used [0x00000000d5e80000,0x00000000d5e80000,0x00000000d6180000)
 ParOldGen       total 119296K, used 119123K [0x0000000080000000, 0x0000000087480000, 0x00000000d5580000)
  object space 119296K, 99% used [0x0000000080000000,0x0000000087454f58,0x0000000087480000)
 Metaspace       used 82643K, committed 84352K, reserved 1179648K
  class space    used 9923K, committed 10688K, reserved 1048576K
}
Event: 1866.333 GC heap before
{Heap before GC invocations=127 (full 3):
 PSYoungGen      total 8192K, used 7835K [0x00000000d5580000, 0x00000000d6180000, 0x0000000100000000)
  eden space 6144K, 100% used [0x00000000d5580000,0x00000000d5b80000,0x00000000d5b80000)
  from space 2048K, 82% used [0x00000000d5b80000,0x00000000d5d26d00,0x00000000d5d80000)
  to   space 3072K, 0% used [0x00000000d5e80000,0x00000000d5e80000,0x00000000d6180000)
 ParOldGen       total 119296K, used 119123K [0x0000000080000000, 0x0000000087480000, 0x00000000d5580000)
  object space 119296K, 99% used [0x0000000080000000,0x0000000087454f58,0x0000000087480000)
 Metaspace       used 82877K, committed 84608K, reserved 1179648K
  class space    used 9952K, committed 10752K, reserved 1048576K
}
Event: 1866.335 GC heap after
{Heap after GC invocations=127 (full 3):
 PSYoungGen      total 7680K, used 1529K [0x00000000d5580000, 0x00000000d6000000, 0x0000000100000000)
  eden space 6144K, 0% used [0x00000000d5580000,0x00000000d5580000,0x00000000d5b80000)
  from space 1536K, 99% used [0x00000000d5e80000,0x00000000d5ffe4e0,0x00000000d6000000)
  to   space 2048K, 0% used [0x00000000d5c00000,0x00000000d5c00000,0x00000000d5e00000)
 ParOldGen       total 120832K, used 120713K [0x0000000080000000, 0x0000000087600000, 0x00000000d5580000)
  object space 120832K, 99% used [0x0000000080000000,0x00000000875e2790,0x0000000087600000)
 Metaspace       used 82877K, committed 84608K, reserved 1179648K
  class space    used 9952K, committed 10752K, reserved 1048576K
}
Event: 1866.423 GC heap before
{Heap before GC invocations=128 (full 3):
 PSYoungGen      total 7680K, used 7673K [0x00000000d5580000, 0x00000000d6000000, 0x0000000100000000)
  eden space 6144K, 100% used [0x00000000d5580000,0x00000000d5b80000,0x00000000d5b80000)
  from space 1536K, 99% used [0x00000000d5e80000,0x00000000d5ffe4e0,0x00000000d6000000)
  to   space 2048K, 0% used [0x00000000d5c00000,0x00000000d5c00000,0x00000000d5e00000)
 ParOldGen       total 120832K, used 120713K [0x0000000080000000, 0x0000000087600000, 0x00000000d5580000)
  object space 120832K, 99% used [0x0000000080000000,0x00000000875e2790,0x0000000087600000)
 Metaspace       used 83001K, committed 84736K, reserved 1179648K
  class space    used 9972K, committed 10752K, reserved 1048576K
}
Event: 1866.426 GC heap after
{Heap after GC invocations=128 (full 3):
 PSYoungGen      total 8192K, used 2041K [0x00000000d5580000, 0x00000000d6080000, 0x0000000100000000)
  eden space 6144K, 0% used [0x00000000d5580000,0x00000000d5580000,0x00000000d5b80000)
  from space 2048K, 99% used [0x00000000d5c00000,0x00000000d5dfe500,0x00000000d5e00000)
  to   space 2560K, 0% used [0x00000000d5e00000,0x00000000d5e00000,0x00000000d6080000)
 ParOldGen       total 122368K, used 122111K [0x0000000080000000, 0x0000000087780000, 0x00000000d5580000)
  object space 122368K, 99% used [0x0000000080000000,0x000000008773fc88,0x0000000087780000)
 Metaspace       used 83001K, committed 84736K, reserved 1179648K
  class space    used 9972K, committed 10752K, reserved 1048576K
}
Event: 1866.507 GC heap before
{Heap before GC invocations=129 (full 3):
 PSYoungGen      total 8192K, used 8162K [0x00000000d5580000, 0x00000000d6080000, 0x0000000100000000)
  eden space 6144K, 99% used [0x00000000d5580000,0x00000000d5b7a4b0,0x00000000d5b80000)
  from space 2048K, 99% used [0x00000000d5c00000,0x00000000d5dfe500,0x00000000d5e00000)
  to   space 2560K, 0% used [0x00000000d5e00000,0x00000000d5e00000,0x00000000d6080000)
 ParOldGen       total 122368K, used 122111K [0x0000000080000000, 0x0000000087780000, 0x00000000d5580000)
  object space 122368K, 99% used [0x0000000080000000,0x000000008773fc88,0x0000000087780000)
 Metaspace       used 83156K, committed 84928K, reserved 1179648K
  class space    used 9991K, committed 10816K, reserved 1048576K
}
Event: 1866.511 GC heap after
{Heap after GC invocations=129 (full 3):
 PSYoungGen      total 7168K, used 736K [0x00000000d5580000, 0x00000000d5f00000, 0x0000000100000000)
  eden space 6144K, 0% used [0x00000000d5580000,0x00000000d5580000,0x00000000d5b80000)
  from space 1024K, 71% used [0x00000000d5e00000,0x00000000d5eb8000,0x00000000d5f00000)
  to   space 1536K, 0% used [0x00000000d5c00000,0x00000000d5c00000,0x00000000d5d80000)
 ParOldGen       total 124416K, used 124002K [0x0000000080000000, 0x0000000087980000, 0x00000000d5580000)
  object space 124416K, 99% used [0x0000000080000000,0x00000000879189d0,0x0000000087980000)
 Metaspace       used 83156K, committed 84928K, reserved 1179648K
  class space    used 9991K, committed 10816K, reserved 1048576K
}

