# JRE version: OpenJDK Runtime Environment Temurin-21.0.10+7 (21.0.10+7) (build 21.0.10+7-LTS)
# Java VM: OpenJDK 64-Bit Server VM Temurin-21.0.10+7 (21.0.10+7-LTS, mixed mode, sharing, tiered, compressed oops, compressed class ptrs, parallel gc, windows-amd64)
GC Precious Log:
 CardTable entry size: 512
 CPUs: 12 total, 12 available
 Memory: 7835M
 Large Page Support: Disabled
 NUMA Support: Disabled
 Compressed Oops: Enabled (32-bit)
 Alignments: Space 512K, Generation 512K, Heap 2M
 Heap Min Capacity: 100M
 Heap Initial Capacity: 100M
 Heap Max Capacity: 2G
 Pre-touch: Disabled
 Parallel Workers: 10
Heap:
 PSYoungGen      total 5120K, used 672K [0x00000000d5580000, 0x00000000d5b80000, 0x0000000100000000)
  eden space 4096K, 0% used [0x00000000d5580000,0x00000000d5580000,0x00000000d5980000)
  from space 1024K, 65% used [0x00000000d5a80000,0x00000000d5b28000,0x00000000d5b80000)
  to   space 1024K, 0% used [0x00000000d5980000,0x00000000d5980000,0x00000000d5a80000)
 ParOldGen       total 113152K, used 113104K [0x0000000080000000, 0x0000000086e80000, 0x00000000d5580000)
  object space 113152K, 99% used [0x0000000080000000,0x0000000086e741f0,0x0000000086e80000)
 Metaspace       used 84029K, committed 85952K, reserved 1179648K
  class space    used 10018K, committed 10880K, reserved 1048576K
GC Heap History (20 events):
Event: 775.984 GC heap after
{Heap after GC invocations=281 (full 4):
 PSYoungGen      total 4096K, used 768K [0x00000000d5580000, 0x00000000d5a80000, 0x0000000100000000)
  eden space 3072K, 0% used [0x00000000d5580000,0x00000000d5580000,0x00000000d5880000)
  from space 1024K, 75% used [0x00000000d5880000,0x00000000d5940000,0x00000000d5980000)
  to   space 1024K, 0% used [0x00000000d5980000,0x00000000d5980000,0x00000000d5a80000)
 ParOldGen       total 101376K, used 87927K [0x0000000080000000, 0x0000000086300000, 0x00000000d5580000)
  object space 101376K, 86% used [0x0000000080000000,0x00000000855ddf40,0x0000000086300000)
 Metaspace       used 83876K, committed 85824K, reserved 1179648K
  class space    used 10010K, committed 10880K, reserved 1048576K
}
Event: 776.013 GC heap before
{Heap before GC invocations=282 (full 4):
 PSYoungGen      total 4096K, used 3840K [0x00000000d5580000, 0x00000000d5a80000, 0x0000000100000000)
  eden space 3072K, 100% used [0x00000000d5580000,0x00000000d5880000,0x00000000d5880000)
  from space 1024K, 75% used [0x00000000d5880000,0x00000000d5940000,0x00000000d5980000)
  to   space 1024K, 0% used [0x00000000d5980000,0x00000000d5980000,0x00000000d5a80000)
 ParOldGen       total 101376K, used 87927K [0x0000000080000000, 0x0000000086300000, 0x00000000d5580000)
  object space 101376K, 86% used [0x0000000080000000,0x00000000855ddf40,0x0000000086300000)
 Metaspace       used 83880K, committed 85824K, reserved 1179648K
  class space    used 10010K, committed 10880K, reserved 1048576K
}
Event: 776.014 GC heap after
{Heap after GC invocations=282 (full 4):
 PSYoungGen      total 4096K, used 608K [0x00000000d5580000, 0x00000000d5a80000, 0x0000000100000000)
  eden space 3072K, 0% used [0x00000000d5580000,0x00000000d5580000,0x00000000d5880000)
  from space 1024K, 59% used [0x00000000d5980000,0x00000000d5a18000,0x00000000d5a80000)
  to   space 1024K, 0% used [0x00000000d5880000,0x00000000d5880000,0x00000000d5980000)
 ParOldGen       total 101376K, used 88548K [0x0000000080000000, 0x0000000086300000, 0x00000000d5580000)
  object space 101376K, 87% used [0x0000000080000000,0x00000000856793f8,0x0000000086300000)
 Metaspace       used 83880K, committed 85824K, reserved 1179648K
  class space    used 10010K, committed 10880K, reserved 1048576K
}
Event: 776.063 GC heap before
{Heap before GC invocations=283 (full 4):
 PSYoungGen      total 4096K, used 3680K [0x00000000d5580000, 0x00000000d5a80000, 0x0000000100000000)
  eden space 3072K, 100% used [0x00000000d5580000,0x00000000d5880000,0x00000000d5880000)
  from space 1024K, 59% used [0x00000000d5980000,0x00000000d5a18000,0x00000000d5a80000)
  to   space 1024K, 0% used [0x00000000d5880000,0x00000000d5880000,0x00000000d5980000)
 ParOldGen       total 101376K, used 88548K [0x0000000080000000, 0x0000000086300000, 0x00000000d5580000)
  object space 101376K, 87% used [0x0000000080000000,0x00000000856793f8,0x0000000086300000)
 Metaspace       used 83929K, committed 85824K, reserved 1179648K
  class space    used 10011K, committed 10880K, reserved 1048576K
}
Event: 777.066 GC heap after
{Heap after GC invocations=283 (full 4):
 PSYoungGen      total 4096K, used 1002K [0x00000000d5580000, 0x00000000d5e80000, 0x0000000100000000)
  eden space 3072K, 0% used [0x00000000d5580000,0x00000000d5580000,0x00000000d5880000)
  from space 1024K, 97% used [0x00000000d5880000,0x00000000d597a870,0x00000000d5980000)
  to   space 3072K, 0% used [0x00000000d5b80000,0x00000000d5b80000,0x00000000d5e80000)
 ParOldGen       total 101376K, used 90021K [0x0000000080000000, 0x0000000086300000, 0x00000000d5580000)
  object space 101376K, 88% used [0x0000000080000000,0x00000000857e96d8,0x0000000086300000)
 Metaspace       used 83929K, committed 85824K, reserved 1179648K
  class space    used 10011K, committed 10880K, reserved 1048576K
}
Event: 777.082 GC heap before
{Heap before GC invocations=284 (full 4):
 PSYoungGen      total 4096K, used 4074K [0x00000000d5580000, 0x00000000d5e80000, 0x0000000100000000)
  eden space 3072K, 100% used [0x00000000d5580000,0x00000000d5880000,0x00000000d5880000)
  from space 1024K, 97% used [0x00000000d5880000,0x00000000d597a870,0x00000000d5980000)
  to   space 3072K, 0% used [0x00000000d5b80000,0x00000000d5b80000,0x00000000d5e80000)
 ParOldGen       total 101376K, used 90021K [0x0000000080000000, 0x0000000086300000, 0x00000000d5580000)
  object space 101376K, 88% used [0x0000000080000000,0x00000000857e96d8,0x0000000086300000)
 Metaspace       used 83946K, committed 85888K, reserved 1179648K
  class space    used 10011K, committed 10880K, reserved 1048576K
}
Event: 777.084 GC heap after
{Heap after GC invocations=284 (full 4):
 PSYoungGen      total 5632K, used 2368K [0x00000000d5580000, 0x00000000d5e00000, 0x0000000100000000)
  eden space 3072K, 0% used [0x00000000d5580000,0x00000000d5580000,0x00000000d5880000)
  from space 2560K, 92% used [0x00000000d5b80000,0x00000000d5dd0000,0x00000000d5e00000)
  to   space 2560K, 0% used [0x00000000d5900000,0x00000000d5900000,0x00000000d5b80000)
 ParOldGen       total 101376K, used 91063K [0x0000000080000000, 0x0000000086300000, 0x00000000d5580000)
  object space 101376K, 89% used [0x0000000080000000,0x00000000858edf58,0x0000000086300000)
 Metaspace       used 83946K, committed 85888K, reserved 1179648K
  class space    used 10011K, committed 10880K, reserved 1048576K
}
Event: 777.096 GC heap before
{Heap before GC invocations=285 (full 4):
 PSYoungGen      total 5632K, used 5440K [0x00000000d5580000, 0x00000000d5e00000, 0x0000000100000000)
  eden space 3072K, 100% used [0x00000000d5580000,0x00000000d5880000,0x00000000d5880000)
  from space 2560K, 92% used [0x00000000d5b80000,0x00000000d5dd0000,0x00000000d5e00000)
  to   space 2560K, 0% used [0x00000000d5900000,0x00000000d5900000,0x00000000d5b80000)
 ParOldGen       total 101376K, used 91063K [0x0000000080000000, 0x0000000086300000, 0x00000000d5580000)
  object space 101376K, 89% used [0x0000000080000000,0x00000000858edf58,0x0000000086300000)
 Metaspace       used 83949K, committed 85888K, reserved 1179648K
  class space    used 10011K, committed 10880K, reserved 1048576K
}
Event: 777.098 GC heap after
{Heap after GC invocations=285 (full 4):
 PSYoungGen      total 5632K, used 2540K [0x00000000d5580000, 0x00000000d6380000, 0x0000000100000000)
  eden space 3072K, 0% used [0x00000000d5580000,0x00000000d5580000,0x00000000d5880000)
  from space 2560K, 99% used [0x00000000d5900000,0x00000000d5b7b3d8,0x00000000d5b80000)
  to   space 5632K, 0% used [0x00000000d5e00000,0x00000000d5e00000,0x00000000d6380000)
 ParOldGen       total 101376K, used 93479K [0x0000000080000000, 0x0000000086300000, 0x00000000d5580000)
  object space 101376K, 92% used [0x0000000080000000,0x0000000085b49f58,0x0000000086300000)
 Metaspace       used 83949K, committed 85888K, reserved 1179648K
  class space    used 10011K, committed 10880K, reserved 1048576K
}
Event: 777.109 GC heap before
{Heap before GC invocations=286 (full 4):
 PSYoungGen      total 5632K, used 5612K [0x00000000d5580000, 0x00000000d6380000, 0x0000000100000000)
  eden space 3072K, 100% used [0x00000000d5580000,0x00000000d5880000,0x00000000d5880000)
  from space 2560K, 99% used [0x00000000d5900000,0x00000000d5b7b3d8,0x00000000d5b80000)
  to   space 5632K, 0% used [0x00000000d5e00000,0x00000000d5e00000,0x00000000d6380000)
 ParOldGen       total 101376K, used 93479K [0x0000000080000000, 0x0000000086300000, 0x00000000d5580000)
  object space 101376K, 92% used [0x0000000080000000,0x0000000085b49f58,0x0000000086300000)
 Metaspace       used 83949K, committed 85888K, reserved 1179648K
  class space    used 10011K, committed 10880K, reserved 1048576K
}
Event: 777.113 GC heap after
{Heap after GC invocations=286 (full 4):
 PSYoungGen      total 6656K, used 3145K [0x00000000d5580000, 0x00000000d6180000, 0x0000000100000000)
  eden space 3072K, 0% used [0x00000000d5580000,0x00000000d5580000,0x00000000d5880000)
  from space 3584K, 87% used [0x00000000d5e00000,0x00000000d61125c8,0x00000000d6180000)
  to   space 4096K, 0% used [0x00000000d5980000,0x00000000d5980000,0x00000000d5d80000)
 ParOldGen       total 101376K, used 96068K [0x0000000080000000, 0x0000000086300000, 0x00000000d5580000)
  object space 101376K, 94% used [0x0000000080000000,0x0000000085dd1078,0x0000000086300000)
 Metaspace       used 83949K, committed 85888K, reserved 1179648K
  class space    used 10011K, committed 10880K, reserved 1048576K
}
Event: 777.121 GC heap before
{Heap before GC invocations=287 (full 4):
 PSYoungGen      total 6656K, used 6217K [0x00000000d5580000, 0x00000000d6180000, 0x0000000100000000)
  eden space 3072K, 100% used [0x00000000d5580000,0x00000000d5880000,0x00000000d5880000)
  from space 3584K, 87% used [0x00000000d5e00000,0x00000000d61125c8,0x00000000d6180000)
  to   space 4096K, 0% used [0x00000000d5980000,0x00000000d5980000,0x00000000d5d80000)
 ParOldGen       total 101376K, used 96068K [0x0000000080000000, 0x0000000086300000, 0x00000000d5580000)
  object space 101376K, 94% used [0x0000000080000000,0x0000000085dd1078,0x0000000086300000)
 Metaspace       used 83949K, committed 85888K, reserved 1179648K
  class space    used 10011K, committed 10880K, reserved 1048576K
}
Event: 777.125 GC heap after
{Heap after GC invocations=287 (full 4):
 PSYoungGen      total 6656K, used 3167K [0x00000000d5580000, 0x00000000d5f80000, 0x0000000100000000)
  eden space 3072K, 0% used [0x00000000d5580000,0x00000000d5580000,0x00000000d5880000)
  from space 3584K, 88% used [0x00000000d5980000,0x00000000d5c97c68,0x00000000d5d00000)
  to   space 2560K, 0% used [0x00000000d5d00000,0x00000000d5d00000,0x00000000d5f80000)
 ParOldGen       total 101376K, used 99136K [0x0000000080000000, 0x0000000086300000, 0x00000000d5580000)
  object space 101376K, 97% used [0x0000000080000000,0x00000000860d0148,0x0000000086300000)
 Metaspace       used 83949K, committed 85888K, reserved 1179648K
  class space    used 10011K, committed 10880K, reserved 1048576K
}
Event: 777.132 GC heap before
{Heap before GC invocations=288 (full 4):
 PSYoungGen      total 6656K, used 6239K [0x00000000d5580000, 0x00000000d5f80000, 0x0000000100000000)
  eden space 3072K, 100% used [0x00000000d5580000,0x00000000d5880000,0x00000000d5880000)
  from space 3584K, 88% used [0x00000000d5980000,0x00000000d5c97c68,0x00000000d5d00000)
  to   space 2560K, 0% used [0x00000000d5d00000,0x00000000d5d00000,0x00000000d5f80000)
 ParOldGen       total 101376K, used 99136K [0x0000000080000000, 0x0000000086300000, 0x00000000d5580000)
  object space 101376K, 97% used [0x0000000080000000,0x00000000860d0148,0x0000000086300000)
 Metaspace       used 83949K, committed 85888K, reserved 1179648K
  class space    used 10011K, committed 10880K, reserved 1048576K
}
Event: 779.137 GC heap after
{Heap after GC invocations=288 (full 4):
 PSYoungGen      total 5632K, used 2548K [0x00000000d5580000, 0x00000000d5f80000, 0x0000000100000000)
  eden space 3072K, 0% used [0x00000000d5580000,0x00000000d5580000,0x00000000d5880000)
  from space 2560K, 99% used [0x00000000d5d00000,0x00000000d5f7d308,0x00000000d5f80000)
  to   space 3584K, 0% used [0x00000000d5980000,0x00000000d5980000,0x00000000d5d00000)
 ParOldGen       total 102912K, used 102699K [0x0000000080000000, 0x0000000086480000, 0x00000000d5580000)
  object space 102912K, 99% used [0x0000000080000000,0x000000008644ad70,0x0000000086480000)
 Metaspace       used 83949K, committed 85888K, reserved 1179648K
  class space    used 10011K, committed 10880K, reserved 1048576K
}
Event: 779.147 GC heap before
{Heap before GC invocations=289 (full 4):
 PSYoungGen      total 5632K, used 5620K [0x00000000d5580000, 0x00000000d5f80000, 0x0000000100000000)
  eden space 3072K, 100% used [0x00000000d5580000,0x00000000d5880000,0x00000000d5880000)
  from space 2560K, 99% used [0x00000000d5d00000,0x00000000d5f7d308,0x00000000d5f80000)
  to   space 3584K, 0% used [0x00000000d5980000,0x00000000d5980000,0x00000000d5d00000)
 ParOldGen       total 102912K, used 102699K [0x0000000080000000, 0x0000000086480000, 0x00000000d5580000)
  object space 102912K, 99% used [0x0000000080000000,0x000000008644ad70,0x0000000086480000)
 Metaspace       used 83953K, committed 85888K, reserved 1179648K
  class space    used 10011K, committed 10880K, reserved 1048576K
}
Event: 779.150 GC heap after
{Heap after GC invocations=289 (full 4):
 PSYoungGen      total 5120K, used 1594K [0x00000000d5580000, 0x00000000d5f80000, 0x0000000100000000)
  eden space 3072K, 0% used [0x00000000d5580000,0x00000000d5580000,0x00000000d5880000)
  from space 2048K, 77% used [0x00000000d5980000,0x00000000d5b0e900,0x00000000d5b80000)
  to   space 3584K, 0% used [0x00000000d5c00000,0x00000000d5c00000,0x00000000d5f80000)
 ParOldGen       total 105472K, used 105280K [0x0000000080000000, 0x0000000086700000, 0x00000000d5580000)
  object space 105472K, 99% used [0x0000000080000000,0x00000000866d0108,0x0000000086700000)
 Metaspace       used 83953K, committed 85888K, reserved 1179648K
  class space    used 10011K, committed 10880K, reserved 1048576K
}
Event: 779.155 GC heap before
{Heap before GC invocations=290 (full 4):
 PSYoungGen      total 5120K, used 4666K [0x00000000d5580000, 0x00000000d5f80000, 0x0000000100000000)
  eden space 3072K, 100% used [0x00000000d5580000,0x00000000d5880000,0x00000000d5880000)
  from space 2048K, 77% used [0x00000000d5980000,0x00000000d5b0e900,0x00000000d5b80000)
  to   space 3584K, 0% used [0x00000000d5c00000,0x00000000d5c00000,0x00000000d5f80000)
 ParOldGen       total 105472K, used 105280K [0x0000000080000000, 0x0000000086700000, 0x00000000d5580000)
  object space 105472K, 99% used [0x0000000080000000,0x00000000866d0108,0x0000000086700000)
 Metaspace       used 83954K, committed 85888K, reserved 1179648K
  class space    used 10011K, committed 10880K, reserved 1048576K
}
Event: 781.173 GC heap after
{Heap after GC invocations=290 (full 4):
 PSYoungGen      total 5632K, used 1330K [0x00000000d5580000, 0x00000000d5d80000, 0x0000000100000000)
  eden space 4096K, 0% used [0x00000000d5580000,0x00000000d5580000,0x00000000d5980000)
  from space 1536K, 86% used [0x00000000d5c00000,0x00000000d5d4cb48,0x00000000d5d80000)
  to   space 2048K, 0% used [0x00000000d5980000,0x00000000d5980000,0x00000000d5b80000)
 ParOldGen       total 107008K, used 106773K [0x0000000080000000, 0x0000000086880000, 0x00000000d5580000)
  object space 107008K, 99% used [0x0000000080000000,0x00000000868457f0,0x0000000086880000)
 Metaspace       used 83954K, committed 85888K, reserved 1179648K
  class space    used 10011K, committed 10880K, reserved 1048576K
}
Event: 781.179 GC heap before
{Heap before GC invocations=291 (full 4):
 PSYoungGen      total 5632K, used 4827K [0x00000000d5580000, 0x00000000d5d80000, 0x0000000100000000)
  eden space 4096K, 85% used [0x00000000d5580000,0x00000000d58ea1e0,0x00000000d5980000)
  from space 1536K, 86% used [0x00000000d5c00000,0x00000000d5d4cb48,0x00000000d5d80000)
  to   space 2048K, 0% used [0x00000000d5980000,0x00000000d5980000,0x00000000d5b80000)
 ParOldGen       total 107008K, used 106773K [0x0000000080000000, 0x0000000086880000, 0x00000000d5580000)
  object space 107008K, 99% used [0x0000000080000000,0x00000000868457f0,0x0000000086880000)
 Metaspace       used 83957K, committed 85888K, reserved 1179648K
  class space    used 10011K, committed 10880K, reserved 1048576K
}

