# JRE version: Java(TM) SE Runtime Environment (25.0+37) (build 25+37-LTS-3491)
# Java VM: Java HotSpot(TM) 64-Bit Server VM (25+37-LTS-3491, mixed mode, sharing, tiered, compressed oops, compressed class ptrs, g1 gc, windows-amd64)
GC Precious Log:
 CardTable entry size: 512
 Card Set container configuration: InlinePtr #cards 5 size 8 Array Of Cards #cards 10 size 36 Howl #buckets 4 coarsen threshold 1843 Howl Bitmap #cards 512 size 80 coarsen threshold 460 Card regions per heap region 1 cards per card region 2048
 CPUs: 12 total, 12 available
 Memory: 7835M
 Large Page Support: Disabled
 NUMA Support: Disabled
 Compressed Oops: Enabled (32-bit)
 Heap Region Size: 1M
 Heap Min Capacity: 8M
 Heap Initial Capacity: 124M
 Heap Max Capacity: 1960M
 Pre-touch: Disabled
 Parallel Workers: 10
 Concurrent Workers: 3
 Concurrent Refinement Workers: 10
 Periodic GC: Disabled
Heap:
 garbage-first heap   total reserved 2007040K, committed 118784K, used 76288K [0x0000000085800000, 0x0000000100000000)
  region size 1024K, 35 young (35840K), 4 survivors (4096K)
GC Heap Usage History (20 events):
Event: 1.093 {heap Before GC invocations=0 (full 0):
 garbage-first heap   total reserved 2007040K, committed 129024K, used 49301K [0x0000000085800000, 0x0000000100000000)
  region size 1024K, 47 young (48128K), 0 survivors (0K)
}
Event: 1.098 {heap After GC invocations=1 (full 0):
 garbage-first heap   total reserved 2007040K, committed 129024K, used 5909K [0x0000000085800000, 0x0000000100000000)
  region size 1024K, 5 young (5120K), 5 survivors (5120K)
}
Event: 1.997 {heap Before GC invocations=1 (full 0):
 garbage-first heap   total reserved 2007040K, committed 129024K, used 60181K [0x0000000085800000, 0x0000000100000000)
  region size 1024K, 58 young (59392K), 5 survivors (5120K)
}
Event: 2.009 {heap After GC invocations=2 (full 0):
 garbage-first heap   total reserved 2007040K, committed 129024K, used 13558K [0x0000000085800000, 0x0000000100000000)
  region size 1024K, 8 young (8192K), 8 survivors (8192K)
}
Event: 2.759 {heap Before GC invocations=2 (full 0):
 garbage-first heap   total reserved 2007040K, committed 129024K, used 21750K [0x0000000085800000, 0x0000000100000000)
  region size 1024K, 17 young (17408K), 8 survivors (8192K)
}
Event: 2.766 {heap After GC invocations=3 (full 0):
 garbage-first heap   total reserved 2007040K, committed 129024K, used 14850K [0x0000000085800000, 0x0000000100000000)
  region size 1024K, 3 young (3072K), 3 survivors (3072K)
}
Event: 4.347 {heap Before GC invocations=4 (full 0):
 garbage-first heap   total reserved 2007040K, committed 55296K, used 53762K [0x0000000085800000, 0x0000000100000000)
  region size 1024K, 41 young (41984K), 3 survivors (3072K)
}
Event: 4.356 {heap After GC invocations=5 (full 0):
 garbage-first heap   total reserved 2007040K, committed 61440K, used 18550K [0x0000000085800000, 0x0000000100000000)
  region size 1024K, 6 young (6144K), 6 survivors (6144K)
}
Event: 4.707 {heap Before GC invocations=5 (full 0):
 garbage-first heap   total reserved 2007040K, committed 61440K, used 44150K [0x0000000085800000, 0x0000000100000000)
  region size 1024K, 31 young (31744K), 6 survivors (6144K)
}
Event: 4.712 {heap After GC invocations=6 (full 0):
 garbage-first heap   total reserved 2007040K, committed 61440K, used 18960K [0x0000000085800000, 0x0000000100000000)
  region size 1024K, 1 young (1024K), 1 survivors (1024K)
}
Event: 4.926 {heap Before GC invocations=6 (full 0):
 garbage-first heap   total reserved 2007040K, committed 61440K, used 41488K [0x0000000085800000, 0x0000000100000000)
  region size 1024K, 16 young (16384K), 1 survivors (1024K)
}
Event: 4.929 {heap After GC invocations=7 (full 0):
 garbage-first heap   total reserved 2007040K, committed 61440K, used 28077K [0x0000000085800000, 0x0000000100000000)
  region size 1024K, 2 young (2048K), 2 survivors (2048K)
}
Event: 4.930 {heap Before GC invocations=7 (full 0):
 garbage-first heap   total reserved 2007040K, committed 61440K, used 40365K [0x0000000085800000, 0x0000000100000000)
  region size 1024K, 3 young (3072K), 2 survivors (2048K)
}
Event: 4.933 {heap After GC invocations=8 (full 0):
 garbage-first heap   total reserved 2007040K, committed 61440K, used 40526K [0x0000000085800000, 0x0000000100000000)
  region size 1024K, 2 young (2048K), 2 survivors (2048K)
}
Event: 5.371 {heap Before GC invocations=9 (full 0):
 garbage-first heap   total reserved 2007040K, committed 91136K, used 67150K [0x0000000085800000, 0x0000000100000000)
  region size 1024K, 16 young (16384K), 2 survivors (2048K)
}
Event: 5.375 {heap After GC invocations=10 (full 0):
 garbage-first heap   total reserved 2007040K, committed 91136K, used 20816K [0x0000000085800000, 0x0000000100000000)
  region size 1024K, 2 young (2048K), 2 survivors (2048K)
}
Event: 6.206 {heap Before GC invocations=10 (full 0):
 garbage-first heap   total reserved 2007040K, committed 91136K, used 80208K [0x0000000085800000, 0x0000000100000000)
  region size 1024K, 53 young (54272K), 2 survivors (2048K)
}
Event: 6.218 {heap After GC invocations=11 (full 0):
 garbage-first heap   total reserved 2007040K, committed 98304K, used 41984K [0x0000000085800000, 0x0000000100000000)
  region size 1024K, 7 young (7168K), 7 survivors (7168K)
}
Event: 6.833 {heap Before GC invocations=11 (full 0):
 garbage-first heap   total reserved 2007040K, committed 98304K, used 78848K [0x0000000085800000, 0x0000000100000000)
  region size 1024K, 44 young (45056K), 7 survivors (7168K)
}
Event: 6.843 {heap After GC invocations=12 (full 0):
 garbage-first heap   total reserved 2007040K, committed 118784K, used 46592K [0x0000000085800000, 0x0000000100000000)
  region size 1024K, 4 young (4096K), 4 survivors (4096K)
}

