# JRE version: Java(TM) SE Runtime Environment (25.0+37) (build 25+37-LTS-3491)
# Java VM: Java HotSpot(TM) 64-Bit Server VM (25+37-LTS-3491, mixed mode, sharing, tiered, compressed oops, compressed class ptrs, g1 gc, windows-amd64)
GC Precious Log:
 CardTable entry size: 512
 Card Set container configuration: InlinePtr #cards 5 size 8 Array Of Cards #cards 10 size 36 Howl #buckets 4 coarsen threshold 1843 Howl Bitmap #cards 512 size 80 coarsen threshold 460 Card regions per heap region 1 cards per card region 2048
 CPUs: 12 total, 12 available
 Memory: 7835M
 Large Page Support: Disabled
 NUMA Support: Disabled
 Compressed Oops: Enabled (32-bit)
 Heap Region Size: 1M
 Heap Min Capacity: 8M
 Heap Initial Capacity: 124M
 Heap Max Capacity: 1960M
 Pre-touch: Disabled
 Parallel Workers: 10
 Concurrent Workers: 3
 Concurrent Refinement Workers: 10
 Periodic GC: Disabled
Heap:
 garbage-first heap   total reserved 2007040K, committed 141312K, used 86160K [0x0000000085800000, 0x0000000100000000)
  region size 1024K, 31 young (31744K), 3 survivors (3072K)
GC Heap Usage History (20 events):
Event: 1.133 {heap Before GC invocations=0 (full 0):
 garbage-first heap   total reserved 2007040K, committed 129024K, used 49301K [0x0000000085800000, 0x0000000100000000)
  region size 1024K, 47 young (48128K), 0 survivors (0K)
}
Event: 1.141 {heap After GC invocations=1 (full 0):
 garbage-first heap   total reserved 2007040K, committed 129024K, used 5802K [0x0000000085800000, 0x0000000100000000)
  region size 1024K, 5 young (5120K), 5 survivors (5120K)
}
Event: 2.021 {heap Before GC invocations=1 (full 0):
 garbage-first heap   total reserved 2007040K, committed 129024K, used 60074K [0x0000000085800000, 0x0000000100000000)
  region size 1024K, 58 young (59392K), 5 survivors (5120K)
}
Event: 2.033 {heap After GC invocations=2 (full 0):
 garbage-first heap   total reserved 2007040K, committed 129024K, used 12636K [0x0000000085800000, 0x0000000100000000)
  region size 1024K, 7 young (7168K), 7 survivors (7168K)
}
Event: 2.927 {heap Before GC invocations=2 (full 0):
 garbage-first heap   total reserved 2007040K, committed 129024K, used 107868K [0x0000000085800000, 0x0000000100000000)
  region size 1024K, 68 young (69632K), 7 survivors (7168K)
}
Event: 2.936 {heap After GC invocations=3 (full 0):
 garbage-first heap   total reserved 2007040K, committed 129024K, used 15777K [0x0000000085800000, 0x0000000100000000)
  region size 1024K, 4 young (4096K), 4 survivors (4096K)
}
Event: 3.593 {heap Before GC invocations=3 (full 0):
 garbage-first heap   total reserved 2007040K, committed 129024K, used 53665K [0x0000000085800000, 0x0000000100000000)
  region size 1024K, 35 young (35840K), 4 survivors (4096K)
}
Event: 3.603 {heap After GC invocations=4 (full 0):
 garbage-first heap   total reserved 2007040K, committed 129024K, used 27627K [0x0000000085800000, 0x0000000100000000)
  region size 1024K, 9 young (9216K), 9 survivors (9216K)
}
Event: 5.067 {heap Before GC invocations=5 (full 0):
 garbage-first heap   total reserved 2007040K, committed 96256K, used 94187K [0x0000000085800000, 0x0000000100000000)
  region size 1024K, 74 young (75776K), 9 survivors (9216K)
}
Event: 5.095 {heap After GC invocations=6 (full 0):
 garbage-first heap   total reserved 2007040K, committed 117760K, used 37907K [0x0000000085800000, 0x0000000100000000)
  region size 1024K, 10 young (10240K), 10 survivors (10240K)
}
Event: 5.881 {heap Before GC invocations=6 (full 0):
 garbage-first heap   total reserved 2007040K, committed 117760K, used 88083K [0x0000000085800000, 0x0000000100000000)
  region size 1024K, 59 young (60416K), 10 survivors (10240K)
}
Event: 5.895 {heap After GC invocations=7 (full 0):
 garbage-first heap   total reserved 2007040K, committed 117760K, used 40445K [0x0000000085800000, 0x0000000100000000)
  region size 1024K, 2 young (2048K), 2 survivors (2048K)
}
Event: 6.142 {heap Before GC invocations=7 (full 0):
 garbage-first heap   total reserved 2007040K, committed 117760K, used 92669K [0x0000000085800000, 0x0000000100000000)
  region size 1024K, 53 young (54272K), 2 survivors (2048K)
}
Event: 6.148 {heap After GC invocations=8 (full 0):
 garbage-first heap   total reserved 2007040K, committed 117760K, used 40782K [0x0000000085800000, 0x0000000100000000)
  region size 1024K, 3 young (3072K), 3 survivors (3072K)
}
Event: 7.212 {heap Before GC invocations=8 (full 0):
 garbage-first heap   total reserved 2007040K, committed 117760K, used 102222K [0x0000000085800000, 0x0000000100000000)
  region size 1024K, 57 young (58368K), 3 survivors (3072K)
}
Event: 7.229 {heap After GC invocations=9 (full 0):
 garbage-first heap   total reserved 2007040K, committed 141312K, used 53117K [0x0000000085800000, 0x0000000100000000)
  region size 1024K, 8 young (8192K), 8 survivors (8192K)
}
Event: 8.532 {heap Before GC invocations=9 (full 0):
 garbage-first heap   total reserved 2007040K, committed 141312K, used 115581K [0x0000000085800000, 0x0000000100000000)
  region size 1024K, 69 young (70656K), 8 survivors (8192K)
}
Event: 8.542 {heap After GC invocations=10 (full 0):
 garbage-first heap   total reserved 2007040K, committed 141312K, used 57502K [0x0000000085800000, 0x0000000100000000)
  region size 1024K, 7 young (7168K), 7 survivors (7168K)
}
Event: 8.737 {heap Before GC invocations=10 (full 0):
 garbage-first heap   total reserved 2007040K, committed 141312K, used 66718K [0x0000000085800000, 0x0000000100000000)
  region size 1024K, 17 young (17408K), 7 survivors (7168K)
}
Event: 8.742 {heap After GC invocations=11 (full 0):
 garbage-first heap   total reserved 2007040K, committed 141312K, used 60560K [0x0000000085800000, 0x0000000100000000)
  region size 1024K, 3 young (3072K), 3 survivors (3072K)
}

