# JRE version: Java(TM) SE Runtime Environment (25.0+37) (build 25+37-LTS-3491)
# Java VM: Java HotSpot(TM) 64-Bit Server VM (25+37-LTS-3491, mixed mode, emulated-client, sharing, tiered, compressed oops, compressed class ptrs, g1 gc, windows-amd64)
GC Precious Log:
 CardTable entry size: 512
 Card Set container configuration: InlinePtr #cards 5 size 8 Array Of Cards #cards 10 size 36 Howl #buckets 4 coarsen threshold 1843 Howl Bitmap #cards 512 size 80 coarsen threshold 460 Card regions per heap region 1 cards per card region 2048
 CPUs: 12 total, 12 available
 Memory: 7835M
 Large Page Support: Disabled
 NUMA Support: Disabled
 Compressed Oops: Enabled (32-bit)
 Heap Region Size: 1M
 Heap Min Capacity: 8M
 Heap Initial Capacity: 124M
 Heap Max Capacity: 1960M
 Pre-touch: Disabled
 Parallel Workers: 10
 Concurrent Workers: 3
 Concurrent Refinement Workers: 10
 Periodic GC: Disabled
Heap:
 garbage-first heap   total reserved 2007040K, committed 147456K, used 74213K [0x0000000085800000, 0x0000000100000000)
  region size 1024K, 26 young (26624K), 7 survivors (7168K)
GC Heap Usage History (20 events):
Event: 5.474 {heap Before GC invocations=11 (full 0):
 garbage-first heap   total reserved 2007040K, committed 66560K, used 55838K [0x0000000085800000, 0x0000000100000000)
  region size 1024K, 32 young (32768K), 4 survivors (4096K)
}
Event: 5.478 {heap After GC invocations=12 (full 0):
 garbage-first heap   total reserved 2007040K, committed 66560K, used 31250K [0x0000000085800000, 0x0000000100000000)
  region size 1024K, 4 young (4096K), 4 survivors (4096K)
}
Event: 5.542 {heap Before GC invocations=12 (full 0):
 garbage-first heap   total reserved 2007040K, committed 66560K, used 55826K [0x0000000085800000, 0x0000000100000000)
  region size 1024K, 29 young (29696K), 4 survivors (4096K)
}
Event: 5.545 {heap After GC invocations=13 (full 0):
 garbage-first heap   total reserved 2007040K, committed 66560K, used 30988K [0x0000000085800000, 0x0000000100000000)
  region size 1024K, 1 young (1024K), 1 survivors (1024K)
}
Event: 5.685 {heap Before GC invocations=14 (full 0):
 garbage-first heap   total reserved 2007040K, committed 66560K, used 58636K [0x0000000085800000, 0x0000000100000000)
  region size 1024K, 28 young (28672K), 1 survivors (1024K)
}
Event: 5.687 {heap After GC invocations=15 (full 0):
 garbage-first heap   total reserved 2007040K, committed 66560K, used 32438K [0x0000000085800000, 0x0000000100000000)
  region size 1024K, 3 young (3072K), 3 survivors (3072K)
}
Event: 5.741 {heap Before GC invocations=15 (full 0):
 garbage-first heap   total reserved 2007040K, committed 66560K, used 59062K [0x0000000085800000, 0x0000000100000000)
  region size 1024K, 29 young (29696K), 3 survivors (3072K)
}
Event: 5.745 {heap After GC invocations=16 (full 0):
 garbage-first heap   total reserved 2007040K, committed 66560K, used 35717K [0x0000000085800000, 0x0000000100000000)
  region size 1024K, 4 young (4096K), 4 survivors (4096K)
}
Event: 5.790 {heap Before GC invocations=16 (full 0):
 garbage-first heap   total reserved 2007040K, committed 66560K, used 57221K [0x0000000085800000, 0x0000000100000000)
  region size 1024K, 25 young (25600K), 4 survivors (4096K)
}
Event: 5.796 {heap After GC invocations=17 (full 0):
 garbage-first heap   total reserved 2007040K, committed 69632K, used 43938K [0x0000000085800000, 0x0000000100000000)
  region size 1024K, 4 young (4096K), 4 survivors (4096K)
}
Event: 5.824 {heap Before GC invocations=18 (full 0):
 garbage-first heap   total reserved 2007040K, committed 73728K, used 59298K [0x0000000085800000, 0x0000000100000000)
  region size 1024K, 19 young (19456K), 4 survivors (4096K)
}
Event: 5.829 {heap After GC invocations=19 (full 0):
 garbage-first heap   total reserved 2007040K, committed 73728K, used 48281K [0x0000000085800000, 0x0000000100000000)
  region size 1024K, 3 young (3072K), 3 survivors (3072K)
}
Event: 5.857 {heap Before GC invocations=19 (full 0):
 garbage-first heap   total reserved 2007040K, committed 73728K, used 62617K [0x0000000085800000, 0x0000000100000000)
  region size 1024K, 17 young (17408K), 3 survivors (3072K)
}
Event: 5.862 {heap After GC invocations=20 (full 0):
 garbage-first heap   total reserved 2007040K, committed 73728K, used 51003K [0x0000000085800000, 0x0000000100000000)
  region size 1024K, 3 young (3072K), 3 survivors (3072K)
}
Event: 5.887 {heap Before GC invocations=20 (full 0):
 garbage-first heap   total reserved 2007040K, committed 73728K, used 63291K [0x0000000085800000, 0x0000000100000000)
  region size 1024K, 15 young (15360K), 3 survivors (3072K)
}
Event: 5.890 {heap After GC invocations=21 (full 0):
 garbage-first heap   total reserved 2007040K, committed 73728K, used 52169K [0x0000000085800000, 0x0000000100000000)
  region size 1024K, 2 young (2048K), 2 survivors (2048K)
}
Event: 5.934 {heap Before GC invocations=21 (full 0):
 garbage-first heap   total reserved 2007040K, committed 73728K, used 64457K [0x0000000085800000, 0x0000000100000000)
  region size 1024K, 14 young (14336K), 2 survivors (2048K)
}
Event: 5.938 {heap After GC invocations=22 (full 0):
 garbage-first heap   total reserved 2007040K, committed 147456K, used 54272K [0x0000000085800000, 0x0000000100000000)
  region size 1024K, 2 young (2048K), 2 survivors (2048K)
}
Event: 7.019 {heap Before GC invocations=23 (full 0):
 garbage-first heap   total reserved 2007040K, committed 147456K, used 108544K [0x0000000085800000, 0x0000000100000000)
  region size 1024K, 58 young (59392K), 2 survivors (2048K)
}
Event: 7.026 {heap After GC invocations=24 (full 0):
 garbage-first heap   total reserved 2007040K, committed 147456K, used 56805K [0x0000000085800000, 0x0000000100000000)
  region size 1024K, 7 young (7168K), 7 survivors (7168K)
}

