# JRE version: Java(TM) SE Runtime Environment (25.0+37) (build 25+37-LTS-3491)
# Java VM: Java HotSpot(TM) 64-Bit Server VM (25+37-LTS-3491, mixed mode, emulated-client, sharing, tiered, compressed oops, compressed class ptrs, g1 gc, windows-amd64)
GC Precious Log:
 CardTable entry size: 512
 Card Set container configuration: InlinePtr #cards 5 size 8 Array Of Cards #cards 10 size 36 Howl #buckets 4 coarsen threshold 1843 Howl Bitmap #cards 512 size 80 coarsen threshold 460 Card regions per heap region 1 cards per card region 2048
 CPUs: 12 total, 12 available
 Memory: 7835M
 Large Page Support: Disabled
 NUMA Support: Disabled
 Compressed Oops: Enabled (32-bit)
 Heap Region Size: 1M
 Heap Min Capacity: 8M
 Heap Initial Capacity: 124M
 Heap Max Capacity: 1960M
 Pre-touch: Disabled
 Parallel Workers: 10
 Concurrent Workers: 3
 Concurrent Refinement Workers: 10
 Periodic GC: Disabled
Heap:
 garbage-first heap   total reserved 2007040K, committed 180224K, used 57303K [0x0000000085800000, 0x0000000100000000)
  region size 1024K, 19 young (19456K), 5 survivors (5120K)
GC Heap Usage History (20 events):
Event: 3.493 {heap Before GC invocations=9 (full 0):
 garbage-first heap   total reserved 2007040K, committed 66560K, used 55603K [0x0000000085800000, 0x0000000100000000)
  region size 1024K, 32 young (32768K), 2 survivors (2048K)
}
Event: 3.497 {heap After GC invocations=10 (full 0):
 garbage-first heap   total reserved 2007040K, committed 66560K, used 25622K [0x0000000085800000, 0x0000000100000000)
  region size 1024K, 4 young (4096K), 4 survivors (4096K)
}
Event: 4.007 {heap Before GC invocations=10 (full 0):
 garbage-first heap   total reserved 2007040K, committed 66560K, used 56342K [0x0000000085800000, 0x0000000100000000)
  region size 1024K, 34 young (34816K), 4 survivors (4096K)
}
Event: 4.013 {heap After GC invocations=11 (full 0):
 garbage-first heap   total reserved 2007040K, committed 66560K, used 28471K [0x0000000085800000, 0x0000000100000000)
  region size 1024K, 5 young (5120K), 5 survivors (5120K)
}
Event: 4.075 {heap Before GC invocations=11 (full 0):
 garbage-first heap   total reserved 2007040K, committed 66560K, used 57143K [0x0000000085800000, 0x0000000100000000)
  region size 1024K, 33 young (33792K), 5 survivors (5120K)
}
Event: 4.080 {heap After GC invocations=12 (full 0):
 garbage-first heap   total reserved 2007040K, committed 66560K, used 29463K [0x0000000085800000, 0x0000000100000000)
  region size 1024K, 2 young (2048K), 2 survivors (2048K)
}
Event: 4.214 {heap Before GC invocations=12 (full 0):
 garbage-first heap   total reserved 2007040K, committed 66560K, used 57111K [0x0000000085800000, 0x0000000100000000)
  region size 1024K, 30 young (30720K), 2 survivors (2048K)
}
Event: 4.217 {heap After GC invocations=13 (full 0):
 garbage-first heap   total reserved 2007040K, committed 66560K, used 30352K [0x0000000085800000, 0x0000000100000000)
  region size 1024K, 3 young (3072K), 3 survivors (3072K)
}
Event: 4.252 {heap Before GC invocations=13 (full 0):
 garbage-first heap   total reserved 2007040K, committed 66560K, used 58000K [0x0000000085800000, 0x0000000100000000)
  region size 1024K, 30 young (30720K), 3 survivors (3072K)
}
Event: 4.259 {heap After GC invocations=14 (full 0):
 garbage-first heap   total reserved 2007040K, committed 90112K, used 40609K [0x0000000085800000, 0x0000000100000000)
  region size 1024K, 4 young (4096K), 4 survivors (4096K)
}
Event: 4.292 {heap Before GC invocations=14 (full 0):
 garbage-first heap   total reserved 2007040K, committed 90112K, used 72353K [0x0000000085800000, 0x0000000100000000)
  region size 1024K, 35 young (35840K), 4 survivors (4096K)
}
Event: 4.298 {heap After GC invocations=15 (full 0):
 garbage-first heap   total reserved 2007040K, committed 90112K, used 47562K [0x0000000085800000, 0x0000000100000000)
  region size 1024K, 5 young (5120K), 5 survivors (5120K)
}
Event: 4.333 {heap Before GC invocations=15 (full 0):
 garbage-first heap   total reserved 2007040K, committed 90112K, used 73162K [0x0000000085800000, 0x0000000100000000)
  region size 1024K, 30 young (30720K), 5 survivors (5120K)
}
Event: 4.338 {heap After GC invocations=16 (full 0):
 garbage-first heap   total reserved 2007040K, committed 90112K, used 49633K [0x0000000085800000, 0x0000000100000000)
  region size 1024K, 2 young (2048K), 2 survivors (2048K)
}
Event: 4.477 {heap Before GC invocations=17 (full 0):
 garbage-first heap   total reserved 2007040K, committed 90112K, used 70113K [0x0000000085800000, 0x0000000100000000)
  region size 1024K, 28 young (28672K), 2 survivors (2048K)
}
Event: 4.479 {heap After GC invocations=18 (full 0):
 garbage-first heap   total reserved 2007040K, committed 90112K, used 42517K [0x0000000085800000, 0x0000000100000000)
  region size 1024K, 1 young (1024K), 1 survivors (1024K)
}
Event: 4.795 {heap Before GC invocations=18 (full 0):
 garbage-first heap   total reserved 2007040K, committed 90112K, used 76309K [0x0000000085800000, 0x0000000100000000)
  region size 1024K, 34 young (34816K), 1 survivors (1024K)
}
Event: 4.799 {heap After GC invocations=19 (full 0):
 garbage-first heap   total reserved 2007040K, committed 90112K, used 42480K [0x0000000085800000, 0x0000000100000000)
  region size 1024K, 3 young (3072K), 3 survivors (3072K)
}
Event: 5.307 {heap Before GC invocations=19 (full 0):
 garbage-first heap   total reserved 2007040K, committed 90112K, used 77296K [0x0000000085800000, 0x0000000100000000)
  region size 1024K, 37 young (37888K), 3 survivors (3072K)
}
Event: 5.313 {heap After GC invocations=20 (full 0):
 garbage-first heap   total reserved 2007040K, committed 180224K, used 45015K [0x0000000085800000, 0x0000000100000000)
  region size 1024K, 5 young (5120K), 5 survivors (5120K)
}

