# JRE version: Java(TM) SE Runtime Environment (25.0+37) (build 25+37-LTS-3491)
# Java VM: Java HotSpot(TM) 64-Bit Server VM (25+37-LTS-3491, mixed mode, emulated-client, sharing, tiered, compressed oops, compressed class ptrs, g1 gc, windows-amd64)
GC Precious Log:
 CardTable entry size: 512
 Card Set container configuration: InlinePtr #cards 5 size 8 Array Of Cards #cards 10 size 36 Howl #buckets 4 coarsen threshold 1843 Howl Bitmap #cards 512 size 80 coarsen threshold 460 Card regions per heap region 1 cards per card region 2048
 CPUs: 12 total, 12 available
 Memory: 7835M
 Large Page Support: Disabled
 NUMA Support: Disabled
 Compressed Oops: Enabled (32-bit)
 Heap Region Size: 1M
 Heap Min Capacity: 8M
 Heap Initial Capacity: 124M
 Heap Max Capacity: 1960M
 Pre-touch: Disabled
 Parallel Workers: 10
 Concurrent Workers: 3
 Concurrent Refinement Workers: 10
 Periodic GC: Disabled
Heap:
 garbage-first heap   total reserved 2007040K, committed 188416K, used 51105K [0x0000000085800000, 0x0000000100000000)
  region size 1024K, 19 young (19456K), 6 survivors (6144K)
GC Heap Usage History (20 events):
Event: 3.457 {heap Before GC invocations=9 (full 0):
 garbage-first heap   total reserved 2007040K, committed 66560K, used 53919K [0x0000000085800000, 0x0000000100000000)
  region size 1024K, 32 young (32768K), 3 survivors (3072K)
}
Event: 3.461 {heap After GC invocations=10 (full 0):
 garbage-first heap   total reserved 2007040K, committed 66560K, used 25719K [0x0000000085800000, 0x0000000100000000)
  region size 1024K, 3 young (3072K), 3 survivors (3072K)
}
Event: 3.847 {heap Before GC invocations=10 (full 0):
 garbage-first heap   total reserved 2007040K, committed 66560K, used 56439K [0x0000000085800000, 0x0000000100000000)
  region size 1024K, 33 young (33792K), 3 survivors (3072K)
}
Event: 3.851 {heap After GC invocations=11 (full 0):
 garbage-first heap   total reserved 2007040K, committed 66560K, used 28181K [0x0000000085800000, 0x0000000100000000)
  region size 1024K, 4 young (4096K), 4 survivors (4096K)
}
Event: 3.907 {heap Before GC invocations=11 (full 0):
 garbage-first heap   total reserved 2007040K, committed 66560K, used 57877K [0x0000000085800000, 0x0000000100000000)
  region size 1024K, 33 young (33792K), 4 survivors (4096K)
}
Event: 3.911 {heap After GC invocations=12 (full 0):
 garbage-first heap   total reserved 2007040K, committed 66560K, used 29472K [0x0000000085800000, 0x0000000100000000)
  region size 1024K, 4 young (4096K), 4 survivors (4096K)
}
Event: 4.010 {heap Before GC invocations=12 (full 0):
 garbage-first heap   total reserved 2007040K, committed 66560K, used 57120K [0x0000000085800000, 0x0000000100000000)
  region size 1024K, 32 young (32768K), 4 survivors (4096K)
}
Event: 4.014 {heap After GC invocations=13 (full 0):
 garbage-first heap   total reserved 2007040K, committed 66560K, used 30630K [0x0000000085800000, 0x0000000100000000)
  region size 1024K, 3 young (3072K), 3 survivors (3072K)
}
Event: 4.048 {heap Before GC invocations=13 (full 0):
 garbage-first heap   total reserved 2007040K, committed 66560K, used 59302K [0x0000000085800000, 0x0000000100000000)
  region size 1024K, 31 young (31744K), 3 survivors (3072K)
}
Event: 4.056 {heap After GC invocations=14 (full 0):
 garbage-first heap   total reserved 2007040K, committed 94208K, used 41220K [0x0000000085800000, 0x0000000100000000)
  region size 1024K, 4 young (4096K), 4 survivors (4096K)
}
Event: 4.095 {heap Before GC invocations=14 (full 0):
 garbage-first heap   total reserved 2007040K, committed 94208K, used 75012K [0x0000000085800000, 0x0000000100000000)
  region size 1024K, 37 young (37888K), 4 survivors (4096K)
}
Event: 4.100 {heap After GC invocations=15 (full 0):
 garbage-first heap   total reserved 2007040K, committed 94208K, used 42671K [0x0000000085800000, 0x0000000100000000)
  region size 1024K, 1 young (1024K), 1 survivors (1024K)
}
Event: 4.142 {heap Before GC invocations=15 (full 0):
 garbage-first heap   total reserved 2007040K, committed 94208K, used 77487K [0x0000000085800000, 0x0000000100000000)
  region size 1024K, 35 young (35840K), 1 survivors (1024K)
}
Event: 4.146 {heap After GC invocations=16 (full 0):
 garbage-first heap   total reserved 2007040K, committed 94208K, used 46748K [0x0000000085800000, 0x0000000100000000)
  region size 1024K, 5 young (5120K), 5 survivors (5120K)
}
Event: 4.169 {heap Before GC invocations=16 (full 0):
 garbage-first heap   total reserved 2007040K, committed 94208K, used 52892K [0x0000000085800000, 0x0000000100000000)
  region size 1024K, 12 young (12288K), 5 survivors (5120K)
}
Event: 4.172 {heap After GC invocations=17 (full 0):
 garbage-first heap   total reserved 2007040K, committed 94208K, used 43144K [0x0000000085800000, 0x0000000100000000)
  region size 1024K, 1 young (1024K), 1 survivors (1024K)
}
Event: 4.427 {heap Before GC invocations=18 (full 0):
 garbage-first heap   total reserved 2007040K, committed 94208K, used 72840K [0x0000000085800000, 0x0000000100000000)
  region size 1024K, 37 young (37888K), 1 survivors (1024K)
}
Event: 4.429 {heap After GC invocations=19 (full 0):
 garbage-first heap   total reserved 2007040K, committed 94208K, used 37099K [0x0000000085800000, 0x0000000100000000)
  region size 1024K, 2 young (2048K), 2 survivors (2048K)
}
Event: 4.894 {heap Before GC invocations=19 (full 0):
 garbage-first heap   total reserved 2007040K, committed 94208K, used 80107K [0x0000000085800000, 0x0000000100000000)
  region size 1024K, 44 young (45056K), 2 survivors (2048K)
}
Event: 4.898 {heap After GC invocations=20 (full 0):
 garbage-first heap   total reserved 2007040K, committed 188416K, used 38817K [0x0000000085800000, 0x0000000100000000)
  region size 1024K, 6 young (6144K), 6 survivors (6144K)
}

