# JRE version: Java(TM) SE Runtime Environment (25.0+37) (build 25+37-LTS-3491)
# Java VM: Java HotSpot(TM) 64-Bit Server VM (25+37-LTS-3491, mixed mode, emulated-client, sharing, tiered, compressed oops, compressed class ptrs, g1 gc, windows-amd64)
GC Precious Log:
 CardTable entry size: 512
 Card Set container configuration: InlinePtr #cards 5 size 8 Array Of Cards #cards 10 size 36 Howl #buckets 4 coarsen threshold 1843 Howl Bitmap #cards 512 size 80 coarsen threshold 460 Card regions per heap region 1 cards per card region 2048
 CPUs: 12 total, 12 available
 Memory: 7835M
 Large Page Support: Disabled
 NUMA Support: Disabled
 Compressed Oops: Enabled (32-bit)
 Heap Region Size: 1M
 Heap Min Capacity: 8M
 Heap Initial Capacity: 124M
 Heap Max Capacity: 1960M
 Pre-touch: Disabled
 Parallel Workers: 10
 Concurrent Workers: 3
 Concurrent Refinement Workers: 10
 Periodic GC: Disabled
Heap:
 garbage-first heap   total reserved 2007040K, committed 131072K, used 40757K [0x0000000085800000, 0x0000000100000000)
  region size 1024K, 1 young (1024K), 1 survivors (1024K)
GC Heap Usage History (20 events):
Event: 3.310 {heap After GC invocations=11 (full 0):
 garbage-first heap   total reserved 2007040K, committed 79872K, used 27641K [0x0000000085800000, 0x0000000100000000)
  region size 1024K, 4 young (4096K), 4 survivors (4096K)
}
Event: 3.422 {heap Before GC invocations=11 (full 0):
 garbage-first heap   total reserved 2007040K, committed 79872K, used 67577K [0x0000000085800000, 0x0000000100000000)
  region size 1024K, 43 young (44032K), 4 survivors (4096K)
}
Event: 3.427 {heap After GC invocations=12 (full 0):
 garbage-first heap   total reserved 2007040K, committed 79872K, used 29814K [0x0000000085800000, 0x0000000100000000)
  region size 1024K, 5 young (5120K), 5 survivors (5120K)
}
Event: 3.457 {heap Before GC invocations=12 (full 0):
 garbage-first heap   total reserved 2007040K, committed 79872K, used 41078K [0x0000000085800000, 0x0000000100000000)
  region size 1024K, 17 young (17408K), 5 survivors (5120K)
}
Event: 3.461 {heap After GC invocations=13 (full 0):
 garbage-first heap   total reserved 2007040K, committed 79872K, used 30162K [0x0000000085800000, 0x0000000100000000)
  region size 1024K, 3 young (3072K), 3 survivors (3072K)
}
Event: 3.551 {heap Before GC invocations=14 (full 0):
 garbage-first heap   total reserved 2007040K, committed 79872K, used 70098K [0x0000000085800000, 0x0000000100000000)
  region size 1024K, 42 young (43008K), 3 survivors (3072K)
}
Event: 3.554 {heap After GC invocations=15 (full 0):
 garbage-first heap   total reserved 2007040K, committed 79872K, used 30550K [0x0000000085800000, 0x0000000100000000)
  region size 1024K, 3 young (3072K), 3 survivors (3072K)
}
Event: 3.610 {heap Before GC invocations=15 (full 0):
 garbage-first heap   total reserved 2007040K, committed 79872K, used 71510K [0x0000000085800000, 0x0000000100000000)
  region size 1024K, 43 young (44032K), 3 survivors (3072K)
}
Event: 3.618 {heap After GC invocations=16 (full 0):
 garbage-first heap   total reserved 2007040K, committed 81920K, used 35939K [0x0000000085800000, 0x0000000100000000)
  region size 1024K, 6 young (6144K), 6 survivors (6144K)
}
Event: 3.662 {heap Before GC invocations=16 (full 0):
 garbage-first heap   total reserved 2007040K, committed 81920K, used 70755K [0x0000000085800000, 0x0000000100000000)
  region size 1024K, 40 young (40960K), 6 survivors (6144K)
}
Event: 4.672 {heap After GC invocations=17 (full 0):
 garbage-first heap   total reserved 2007040K, committed 130048K, used 40161K [0x0000000085800000, 0x0000000100000000)
  region size 1024K, 4 young (4096K), 4 survivors (4096K)
}
Event: 4.679 {heap Before GC invocations=17 (full 0):
 garbage-first heap   total reserved 2007040K, committed 130048K, used 42209K [0x0000000085800000, 0x0000000100000000)
  region size 1024K, 6 young (6144K), 4 survivors (4096K)
}
Event: 4.687 {heap After GC invocations=18 (full 0):
 garbage-first heap   total reserved 2007040K, committed 130048K, used 41585K [0x0000000085800000, 0x0000000100000000)
  region size 1024K, 1 young (1024K), 1 survivors (1024K)
}
Event: 4.717 {heap Before GC invocations=18 (full 0):
 garbage-first heap   total reserved 2007040K, committed 130048K, used 46705K [0x0000000085800000, 0x0000000100000000)
  region size 1024K, 6 young (6144K), 1 survivors (1024K)
}
Event: 4.721 {heap After GC invocations=19 (full 0):
 garbage-first heap   total reserved 2007040K, committed 130048K, used 42902K [0x0000000085800000, 0x0000000100000000)
  region size 1024K, 1 young (1024K), 1 survivors (1024K)
}
Event: 4.740 {heap Before GC invocations=19 (full 0):
 garbage-first heap   total reserved 2007040K, committed 130048K, used 48022K [0x0000000085800000, 0x0000000100000000)
  region size 1024K, 6 young (6144K), 1 survivors (1024K)
}
Event: 4.744 {heap After GC invocations=20 (full 0):
 garbage-first heap   total reserved 2007040K, committed 130048K, used 43172K [0x0000000085800000, 0x0000000100000000)
  region size 1024K, 1 young (1024K), 1 survivors (1024K)
}
Event: 4.776 {heap Before GC invocations=21 (full 0):
 garbage-first heap   total reserved 2007040K, committed 130048K, used 46244K [0x0000000085800000, 0x0000000100000000)
  region size 1024K, 6 young (6144K), 1 survivors (1024K)
}
Event: 4.778 {heap After GC invocations=22 (full 0):
 garbage-first heap   total reserved 2007040K, committed 130048K, used 41223K [0x0000000085800000, 0x0000000100000000)
  region size 1024K, 1 young (1024K), 1 survivors (1024K)
}
Event: 4.835 {heap Before GC invocations=22 (full 0):
 garbage-first heap   total reserved 2007040K, committed 130048K, used 46343K [0x0000000085800000, 0x0000000100000000)
  region size 1024K, 6 young (6144K), 1 survivors (1024K)
}

